-4.06e+05 2 26 43.506944
-4.12e+05 2 26 21.539889
-4.18e+05 1 26 7.341472
-4.24e+05 2 26 16.561222
-4.30e+05 2 26 14.266583
-4.36e+05 2 26 16.094111
-4.42e+05 1 26 11.051000
-4.48e+05 1 26 12.747194
-4.54e+05 1 26 7.299000
-4.60e+05 1 26 6.129583
-4.66e+05 1 26 6.867611
-4.72e+05 1 26 5.636917
-4.78e+05 1 26 7.141611
-4.84e+05 1 26 4.584944
-4.90e+05 1 26 5.690056
-4.96e+05 1 26 7.192222
-5.02e+05 1 26 4.886972
-5.08e+05 1 26 8.287806
-5.14e+05 1 26 7.976500
-5.20e+05 1 26 9.385861
-5.26e+05 1 26 13.312889
-5.32e+05 1 26 11.694278
-5.38e+05 1 26 7.416028
-5.44e+05 1 26 7.695556
-5.50e+05 1 26 8.150472
-5.56e+05 1 26 7.144250
-5.62e+05 1 26 13.233389
-5.68e+05 1 26 11.961139
-5.74e+05 1 26 10.146667
-5.80e+05 1 26 4.451361
-5.86e+05 1 26 9.696028
-5.92e+05 1 26 6.387750
-5.98e+05 1 26 12.526167
-6.04e+05 1 26 10.048500
-6.10e+05 2 26 19.920750
-6.16e+05 1 26 16.717750
-6.22e+05 1 26 6.514972
-6.28e+05 1 26 7.848389
-6.34e+05 1 26 21.017750
-6.40e+05 1 26 20.176083
-6.46e+05 1 26 6.126944
-6.52e+05 1 26 8.779750
-6.58e+05 1 26 6.981083
-6.64e+05 1 26 5.690667
-6.70e+05 1 26 15.819722
-6.76e+05 1 26 24.779944
-6.82e+05 1 26 33.966667
-6.88e+05 1 26 35.275278
-6.94e+05 1 26 37.772222
-7.00e+05 1 26 33.918889
-7.06e+05 1 26 27.752667
-7.12e+05 1 26 9.210889
-7.18e+05 1 26 8.525667
-7.24e+05 1 26 54.884444
-7.30e+05 1 26 50.343889
-7.36e+05 1 26 8.767000
-7.42e+05 1 26 9.010972
-7.48e+05 1 26 12.303806
-7.54e+05 2 26 4.301000
-7.60e+05 1 26 13.011611
-7.66e+05 1 26 13.791083
-7.72e+05 1 26 51.907222
-7.78e+05 1 26 39.198056
-7.84e+05 1 26 64.333333
-7.90e+05 2 26 22.941222
-7.96e+05 1 26 57.333056
-8.02e+05 3 26 71.980000
-8.08e+05 1 26 31.286111
-8.14e+05 1 26 23.980389
-8.20e+05 1 26 33.311667
-8.26e+05 10 26 0.000278
-8.32e+05 8 26 13.060167
-8.38e+05 8 26 12.705250
-8.44e+05 1 26 48.504444
-8.50e+05 1 26 19.579556
-8.56e+05 3 26 56.728333
-8.62e+05 3 26 0.000278
-8.68e+05 2 26 25.382833
-8.74e+05 2 26 60.921389
-8.80e+05 12 26 0.000278
-8.86e+05 3 26 0.000278
-8.92e+05 4 26 0.000278
-8.98e+05 10 26 0.000278
-9.04e+05 7 26 0.000278
-9.10e+05 14 25 0.000278
-9.16e+05 6 26 0.000278
-9.22e+05 9 26 0.000278
-9.28e+05 14 25 0.000278
-9.34e+05 14 24 0.000278
-9.40e+05 11 26 0.000278
-9.46e+05 14 24 0.000278
-9.52e+05 6 26 0.000278
-9.58e+05 14 23 0.000278
-9.64e+05 5 26 0.000278
-9.70e+05 2 26 0.000278
-9.76e+05 7 26 0.000278
-9.82e+05 2 26 0.000278
-9.88e+05 7 26 0.000278
-9.94e+05 14 23 0.000278
