-4.06e+05 6.8 1
-4.12e+05 5.9 1
-4.18e+05 0.3 1
-4.24e+05 5.7 1
-4.30e+05 5.6 1
-4.36e+05 5.7 1
-4.42e+05 0.5 1
-4.48e+05 0.5 1
-4.54e+05 0.3 1
-4.60e+05 0.3 1
-4.66e+05 0.3 1
-4.72e+05 0.2 1
-4.78e+05 0.3 1
-4.84e+05 0.2 1
-4.90e+05 0.2 1
-4.96e+05 0.3 1
-5.02e+05 0.2 1
-5.08e+05 0.3 1
-5.14e+05 0.3 1
-5.20e+05 0.4 1
-5.26e+05 0.6 1
-5.32e+05 0.5 1
-5.38e+05 0.3 1
-5.44e+05 0.3 1
-5.50e+05 0.3 1
-5.56e+05 0.3 1
-5.62e+05 0.6 1
-5.68e+05 0.5 1
-5.74e+05 0.4 1
-5.80e+05 0.2 1
-5.86e+05 0.4 1
-5.92e+05 0.3 1
-5.98e+05 0.5 1
-6.04e+05 0.4 1
-6.10e+05 5.8 1
-6.16e+05 0.7 1
-6.22e+05 0.3 1
-6.28e+05 0.3 1
-6.34e+05 0.9 1
-6.40e+05 0.8 1
-6.46e+05 0.3 1
-6.52e+05 0.4 1
-6.58e+05 0.3 1
-6.64e+05 0.2 1
-6.70e+05 0.7 1
-6.76e+05 1.0 1
-6.82e+05 1.4 1
-6.88e+05 1.5 1
-6.94e+05 1.6 1
-7.00e+05 1.4 1
-7.06e+05 1.2 1
-7.12e+05 0.4 1
-7.18e+05 0.4 1
-7.24e+05 2.3 1
-7.30e+05 2.1 1
-7.36e+05 0.4 1
-7.42e+05 0.4 1
-7.48e+05 0.5 1
-7.54e+05 5.2 1
-7.60e+05 0.5 1
-7.66e+05 0.6 1
-7.72e+05 2.2 1
-7.78e+05 1.6 1
-7.84e+05 2.7 1
-7.90e+05 6.0 1
-7.96e+05 2.4 1
-8.02e+05 12.0 1
-8.08e+05 1.3 1
-8.14e+05 1.0 1
-8.20e+05 1.4 1
-8.26e+05 30.0 1
-8.32e+05 24.0 1
-8.38e+05 24.0 1
-8.44e+05 2.0 1
-8.50e+05 0.8 1
-8.56e+05 11.4 1
-8.62e+05 9.0 1
-8.68e+05 6.1 1
-8.74e+05 7.5 1
-8.80e+05 36.0 1
-8.86e+05 9.0 1
-8.92e+05 12.0 1
-8.98e+05 30.0 1
-9.04e+05 21.0 1
-9.10e+05 42.0 0
-9.16e+05 18.0 1
-9.22e+05 27.0 1
-9.28e+05 42.0 0
-9.34e+05 42.0 0
-9.40e+05 33.0 1
-9.46e+05 42.0 0
-9.52e+05 18.0 1
-9.58e+05 42.0 0
-9.64e+05 15.0 1
-9.70e+05 5.0 1
-9.76e+05 21.0 1
-9.82e+05 5.0 1
-9.88e+05 21.0 1
-9.94e+05 42.0 0
