l0 kb T theta_s kappa costheta Tr costheta_se
1.0 0.01 0.005 0.4510268117962624 600.0 0.5374396141348501 0.5 0.00037420136507939283
1.0 0.01 0.01 0.4510268117962624 600.0 0.31325826367346965 1.0 0.0004948681700946876
1.0 0.01 0.02 0.4510268117962624 600.0 0.16374051871921189 2.0 0.0005075875285043074
1.0 0.01 0.03 0.4510268117962624 600.0 0.10908096792763158 3.0 0.0005243412980790045
1.0 0.01 0.04 0.4510268117962624 600.0 0.0829676099506578 4.0 0.0005302367207448138
1.0 0.01 0.05 0.4510268117962624 600.0 0.0653487332866556 5.0 0.0005317372642656257
1.0 0.01 0.075 0.4510268117962624 600.0 0.04451147008172844 7.5 0.0005272400137561048
1.0 0.01 0.1 0.4510268117962624 600.0 0.033933841670699585 10.0 0.0005281834649933004
1.0 0.01 0.15 0.4510268117962624 600.0 0.023509719117105265 15.0 0.0005200655440950297
1.0 0.01 0.2 0.4510268117962624 600.0 0.016374372532648025 20.0 0.0005163812648674587
1.0 0.01 0.25 0.4510268117962624 600.0 0.013997085606873993 25.0 0.0005089376940478432
1.0 0.01 0.3 0.4510268117962624 600.0 0.010653813674382206 30.0 0.0005369095502302553
1.0 0.01 0.4 0.4510268117962624 600.0 0.008223934498601976 40.0 0.0005162386346478161
1.0 0.01 0.6 0.4510268117962624 600.0 0.005376559466143096 60.0 0.0005367028274053778
1.0 0.01 1.0 0.4510268117962624 600.0 0.0034741102560196576 100.0 0.0005333285825337105
1.0 0.1 0.005 0.4510268117962624 600.0 0.9499811810832659 0.049999999999998886 4.386184942765127e-05
1.0 0.1 0.01 0.4510268117962624 600.0 0.9000314588045237 0.09999999999999777 9.137736714365692e-05
1.0 0.1 0.02 0.4510268117962624 600.0 0.8002245413961038 0.19999999999999557 0.00017610829931549919
1.0 0.1 0.03 0.4510268117962624 600.0 0.7028420777957866 0.3000000000000067 0.0002747622008881658
1.0 0.1 0.04 0.4510268117962624 600.0 0.6135674679122671 0.39999999999999114 0.0003213708788777438
1.0 0.1 0.05 0.4510268117962624 600.0 0.5369797075548345 0.5 0.0003644671178967319
1.0 0.1 0.075 0.4510268117962624 600.0 0.398907683006536 0.7499999999999999 0.0004416409617837099
1.0 0.1 0.1 0.4510268117962624 600.0 0.3131930605069498 1.0 0.0004656175659908694
1.0 0.1 0.15 0.4510268117962624 600.0 0.21573013770491778 1.4999999999999998 0.000515981721470712
1.0 0.1 0.2 0.4510268117962624 600.0 0.16378627049180314 2.0 0.0005134619854224948
1.0 0.1 0.25 0.4510268117962624 600.0 0.13175543575317628 2.5 0.0005226510586752775
1.0 0.1 0.3 0.4510268117962624 600.0 0.11007176194295895 2.9999999999999996 0.0005482325839187952
1.0 0.1 0.4 0.4510268117962624 600.0 0.08395501934338956 4.0 0.0005419960477332769
1.0 0.1 0.6 0.4510268117962624 600.0 0.054588243463636346 5.999999999999999 0.0005267813322249972
1.0 0.1 1.0 0.4510268117962624 600.0 0.03323004309315066 10.0 0.000554551398142044
1.0 0.2 0.005 0.4510268117962624 600.0 0.9749931417253527 0.02499999999999952 2.4002046764492372e-05
1.0 0.2 0.01 0.4510268117962624 600.0 0.9500006380530976 0.04999999999999905 4.633316987194978e-05
1.0 0.2 0.02 0.4510268117962624 600.0 0.8998907857142862 0.09999999999999813 9.270140412958992e-05
1.0 0.2 0.03 0.4510268117962624 600.0 0.849982098743268 0.1500000000000031 0.00014321943916099957
1.0 0.2 0.04 0.4510268117962624 600.0 0.8004177221223026 0.19999999999999632 0.00018542561093678217
1.0 0.2 0.05 0.4510268117962624 600.0 0.7505825805580557 0.25 0.00024182442045677378
1.0 0.2 0.075 0.4510268117962624 600.0 0.634270944696284 0.37499999999999994 0.0003299276594432557
1.0 0.2 0.1 0.4510268117962624 600.0 0.5371088593327327 0.5 0.00038989308533159123
1.0 0.2 0.15 0.4510268117962624 600.0 0.39988175296262546 0.7499999999999999 0.00046598833466623485
1.0 0.2 0.2 0.4510268117962624 600.0 0.31215007901907327 1.0 0.0004889038465942986
1.0 0.2 0.25 0.4510268117962624 600.0 0.25565609528130673 1.25 0.000505689240520361
1.0 0.2 0.3 0.4510268117962624 600.0 0.21599283761467913 1.4999999999999998 0.0005105442390251152
1.0 0.2 0.4 0.4510268117962624 600.0 0.16270918065693438 2.0 0.0005482597552264237
1.0 0.2 0.6 0.4510268117962624 600.0 0.10874791056014711 2.9999999999999996 0.0005495914561698323
1.0 0.2 1.0 0.4510268117962624 600.0 0.06787308747974785 5.0 0.0005594852511807188
1.0 0.5 0.005 0.4510268117962624 600.0 0.9899993353699907 0.009999999999999816 8.207527630796594e-06
1.0 0.5 0.01 0.4510268117962624 600.0 0.9800031419753086 0.019999999999999636 1.688417497734205e-05
1.0 0.5 0.02 0.4510268117962624 600.0 0.9599655240054864 0.03999999999999927 3.3120627210363956e-05
1.0 0.5 0.03 0.4510268117962624 600.0 0.9399729125946327 0.060000000000001226 4.9865111924440356e-05
1.0 0.5 0.04 0.4510268117962624 600.0 0.9199759876373612 0.07999999999999854 6.60353012958088e-05
1.0 0.5 0.05 0.4510268117962624 600.0 0.8999786904109595 0.09999999999999726 8.521275031408113e-05
1.0 0.5 0.075 0.4510268117962624 600.0 0.8500817277739485 0.1500000000000037 0.00012240015639237894
1.0 0.5 0.1 0.4510268117962624 600.0 0.8001204471879307 0.19999999999999452 0.00016566699192219986
1.0 0.5 0.15 0.4510268117962624 600.0 0.7026903728463124 0.3000000000000074 0.00024723233860724967
1.0 0.5 0.2 0.4510268117962624 600.0 0.6134902435986161 0.39999999999998914 0.00030486946685777795
1.0 0.5 0.25 0.4510268117962624 600.0 0.536973499311294 0.5 0.0003490563693294498
1.0 0.5 0.3 0.4510268117962624 600.0 0.4737856225761766 0.6000000000000147 0.0003792760017500099
1.0 0.5 0.4 0.4510268117962624 600.0 0.37890467174515247 0.7999999999999783 0.00040660473714458764
1.0 0.5 0.6 0.4510268117962624 600.0 0.2664758620928624 1.2000000000000295 0.00044860529302374826
1.0 0.5 1.0 0.4510268117962624 600.0 0.16441550719424478 2.0 0.00046788816818798656
1.0 1.0 0.005 0.4510268117962624 600.0 0.9949972533532044 0.00499999999999991 4.2908699863513036e-06
1.0 1.0 0.01 0.4510268117962624 600.0 0.9899921608280247 0.009999999999999822 9.167008407050474e-06
1.0 1.0 0.02 0.4510268117962624 600.0 0.9799859016129049 0.019999999999999647 1.752686381651824e-05
1.0 1.0 0.03 0.4510268117962624 600.0 0.9699821911290335 0.030000000000000523 2.8621995373144662e-05
1.0 1.0 0.04 0.4510268117962624 600.0 0.9599995601291369 0.03999999999999929 3.53682649053217e-05
1.0 1.0 0.05 0.4510268117962624 600.0 0.949971620967743 0.049999999999998886 4.711472292677484e-05
1.0 1.0 0.075 0.4510268117962624 600.0 0.924962464777328 0.07500000000000168 6.742301820904404e-05
1.0 1.0 0.1 0.4510268117962624 600.0 0.9000262346774196 0.09999999999999777 9.181518707925644e-05
1.0 1.0 0.15 0.4510268117962624 600.0 0.8501570455655003 0.15000000000000335 0.00014084857003309771
1.0 1.0 0.2 0.4510268117962624 600.0 0.7997509298100741 0.1999999999999957 0.00018589806881209512
1.0 1.0 0.25 0.4510268117962624 600.0 0.7507940898785428 0.25 0.00022310449093956673
1.0 1.0 0.3 0.4510268117962624 600.0 0.7022625183973835 0.30000000000000665 0.00026376449993876643
1.0 1.0 0.4 0.4510268117962624 600.0 0.6139226794141586 0.3999999999999912 0.0003275788476178234
1.0 1.0 0.6 0.4510268117962624 600.0 0.4740576362889977 0.6000000000000133 0.00041888697802343084
1.0 1.0 1.0 0.4510268117962624 600.0 0.31266074979691305 1.0 0.0004696975689654152
1.0 2.0 0.005 0.4510268117962624 600.0 0.9975020643141728 0.0024999999999999922 1.9165769339526843e-06
1.0 2.0 0.01 0.4510268117962624 600.0 0.9950043713355043 0.004999999999999908 4.0600735479048186e-06
1.0 2.0 0.02 0.4510268117962624 600.0 0.9900011842818417 0.009999999999999816 8.007636561058074e-06
1.0 2.0 0.03 0.4510268117962624 600.0 0.9849894281805732 0.015000000000000308 1.2526329579488402e-05
1.0 2.0 0.04 0.4510268117962624 600.0 0.9799988918169212 0.019999999999999636 1.6490478428119255e-05
1.0 2.0 0.05 0.4510268117962624 600.0 0.9750076279257466 0.024999999999999443 2.2514894216850413e-05
1.0 2.0 0.075 0.4510268117962624 600.0 0.9625289524193567 0.037500000000000845 3.3968636802265756e-05
1.0 2.0 0.1 0.4510268117962624 600.0 0.9499718721682839 0.049999999999998886 4.720221885298861e-05
1.0 2.0 0.15 0.4510268117962624 600.0 0.9249712912621355 0.07500000000000168 6.775863498309655e-05
1.0 2.0 0.2 0.4510268117962624 600.0 0.8999982471728597 0.09999999999999777 8.973603832207065e-05
1.0 2.0 0.25 0.4510268117962624 600.0 0.8748456306451603 0.125 0.00011092191290545245
1.0 2.0 0.3 0.4510268117962624 600.0 0.8499533934959344 0.15000000000000335 0.0001324005998442991
1.0 2.0 0.4 0.4510268117962624 600.0 0.8001869725363492 0.19999999999999554 0.000178152369224278
1.0 2.0 0.6 0.4510268117962624 600.0 0.7024517418300653 0.3000000000000067 0.00025700772697623725
1.0 2.0 1.0 0.4510268117962624 600.0 0.5372722308313161 0.5 0.0003620977830821147
1.0 4.0 0.005 0.4510268117962624 600.0 0.9987495063437131 0.0012499999999999935 9.87713534275374e-07
1.0 4.0 0.01 0.4510268117962624 600.0 0.9975005688622767 0.002499999999999954 1.9852125505911105e-06
1.0 4.0 0.02 0.4510268117962624 600.0 0.9949946101190472 0.00499999999999991 4.428616249529994e-06
1.0 4.0 0.03 0.4510268117962624 600.0 0.9925043354231976 0.007500000000000135 6.828106558784577e-06
1.0 4.0 0.04 0.4510268117962624 600.0 0.9899897619426751 0.009999999999999822 9.283002556342764e-06
1.0 4.0 0.05 0.4510268117962624 600.0 0.9875091842948706 0.012499999999999718 1.1244601695357817e-05
1.0 4.0 0.075 0.4510268117962624 600.0 0.9812323089300069 0.018750000000000423 1.6458569097520096e-05
1.0 4.0 0.1 0.4510268117962624 600.0 0.9750200620467372 0.02499999999999944 2.3231416322800238e-05
1.0 4.0 0.15 0.4510268117962624 600.0 0.962540654032256 0.037500000000000845 3.2348971905613236e-05
1.0 4.0 0.2 0.4510268117962624 600.0 0.9500031491935473 0.049999999999998886 4.54794611388699e-05
1.0 4.0 0.25 0.4510268117962624 600.0 0.9374318186945997 0.0625 5.5411054178227777e-05
1.0 4.0 0.3 0.4510268117962624 600.0 0.9249280492332528 0.07500000000000169 6.587029695304786e-05
1.0 4.0 0.4 0.4510268117962624 600.0 0.9000768603712659 0.09999999999999777 9.301973461959523e-05
1.0 4.0 0.6 0.4510268117962624 600.0 0.849861920647773 0.15000000000000335 0.0001379055258789709
1.0 4.0 1.0 0.4510268117962624 600.0 0.7506219292748422 0.25 0.00023341599671618306
1.0 10.0 0.005 0.4510268117962624 600.0 0.9995001646542268 0.0004999999999999753 3.6578380251546e-07
1.0 10.0 0.01 0.4510268117962624 600.0 0.998999441300423 0.0009999999999999567 7.72835467086847e-07
1.0 10.0 0.02 0.4510268117962624 600.0 0.9979991987261169 0.0019999999999999207 1.59525613728421e-06
1.0 10.0 0.03 0.4510268117962624 600.0 0.9970030865603648 0.0030000000000000296 2.6403790029292993e-06
1.0 10.0 0.04 0.4510268117962624 600.0 0.99600419984448 0.003999999999999904 3.4266101352068014e-06
1.0 10.0 0.05 0.4510268117962624 600.0 0.9950037703389826 0.0049999999999999125 4.555776911046234e-06
1.0 10.0 0.075 0.4510268117962624 600.0 0.9924995922493671 0.007500000000000124 7.008191821206553e-06
1.0 10.0 0.1 0.4510268117962624 600.0 0.9899969165894354 0.009999999999999828 9.493969056860478e-06
1.0 10.0 0.15 0.4510268117962624 600.0 0.9850173907225681 0.01500000000000023 1.4031947020942868e-05
1.0 10.0 0.2 0.4510268117962624 600.0 0.9800055297249338 0.019999999999999653 1.896347124211834e-05
1.0 10.0 0.25 0.4510268117962624 600.0 0.9750077116402108 0.024999999999999523 2.370937200985242e-05
1.0 10.0 0.3 0.4510268117962624 600.0 0.9699942713178286 0.03000000000000048 2.6462964255462408e-05
1.0 10.0 0.4 0.4510268117962624 600.0 0.9599385941023397 0.0399999999999993 3.777787986457709e-05
1.0 10.0 0.6 0.4510268117962624 600.0 0.9399633670546111 0.060000000000000914 5.623701078146891e-05
1.0 10.0 1.0 0.4510268117962624 600.0 0.9002300456171738 0.09999999999999815 9.675806252352752e-05
1.0 11.0 0.005 0.4510268117962624 600.0 0.9995450373421174 0.0004545454545454599 3.4778411009812854e-07
1.0 11.0 0.01 0.4510268117962624 600.0 0.9990908722255586 0.0009090909090909152 6.983099946556553e-07
1.0 11.0 0.02 0.4510268117962624 600.0 0.9981808031658622 0.001818181818181814 1.4981213086713195e-06
1.0 11.0 0.03 0.4510268117962624 600.0 0.9972690409530898 0.0027272727272727964 2.3937503436270367e-06
1.0 11.0 0.04 0.4510268117962624 600.0 0.9963657263487099 0.0036363636363635934 3.2119887245827914e-06
1.0 11.0 0.05 0.4510268117962624 600.0 0.9954592688870842 0.0045454545454545955 4.0033841758612025e-06
1.0 11.0 0.075 0.4510268117962624 600.0 0.9931811553316527 0.0068181818181818205 6.3193079081379225e-06
1.0 11.0 0.1 0.4510268117962624 600.0 0.9909058331877744 0.009090909090909153 8.413979214207104e-06
1.0 11.0 0.15 0.4510268117962624 600.0 0.9863597660311957 0.013636363636363667 1.2688930164565908e-05
1.0 11.0 0.2 0.4510268117962624 600.0 0.9818439239033131 0.018181818181818278 1.6676648336345545e-05
1.0 11.0 0.25 0.4510268117962624 600.0 0.9772549020979036 0.02272727272727315 2.1134978787239523e-05
1.0 11.0 0.3 0.4510268117962624 600.0 0.9727228487018801 0.027272727272727334 2.5145747240056778e-05
1.0 11.0 0.4 0.4510268117962624 600.0 0.9635987187500015 0.03636363636363656 3.328137646603448e-05
1.0 11.0 0.6 0.4510268117962624 600.0 0.9454020129136397 0.05454545454545429 4.8385549018976106e-05
1.0 11.0 1.0 0.4510268117962624 600.0 0.9091007282174246 0.09090909090909267 8.173888449464721e-05
1.0 12.0 0.005 0.4510268117962624 600.0 0.9995834551313814 0.0004166666666666521 2.9406101615108247e-07
1.0 12.0 0.01 0.4510268117962624 600.0 0.999167008090615 0.0008333333333333098 6.157003894476882e-07
1.0 12.0 0.02 0.4510268117962624 600.0 0.9983322056131799 0.0016666666666666373 1.303422791280458e-06
1.0 12.0 0.03 0.4510268117962624 600.0 0.9975002629826901 0.002499999999999954 2.030223495604518e-06
1.0 12.0 0.04 0.4510268117962624 600.0 0.9966710243224453 0.0033333333333333175 2.855440302091965e-06
1.0 12.0 0.05 0.4510268117962624 600.0 0.9958301320754714 0.004166666666666662 3.5169253662048956e-06
1.0 12.0 0.075 0.4510268117962624 600.0 0.9937574523809528 0.006249999999999851 5.469185219678257e-06
1.0 12.0 0.1 0.4510268117962624 600.0 0.9916692716535455 0.008333333333333364 7.238472636547254e-06
1.0 12.0 0.15 0.4510268117962624 600.0 0.9874864399038478 0.012499999999999718 1.135804365364666e-05
1.0 12.0 0.2 0.4510268117962624 600.0 0.9833517864992154 0.016666666666666725 1.4969575462000492e-05
1.0 12.0 0.25 0.4510268117962624 600.0 0.9791760265060249 0.020833333333333027 1.8051842839386805e-05
1.0 12.0 0.3 0.4510268117962624 600.0 0.9750022790322572 0.024999999999999443 2.1776251214003514e-05
1.0 12.0 0.4 0.4510268117962624 600.0 0.9666590008110301 0.03333333333333352 2.9939081329173555e-05
1.0 12.0 0.6 0.4510268117962624 600.0 0.9499661866666668 0.04999999999999894 4.596837310841976e-05
1.0 12.0 1.0 0.4510268117962624 600.0 0.91669808064516 0.08333333333333212 7.480865849749998e-05
1.0 13.0 0.005 0.4510268117962624 600.0 0.9996153986321454 0.0003846153846153946 2.70454915208849e-07
1.0 13.0 0.01 0.4510268117962624 600.0 0.99923056209535 0.0007692307692307756 5.907943143701678e-07
1.0 13.0 0.02 0.4510268117962624 600.0 0.99846314664897 0.0015384615384615309 1.250898750910308e-06
1.0 13.0 0.03 0.4510268117962624 600.0 0.9976931497829229 0.002307692307692254 2.032467729139316e-06
1.0 13.0 0.04 0.4510268117962624 600.0 0.9969280152322936 0.003076923076923009 2.6268846950345906e-06
1.0 13.0 0.05 0.4510268117962624 600.0 0.9961547638230646 0.0038461538461538334 3.4061090365992818e-06
1.0 13.0 0.075 0.4510268117962624 600.0 0.9942320779000852 0.0057692307692309335 5.268171350791528e-06
1.0 13.0 0.1 0.4510268117962624 600.0 0.9923002402428439 0.007692307692307667 7.327281710813739e-06
1.0 13.0 0.15 0.4510268117962624 600.0 0.9884655444839854 0.011538461538461841 1.0905626273672265e-05
1.0 13.0 0.2 0.4510268117962624 600.0 0.984622475336323 0.015384615384615333 1.509581568727461e-05
1.0 13.0 0.25 0.4510268117962624 600.0 0.9808030503533567 0.019230769230769728 1.7418458477617672e-05
1.0 13.0 0.3 0.4510268117962624 600.0 0.976898640178569 0.02307692307692368 2.1461375514094192e-05
1.0 13.0 0.4 0.4510268117962624 600.0 0.9691849651474542 0.030769230769230667 2.9007040195206323e-05
1.0 13.0 0.6 0.4510268117962624 600.0 0.9538743096234317 0.0461538461538476 3.874895889102104e-05
1.0 13.0 1.0 0.4510268117962624 600.0 0.9231160110041278 0.07692307692307919 6.084156836947073e-05
1.0 15.0 0.005 0.4510268117962624 600.0 0.9996663497907954 0.00033333333333332443 2.2044600065609135e-07
1.0 15.0 0.01 0.4510268117962624 600.0 0.9993328757847526 0.0006666666666666529 4.50958366664318e-07
1.0 15.0 0.02 0.4510268117962624 600.0 0.998666623505975 0.001333333333333319 9.321786308068486e-07
1.0 15.0 0.03 0.4510268117962624 600.0 0.9980010729053314 0.0019999999999999003 1.4581720369085293e-06
1.0 15.0 0.04 0.4510268117962624 600.0 0.9973341425326533 0.0026666666666666753 2.0004459475454183e-06
1.0 15.0 0.05 0.4510268117962624 600.0 0.9966648254437879 0.0033333333333332655 2.5832799833642443e-06
1.0 15.0 0.075 0.4510268117962624 600.0 0.9950008235668807 0.004999999999999907 4.0626628154966395e-06
1.0 15.0 0.1 0.4510268117962624 600.0 0.9933354284741145 0.006666666666666621 5.542875705096175e-06
1.0 15.0 0.15 0.4510268117962624 600.0 0.9899974320987658 0.009999999999999827 9.167590954897317e-06
1.0 15.0 0.2 0.4510268117962624 600.0 0.9866685297777792 0.013333333333333544 1.267933649463606e-05
1.0 15.0 0.25 0.4510268117962624 600.0 0.9833051464088389 0.016666666666666604 1.3603649829344731e-05
1.0 15.0 0.3 0.4510268117962624 600.0 0.9799980619408147 0.019999999999999636 1.6503136491821004e-05
1.0 15.0 0.4 0.4510268117962624 600.0 0.973303083626144 0.02666666666666657 2.1647463448853903e-05
1.0 15.0 0.6 0.4510268117962624 600.0 0.9600201238816246 0.03999999999999927 3.3440949215747004e-05
1.0 15.0 1.0 0.4510268117962624 600.0 0.933279402061856 0.0666666666666664 5.413565809297284e-05
1.0 20.0 0.005 0.4510268117962624 600.0 0.9997497270501854 0.0002499999999999838 1.618017338998046e-07
1.0 20.0 0.01 0.4510268117962624 600.0 0.9994997187326273 0.0004999999999999757 3.618097134541545e-07
1.0 20.0 0.02 0.4510268117962624 600.0 0.9990004540257252 0.0009999999999999428 7.022510312753452e-07
1.0 20.0 0.03 0.4510268117962624 600.0 0.9985005945668887 0.0015000000000000284 1.0532126427637635e-06
1.0 20.0 0.04 0.4510268117962624 600.0 0.9980022038043461 0.0019999999999999003 1.5103557085003314e-06
1.0 20.0 0.05 0.4510268117962624 600.0 0.9974977113553117 0.002499999999999955 2.1157261090743285e-06
1.0 20.0 0.075 0.4510268117962624 600.0 0.9962558289992114 0.003750000000000067 3.2341044683673093e-06
1.0 20.0 0.1 0.4510268117962624 600.0 0.9950020370370338 0.004999999999999912 4.501304121081898e-06
1.0 20.0 0.15 0.4510268117962624 600.0 0.992491369016537 0.0075000000000001186 7.266451615570315e-06
1.0 20.0 0.2 0.4510268117962624 600.0 0.9899923171806172 0.009999999999999827 9.387721658120758e-06
1.0 20.0 0.25 0.4510268117962624 600.0 0.9875126353021958 0.012499999999999657 1.0268761281003117e-05
1.0 20.0 0.3 0.4510268117962624 600.0 0.9849993615120277 0.015000000000000306 1.254080705369116e-05
1.0 20.0 0.4 0.4510268117962624 600.0 0.9799754615384605 0.019999999999999636 1.6642794592298782e-05
1.0 20.0 0.6 0.4510268117962624 600.0 0.9699672328278338 0.03000000000000046 2.771865179468255e-05
1.0 20.0 1.0 0.4510268117962624 600.0 0.9499113297777779 0.04999999999999906 4.739676933607812e-05
1.0 30.0 0.005 0.4510268117962624 600.0 0.9998331315315381 0.0001666666666666633 1.2637447181186608e-07
1.0 30.0 0.01 0.4510268117962624 600.0 0.999666488372091 0.0003333333333333242 2.193404774290516e-07
1.0 30.0 0.02 0.4510268117962624 600.0 0.9993331517857141 0.0006666666666666527 4.368430417774116e-07
1.0 30.0 0.03 0.4510268117962624 600.0 0.9989997253487242 0.0009999999999999432 6.954241692108842e-07
1.0 30.0 0.04 0.4510268117962624 600.0 0.9986660267947424 0.001333333333333321 9.33592811526153e-07
1.0 30.0 0.05 0.4510268117962624 600.0 0.998333570157069 0.0016666666666666154 1.206904771791303e-06
1.0 30.0 0.075 0.4510268117962624 600.0 0.9974968111808327 0.0024999999999999914 1.8812783490195853e-06
1.0 30.0 0.1 0.4510268117962624 600.0 0.9966668802608171 0.003333333333333266 2.5998042891055245e-06
1.0 30.0 0.15 0.4510268117962624 600.0 0.995002078005117 0.004999999999999907 3.9593400240221184e-06
1.0 30.0 0.2 0.4510268117962624 600.0 0.9933278732183028 0.0066666666666666905 5.676307319568496e-06
1.0 30.0 0.25 0.4510268117962624 600.0 0.9916694702194361 0.008333333333333363 7.260776055887978e-06
1.0 30.0 0.3 0.4510268117962624 600.0 0.9900035278733642 0.009999999999999818 8.334072119324205e-06
1.0 30.0 0.4 0.4510268117962624 600.0 0.9866653852058609 0.013333333333333275 1.1249927224327148e-05
1.0 30.0 0.6 0.4510268117962624 600.0 0.9799787563661391 0.019999999999999636 1.6841731694794702e-05
1.0 30.0 1.0 0.4510268117962624 600.0 0.9666221805078927 0.0333333333333332 2.7124709038945022e-05
1.0 50.0 0.005 0.4510268117962624 600.0 0.9998998401719313 9.999999999999537e-05 8.46734796715441e-08
1.0 50.0 0.01 0.4510268117962624 600.0 0.9998001392455814 0.00019999999999999106 1.343107180410877e-07
1.0 50.0 0.02 0.4510268117962624 600.0 0.9996002406621405 0.00039999999999998365 2.5966915125733844e-07
1.0 50.0 0.03 0.4510268117962624 600.0 0.9993996358024676 0.0005999999999999963 3.9778642390325736e-07
1.0 50.0 0.04 0.4510268117962624 600.0 0.999199611339736 0.0007999999999999716 5.292808278299458e-07
1.0 50.0 0.05 0.4510268117962624 600.0 0.9990003357279673 0.000999999999999943 6.869871579575279e-07
1.0 50.0 0.075 0.4510268117962624 600.0 0.9984997374036748 0.0015000000000000239 1.1419246442517599e-06
1.0 50.0 0.1 0.4510268117962624 600.0 0.9980011184625093 0.0019999999999999194 1.6830231227305884e-06
1.0 50.0 0.15 0.4510268117962624 600.0 0.9969973383571974 0.00300000000000003 2.585410272462133e-06
1.0 50.0 0.2 0.4510268117962624 600.0 0.9959970914110423 0.003999999999999831 3.129615589015224e-06
1.0 50.0 0.25 0.4510268117962624 600.0 0.9950031212698426 0.004999999999999907 4.008376892194791e-06
1.0 50.0 0.3 0.4510268117962624 600.0 0.9940036894977162 0.0060000000000000825 4.661181268731397e-06
1.0 50.0 0.4 0.4510268117962624 600.0 0.9919997872909707 0.007999999999999712 6.491270791617061e-06
1.0 50.0 0.6 0.4510268117962624 600.0 0.9880083163686382 0.01200000000000015 1.0106299967982314e-05
1.0 50.0 1.0 0.4510268117962624 600.0 0.9799935458276351 0.019999999999999636 1.6486033253422776e-05
