l0 kb T theta_s kappa costheta Tr costheta_se
1.0 1.0 0.01 0.4510268117962624 300 0.9499952898997678 0.009999999999999822 2.5688728332136777e-05
1.0 1.0 0.01 0.4510268117962624 1200 0.9499573312788917 0.009999999999999822 2.563751615397102e-05
1.0 1.0 0.02 0.4510268117962624 300 0.950002486842108 0.019999999999999643 2.6005800441599788e-05
1.0 1.0 0.02 0.4510268117962624 1200 0.9500114326848241 0.019999999999999643 2.5556126542507122e-05
1.0 1.0 0.03 0.4510268117962624 300 0.9500133723816919 0.030000000000000547 2.575479082244067e-05
1.0 1.0 0.03 0.4510268117962624 1200 0.9499861258687259 0.03000000000000055 2.4832243736341e-05
1.0 1.0 0.04 0.4510268117962624 300 0.9499654082733812 0.03999999999999931 2.634617446300387e-05
1.0 1.0 0.04 0.4510268117962624 1200 0.9499987823529412 0.039999999999999356 3.240943744448101e-05
1.0 1.0 0.05 0.4510268117962624 300 0.9500279325657888 0.04999999999999891 2.6207093409185953e-05
1.0 1.0 0.05 0.4510268117962624 1200 0.9500046670281997 0.049999999999999475 3.176597483129704e-05
1.0 1.0 0.075 0.4510268117962624 300 0.9500111463046742 0.07500000000000176 2.5874015273855358e-05
1.0 1.0 0.075 0.4510268117962624 1200 0.9499754374384247 0.07500000000000143 3.008055536224244e-05
1.0 1.0 0.1 0.4510268117962624 300 0.9490681395939076 0.09999999999999794 4.230350697049409e-05
1.0 1.0 0.1 0.4510268117962624 1200 0.949123733549084 0.09999999999999892 4.567567430810083e-05
1.0 1.0 0.15 0.4510268117962624 300 0.9264229272030637 0.1500000000000035 0.00014718519031170773
1.0 1.0 0.15 0.4510268117962624 1200 0.9264479676113365 0.15000000000000277 0.00018453358443142832
1.0 1.0 0.2 0.4510268117962624 300 0.8366457382256288 0.199999999999998 0.00038321929800207166
1.0 1.0 0.2 0.4510268117962624 1200 0.8359730152990257 0.20000000000000054 0.00041847077280298935
1.0 1.0 0.25 0.4510268117962624 300 0.6912234870588232 0.25 0.0005680646986971217
1.0 1.0 0.25 0.4510268117962624 1200 0.6925283115264808 0.25 0.0006472997317691167
1.0 1.0 0.3 0.4510268117962624 300 0.5459110852994563 0.30000000000000615 0.0005660072709619278
1.0 1.0 0.3 0.4510268117962624 1200 0.5455020397111916 0.3000000000000045 0.0006646575762882579
1.0 1.0 0.4 0.4510268117962624 300 0.34049041086350945 0.4000000000000011 0.000745858042518224
1.0 1.0 0.4 0.4510268117962624 1200 0.34211472304832746 0.4000000000000037 0.0008860130241318852
1.0 1.0 0.6 0.4510268117962624 300 0.16862649935414398 0.6000000000000104 0.0006464985758053424
1.0 1.0 0.6 0.4510268117962624 1200 0.1679727250000001 0.6000000000000065 0.0007497564544219145
1.0 1.0 0.75 0.4510268117962624 300 0.11624412104733137 0.75 0.0006191102738939125
1.0 1.0 0.75 0.4510268117962624 1200 0.11628972441253274 0.75 0.0006883117285688299
1.0 1.0 1.0 0.4510268117962624 300 0.07587957566539928 1.0 0.0008503413950996291
1.0 1.0 1.0 0.4510268117962624 1200 0.07455158910256406 1.0 0.0009679404237781505
1.0 1.0 1.5 0.4510268117962624 300 0.04131728634099696 1.5 0.0006115478123311412
1.0 1.0 1.5 0.4510268117962624 1200 0.04441337343582888 1.5 0.0006698544248023027
1.0 1.0 3.0 0.4510268117962624 300 0.019130541942479675 3.0 0.0006166104221838025
1.0 1.0 3.0 0.4510268117962624 1200 0.018855669508771936 3.0 0.0006869399791456571
1.0 2.0 0.01 0.4510268117962624 300 0.9500116890625014 0.004999999999999911 2.5408714443049695e-05
1.0 2.0 0.01 0.4510268117962624 1200 0.9499709809296778 0.004999999999999947 2.1909020928975905e-05
1.0 2.0 0.02 0.4510268117962624 300 0.9499851083781699 0.009999999999999822 2.5753654509234566e-05
1.0 2.0 0.02 0.4510268117962624 1200 0.9499850321811688 0.009999999999999894 2.259586146879369e-05
1.0 2.0 0.03 0.4510268117962624 300 0.9500089215987708 0.015000000000000277 2.5266557397556088e-05
1.0 2.0 0.03 0.4510268117962624 1200 0.9499742860562536 0.015000000000000341 2.233506813806203e-05
1.0 2.0 0.04 0.4510268117962624 300 0.9499976207692309 0.019999999999999643 2.5890623553981478e-05
1.0 2.0 0.04 0.4510268117962624 1200 0.949998044510386 0.019999999999999803 2.2397130168617255e-05
1.0 2.0 0.05 0.4510268117962624 300 0.9500117478665638 0.02499999999999941 2.5224674417547746e-05
1.0 2.0 0.05 0.4510268117962624 1200 0.9499847252225514 0.024999999999999217 2.23040924387417e-05
1.0 2.0 0.075 0.4510268117962624 300 0.9500053853754942 0.03750000000000071 2.842730295426768e-05
1.0 2.0 0.075 0.4510268117962624 1200 0.9500174295454551 0.03750000000000088 2.434477330698715e-05
1.0 2.0 0.1 0.4510268117962624 300 0.9499867413419919 0.049999999999999475 3.016866675660256e-05
1.0 2.0 0.1 0.4510268117962624 1200 0.9499659524838016 0.04999999999999947 3.005118754707802e-05
1.0 2.0 0.15 0.4510268117962624 300 0.9499823137450201 0.07500000000000141 2.967030333427501e-05
1.0 2.0 0.15 0.4510268117962624 1200 0.9499642219999997 0.07500000000000141 3.076414135172762e-05
1.0 2.0 0.2 0.4510268117962624 300 0.9490896767895888 0.09999999999999895 4.5375228580337775e-05
1.0 2.0 0.2 0.4510268117962624 1200 0.9492072168284791 0.09999999999999892 4.539013310440076e-05
1.0 2.0 0.25 0.4510268117962624 300 0.9436989800000005 0.125 0.0001045087808111122
1.0 2.0 0.25 0.4510268117962624 1200 0.9437839068396235 0.125 9.875058101633738e-05
1.0 2.0 0.3 0.4510268117962624 300 0.9263835095095095 0.1500000000000028 0.00017043270902605782
1.0 2.0 0.3 0.4510268117962624 1200 0.9263900455465598 0.15000000000000277 0.00018347103114128353
1.0 2.0 0.4 0.4510268117962624 300 0.8355025961272484 0.20000000000000046 0.000412789048537489
1.0 2.0 0.4 0.4510268117962624 1200 0.8366843555555548 0.2000000000000005 0.00043481407210064165
1.0 2.0 0.6 0.4510268117962624 300 0.5455905637019233 0.3000000000000045 0.0006521826642406845
1.0 2.0 0.6 0.4510268117962624 1200 0.5468199892857143 0.30000000000000454 0.0006265056275547515
1.0 2.0 0.75 0.4510268117962624 300 0.3807727597633137 0.375 0.0006873185753590024
1.0 2.0 0.75 0.4510268117962624 1200 0.38138970763723146 0.375 0.0006850996996162576
1.0 2.0 1.0 0.4510268117962624 300 0.23293025450450466 0.5 0.0010151939043674936
1.0 2.0 1.0 0.4510268117962624 1200 0.2283309954545453 0.5 0.0009478837877108827
1.0 2.0 1.5 0.4510268117962624 300 0.1169278832258065 0.75 0.0007135607759376975
1.0 2.0 1.5 0.4510268117962624 1200 0.11608380052151229 0.75 0.0007169206495268795
1.0 2.0 3.0 0.4510268117962624 300 0.04376131808959157 1.5 0.0006845372799371329
1.0 2.0 3.0 0.4510268117962624 1200 0.04245623715788083 1.5 0.0006923231992716702
1.0 4.0 0.01 0.4510268117962624 300 0.9499954156441709 0.0024999999999999554 2.508471388749967e-05
1.0 4.0 0.01 0.4510268117962624 1200 0.9499799039938542 0.0024999999999999554 2.5051592008044215e-05
1.0 4.0 0.02 0.4510268117962624 300 0.949998889570553 0.004999999999999911 2.4547936009203173e-05
1.0 4.0 0.02 0.4510268117962624 1200 0.950018101993865 0.004999999999999911 2.5783260563547996e-05
1.0 4.0 0.03 0.4510268117962624 300 0.9500359561875478 0.0075000000000001385 2.542853393153669e-05
1.0 4.0 0.03 0.4510268117962624 1200 0.9500281038461531 0.007500000000000138 2.499123834126739e-05
1.0 4.0 0.04 0.4510268117962624 300 0.9500187181259603 0.009999999999999822 2.55885802214192e-05
1.0 4.0 0.04 0.4510268117962624 1200 0.9499814073208738 0.009999999999999822 2.5583434410768387e-05
1.0 4.0 0.05 0.4510268117962624 300 0.9499581742482675 0.012499999999999702 2.4830106479076696e-05
1.0 4.0 0.05 0.4510268117962624 1200 0.9500294113584038 0.0124999999999997 2.5087251519348208e-05
1.0 4.0 0.075 0.4510268117962624 300 0.9499996250962285 0.018750000000000433 2.4581979440809964e-05
1.0 4.0 0.075 0.4510268117962624 1200 0.949980894980695 0.018750000000000433 2.5417156251799728e-05
1.0 4.0 0.1 0.4510268117962624 300 0.9500352780337925 0.024999999999999405 2.4272387442698635e-05
1.0 4.0 0.1 0.4510268117962624 1200 0.9499595552995395 0.024999999999999405 2.5651449498995983e-05
1.0 4.0 0.15 0.4510268117962624 300 0.950007274161735 0.03750000000000071 2.865376556794679e-05
1.0 4.0 0.15 0.4510268117962624 1200 0.9500250179104479 0.037500000000000706 2.980304893314932e-05
1.0 4.0 0.2 0.4510268117962624 300 0.950071693058568 0.049999999999999475 2.9294616538463896e-05
1.0 4.0 0.2 0.4510268117962624 1200 0.9500065318918924 0.04999999999999947 3.174723376750504e-05
1.0 4.0 0.25 0.4510268117962624 300 0.9500364794359583 0.0625 3.083788452293631e-05
1.0 4.0 0.25 0.4510268117962624 1200 0.9499746569086659 0.0625 3.229906308086388e-05
1.0 4.0 0.3 0.4510268117962624 300 0.9500045816929135 0.07500000000000143 2.9158381753853807e-05
1.0 4.0 0.3 0.4510268117962624 1200 0.9499317879684421 0.07500000000000143 2.9427968673600447e-05
1.0 4.0 0.4 0.4510268117962624 300 0.9491897359913793 0.09999999999999892 4.51223475494139e-05
1.0 4.0 0.4 0.4510268117962624 1200 0.9491039859913779 0.09999999999999892 4.632420508776863e-05
1.0 4.0 0.6 0.4510268117962624 300 0.9266410989010987 0.15000000000000283 0.00017671621673166494
1.0 4.0 0.6 0.4510268117962624 1200 0.9264625692921227 0.15000000000000283 0.00017690778294754295
1.0 4.0 0.75 0.4510268117962624 300 0.8659616285494998 0.1875 0.00029056669413131224
1.0 4.0 0.75 0.4510268117962624 1200 0.8662823653653657 0.1875 0.00032544607993980284
1.0 4.0 1.0 0.4510268117962624 300 0.6914232711058267 0.25 0.0005796331027108992
1.0 4.0 1.0 0.4510268117962624 1200 0.6913089212962963 0.25 0.0006326868793945779
1.0 4.0 1.5 0.4510268117962624 300 0.38099010497737584 0.375 0.000611105309137073
1.0 4.0 1.5 0.4510268117962624 1200 0.38251158928571455 0.375 0.0007163311371669901
1.0 4.0 3.0 0.4510268117962624 300 0.11699682441406248 0.75 0.0006175989876361963
1.0 4.0 3.0 0.4510268117962624 1200 0.11546675899094447 0.75 0.0007134896699340728
1.0 0.1 0.01 0.4510268117962624 600.0 0.949113979190752 0.09999999999999926 4.893084166600947e-05
1.0 0.1 0.02 0.4510268117962624 600.0 0.8363933540372682 0.19999999999999749 0.00037130414184393117
1.0 0.1 0.03 0.4510268117962624 600.0 0.5459600108161257 0.3000000000000057 0.0005791141594910098
1.0 0.1 0.04 0.4510268117962624 600.0 0.3407035309017224 0.3999999999999946 0.0006576587345159246
1.0 0.1 0.05 0.4510268117962624 600.0 0.23068683305227655 0.5 0.000829589990838178
1.0 0.1 0.075 0.4510268117962624 600.0 0.11624074145408159 0.7499999999999999 0.0007005781413556742
1.0 0.1 0.1 0.4510268117962624 600.0 0.07487280818505344 1.0 0.0007339915242927053
1.0 0.1 0.15 0.4510268117962624 600.0 0.04375016354973816 1.4999999999999998 0.0006988349565461576
1.0 0.1 0.2 0.4510268117962624 600.0 0.03045908368058076 2.0 0.000768403339414257
1.0 0.1 0.25 0.4510268117962624 600.0 0.02221189417437071 2.5 0.000857156676002485
1.0 0.1 0.3 0.4510268117962624 600.0 0.018619273097754303 2.9999999999999996 0.0006624557649617397
1.0 0.1 0.4 0.4510268117962624 600.0 0.013619184070545446 4.0 0.0008465786089679849
1.0 0.1 0.6 0.4510268117962624 600.0 0.009235533174191865 5.999999999999999 0.0006745473820915547
1.0 0.1 0.75 0.4510268117962624 600.0 0.007394197196071435 7.5 0.0006206217964341857
1.0 0.1 1.0 0.4510268117962624 600.0 0.004042435829099307 10.0 0.0008365719152446598
1.0 0.1 1.5 0.4510268117962624 600.0 0.0024479923425707547 15.0 0.0006426496401182787
1.0 0.1 3.0 0.4510268117962624 600.0 0.0019157933630769236 30.0 0.0006234144935200542
1.0 1.0 0.01 0.4510268117962624 600.0 0.950013127147766 0.009999999999999818 2.409113752882598e-05
1.0 1.0 0.02 0.4510268117962624 600.0 0.9499896050824177 0.019999999999999636 2.317053105286823e-05
1.0 1.0 0.03 0.4510268117962624 600.0 0.9499728439862555 0.030000000000000613 2.4252378033734874e-05
1.0 1.0 0.04 0.4510268117962624 600.0 0.9500260393374741 0.039999999999999335 2.830125457707605e-05
1.0 1.0 0.05 0.4510268117962624 600.0 0.9499899704198476 0.0499999999999992 2.8052256163796997e-05
1.0 1.0 0.075 0.4510268117962624 600.0 0.9499437066929116 0.07500000000000143 2.9259504795505837e-05
1.0 1.0 0.1 0.4510268117962624 600.0 0.9490677000000004 0.09999999999999896 4.813007281584607e-05
1.0 1.0 0.15 0.4510268117962624 600.0 0.9263420888223565 0.15000000000000283 0.00017990857988864188
1.0 1.0 0.2 0.4510268117962624 600.0 0.8362612531293462 0.20000000000000054 0.0004309160994935439
1.0 1.0 0.25 0.4510268117962624 600.0 0.6913894532710281 0.25 0.0006472195126783629
1.0 1.0 0.3 0.4510268117962624 600.0 0.5451642407185623 0.30000000000000454 0.0006715408710200432
1.0 1.0 0.4 0.4510268117962624 600.0 0.34110429227941164 0.4000000000000037 0.0009390431145458388
1.0 1.0 0.6 0.4510268117962624 600.0 0.16845950142857163 0.6000000000000064 0.0007889740320204029
1.0 1.0 0.75 0.4510268117962624 600.0 0.11632702992125984 0.75 0.0006992935586780079
1.0 1.0 1.0 0.4510268117962624 600.0 0.07431201683673469 1.0 0.0009580737448859746
1.0 1.0 1.5 0.4510268117962624 600.0 0.0425740096604027 1.5 0.0006838374631157087
1.0 1.0 3.0 0.4510268117962624 600.0 0.019157799944399503 3.0 0.0007092500214606793
1.0 2.0 0.01 0.4510268117962624 600.0 0.9499943524881534 0.004999999999999952 2.1965431172401023e-05
1.0 2.0 0.02 0.4510268117962624 600.0 0.9499965326991678 0.0099999999999999 2.191257333217281e-05
1.0 2.0 0.03 0.4510268117962624 600.0 0.9499818279761899 0.015000000000000343 2.2803051838495205e-05
1.0 2.0 0.04 0.4510268117962624 600.0 0.9500227616487454 0.019999999999999782 2.3674166219122665e-05
1.0 2.0 0.05 0.4510268117962624 600.0 0.9500101756594721 0.02499999999999922 2.2375400156285665e-05
1.0 2.0 0.075 0.4510268117962624 600.0 0.9499893469387756 0.03750000000000088 2.5433372508842063e-05
1.0 2.0 0.1 0.4510268117962624 600.0 0.9499892024793378 0.04999999999999893 2.4884603669329227e-05
1.0 2.0 0.15 0.4510268117962624 600.0 0.9499833246951225 0.07500000000000175 2.477895233760208e-05
1.0 2.0 0.2 0.4510268117962624 600.0 0.9492055789909031 0.09999999999999785 3.935409963667688e-05
1.0 2.0 0.25 0.4510268117962624 600.0 0.9435903032786865 0.125 9.124586276256869e-05
1.0 2.0 0.3 0.4510268117962624 600.0 0.9264360604437645 0.1500000000000035 0.00015266699154824076
1.0 2.0 0.4 0.4510268117962624 600.0 0.8366057440890126 0.20000000000000054 0.0004568659630712632
1.0 2.0 0.6 0.4510268117962624 600.0 0.5451932750301569 0.3000000000000045 0.0006513548410747173
1.0 2.0 0.75 0.4510268117962624 600.0 0.38050118652226167 0.375 0.0007149991817307118
1.0 2.0 1.0 0.4510268117962624 600.0 0.22862938724373585 0.5 0.0009959548015794897
1.0 2.0 1.5 0.4510268117962624 600.0 0.11730499451697118 0.75 0.0006893352244863419
1.0 2.0 3.0 0.4510268117962624 600.0 0.04176025644902794 1.5 0.0006688158111165258
1.0 4.0 0.01 0.4510268117962624 600.0 0.9499891074821833 0.0024999999999999753 2.245427236082393e-05
1.0 4.0 0.02 0.4510268117962624 600.0 0.9500087526627232 0.004999999999999953 2.2027199307498078e-05
1.0 4.0 0.03 0.4510268117962624 600.0 0.9499677282415627 0.0075000000000001715 2.1994106513946704e-05
1.0 4.0 0.04 0.4510268117962624 600.0 0.9500081123729825 0.00999999999999989 2.2130653081230662e-05
1.0 4.0 0.05 0.4510268117962624 600.0 0.9500098960807584 0.012499999999999609 2.2835909368645687e-05
1.0 4.0 0.075 0.4510268117962624 600.0 0.950016232876712 0.018750000000000495 2.228014647619929e-05
1.0 4.0 0.1 0.4510268117962624 600.0 0.9500280946428571 0.024999999999999217 2.1895830946598655e-05
1.0 4.0 0.15 0.4510268117962624 600.0 0.9499664344512201 0.03750000000000087 2.4204160912683095e-05
1.0 4.0 0.2 0.4510268117962624 600.0 0.9500217740066237 0.04999999999999893 2.6008056600220485e-05
1.0 4.0 0.25 0.4510268117962624 600.0 0.9499699156950676 0.0625 2.747807931988615e-05
1.0 4.0 0.3 0.4510268117962624 600.0 0.9499676777108423 0.07500000000000176 2.5366580361225414e-05
1.0 4.0 0.4 0.4510268117962624 600.0 0.9491213707679615 0.09999999999999785 4.016183831113136e-05
1.0 4.0 0.6 0.4510268117962624 600.0 0.9263324322876809 0.1500000000000035 0.00015242566212308849
1.0 4.0 0.75 0.4510268117962624 600.0 0.8659681942117295 0.1875 0.00027734925683446974
1.0 4.0 1.0 0.4510268117962624 600.0 0.6918015087924965 0.25 0.0005273314140400265
1.0 4.0 1.5 0.4510268117962624 600.0 0.38129175899280593 0.375 0.0006073393782610851
1.0 4.0 3.0 0.4510268117962624 600.0 0.11681673503937008 0.75 0.0006176608472801255
1.0 10.0 0.01 0.4510268117962624 600.0 0.9500196190476192 0.0009999999999999749 2.4708764730162327e-05
1.0 10.0 0.02 0.4510268117962624 600.0 0.9499920807071495 0.00199999999999995 2.4198952009972873e-05
1.0 10.0 0.03 0.4510268117962624 600.0 0.9499771222136817 0.0030000000000000283 2.508627520283383e-05
1.0 10.0 0.04 0.4510268117962624 600.0 0.9499687841781865 0.0039999999999998995 2.5083915412355788e-05
1.0 10.0 0.05 0.4510268117962624 600.0 0.9499598430007741 0.004999999999999911 2.614563529057822e-05
1.0 10.0 0.075 0.4510268117962624 600.0 0.9499613581860099 0.0075000000000001385 2.584464059219077e-05
1.0 10.0 0.1 0.4510268117962624 600.0 0.9500343733641269 0.009999999999999822 2.5562033068529682e-05
1.0 10.0 0.15 0.4510268117962624 600.0 0.94997861508853 0.015000000000000275 2.6232755364690904e-05
1.0 10.0 0.2 0.4510268117962624 600.0 0.9500334869668235 0.01999999999999981 2.1965369689043213e-05
1.0 10.0 0.25 0.4510268117962624 600.0 0.9500226839594519 0.024999999999999217 2.194878440088783e-05
1.0 10.0 0.3 0.4510268117962624 600.0 0.9499483517857148 0.030000000000000686 2.270292680086103e-05
1.0 10.0 0.4 0.4510268117962624 600.0 0.9500337172818776 0.03999999999999929 2.646509518052489e-05
1.0 10.0 0.6 0.4510268117962624 600.0 0.9499866065449009 0.060000000000001115 2.5121768382186168e-05
1.0 10.0 0.75 0.4510268117962624 600.0 0.9500095940959418 0.07500000000000179 2.5407516551567995e-05
1.0 10.0 1.0 0.4510268117962624 600.0 0.9491908568856878 0.09999999999999816 4.362234166283174e-05
1.0 10.0 1.5 0.4510268117962624 600.0 0.9266831343843847 0.15000000000000352 0.00015231672840926934
1.0 10.0 3.0 0.4510268117962624 600.0 0.5459364776632302 0.30000000000000643 0.0005565340821333286
1.0 20.0 0.01 0.4510268117962624 600.0 0.9499892814645308 0.0004999999999999872 2.618470031861683e-05
1.0 20.0 0.02 0.4510268117962624 600.0 0.9499905444785272 0.0009999999999999749 2.5300454794512802e-05
1.0 20.0 0.03 0.4510268117962624 600.0 0.9499901417565474 0.0015000000000000141 2.5788878758267814e-05
1.0 20.0 0.04 0.4510268117962624 600.0 0.9500378284161489 0.001999999999999952 2.592171678342227e-05
1.0 20.0 0.05 0.4510268117962624 600.0 0.949993993098159 0.0024999999999999554 2.4603775224051163e-05
1.0 20.0 0.075 0.4510268117962624 600.0 0.9499851087124127 0.003750000000000069 2.569959474606795e-05
1.0 20.0 0.1 0.4510268117962624 600.0 0.9499454551777438 0.004999999999999911 2.567297120290428e-05
1.0 20.0 0.15 0.4510268117962624 600.0 0.9500010853189859 0.0075000000000001385 2.59846411563472e-05
1.0 20.0 0.2 0.4510268117962624 600.0 0.9499630998463933 0.009999999999999822 2.6043482040283914e-05
1.0 20.0 0.25 0.4510268117962624 600.0 0.9500408743295011 0.0124999999999997 2.5490756019123872e-05
1.0 20.0 0.3 0.4510268117962624 600.0 0.9500201305361307 0.015000000000000274 2.467766982472848e-05
1.0 20.0 0.4 0.4510268117962624 600.0 0.9499988086087624 0.019999999999999643 2.5717009444932183e-05
1.0 20.0 0.6 0.4510268117962624 600.0 0.9500114700854693 0.030000000000000547 2.5969473721450516e-05
1.0 20.0 0.75 0.4510268117962624 600.0 0.9499974306358382 0.03750000000000073 2.8720483908508468e-05
1.0 20.0 1.0 0.4510268117962624 600.0 0.9499541032028469 0.04999999999999906 2.7760414224900323e-05
1.0 20.0 1.5 0.4510268117962624 600.0 0.9499503333333321 0.07500000000000177 2.533753096197715e-05
1.0 20.0 3.0 0.4510268117962624 600.0 0.9263940060882783 0.1500000000000035 0.0001556829185974111
