lambda Temp r2g
1.12 0.5758023670556056 9.084982034212679
1.12 0.5686477690876692 8.94911214620058
1.12 0.5722234121702405 9.00112764799092
1.12 0.5671055729202248 8.835733659759839
1.12 0.5624999591689162 8.693508836210412
1.12 0.5594255022424075 8.56349360144606
1.12 0.5563532531844277 8.455000610486154
1.12 0.5527754022333273 8.386676381385056
1.12 0.5496998413725542 8.251679830511085
1.12 0.5461164707501316 8.137699346627944
1.12 0.5440697766238309 8.081300875802922
1.12 0.5415042333932363 7.9512198168473605
1.12 0.5425132293109487 7.859588702991483
1.12 0.5414744271680958 7.706232741641311
1.12 0.5409522662610085 7.608600597789105
1.12 0.5404290014196564 7.503502969715492
1.12 0.5383635404108602 7.306106460072684
1.12 0.537839171635244 7.196840435902657
1.12 0.5362925597307417 7.07279325678476
1.12 0.5362760007167751 6.950884196857386
1.12 0.5352383025081866 6.823163037463851
1.12 0.5336850669980977 6.659083708013105
1.12 0.5326495766580384 6.551895437990176
1.12 0.5321318314880088 6.498950059796299
1.12 0.5311007568850075 6.424055132151226
1.12 0.5290463352188555 6.327980572168393
1.12 0.5269985371582906 6.27684463329881
1.12 0.5188305275355838 6.226121920135947
1.12 0.5116858649760276 6.19732175633394
1.12 0.5045445142192646 6.190142555266483
1.12 0.49892880061597955 6.154371107092681
1.12 0.4948431399032296 6.118806374110495
1.12 0.48820849497385155 6.090502619685574
1.12 0.4815771618472673 6.083447161759107
1.12 0.47647367374268923 6.062329789899471
1.12 0.4729024463971756 6.055306968395256
1.12 0.4688202814762631 6.042452918512705
1.12 0.46315188567669074 6.032733170827917
1.12 0.4553568831760074 6.013340555181051
1.12 0.4411874269191104 5.998837014274596
1.12 0.42666225851033324 5.974742139992051
1.12 0.41957638045035917 5.960331694377386
1.12 0.4110753199930345 5.955535940309582
1.12 0.40328108411336827 5.941171818015575
1.12 0.39194659237727436 5.93639148021312
1.12 0.3823806953273603 5.9173085612367275
1.12 0.3625459097549588 5.912547424095692
1.12 0.34271189080357434 5.912547424095692
1.12 0.33031486233794183 5.907790117822457
1.12 0.31649421864377203 5.860427075926001
1.12 0.299841676912867 5.8228101813919775
1.12 0.28567375389800387 5.818125078775989
1.12 0.26654349304020986 5.790093520485581
1.12 0.2594614480853208 5.799422334888082
1.12 0.2484765355329711 5.766837083424818
1.12 0.2371428104178942 5.766837083424818
1.12 0.22191311729450958 5.766837083424818
1.12 0.20774596090066355 5.766837083424818
1.12 0.19499552014620192 5.766837083424818
1.12 0.18933095745171447 5.78077971219458
1.12 0.1758698590145098 5.766837083424818
1.12 0.1684321019077405 5.766837083424818
1.12 0.15178492652395426 5.762197017431965
1.12 0.13938943130035597 5.766837083424818
1.12 0.13018231288638982 5.776128427796092
1.12 0.12203619795992837 5.776128427796092
1.12 0.10893004505358683 5.766837083424818
1.12 0.09547124647943306 5.766837083424818
1.12 0.08590841591358689 5.766837083424818
1.12 0.07634558534774072 5.766837083424818
1.12 0.06713693369174079 5.766837083424818
1.12 0.0536804349806379 5.78077971219458
1.12 0.04801280580208245 5.776128427796092
1.12 0.041990231092663866 5.766837083424818
1.12 0.5786594409265384 9.175819704373998
1.12 0.5832767993118273 9.302243800415328
1.12 0.585769084238039 9.43040976285931
1.12 0.5882659688903527 9.606626037369258
1.12 0.592173436213915 9.723319863229612
1.12 0.5953717790967683 9.833512661900826
1.12 0.5982144098277413 9.928957038016094
1.12 0.6003502159810559 10.041480289261047
1.12 0.6028394344232 10.147107689596872
1.12 0.6060515764843588 10.411871591798786
1.12 0.6092529858512796 10.563825744249261
1.12 0.6113910918676455 10.709373734890162
1.12 0.6142436886718392 10.927065701996728
1.12 0.6167421065661869 11.149182745089604
1.12 0.6188894120347563 11.412501045341841
1.12 0.623509836904113 11.60705368591553
1.12 0.6281425277097412 11.95794145930707
1.12 0.6281494272988941 12.044884383132636
1.12 0.6306486118142587 12.29962001150005
1.12 0.6306578112664625 12.419000501342786
1.12 0.6306662440976492 12.529450238480285
1.12 0.6324578374143388 12.80473672859281
1.12 0.6335280403540469 12.9082225794177
1.12 0.6367332828260528 13.149425130599367
1.12 0.6399515578553476 13.579692442635569
1.12 0.6410363265943784 13.900413845602788
1.12 0.6438835570514536 14.103280888861667
1.12 0.6453140718691437 14.30910863801735
1.12 0.6470933992495613 14.436368258271823
1.12 0.6499528956429079 14.836916215577132
1.12 0.6517506219277331 15.260856746545482
1.12 0.6542697385895395 15.913182122757398
1.12 0.6557079196173996 16.275908900419957
1.12 0.6567926883564306 16.66030879453833
1.12 0.6578713241273255 16.944322531393446
1.12 0.659662917444015 17.316608863851688
1.12 0.6621605687173457 17.654391285854633
1.12 0.6639521620340347 18.042278648799737
1.12 0.665387276577827 18.394216180470014
1.12 0.6678872277142087 18.798358350662053
1.12 0.6675591139189401 19.319933022583903
1.12 0.6693430410254593 19.586122327371026
1.12 0.6707758557062007 19.920013365124262
1.12 0.6722002375557552 20.081003752918022
1.12 0.6739864645253255 20.406898340100586
1.12 0.6757757579789638 20.804960778369104
1.12 0.6772185387329259 21.382210152484937
1.12 0.6793620110964105 21.79929728483679
1.12 0.681859662369741 22.224520230780072
1.12 0.6825925520619769 22.80441460865282
1.12 0.6829582302870776 23.081424911420697
1.12 0.6829750959494514 23.49380491234698
1.12 0.6836880534952456 23.607545382951443
1.12 0.6854781135699011 24.087421528858023
1.12 0.6886833560419068 24.537518162101158
1.12 0.6897719578860229 25.218330164215356
1.12 0.6894292782914315 25.52466283681282
1.12 0.6901499020473956 25.855520261008593
1.12 0.6919391955010339 26.35986498141981
1.12 0.693734621922808 27.04766104385359
1.12 0.696577252653781 27.310186473216156
1.12 0.6994367490471276 28.06792825492821
1.12 0.7019244342472377 28.31755343993531
1.12 0.7030222355435571 29.38572237423895
1.12 0.7055329193741766 30.371701141474524
1.12 0.7087435281933017 31.114046273438362
1.12 0.7108931335249218 31.92589104306589
1.12 0.7148121001637391 32.706223685252496
1.12 0.7169617054953592 33.55961242163832
1.12 0.7180480074764242 34.40756121713911
1.12 0.7194785222941147 34.90971606572142
1.12 0.721626594383701 35.76297936035589
1.12 0.7262539188422106 36.637098116793645
1.12 0.7287577030836769 37.59305338596868
1.12 0.7323201909495971 38.41901617940813
1.12 0.7394313675031314 39.548597788748644
1.12 0.7451365611115193 41.17276649168391
1.12 0.7472777336119527 41.87465211770541
1.12 0.7504875758100606 42.86363601647092
1.12 0.7551026343322984 43.349402614743724
1.12 0.7575918527744423 43.805399596503804
1.12 0.7611474410512094 44.44470947559261
1.12 0.7647037959489937 45.12966151023954
1.12 0.7668472683124783 46.00997280495984
1.12 0.7700502109214331 46.75666860154692
1.12 0.7767995423549516 47.745519052719494
1.12 0.7817741461341543 48.55945254287755
1.12 0.7871067619282883 49.586429827442466
1.12 0.7899516925223122 50.188767233396575
1.12 0.792444744069541 50.9212380020038
1.12 0.7981246391843679 51.622828888825595
1.12 0.801333714761459 52.79952517949965
1.12 0.8087883375306018 53.74285811175967
1.12 0.81447053250848 54.61505089524033
1.12 0.824404407646546 55.5908205812628
1.12 0.8343390494056289 56.629588518830246
1.12 0.8453385277573013 57.82724001606948
1.12 0.8538572204980166 58.95523368642079
1.12 0.8613087767830914 59.815645043625395
1.12 0.8669848387928336 60.396217532766556
1.12 0.8744363950779086 61.27765906472272
1.12 0.8854343401875469 62.47295753547361
1.12 0.8886273167232812 62.82595814941469
1.12 0.8794071657520262 62.071956273211626
1.12 0.8942995456279383 63.18095337731925
1.12 0.8974932887846894 63.58911905432333
1.12 0.9010442773353549 64.20631699818458
1.12 0.906360794088132 64.46524752605809
1.12 0.9109697196422342 64.7773428898616
1.12 0.9166419485468915 65.14336432876352
1.12 0.9226645232563098 65.24832124409266
1.12 0.9308190710139583 65.82861431431951
1.12 0.9386194398617604 66.41406828433556
1.12 0.9485494818947413 67.32911879947066
1.12 0.9549316018611249 67.81865041885057
1.12 0.9645013320161238 68.31174128882881
1.12 0.9747809532328493 68.91927921975491
1.12 0.9868322356198223 69.58821186199671
1.12 0.9981766934291367 70.37684372101813
1.12 1.0070357659013924 70.71755887355944
1.12 1.0162551502516302 71.51898943812851
1.12 1.0261782926954586 71.98102103439655
1.12 1.0378700298254664 72.27130530305874
1.12 1.0559438869218583 73.09034422258274
1.12 1.067639457156951 73.68104878912554
1.12 1.0803967975005653 74.21676355525484
1.12 1.091385543158 74.93711374326756
1.12 1.1020155101794862 75.29990651415756
1.12 1.1236280898902713 75.90846841260344
1.12 1.133902344759878 76.15326807740865
1.12 1.1459474941787149 76.39885720453789
1.12 1.1562286486374742 77.20250491809
1.12 1.1679265187356178 78.01460628750992
1.12 1.1884727286117798 78.32922273231299
1.12 1.20335284255142 78.70843770787336
1.12 1.2189428475527866 79.21691504234957
1.12 1.2313444757445207 79.6645266289883
1.12 1.244099516225084 80.05020620635214
1.12 1.2561431324018875 80.17918055088369
1.12 1.2823531383515197 80.24374562699677
1.12 1.2912083777186907 80.30836269477432
1.12 1.2724368954968444 80.30836269477432
1.12 1.3007781078736895 80.89226284883412
1.12 1.3110569624693977 81.54602128397394
1.12 1.322748699599406 81.87487918027162
1.12 1.3333748335158073 81.94080973443423
1.12 1.344712391735969 82.27125972924577
1.12 1.3602993302532678 82.5365789647143
1.12 1.374822198798994 82.66955927390187
1.12 1.4028053991609077 82.93616299840124
1.12 1.4127231752576173 83.00294816182804
1.12 1.4251248034493516 83.47195255694425
1.12 1.4361051162755993 83.53916917019868
1.12 1.4520462337027442 83.8085773276629
1.12 1.4633822586808718 84.01120345780964
1.12 1.4782577728944104 84.01120345780964
1.12 1.4839238688309317 83.9436070401297
1.12 1.492429529014358 84.41792658558694
1.12 1.5062486394664942 84.96328872898964
1.12 1.5158153031374253 85.30592774379389
1.12 1.536006567482724 85.58103357788957
1.12 1.5487531751321004 85.23728957549008
1.12 1.5639821016344682 85.16870663427625
1.12 1.5763783634790838 85.16870663427625
1.12 1.5908989321617586 85.10017887571604
1.12 1.6068362164838184 85.0317062554088
1.12 1.6227773339109635 85.30592774379389
1.12 1.638719984580142 85.71891901545594
1.12 1.6521849161224318 86.27268591420867
1.12 1.669189336900132 86.62060545155668
1.12 1.6812329530769352 86.76016581424005
1.12 1.697173303883063 86.96992807498219
1.12 1.7106328690782338 87.03996146753036
1.12 1.7308203003184475 86.96992807498219
1.12 1.7393205941547554 86.96992807498219
1.12 1.7442790988926014 86.96992807498219
1.12 1.7552632448239338 87.39097526527729
1.12 1.7644726631009506 87.46134771022909
1.12 1.7750980303963355 87.46134771022909
1.12 1.7885583622125232 87.6022626500819
1.12 1.8020179274076944 87.67280523628469
1.12 1.8303522401953862 87.67280523628469
1.12 1.8420401442203094 87.67280523628469
1.12 1.8569156584338478 87.67280523628469
1.12 1.8682493835489247 87.67280523628469
1.12 1.8845423800228644 87.74340462760094
1.12 1.8976477663081894 87.8140608697735
1.12 1.910753152593514 87.88477400858211
1.12 1.9224464229655558 88.38136293929644
1.12 1.9373234704211284 88.52376017840551
1.12 1.9497243319918454 88.95232993030116
1.12 1.9610580571069223 88.95232993030116
1.12 1.9727467277528627 89.02395967149988
1.12 1.9840812194889565 89.09564709325433
1.12 1.9939982289646485 89.09564709325433
1.04 0.058722308736267714 5.462011457526513
1.04 0.11091818974313272 5.462011457526513
1.04 0.16312013982134643 5.496928694022124
1.04 0.26751610349985644 5.521232840096582
1.04 0.31971198450672134 5.521232840096582
1.04 0.3719186031013575 5.583832761916269
1.04 0.4170336285377475 5.803594293232233
1.04 0.4281105318632549 30.70802729338081
1.04 0.4275411907238451 16.890105347170135
1.04 0.4307887118983228 42.32761058845717
1.04 0.4306385023824383 36.15165749740353
1.04 0.4303195960256372 25.864668414256535
1.04 0.42970643307874423 13.586406717721824
1.04 0.42836712908754104 9.018478944979332
1.04 0.42814219996631897 7.121403872920989
1.04 0.4325668330906317 22.676120486068264
1.04 0.4324538549932142 20.139595494319067
1.04 0.43195058892290006 11.873025905895721
1.04 0.43183761082548267 10.544922760717387
1.04 0.44517073811009733 49.380802150566375
1.04 0.4642910828454535 57.201741729139954
1.04 0.5023943000692532 66.4391599923979
1.04 0.554693355289049 74.04088036982117
1.04 0.6069452584929804 78.52676306749728
1.04 0.6591780207795808 81.62732404474053
1.04 0.7113967775169145 83.61166898332891
1.04 0.7636136668476796 85.47649161450774
1.04 0.8158328904366556 87.5973374145566
1.04 0.868027837740236 87.51150181271299
1.04 0.9202391248512942 88.93860647774636
1.04 0.9724378069680126 89.20056938565264
1.04 1.024649094079071 90.65521872953359
1.04 1.076850110454 91.14535439694282
1.04 1.129045991460865 91.14535439694282
1.04 1.18124187246773 91.14535439694282
1.04 1.233437753474595 91.14535439694282
1.04 1.28563363448146 91.14535439694282
1.04 1.3378313828948938 91.32424181250158
1.04 1.3900347335280343 92.04330932552034
1.04 1.4422315482381838 92.13358994792975
1.04 1.4944274292450488 92.13358994792975
1.04 1.5466326472847585 93.04128087445775
1.04 1.5988294619949075 93.1325403566371
1.04 1.651023475595204 92.95011081637296
1.04 1.7032114201241506 92.17876346059248
1.04 1.7554110359441535 92.54094983071192
1.04 1.8076027152862384 92.13358994792975
1.04 1.8597985962931034 92.13358994792975
1.04 1.9119949441516106 92.17876346059248
1.04 1.9641940931199713 92.4955988234727
1.04 1.9926711095921612 93.1325403566371
1.04 0.9000077367087285 88.6852411524904
1.04 0.5999801365862742 77.82053026235548
1.04 0.5000389212517697 65.55948418354059
1.04 0.22197489988957098 5.512392317966983
1.04 0.35003134456396046 5.573355067159366
