0.02 .950047
0.02 .949944
0.02 .950011
0.02 .949921
0.02 .949821
0.02 .949975
0.02 .950011
0.02 .949937
0.05 .950112
0.05 .950030
0.05 .949931
0.05 .950056
0.05 .950020
0.05 .950050
0.05 .950154
0.05 .949986
0.1 .949100
0.1 .949242
0.1 .949074
0.1 .949314
0.1 .949096
0.1 .949264
0.1 .949190
0.1 .949152
0.2 .836208
0.2 .837227
0.2 .836776
0.2 .836373
0.2 .837464
0.2 .837576
0.2 .836643
0.2 .837820
0.3 .545375
0.3 .548041
0.3 .544513
0.3 .545277
0.3 .542430
0.3 .545122
0.3 .546572
0.3 .543964
0.35 .427981
0.35 .427316
0.35 .426881
0.35 .428136
0.35 .428740
0.35 .426980
0.35 .425560
0.35 .427300
0.4 .341155
0.4 .341467
0.4 .340180
0.4 .339190
0.4 .338587
0.4 .340153
0.4 .342110
0.4 .341411
0.5 .228715
0.5 .232878
0.5 .231691
0.5 .226838
0.5 .232058
0.5 .230105
0.5 .231899
0.5 .227480
0.6 .168814
0.6 .167226
0.6 .166915
0.6 .166542
0.6 .171004
0.6 .169032
0.6 .166865
0.6 .167071
0.8 .104937
0.8 .104266
0.8 .106142
0.8 .105199
0.8 .104918
0.8 .105641
0.8 .102752
0.8 .103040
1.0 .073042
1.0 .075489
1.0 .074389
1.0 .075678
1.0 .075247
1.0 .075329
1.0 .075180
1.0 .075577
