0.02 19.44026134346242
0.02 19.341878778388907
0.02 19.422511145875692
0.02 19.469792761467026
0.02 19.33184000231611
0.02 19.598310266363423
0.02 19.51258134188383
0.02 19.541836813678703
0.05 19.411231721233243
0.05 19.4030948126521
0.05 19.289025105572165
0.05 19.37411637038283
0.05 19.57488638001156
0.05 19.416633132925767
0.05 19.693895648220174
0.05 19.382361832998118
0.1 19.390714231430984
0.1 19.372412161176424
0.1 19.230345165724742
0.1 19.21436780743619
0.1 19.14297655228169
0.1 19.246035798938696
0.1 19.22870330401541
0.1 19.15270024234516
0.2 5.537038958803624
0.2 5.619638724447927
0.2 5.595072519049714
0.2 5.660770262189572
0.2 5.675237995696963
0.2 5.660717777538543
0.2 5.60442229281169
0.2 5.6519830884638695
0.3 1.663419839316709
0.3 1.6135842657481156
0.3 1.7871856688423615
0.3 1.631595558445862
0.3 1.680672328204793
0.3 1.7429830848390944
0.3 1.654459185974308
0.3 1.6307526571198996
0.35 1.2428557732971541
0.35 1.2395225120596318
0.35 1.302471188961549
0.35 1.0597025481835574
0.35 1.2698323689784683
0.35 1.254597889056315
0.35 1.2292950376469058
0.35 1.0408521691984904
0.4 1.0538377700333834
0.4 0.8810972416738501
0.4 1.153873914638831
0.4 1.113137760237877
0.4 1.1475508530277372
0.4 1.1225143768880195
0.4 1.0264130451937548
0.4 0.9757110470427247
0.5 0.637415071285092
0.5 0.9965032931753444
0.5 0.993078602371006
0.5 0.8808216238128719
0.5 0.7815387680383972
0.5 0.8190365949165259
0.5 0.6854633384583576
0.5 0.789601574467391
0.6 0.8426484561077091
0.6 0.941144901198299
0.6 0.6084289509553854
0.6 0.6814607735085891
0.6 0.9282452898661462
0.6 0.7147953776303232
0.6 0.5588031016970885
0.6 0.5711758812935305
0.8 1.037496810451056
0.8 0.7953890422298567
0.8 0.7825156848986025
0.8 0.7306183249110223
0.8 1.0923683780527529
0.8 0.7519341204243163
0.8 0.44869762145555514
0.8 0.8633310069752982
1.0 0.4298798293089252
1.0 0.6277591053981211
1.0 0.8309796774860557
1.0 0.8831210162725198
1.0 0.42770720192532086
1.0 0.5810463929192422
1.0 0.7283812647213807
1.0 0.9288260801989778
