P2 Q6 xi delF
1.470000000000000000e+02 2.000000000000000000e+00 0.000000000000000000e+00 6.090194468749032808e-03
1.480000000000000000e+02 2.000000000000000000e+00 1.400560224089635866e-03 7.056986999998571264e-03
1.490000000000000000e+02 2.000000000000000000e+00 2.801120448179271732e-03 7.541406162497210630e-03
1.500000000000000000e+02 2.000000000000000000e+00 4.201680672268907381e-03 8.350362606249106534e-03
1.510000000000000000e+02 2.000000000000000000e+00 5.602240896358543464e-03 8.750780237496869063e-03
1.520000000000000000e+02 2.000000000000000000e+00 7.002801120448179546e-03 8.887910412498811752e-03
1.530000000000000000e+02 2.000000000000000000e+00 8.403361344537814762e-03 9.175933374997669034e-03
1.540000000000000000e+02 2.000000000000000000e+00 9.803921568627450844e-03 8.963728768748069342e-03
1.550000000000000000e+02 2.000000000000000000e+00 1.120448179271708693e-02 8.486438887496561279e-03
1.560000000000000000e+02 2.000000000000000000e+00 1.260504201680672301e-02 9.857492662497691072e-03
1.570000000000000000e+02 2.000000000000000000e+00 1.400560224089635909e-02 9.619932612496384650e-03
1.580000000000000000e+02 2.000000000000000000e+00 1.540616246498599518e-02 1.066607714374789850e-02
1.590000000000000000e+02 2.000000000000000000e+00 1.680672268907562952e-02 1.081269236249937649e-02
1.600000000000000000e+02 2.000000000000000000e+00 1.820728291316526734e-02 1.120684862499743417e-02
1.610000000000000000e+02 2.000000000000000000e+00 1.960784313725490169e-02 1.082943067499897438e-02
1.620000000000000000e+02 2.000000000000000000e+00 2.100840336134453951e-02 1.198375429999920527e-02
1.630000000000000000e+02 2.000000000000000000e+00 2.240896358543417385e-02 1.334482708124795636e-02
1.640000000000000000e+02 2.000000000000000000e+00 2.380952380952380820e-02 1.527667631874685128e-02
1.650000000000000000e+02 2.000000000000000000e+00 2.521008403361344602e-02 1.969993038124862039e-02
1.660000000000000000e+02 2.000000000000000000e+00 2.661064425770308037e-02 2.503396276062375136e-02
1.670000000000000000e+02 2.000000000000000000e+00 2.801120448179271819e-02 2.698193037312357490e-02
1.680000000000000000e+02 2.000000000000000000e+00 2.941176470588235253e-02 2.798064968562385957e-02
1.690000000000000000e+02 2.000000000000000000e+00 3.081232492997199035e-02 2.893485748562341087e-02
1.700000000000000000e+02 2.000000000000000000e+00 3.221288515406162817e-02 3.226615363562324035e-02
1.710000000000000000e+02 2.000000000000000000e+00 3.361344537815125905e-02 3.202462598562227925e-02
1.720000000000000000e+02 2.000000000000000000e+00 3.501400560224089686e-02 3.366783232312187124e-02
1.730000000000000000e+02 2.000000000000000000e+00 3.641456582633053468e-02 3.429694489812185054e-02
1.740000000000000000e+02 2.000000000000000000e+00 3.781512605042016556e-02 3.752520743562293148e-02
1.750000000000000000e+02 2.000000000000000000e+00 3.921568627450980338e-02 3.788985467312500077e-02
1.760000000000000000e+02 2.000000000000000000e+00 4.061624649859944119e-02 3.949797254812459357e-02
1.770000000000000000e+02 2.000000000000000000e+00 4.201680672268907901e-02 4.061770366062411597e-02
1.780000000000000000e+02 2.000000000000000000e+00 4.341736694677870989e-02 4.236605139812255061e-02
1.790000000000000000e+02 2.000000000000000000e+00 4.481792717086834771e-02 4.192998736062314435e-02
1.800000000000000000e+02 2.000000000000000000e+00 4.621848739495798553e-02 4.532947663562403307e-02
1.810000000000000000e+02 2.000000000000000000e+00 4.761904761904761640e-02 4.563361797312381896e-02
1.820000000000000000e+02 2.000000000000000000e+00 4.901960784313725422e-02 4.804877048562339326e-02
1.830000000000000000e+02 2.000000000000000000e+00 5.042016806722689204e-02 4.738717318562279956e-02
1.840000000000000000e+02 2.000000000000000000e+00 5.182072829131652986e-02 5.055864944812249462e-02
1.850000000000000000e+02 2.000000000000000000e+00 5.322128851540616074e-02 5.226310561062241788e-02
1.860000000000000000e+02 2.000000000000000000e+00 5.462184873949579855e-02 5.233105076062294359e-02
1.870000000000000000e+02 2.000000000000000000e+00 5.602240896358543637e-02 5.303604368562275795e-02
1.880000000000000000e+02 2.000000000000000000e+00 5.742296918767506725e-02 5.405509694812238308e-02
1.890000000000000000e+02 2.000000000000000000e+00 5.882352941176470507e-02 5.677451478562467457e-02
1.900000000000000000e+02 2.000000000000000000e+00 6.022408963585434288e-02 5.710196577312309785e-02
1.910000000000000000e+02 2.000000000000000000e+00 6.162464985994398070e-02 5.873252538562390157e-02
1.920000000000000000e+02 2.000000000000000000e+00 6.302521008403361158e-02 6.096814399812267027e-02
1.930000000000000000e+02 2.000000000000000000e+00 6.442577030812325634e-02 6.075662132312231734e-02
1.940000000000000000e+02 2.000000000000000000e+00 6.582633053221288721e-02 6.179687644812403846e-02
1.950000000000000000e+02 2.000000000000000000e+00 6.722689075630251809e-02 6.190164588562296899e-02
1.960000000000000000e+02 2.000000000000000000e+00 6.862745098039216285e-02 6.382754372312327007e-02
1.970000000000000000e+02 2.000000000000000000e+00 7.002801120448179373e-02 6.472025372312373293e-02
1.980000000000000000e+02 2.000000000000000000e+00 7.142857142857142461e-02 6.639383699812384521e-02
1.990000000000000000e+02 2.000000000000000000e+00 7.282913165266106936e-02 6.882758763562257798e-02
2.000000000000000000e+02 2.000000000000000000e+00 7.422969187675070024e-02 6.913408473562476786e-02
2.010000000000000000e+02 2.000000000000000000e+00 7.563025210084033112e-02 7.039801331062456313e-02
2.020000000000000000e+02 2.000000000000000000e+00 7.703081232492997588e-02 7.166913316062384354e-02
2.030000000000000000e+02 2.000000000000000000e+00 7.843137254901960675e-02 7.232837469812380959e-02
2.040000000000000000e+02 2.000000000000000000e+00 7.983193277310923763e-02 7.243041641062397673e-02
2.050000000000000000e+02 2.000000000000000000e+00 8.123249299719888239e-02 7.350427214812427223e-02
2.060000000000000000e+02 2.000000000000000000e+00 8.263305322128851327e-02 7.532812827312262982e-02
2.070000000000000000e+02 2.000000000000000000e+00 8.403361344537815802e-02 7.588508012312544793e-02
2.080000000000000000e+02 2.000000000000000000e+00 8.543417366946778890e-02 7.713908969812344196e-02
2.090000000000000000e+02 2.000000000000000000e+00 8.683473389355741978e-02 7.886499569812421839e-02
2.100000000000000000e+02 2.000000000000000000e+00 8.823529411764706454e-02 7.881279696062293283e-02
2.110000000000000000e+02 2.000000000000000000e+00 8.963585434173669542e-02 8.070720197312297728e-02
2.120000000000000000e+02 2.000000000000000000e+00 9.103641456582632630e-02 8.102733769812431319e-02
2.130000000000000000e+02 2.000000000000000000e+00 9.243697478991597105e-02 8.193145454812444939e-02
2.140000000000000000e+02 2.000000000000000000e+00 9.383753501400560193e-02 8.337665284812345590e-02
2.150000000000000000e+02 2.000000000000000000e+00 9.523809523809523281e-02 8.404060591062290086e-02
2.160000000000000000e+02 2.000000000000000000e+00 9.663865546218487756e-02 8.546881792312355230e-02
2.170000000000000000e+02 2.000000000000000000e+00 9.803921568627450844e-02 8.559069763562376920e-02
2.180000000000000000e+02 2.000000000000000000e+00 9.943977591036415320e-02 8.533515939812197360e-02
2.190000000000000000e+02 2.000000000000000000e+00 1.008403361344537841e-01 8.573353123562199585e-02
2.200000000000000000e+02 2.000000000000000000e+00 1.022408963585434150e-01 8.640591544812359359e-02
2.210000000000000000e+02 2.000000000000000000e+00 1.036414565826330597e-01 8.721902547312332388e-02
2.220000000000000000e+02 2.000000000000000000e+00 1.050420168067226906e-01 8.837322511062417618e-02
2.230000000000000000e+02 2.000000000000000000e+00 1.064425770308123215e-01 8.785594926062323395e-02
2.240000000000000000e+02 2.000000000000000000e+00 1.078431372549019662e-01 8.972258107312214293e-02
2.250000000000000000e+02 2.000000000000000000e+00 1.092436974789915971e-01 9.060785182312436348e-02
2.260000000000000000e+02 2.000000000000000000e+00 1.106442577030812280e-01 9.172014368562386721e-02
2.270000000000000000e+02 2.000000000000000000e+00 1.120448179271708727e-01 9.274985987312334146e-02
2.280000000000000000e+02 2.000000000000000000e+00 1.134453781512605036e-01 9.196762273562342216e-02
2.290000000000000000e+02 2.000000000000000000e+00 1.148459383753501345e-01 9.251031602312309587e-02
2.300000000000000000e+02 2.000000000000000000e+00 1.162464985994397793e-01 9.320501798562474960e-02
2.310000000000000000e+02 2.000000000000000000e+00 1.176470588235294101e-01 9.301680496062481041e-02
2.320000000000000000e+02 2.000000000000000000e+00 1.190476190476190549e-01 9.343563473562355171e-02
2.330000000000000000e+02 2.000000000000000000e+00 1.204481792717086858e-01 9.382173181062292144e-02
2.340000000000000000e+02 2.000000000000000000e+00 1.218487394957983166e-01 9.519452141062245687e-02
2.350000000000000000e+02 2.000000000000000000e+00 1.232492997198879614e-01 9.490984611062280862e-02
2.360000000000000000e+02 2.000000000000000000e+00 1.246498599439775923e-01 9.581817853562313303e-02
2.370000000000000000e+02 2.000000000000000000e+00 1.260504201680672232e-01 9.525391142312322756e-02
2.380000000000000000e+02 2.000000000000000000e+00 1.274509803921568540e-01 9.538112259812336902e-02
2.390000000000000000e+02 2.000000000000000000e+00 1.288515406162465127e-01 9.552036056062362945e-02
2.400000000000000000e+02 2.000000000000000000e+00 1.302521008403361436e-01 9.238333040999791024e-02
2.410000000000000000e+02 2.000000000000000000e+00 1.316526610644257744e-01 8.910714670374808577e-02
2.420000000000000000e+02 2.000000000000000000e+00 1.330532212885154053e-01 8.877200849124911031e-02
2.430000000000000000e+02 2.000000000000000000e+00 1.344537815126050362e-01 8.933739149124875212e-02
2.440000000000000000e+02 2.000000000000000000e+00 1.358543417366946671e-01 9.038347402874968850e-02
2.450000000000000000e+02 2.000000000000000000e+00 1.372549019607843257e-01 8.993067167874890799e-02
2.460000000000000000e+02 2.000000000000000000e+00 1.386554621848739566e-01 9.111605417249712957e-02
2.470000000000000000e+02 2.000000000000000000e+00 1.400560224089635875e-01 9.065178297874787461e-02
2.480000000000000000e+02 2.000000000000000000e+00 1.414565826330532183e-01 9.312731740375035372e-02
2.490000000000000000e+02 2.000000000000000000e+00 1.428571428571428492e-01 9.312750338499853342e-02
2.500000000000000000e+02 2.000000000000000000e+00 1.442577030812325078e-01 9.367949573499956273e-02
2.510000000000000000e+02 2.000000000000000000e+00 1.456582633053221387e-01 9.608454326624915609e-02
2.520000000000000000e+02 2.000000000000000000e+00 1.470588235294117696e-01 9.581976795999835872e-02
2.530000000000000000e+02 2.000000000000000000e+00 1.484593837535014005e-01 9.651075029749911494e-02
2.540000000000000000e+02 2.000000000000000000e+00 1.498599439775910314e-01 9.753482505374932998e-02
2.550000000000000000e+02 2.000000000000000000e+00 1.512605042016806622e-01 9.866379323499963050e-02
2.560000000000000000e+02 2.000000000000000000e+00 1.526610644257703209e-01 9.909545571624889249e-02
2.570000000000000000e+02 2.000000000000000000e+00 1.540616246498599518e-01 1.000779326662488700e-01
2.580000000000000000e+02 2.000000000000000000e+00 1.554621848739495826e-01 1.000429681912482494e-01
2.590000000000000000e+02 2.000000000000000000e+00 1.568627450980392135e-01 1.015308181912484287e-01
2.600000000000000000e+02 2.000000000000000000e+00 1.582633053221288444e-01 1.026525331037486666e-01
2.610000000000000000e+02 2.000000000000000000e+00 1.596638655462184753e-01 1.036600555287474634e-01
2.620000000000000000e+02 2.000000000000000000e+00 1.610644257703081339e-01 1.041949995974995602e-01
2.630000000000000000e+02 2.000000000000000000e+00 1.624649859943977648e-01 1.047420324474988007e-01
2.640000000000000000e+02 2.000000000000000000e+00 1.638655462184873957e-01 1.057274231037474976e-01
2.650000000000000000e+02 2.000000000000000000e+00 1.652661064425770265e-01 1.104527107162489585e-01
2.660000000000000000e+02 2.000000000000000000e+00 1.666666666666666574e-01 1.177635492468738221e-01
2.670000000000000000e+02 2.000000000000000000e+00 1.680672268907563160e-01 1.194174185093732632e-01
2.680000000000000000e+02 2.000000000000000000e+00 1.694677871148459469e-01 1.204725521343732453e-01
2.690000000000000000e+02 2.000000000000000000e+00 1.708683473389355778e-01 1.224884648968718182e-01
2.700000000000000000e+02 2.000000000000000000e+00 1.722689075630252087e-01 1.239195286218723879e-01
2.710000000000000000e+02 2.000000000000000000e+00 1.736694677871148396e-01 1.258677442093727450e-01
2.720000000000000000e+02 2.000000000000000000e+00 1.750700280112044704e-01 1.289273837468734030e-01
2.730000000000000000e+02 2.000000000000000000e+00 1.764705882352941291e-01 1.297762021718735781e-01
2.740000000000000000e+02 2.000000000000000000e+00 1.778711484593837600e-01 1.321288649843719298e-01
2.750000000000000000e+02 2.000000000000000000e+00 1.792717086834733908e-01 1.335867100093732773e-01
2.760000000000000000e+02 2.000000000000000000e+00 1.806722689075630217e-01 1.346942903468715258e-01
2.770000000000000000e+02 2.000000000000000000e+00 1.820728291316526526e-01 1.368000940468725446e-01
2.780000000000000000e+02 2.000000000000000000e+00 1.834733893557423112e-01 1.374933081593745499e-01
2.790000000000000000e+02 2.000000000000000000e+00 1.848739495798319421e-01 1.388453918468730564e-01
2.800000000000000000e+02 2.000000000000000000e+00 1.862745098039215730e-01 1.409259020968729459e-01
2.810000000000000000e+02 2.000000000000000000e+00 1.876750700280112039e-01 1.413323331218734324e-01
2.820000000000000000e+02 2.000000000000000000e+00 1.890756302521008347e-01 1.434469399343729634e-01
2.830000000000000000e+02 2.000000000000000000e+00 1.904761904761904656e-01 1.451479244468742991e-01
2.840000000000000000e+02 2.000000000000000000e+00 1.918767507002801243e-01 1.461966107218728439e-01
2.850000000000000000e+02 2.000000000000000000e+00 1.932773109243697551e-01 1.491215998343733418e-01
2.860000000000000000e+02 2.000000000000000000e+00 1.946778711484593860e-01 1.510411743093733605e-01
2.870000000000000000e+02 2.000000000000000000e+00 1.960784313725490169e-01 1.522956798343741980e-01
2.880000000000000000e+02 2.000000000000000000e+00 1.974789915966386478e-01 1.534497554843738953e-01
2.890000000000000000e+02 2.000000000000000000e+00 1.988795518207283064e-01 1.539016899218736967e-01
2.900000000000000000e+02 2.000000000000000000e+00 2.002801120448179373e-01 1.557305055468738431e-01
2.910000000000000000e+02 2.000000000000000000e+00 2.016806722689075682e-01 1.556961610093718917e-01
2.920000000000000000e+02 2.000000000000000000e+00 2.030812324929971990e-01 1.578675540968728086e-01
2.930000000000000000e+02 2.000000000000000000e+00 2.044817927170868299e-01 1.608075456968744987e-01
2.940000000000000000e+02 2.000000000000000000e+00 2.058823529411764608e-01 1.614939404968733783e-01
2.950000000000000000e+02 2.000000000000000000e+00 2.072829131652661194e-01 1.633220121968737004e-01
2.960000000000000000e+02 2.000000000000000000e+00 2.086834733893557503e-01 1.650549854843728070e-01
2.970000000000000000e+02 2.000000000000000000e+00 2.100840336134453812e-01 1.656855859093724348e-01
2.980000000000000000e+02 2.000000000000000000e+00 2.114845938375350121e-01 1.672055486718715400e-01
2.990000000000000000e+02 2.000000000000000000e+00 2.128851540616246429e-01 1.679911334718724447e-01
3.000000000000000000e+02 2.000000000000000000e+00 2.142857142857142738e-01 1.701506237593726212e-01
3.010000000000000000e+02 2.000000000000000000e+00 2.156862745098039325e-01 1.708290833593739677e-01
3.020000000000000000e+02 2.000000000000000000e+00 2.170868347338935633e-01 1.713607417593721038e-01
3.030000000000000000e+02 2.000000000000000000e+00 2.184873949579831942e-01 1.734511710093737946e-01
3.040000000000000000e+02 2.000000000000000000e+00 2.198879551820728251e-01 1.750668521218727847e-01
3.050000000000000000e+02 2.000000000000000000e+00 2.212885154061624560e-01 1.752775068843739348e-01
3.060000000000000000e+02 2.000000000000000000e+00 2.226890756302521146e-01 1.783274753968751014e-01
3.070000000000000000e+02 2.000000000000000000e+00 2.240896358543417455e-01 1.773209448718731096e-01
3.080000000000000000e+02 2.000000000000000000e+00 2.254901960784313764e-01 1.778896755343737368e-01
3.090000000000000000e+02 2.000000000000000000e+00 2.268907563025210072e-01 1.803639700843735483e-01
3.100000000000000000e+02 2.000000000000000000e+00 2.282913165266106381e-01 1.813205336468737272e-01
3.110000000000000000e+02 2.000000000000000000e+00 2.296918767507002690e-01 1.826690216968724911e-01
3.120000000000000000e+02 2.000000000000000000e+00 2.310924369747899276e-01 1.840154019593729373e-01
3.130000000000000000e+02 2.000000000000000000e+00 2.324929971988795585e-01 1.840020113093725485e-01
3.140000000000000000e+02 2.000000000000000000e+00 2.338935574229691894e-01 1.850561530343739491e-01
3.150000000000000000e+02 2.000000000000000000e+00 2.352941176470588203e-01 1.876207104843743423e-01
3.160000000000000000e+02 2.000000000000000000e+00 2.366946778711484511e-01 1.883797619593750028e-01
3.170000000000000000e+02 2.000000000000000000e+00 2.380952380952381098e-01 1.882144866218720125e-01
3.180000000000000000e+02 2.000000000000000000e+00 2.394957983193277407e-01 1.899862679968737922e-01
3.190000000000000000e+02 2.000000000000000000e+00 2.408963585434173715e-01 1.910851692093729071e-01
3.200000000000000000e+02 2.000000000000000000e+00 2.422969187675070024e-01 1.929451056968733980e-01
3.210000000000000000e+02 2.000000000000000000e+00 2.436974789915966333e-01 1.951554308593728138e-01
3.220000000000000000e+02 2.000000000000000000e+00 2.450980392156862642e-01 1.957908667968730754e-01
3.230000000000000000e+02 2.000000000000000000e+00 2.464985994397759228e-01 1.956821297593727138e-01
3.240000000000000000e+02 2.000000000000000000e+00 2.478991596638655537e-01 1.965729799468736161e-01
3.250000000000000000e+02 2.000000000000000000e+00 2.492997198879551846e-01 1.968924957343745064e-01
3.260000000000000000e+02 2.000000000000000000e+00 2.507002801120448154e-01 1.983799737718729972e-01
3.270000000000000000e+02 2.000000000000000000e+00 2.521008403361344463e-01 1.984546142468737173e-01
3.280000000000000000e+02 2.000000000000000000e+00 2.535014005602240772e-01 1.992092021718754324e-01
3.290000000000000000e+02 2.000000000000000000e+00 2.549019607843137081e-01 2.001503912843727306e-01
3.300000000000000000e+02 2.000000000000000000e+00 2.563025210084033390e-01 2.009822234218727743e-01
3.310000000000000000e+02 2.000000000000000000e+00 2.577030812324930253e-01 2.023851419843740729e-01
3.320000000000000000e+02 2.000000000000000000e+00 2.591036414565826562e-01 2.031487809968730573e-01
3.330000000000000000e+02 2.000000000000000000e+00 2.605042016806722871e-01 2.033511285968732096e-01
3.340000000000000000e+02 2.000000000000000000e+00 2.619047619047619180e-01 2.028517069468716016e-01
3.350000000000000000e+02 2.000000000000000000e+00 2.633053221288515489e-01 2.039085763968735421e-01
3.360000000000000000e+02 2.000000000000000000e+00 2.647058823529411797e-01 2.040414909968717438e-01
3.370000000000000000e+02 2.000000000000000000e+00 2.661064425770308106e-01 2.056106767968728377e-01
3.380000000000000000e+02 2.000000000000000000e+00 2.675070028011204415e-01 2.056298948593742182e-01
3.390000000000000000e+02 2.000000000000000000e+00 2.689075630252100724e-01 2.076539907968726340e-01
3.400000000000000000e+02 2.000000000000000000e+00 2.703081232492997033e-01 2.076859633581236153e-01
3.410000000000000000e+02 2.000000000000000000e+00 2.717086834733893341e-01 2.056285147831218296e-01
3.420000000000000000e+02 2.000000000000000000e+00 2.731092436974790205e-01 2.051338666518720544e-01
3.430000000000000000e+02 2.000000000000000000e+00 2.745098039215686514e-01 2.056327923518725953e-01
3.440000000000000000e+02 2.000000000000000000e+00 2.759103641456582823e-01 2.065682160456248084e-01
3.450000000000000000e+02 2.000000000000000000e+00 2.773109243697479132e-01 2.071473616581247512e-01
3.460000000000000000e+02 2.000000000000000000e+00 2.787114845938375440e-01 2.084146998893743330e-01
3.470000000000000000e+02 2.000000000000000000e+00 2.801120448179271749e-01 2.099841336643724077e-01
3.480000000000000000e+02 2.000000000000000000e+00 2.815126050420168058e-01 2.107570717393727477e-01
3.490000000000000000e+02 2.000000000000000000e+00 2.829131652661064367e-01 2.112617628581219265e-01
3.500000000000000000e+02 2.000000000000000000e+00 2.843137254901960675e-01 2.128026795081225941e-01
3.510000000000000000e+02 2.000000000000000000e+00 2.857142857142856984e-01 2.138741794831222620e-01
3.520000000000000000e+02 2.000000000000000000e+00 2.871148459383753293e-01 2.148477913268749262e-01
3.530000000000000000e+02 2.000000000000000000e+00 2.885154061624650157e-01 2.157081405893723769e-01
3.540000000000000000e+02 2.000000000000000000e+00 2.899159663865546466e-01 2.168993504956233664e-01
3.550000000000000000e+02 2.000000000000000000e+00 2.913165266106442775e-01 2.185540876706220104e-01
3.560000000000000000e+02 2.000000000000000000e+00 2.927170868347339083e-01 2.182305422893744407e-01
3.570000000000000000e+02 2.000000000000000000e+00 2.941176470588235392e-01 2.190541912518728651e-01
3.580000000000000000e+02 2.000000000000000000e+00 2.955182072829131701e-01 2.208241748081221090e-01
3.590000000000000000e+02 2.000000000000000000e+00 2.969187675070028010e-01 2.214672359768723453e-01
3.600000000000000000e+02 2.000000000000000000e+00 2.983193277310924318e-01 2.221004401393731342e-01
3.610000000000000000e+02 2.000000000000000000e+00 2.997198879551820627e-01 2.236613807706220314e-01
3.620000000000000000e+02 2.000000000000000000e+00 3.011204481792716936e-01 2.243443039206240996e-01
3.630000000000000000e+02 2.000000000000000000e+00 3.025210084033613245e-01 2.249496108956225982e-01
3.640000000000000000e+02 2.000000000000000000e+00 3.039215686274509554e-01 2.272035796581235445e-01
3.650000000000000000e+02 2.000000000000000000e+00 3.053221288515406417e-01 2.314223783331215145e-01
3.660000000000000000e+02 2.000000000000000000e+00 3.067226890756302726e-01 2.324344720818736221e-01
3.670000000000000000e+02 2.000000000000000000e+00 3.081232492997199035e-01 2.357148093693730573e-01
3.680000000000000000e+02 2.000000000000000000e+00 3.095238095238095344e-01 2.358058161943734632e-01
3.690000000000000000e+02 2.000000000000000000e+00 3.109243697478991653e-01 2.364641898193742264e-01
3.700000000000000000e+02 2.000000000000000000e+00 3.123249299719887961e-01 2.387567186943719832e-01
3.710000000000000000e+02 2.000000000000000000e+00 3.137254901960784270e-01 2.406573230818729314e-01
3.720000000000000000e+02 2.000000000000000000e+00 3.151260504201680579e-01 2.408988507318738925e-01
3.730000000000000000e+02 2.000000000000000000e+00 3.165266106442576888e-01 2.432816425068722310e-01
3.740000000000000000e+02 2.000000000000000000e+00 3.179271708683473197e-01 2.448829410693722508e-01
3.750000000000000000e+02 2.000000000000000000e+00 3.193277310924369505e-01 2.467453573068745243e-01
3.760000000000000000e+02 2.000000000000000000e+00 3.207282913165266369e-01 2.476370754068746294e-01
3.770000000000000000e+02 2.000000000000000000e+00 3.221288515406162678e-01 2.478763712818725651e-01
3.780000000000000000e+02 2.000000000000000000e+00 3.235294117647058987e-01 2.487954906193738935e-01
3.790000000000000000e+02 2.000000000000000000e+00 3.249299719887955296e-01 2.496981196193726049e-01
3.800000000000000000e+02 2.000000000000000000e+00 3.263305322128851604e-01 2.502883001193723089e-01
3.810000000000000000e+02 3.000000000000000000e+00 3.277310924369747913e-01 2.523736458818728323e-01
3.820000000000000000e+02 2.000000000000000000e+00 3.291316526610644222e-01 2.531809284943733473e-01
3.830000000000000000e+02 2.000000000000000000e+00 3.305322128851540531e-01 2.530185048693720518e-01
3.840000000000000000e+02 2.000000000000000000e+00 3.319327731092436840e-01 2.546251348943719961e-01
3.850000000000000000e+02 2.000000000000000000e+00 3.333333333333333148e-01 2.553397988443713018e-01
3.860000000000000000e+02 2.000000000000000000e+00 3.347338935574229457e-01 2.559250198443745461e-01
3.870000000000000000e+02 2.000000000000000000e+00 3.361344537815126321e-01 2.567668949693739933e-01
3.880000000000000000e+02 2.000000000000000000e+00 3.375350140056022630e-01 2.577874360818732669e-01
3.890000000000000000e+02 2.000000000000000000e+00 3.389355742296918939e-01 2.599799070443733484e-01
3.900000000000000000e+02 2.000000000000000000e+00 3.403361344537815247e-01 2.601198889318734331e-01
3.910000000000000000e+02 3.000000000000000000e+00 3.417366946778711556e-01 2.621576234943727712e-01
3.920000000000000000e+02 3.000000000000000000e+00 3.431372549019607865e-01 2.622611530568725868e-01
3.930000000000000000e+02 2.000000000000000000e+00 3.445378151260504174e-01 2.630860418943719026e-01
3.940000000000000000e+02 2.000000000000000000e+00 3.459383753501400482e-01 2.644167997318742636e-01
3.950000000000000000e+02 2.000000000000000000e+00 3.473389355742296791e-01 2.649060544068717604e-01
3.960000000000000000e+02 2.000000000000000000e+00 3.487394957983193100e-01 2.651050543443744800e-01
3.970000000000000000e+02 3.000000000000000000e+00 3.501400560224089409e-01 2.662302409068733056e-01
3.980000000000000000e+02 3.000000000000000000e+00 3.515406162464986273e-01 2.665560800568727018e-01
3.990000000000000000e+02 3.000000000000000000e+00 3.529411764705882582e-01 2.673529477193721249e-01
4.000000000000000000e+02 3.000000000000000000e+00 3.543417366946778890e-01 2.667425572568742353e-01
4.010000000000000000e+02 3.000000000000000000e+00 3.557422969187675199e-01 2.691901944943726477e-01
4.020000000000000000e+02 3.000000000000000000e+00 3.571428571428571508e-01 2.686928806318729102e-01
4.030000000000000000e+02 3.000000000000000000e+00 3.585434173669467817e-01 2.700640583943734185e-01
4.040000000000000000e+02 3.000000000000000000e+00 3.599439775910364125e-01 2.699339955068733587e-01
4.050000000000000000e+02 3.000000000000000000e+00 3.613445378151260434e-01 2.712636374568724307e-01
4.060000000000000000e+02 3.000000000000000000e+00 3.627450980392156743e-01 2.695755476443739695e-01
4.070000000000000000e+02 3.000000000000000000e+00 3.641456582633053052e-01 2.711942044568722565e-01
4.080000000000000000e+02 3.000000000000000000e+00 3.655462184873949361e-01 2.710028917443718655e-01
4.090000000000000000e+02 3.000000000000000000e+00 3.669467787114846224e-01 2.707521890193742564e-01
4.100000000000000000e+02 3.000000000000000000e+00 3.683473389355742533e-01 2.714892947068747731e-01
4.110000000000000000e+02 3.000000000000000000e+00 3.697478991596638842e-01 2.724275081193727743e-01
4.120000000000000000e+02 3.000000000000000000e+00 3.711484593837535151e-01 2.707430139443722794e-01
4.130000000000000000e+02 3.000000000000000000e+00 3.725490196078431460e-01 2.712919066068710805e-01
4.140000000000000000e+02 3.000000000000000000e+00 3.739495798319327768e-01 2.707309871568739368e-01
4.150000000000000000e+02 3.000000000000000000e+00 3.753501400560224077e-01 2.715303345693733661e-01
4.160000000000000000e+02 3.000000000000000000e+00 3.767507002801120386e-01 2.703027343318726849e-01
4.170000000000000000e+02 3.000000000000000000e+00 3.781512605042016695e-01 2.724153573443715004e-01
4.180000000000000000e+02 3.000000000000000000e+00 3.795518207282913004e-01 2.706056357943751323e-01
4.190000000000000000e+02 3.000000000000000000e+00 3.809523809523809312e-01 2.722206969693736767e-01
4.200000000000000000e+02 3.000000000000000000e+00 3.823529411764706176e-01 2.712878150193720472e-01
4.210000000000000000e+02 3.000000000000000000e+00 3.837535014005602485e-01 2.705716632193713167e-01
4.220000000000000000e+02 3.000000000000000000e+00 3.851540616246498794e-01 2.701227044818743650e-01
4.230000000000000000e+02 3.000000000000000000e+00 3.865546218487395103e-01 2.704867317818724359e-01
4.240000000000000000e+02 3.000000000000000000e+00 3.879551820728291411e-01 2.696787052443720967e-01
4.250000000000000000e+02 3.000000000000000000e+00 3.893557422969187720e-01 2.701809786068736230e-01
4.260000000000000000e+02 3.000000000000000000e+00 3.907563025210084029e-01 2.699579250943742181e-01
4.270000000000000000e+02 3.000000000000000000e+00 3.921568627450980338e-01 2.694103962943721342e-01
4.280000000000000000e+02 3.000000000000000000e+00 3.935574229691876647e-01 2.700909636818735748e-01
4.290000000000000000e+02 3.000000000000000000e+00 3.949579831932772955e-01 2.695119420568730106e-01
4.300000000000000000e+02 3.000000000000000000e+00 3.963585434173669264e-01 2.692989315318730092e-01
4.310000000000000000e+02 3.000000000000000000e+00 3.977591036414566128e-01 2.676171650818748304e-01
4.320000000000000000e+02 3.000000000000000000e+00 3.991596638655462437e-01 2.685142146443730837e-01
4.330000000000000000e+02 3.000000000000000000e+00 4.005602240896358746e-01 2.666026993568735293e-01
4.340000000000000000e+02 3.000000000000000000e+00 4.019607843137255054e-01 2.661760583693730808e-01
4.350000000000000000e+02 3.000000000000000000e+00 4.033613445378151363e-01 2.646489043318727141e-01
4.360000000000000000e+02 3.000000000000000000e+00 4.047619047619047672e-01 2.645524420568730051e-01
4.370000000000000000e+02 3.000000000000000000e+00 4.061624649859943981e-01 2.628657161068712611e-01
4.380000000000000000e+02 3.000000000000000000e+00 4.075630252100840289e-01 2.633362486693737736e-01
4.390000000000000000e+02 3.000000000000000000e+00 4.089635854341736598e-01 2.616002996818735937e-01
4.400000000000000000e+02 3.000000000000000000e+00 4.103641456582632907e-01 2.644756523062490317e-01
4.410000000000000000e+02 3.000000000000000000e+00 4.117647058823529216e-01 2.602958476999983617e-01
4.420000000000000000e+02 3.000000000000000000e+00 4.131652661064426080e-01 2.592136228062500436e-01
4.430000000000000000e+02 3.000000000000000000e+00 4.145658263305322389e-01 2.579418830187503175e-01
4.440000000000000000e+02 3.000000000000000000e+00 4.159663865546218697e-01 2.572026695437479304e-01
4.450000000000000000e+02 3.000000000000000000e+00 4.173669467787115006e-01 2.562125673624979783e-01
4.460000000000000000e+02 3.000000000000000000e+00 4.187675070028011315e-01 2.551647489999986362e-01
4.470000000000000000e+02 3.000000000000000000e+00 4.201680672268907624e-01 2.545759323624992021e-01
4.480000000000000000e+02 3.000000000000000000e+00 4.215686274509803932e-01 2.543329788562473937e-01
4.490000000000000000e+02 3.000000000000000000e+00 4.229691876750700241e-01 2.535972370312471469e-01
4.500000000000000000e+02 3.000000000000000000e+00 4.243697478991596550e-01 2.530706001249978243e-01
4.510000000000000000e+02 3.000000000000000000e+00 4.257703081232492859e-01 2.528642229312492162e-01
4.520000000000000000e+02 3.000000000000000000e+00 4.271708683473389168e-01 2.516207522937499164e-01
4.530000000000000000e+02 3.000000000000000000e+00 4.285714285714285476e-01 2.502903664187492438e-01
4.540000000000000000e+02 3.000000000000000000e+00 4.299719887955182340e-01 2.502596175187488114e-01
4.550000000000000000e+02 3.000000000000000000e+00 4.313725490196078649e-01 2.493174365062493791e-01
4.560000000000000000e+02 3.000000000000000000e+00 4.327731092436974958e-01 2.489060459812488801e-01
4.570000000000000000e+02 3.000000000000000000e+00 4.341736694677871267e-01 2.485541074624979530e-01
4.580000000000000000e+02 3.000000000000000000e+00 4.355742296918767575e-01 2.468668235687498935e-01
4.590000000000000000e+02 3.000000000000000000e+00 4.369747899159663884e-01 2.460662362812477966e-01
4.600000000000000000e+02 3.000000000000000000e+00 4.383753501400560193e-01 2.451505265999980310e-01
4.610000000000000000e+02 3.000000000000000000e+00 4.397759103641456502e-01 2.453996794812489668e-01
4.620000000000000000e+02 3.000000000000000000e+00 4.411764705882352811e-01 2.443871355624978037e-01
4.630000000000000000e+02 3.000000000000000000e+00 4.425770308123249119e-01 2.438043323187475409e-01
4.640000000000000000e+02 3.000000000000000000e+00 4.439775910364145428e-01 2.443100153374988537e-01
4.650000000000000000e+02 3.000000000000000000e+00 4.453781512605042292e-01 2.470658235062472841e-01
4.660000000000000000e+02 3.000000000000000000e+00 4.467787114845938601e-01 2.496052939931239223e-01
4.670000000000000000e+02 3.000000000000000000e+00 4.481792717086834910e-01 2.493058641806236153e-01
4.680000000000000000e+02 3.000000000000000000e+00 4.495798319327731218e-01 2.496511693681231492e-01
4.690000000000000000e+02 3.000000000000000000e+00 4.509803921568627527e-01 2.481428614306242508e-01
4.700000000000000000e+02 3.000000000000000000e+00 4.523809523809523836e-01 2.485690064681236322e-01
4.710000000000000000e+02 3.000000000000000000e+00 4.537815126050420145e-01 2.479532845431240418e-01
4.720000000000000000e+02 3.000000000000000000e+00 4.551820728291316454e-01 2.480506147306247300e-01
4.730000000000000000e+02 3.000000000000000000e+00 4.565826330532212762e-01 2.490754954056235704e-01
4.740000000000000000e+02 3.000000000000000000e+00 4.579831932773109071e-01 2.489368773806255319e-01
4.750000000000000000e+02 3.000000000000000000e+00 4.593837535014005380e-01 2.474698572806239838e-01
4.760000000000000000e+02 3.000000000000000000e+00 4.607843137254902244e-01 2.477766023556231545e-01
4.770000000000000000e+02 3.000000000000000000e+00 4.621848739495798553e-01 2.481248832431237616e-01
4.780000000000000000e+02 3.000000000000000000e+00 4.635854341736694861e-01 2.478967462431231894e-01
4.790000000000000000e+02 3.000000000000000000e+00 4.649859943977591170e-01 2.475055656806226523e-01
4.800000000000000000e+02 3.000000000000000000e+00 4.663865546218487479e-01 2.480870670556249991e-01
4.810000000000000000e+02 3.000000000000000000e+00 4.677871148459383788e-01 2.475370585056246853e-01
4.820000000000000000e+02 3.000000000000000000e+00 4.691876750700280096e-01 2.464281143056226142e-01
4.830000000000000000e+02 3.000000000000000000e+00 4.705882352941176405e-01 2.485452008681239278e-01
4.840000000000000000e+02 3.000000000000000000e+00 4.719887955182072714e-01 2.481594757556244701e-01
4.850000000000000000e+02 3.000000000000000000e+00 4.733893557422969023e-01 2.467409347681215337e-01
4.860000000000000000e+02 3.000000000000000000e+00 4.747899159663865332e-01 2.461977455306225693e-01
4.870000000000000000e+02 3.000000000000000000e+00 4.761904761904762196e-01 2.456924964681235224e-01
4.880000000000000000e+02 3.000000000000000000e+00 4.775910364145658504e-01 2.462986713556230001e-01
4.890000000000000000e+02 3.000000000000000000e+00 4.789915966386554813e-01 2.454260473306231205e-01
4.900000000000000000e+02 3.000000000000000000e+00 4.803921568627451122e-01 2.454828336056227300e-01
4.910000000000000000e+02 3.000000000000000000e+00 4.817927170868347431e-01 2.454905208306232822e-01
4.920000000000000000e+02 3.000000000000000000e+00 4.831932773109243739e-01 2.450428019681236691e-01
4.930000000000000000e+02 3.000000000000000000e+00 4.845938375350140048e-01 2.442035305806236067e-01
4.940000000000000000e+02 3.000000000000000000e+00 4.859943977591036357e-01 2.430961982181241154e-01
4.950000000000000000e+02 3.000000000000000000e+00 4.873949579831932666e-01 2.427042737306219777e-01
4.960000000000000000e+02 3.000000000000000000e+00 4.887955182072828975e-01 2.434123663431257967e-01
4.970000000000000000e+02 3.000000000000000000e+00 4.901960784313725283e-01 2.435454049306233770e-01
4.980000000000000000e+02 3.000000000000000000e+00 4.915966386554622147e-01 2.420733013431224379e-01
4.990000000000000000e+02 3.000000000000000000e+00 4.929971988795518456e-01 2.429347664931231776e-01
5.000000000000000000e+02 3.000000000000000000e+00 4.943977591036414765e-01 2.422098115806239349e-01
5.010000000000000000e+02 3.000000000000000000e+00 4.957983193277311074e-01 2.423237560931230661e-01
5.020000000000000000e+02 3.000000000000000000e+00 4.971988795518207382e-01 2.419002147931230695e-01
5.030000000000000000e+02 3.000000000000000000e+00 4.985994397759103691e-01 2.413079265056232714e-01
5.040000000000000000e+02 3.000000000000000000e+00 5.000000000000000000e-01 2.429262113556234226e-01
5.050000000000000000e+02 3.000000000000000000e+00 5.014005602240896309e-01 2.414237308306237395e-01
5.060000000000000000e+02 3.000000000000000000e+00 5.028011204481792618e-01 2.406281030431252077e-01
5.070000000000000000e+02 3.000000000000000000e+00 5.042016806722688926e-01 2.406899728056224319e-01
5.080000000000000000e+02 3.000000000000000000e+00 5.056022408963585235e-01 2.394329875306233646e-01
5.090000000000000000e+02 3.000000000000000000e+00 5.070028011204481544e-01 2.386105784431222787e-01
5.100000000000000000e+02 3.000000000000000000e+00 5.084033613445377853e-01 2.383909965806232378e-01
5.110000000000000000e+02 3.000000000000000000e+00 5.098039215686274161e-01 2.385412694306250359e-01
5.120000000000000000e+02 3.000000000000000000e+00 5.112044817927170470e-01 2.380604459056225863e-01
5.130000000000000000e+02 3.000000000000000000e+00 5.126050420168066779e-01 2.389929558931225273e-01
5.140000000000000000e+02 3.000000000000000000e+00 5.140056022408963088e-01 2.380510228556218522e-01
5.150000000000000000e+02 3.000000000000000000e+00 5.154061624649860507e-01 2.370691658431240967e-01
5.160000000000000000e+02 3.000000000000000000e+00 5.168067226890756816e-01 2.365858625681234173e-01
5.170000000000000000e+02 3.000000000000000000e+00 5.182072829131653124e-01 2.367438226431239912e-01
5.180000000000000000e+02 3.000000000000000000e+00 5.196078431372549433e-01 2.347783727931229691e-01
5.190000000000000000e+02 3.000000000000000000e+00 5.210084033613445742e-01 2.351099153681222020e-01
5.200000000000000000e+02 3.000000000000000000e+00 5.224089635854342051e-01 2.340597412431240087e-01
5.210000000000000000e+02 3.000000000000000000e+00 5.238095238095238360e-01 2.327210482056241148e-01
5.220000000000000000e+02 3.000000000000000000e+00 5.252100840336134668e-01 2.333712386556250351e-01
5.230000000000000000e+02 3.000000000000000000e+00 5.266106442577030977e-01 2.336319843681238240e-01
5.240000000000000000e+02 3.000000000000000000e+00 5.280112044817927286e-01 2.316551276681231286e-01
5.250000000000000000e+02 3.000000000000000000e+00 5.294117647058823595e-01 2.311343801681235988e-01
5.260000000000000000e+02 3.000000000000000000e+00 5.308123249299719904e-01 2.323313554931232261e-01
5.270000000000000000e+02 3.000000000000000000e+00 5.322128851540616212e-01 2.300055979681232543e-01
5.280000000000000000e+02 3.000000000000000000e+00 5.336134453781512521e-01 2.298645001931234333e-01
5.290000000000000000e+02 3.000000000000000000e+00 5.350140056022408830e-01 2.277026541431226292e-01
5.300000000000000000e+02 3.000000000000000000e+00 5.364145658263305139e-01 2.287858089431225039e-01
5.310000000000000000e+02 3.000000000000000000e+00 5.378151260504201447e-01 2.287241871556240369e-01
5.320000000000000000e+02 3.000000000000000000e+00 5.392156862745097756e-01 2.282576221931247318e-01
5.330000000000000000e+02 3.000000000000000000e+00 5.406162464985994065e-01 2.274411645056240161e-01
5.340000000000000000e+02 3.000000000000000000e+00 5.420168067226890374e-01 2.262434452556245645e-01
5.350000000000000000e+02 3.000000000000000000e+00 5.434173669467786683e-01 2.271340474681249333e-01
5.360000000000000000e+02 3.000000000000000000e+00 5.448179271708682991e-01 2.268669783931240858e-01
5.370000000000000000e+02 3.000000000000000000e+00 5.462184873949580410e-01 2.252695234431243421e-01
5.380000000000000000e+02 3.000000000000000000e+00 5.476190476190476719e-01 2.257698130056216002e-01
5.390000000000000000e+02 3.000000000000000000e+00 5.490196078431373028e-01 2.240415512431237488e-01
5.400000000000000000e+02 3.000000000000000000e+00 5.504201680672269337e-01 2.273078226256224355e-01
5.410000000000000000e+02 3.000000000000000000e+00 5.518207282913165646e-01 2.226418630318729441e-01
5.420000000000000000e+02 3.000000000000000000e+00 5.532212885154061954e-01 2.214234998631212648e-01
5.430000000000000000e+02 3.000000000000000000e+00 5.546218487394958263e-01 2.206590549318736549e-01
5.440000000000000000e+02 3.000000000000000000e+00 5.560224089635854572e-01 2.196140262881236538e-01
5.450000000000000000e+02 3.000000000000000000e+00 5.574229691876750881e-01 2.189298632631242469e-01
5.460000000000000000e+02 3.000000000000000000e+00 5.588235294117647189e-01 2.177114381006237664e-01
5.470000000000000000e+02 3.000000000000000000e+00 5.602240896358543498e-01 2.174529241631226739e-01
5.480000000000000000e+02 3.000000000000000000e+00 5.616246498599439807e-01 2.168166823068737870e-01
5.490000000000000000e+02 3.000000000000000000e+00 5.630252100840336116e-01 2.158686118881227856e-01
5.500000000000000000e+02 3.000000000000000000e+00 5.644257703081232425e-01 2.150307043631247694e-01
5.510000000000000000e+02 3.000000000000000000e+00 5.658263305322128733e-01 2.150233271068735519e-01
5.520000000000000000e+02 3.000000000000000000e+00 5.672268907563025042e-01 2.157214387256232158e-01
5.530000000000000000e+02 3.000000000000000000e+00 5.686274509803921351e-01 2.146744882756230766e-01
5.540000000000000000e+02 3.000000000000000000e+00 5.700280112044817660e-01 2.138301334006236232e-01
5.550000000000000000e+02 3.000000000000000000e+00 5.714285714285713969e-01 2.126177836256228915e-01
5.560000000000000000e+02 3.000000000000000000e+00 5.728291316526610277e-01 2.121628734881220169e-01
5.570000000000000000e+02 3.000000000000000000e+00 5.742296918767506586e-01 2.106807269131234506e-01
5.580000000000000000e+02 3.000000000000000000e+00 5.756302521008402895e-01 2.107242465256238262e-01
5.590000000000000000e+02 3.000000000000000000e+00 5.770308123249300314e-01 2.102369756506234921e-01
5.600000000000000000e+02 3.000000000000000000e+00 5.784313725490196623e-01 2.089613922506234900e-01
5.610000000000000000e+02 3.000000000000000000e+00 5.798319327731092931e-01 2.084493858693736712e-01
5.620000000000000000e+02 3.000000000000000000e+00 5.812324929971989240e-01 2.073476329443746380e-01
5.630000000000000000e+02 3.000000000000000000e+00 5.826330532212885549e-01 2.061560510756237363e-01
5.640000000000000000e+02 3.000000000000000000e+00 5.840336134453781858e-01 2.068849115943738326e-01
5.650000000000000000e+02 3.000000000000000000e+00 5.854341736694678167e-01 2.080146856943745348e-01
5.660000000000000000e+02 3.000000000000000000e+00 5.868347338935574475e-01 2.038246587956233924e-01
5.670000000000000000e+02 3.000000000000000000e+00 5.882352941176470784e-01 2.037423310956238964e-01
5.680000000000000000e+02 3.000000000000000000e+00 5.896358543417367093e-01 2.032850651956223942e-01
5.690000000000000000e+02 3.000000000000000000e+00 5.910364145658263402e-01 2.014338078331245896e-01
5.700000000000000000e+02 3.000000000000000000e+00 5.924369747899159711e-01 2.009821213706235454e-01
5.710000000000000000e+02 3.000000000000000000e+00 5.938375350140056019e-01 1.997581167706226069e-01
5.720000000000000000e+02 3.000000000000000000e+00 5.952380952380952328e-01 1.990753176081234699e-01
5.730000000000000000e+02 3.000000000000000000e+00 5.966386554621848637e-01 1.983367240706233048e-01
5.740000000000000000e+02 3.000000000000000000e+00 5.980392156862744946e-01 1.984752181081237410e-01
5.750000000000000000e+02 3.000000000000000000e+00 5.994397759103641254e-01 1.965902361456226544e-01
5.760000000000000000e+02 3.000000000000000000e+00 6.008403361344537563e-01 1.956430956331232096e-01
5.770000000000000000e+02 3.000000000000000000e+00 6.022408963585433872e-01 1.947340192831230610e-01
5.780000000000000000e+02 3.000000000000000000e+00 6.036414565826330181e-01 1.932917966831233514e-01
5.790000000000000000e+02 3.000000000000000000e+00 6.050420168067226490e-01 1.922661720831229104e-01
5.800000000000000000e+02 3.000000000000000000e+00 6.064425770308122798e-01 1.914412832456235947e-01
5.810000000000000000e+02 3.000000000000000000e+00 6.078431372549019107e-01 1.918372993206247656e-01
5.820000000000000000e+02 3.000000000000000000e+00 6.092436974789916526e-01 1.898372569581230351e-01
5.830000000000000000e+02 3.000000000000000000e+00 6.106442577030812835e-01 1.895622526831246546e-01
5.840000000000000000e+02 3.000000000000000000e+00 6.120448179271709144e-01 1.878055977831234458e-01
5.850000000000000000e+02 3.000000000000000000e+00 6.134453781512605453e-01 1.881195341331221016e-01
5.860000000000000000e+02 3.000000000000000000e+00 6.148459383753501761e-01 1.866066386581248793e-01
5.870000000000000000e+02 3.000000000000000000e+00 6.162464985994398070e-01 1.860938263581228824e-01
5.880000000000000000e+02 3.000000000000000000e+00 6.176470588235294379e-01 1.847860062081245758e-01
5.890000000000000000e+02 3.000000000000000000e+00 6.190476190476190688e-01 1.841751197956220665e-01
5.900000000000000000e+02 3.000000000000000000e+00 6.204481792717086996e-01 1.826291196581237841e-01
5.910000000000000000e+02 3.000000000000000000e+00 6.218487394957983305e-01 1.814966178331243185e-01
5.920000000000000000e+02 3.000000000000000000e+00 6.232492997198879614e-01 1.804527670706246312e-01
5.930000000000000000e+02 3.000000000000000000e+00 6.246498599439775923e-01 1.792551718081245582e-01
5.940000000000000000e+02 3.000000000000000000e+00 6.260504201680672232e-01 1.767978635456231018e-01
5.950000000000000000e+02 3.000000000000000000e+00 6.274509803921568540e-01 1.756367206081232979e-01
5.960000000000000000e+02 3.000000000000000000e+00 6.288515406162464849e-01 1.759268513581222493e-01
5.970000000000000000e+02 3.000000000000000000e+00 6.302521008403361158e-01 1.748818847081228256e-01
5.980000000000000000e+02 3.000000000000000000e+00 6.316526610644257467e-01 1.725923315331225893e-01
5.990000000000000000e+02 3.000000000000000000e+00 6.330532212885153776e-01 1.721949515956247012e-01
6.000000000000000000e+02 3.000000000000000000e+00 6.344537815126050084e-01 1.706091514706233880e-01
6.010000000000000000e+02 3.000000000000000000e+00 6.358543417366946393e-01 1.696280383831236804e-01
6.020000000000000000e+02 3.000000000000000000e+00 6.372549019607842702e-01 1.688082330331237557e-01
6.030000000000000000e+02 3.000000000000000000e+00 6.386554621848739011e-01 1.672239207581238674e-01
6.040000000000000000e+02 3.000000000000000000e+00 6.400560224089636430e-01 1.659758625831244672e-01
6.050000000000000000e+02 3.000000000000000000e+00 6.414565826330532738e-01 1.666463869831229516e-01
6.060000000000000000e+02 3.000000000000000000e+00 6.428571428571429047e-01 1.648499320956240410e-01
6.070000000000000000e+02 3.000000000000000000e+00 6.442577030812325356e-01 1.656150589581226740e-01
6.080000000000000000e+02 3.000000000000000000e+00 6.456582633053221665e-01 1.626073701831227680e-01
6.090000000000000000e+02 3.000000000000000000e+00 6.470588235294117974e-01 1.620339279956244383e-01
6.100000000000000000e+02 3.000000000000000000e+00 6.484593837535014282e-01 1.610926148956242088e-01
6.110000000000000000e+02 3.000000000000000000e+00 6.498599439775910591e-01 1.601870101956226478e-01
6.120000000000000000e+02 3.000000000000000000e+00 6.512605042016806900e-01 1.601077821831236037e-01
6.130000000000000000e+02 3.000000000000000000e+00 6.526610644257703209e-01 1.592750821331243571e-01
6.140000000000000000e+02 3.000000000000000000e+00 6.540616246498599518e-01 1.576437785956237292e-01
6.150000000000000000e+02 3.000000000000000000e+00 6.554621848739495826e-01 1.567815695206231652e-01
6.160000000000000000e+02 3.000000000000000000e+00 6.568627450980392135e-01 1.558170707581219006e-01
6.170000000000000000e+02 3.000000000000000000e+00 6.582633053221288444e-01 1.546374536831223168e-01
6.180000000000000000e+02 3.000000000000000000e+00 6.596638655462184753e-01 1.537764844831226441e-01
6.190000000000000000e+02 3.000000000000000000e+00 6.610644257703081061e-01 1.543543902206216956e-01
6.200000000000000000e+02 3.000000000000000000e+00 6.624649859943977370e-01 1.524273764956252109e-01
6.210000000000000000e+02 3.000000000000000000e+00 6.638655462184873679e-01 1.529907756956223608e-01
6.220000000000000000e+02 3.000000000000000000e+00 6.652661064425769988e-01 1.512078354456232177e-01
6.230000000000000000e+02 3.000000000000000000e+00 6.666666666666666297e-01 1.503528176456221388e-01
6.240000000000000000e+02 3.000000000000000000e+00 6.680672268907562605e-01 1.495689686706249688e-01
6.250000000000000000e+02 3.000000000000000000e+00 6.694677871148458914e-01 1.484680836581233621e-01
6.260000000000000000e+02 3.000000000000000000e+00 6.708683473389356333e-01 1.476952695706224006e-01
6.270000000000000000e+02 3.000000000000000000e+00 6.722689075630252642e-01 1.465208599706233628e-01
6.280000000000000000e+02 3.000000000000000000e+00 6.736694677871148951e-01 1.450116841206252616e-01
6.290000000000000000e+02 3.000000000000000000e+00 6.750700280112045260e-01 1.442807778081238723e-01
6.300000000000000000e+02 3.000000000000000000e+00 6.764705882352941568e-01 1.435565668206226775e-01
6.310000000000000000e+02 3.000000000000000000e+00 6.778711484593837877e-01 1.424331160831222576e-01
6.320000000000000000e+02 3.000000000000000000e+00 6.792717086834734186e-01 1.417482091331230265e-01
6.330000000000000000e+02 3.000000000000000000e+00 6.806722689075630495e-01 1.412330410706239547e-01
6.340000000000000000e+02 3.000000000000000000e+00 6.820728291316526803e-01 1.390328828831233210e-01
6.350000000000000000e+02 3.000000000000000000e+00 6.834733893557423112e-01 1.380165573456242356e-01
6.360000000000000000e+02 3.000000000000000000e+00 6.848739495798319421e-01 1.381228146331228146e-01
6.370000000000000000e+02 3.000000000000000000e+00 6.862745098039215730e-01 1.362197304956254129e-01
6.380000000000000000e+02 3.000000000000000000e+00 6.876750700280112039e-01 1.351543059081219411e-01
6.390000000000000000e+02 3.000000000000000000e+00 6.890756302521008347e-01 1.330874342831211976e-01
6.400000000000000000e+02 3.000000000000000000e+00 6.904761904761904656e-01 1.312345722362486811e-01
6.410000000000000000e+02 3.000000000000000000e+00 6.918767507002800965e-01 1.258153265862489434e-01
6.420000000000000000e+02 3.000000000000000000e+00 6.932773109243697274e-01 1.252704635174985981e-01
6.430000000000000000e+02 3.000000000000000000e+00 6.946778711484593583e-01 1.240388336862476848e-01
6.440000000000000000e+02 3.000000000000000000e+00 6.960784313725489891e-01 1.229318112924993045e-01
6.450000000000000000e+02 3.000000000000000000e+00 6.974789915966386200e-01 1.217025372237472425e-01
6.460000000000000000e+02 3.000000000000000000e+00 6.988795518207282509e-01 1.202625463987487819e-01
6.470000000000000000e+02 3.000000000000000000e+00 7.002801120448178818e-01 1.192268168174983600e-01
6.480000000000000000e+02 3.000000000000000000e+00 7.016806722689076237e-01 1.195763375799980821e-01
6.490000000000000000e+02 3.000000000000000000e+00 7.030812324929972545e-01 1.183299532362482864e-01
6.500000000000000000e+02 3.000000000000000000e+00 7.044817927170868854e-01 1.175012827799974957e-01
6.510000000000000000e+02 3.000000000000000000e+00 7.058823529411765163e-01 1.171805891112462916e-01
6.520000000000000000e+02 3.000000000000000000e+00 7.072829131652661472e-01 1.159428838924974059e-01
6.530000000000000000e+02 3.000000000000000000e+00 7.086834733893557781e-01 1.151331835237492385e-01
6.540000000000000000e+02 3.000000000000000000e+00 7.100840336134454089e-01 1.146221070487492000e-01
6.550000000000000000e+02 3.000000000000000000e+00 7.114845938375350398e-01 1.134684033612494147e-01
6.560000000000000000e+02 3.000000000000000000e+00 7.128851540616246707e-01 1.127180930049966889e-01
6.570000000000000000e+02 3.000000000000000000e+00 7.142857142857143016e-01 1.121344838424978008e-01
6.580000000000000000e+02 3.000000000000000000e+00 7.156862745098039325e-01 1.114127526049983885e-01
6.590000000000000000e+02 3.000000000000000000e+00 7.170868347338935633e-01 1.106351649987491470e-01
6.600000000000000000e+02 3.000000000000000000e+00 7.184873949579831942e-01 1.099710879487485471e-01
6.610000000000000000e+02 3.000000000000000000e+00 7.198879551820728251e-01 1.096138179674976953e-01
6.620000000000000000e+02 3.000000000000000000e+00 7.212885154061624560e-01 1.082066838299979850e-01
6.630000000000000000e+02 3.000000000000000000e+00 7.226890756302520868e-01 1.077951693174981074e-01
6.640000000000000000e+02 3.000000000000000000e+00 7.240896358543417177e-01 1.073695822237468178e-01
6.650000000000000000e+02 3.000000000000000000e+00 7.254901960784313486e-01 1.105900335487479680e-01
6.660000000000000000e+02 3.000000000000000000e+00 7.268907563025209795e-01 1.115070522518735174e-01
6.670000000000000000e+02 3.000000000000000000e+00 7.282913165266106104e-01 1.120027542768742279e-01
6.680000000000000000e+02 3.000000000000000000e+00 7.296918767507002412e-01 1.119509275018728545e-01
6.690000000000000000e+02 3.000000000000000000e+00 7.310924369747898721e-01 1.115371812143735042e-01
6.700000000000000000e+02 3.000000000000000000e+00 7.324929971988795030e-01 1.110199053643725620e-01
6.710000000000000000e+02 3.000000000000000000e+00 7.338935574229692449e-01 1.100210620643728987e-01
6.720000000000000000e+02 3.000000000000000000e+00 7.352941176470588758e-01 1.093205326893738061e-01
6.730000000000000000e+02 3.000000000000000000e+00 7.366946778711485067e-01 1.093231364268731909e-01
6.740000000000000000e+02 3.000000000000000000e+00 7.380952380952381375e-01 1.084727061643722124e-01
6.750000000000000000e+02 3.000000000000000000e+00 7.394957983193277684e-01 1.078395020018731998e-01
6.760000000000000000e+02 3.000000000000000000e+00 7.408963585434173993e-01 1.070468499143739649e-01
6.770000000000000000e+02 3.000000000000000000e+00 7.422969187675070302e-01 1.071353769893725882e-01
6.780000000000000000e+02 3.000000000000000000e+00 7.436974789915966610e-01 1.069979988393754411e-01
6.790000000000000000e+02 3.000000000000000000e+00 7.450980392156862919e-01 1.068601247393736742e-01
6.800000000000000000e+02 3.000000000000000000e+00 7.464985994397759228e-01 1.067621746143743167e-01
6.810000000000000000e+02 3.000000000000000000e+00 7.478991596638655537e-01 1.064430307893733385e-01
6.820000000000000000e+02 3.000000000000000000e+00 7.492997198879551846e-01 1.053989320518731176e-01
6.830000000000000000e+02 3.000000000000000000e+00 7.507002801120448154e-01 1.048304493643748003e-01
6.840000000000000000e+02 3.000000000000000000e+00 7.521008403361344463e-01 1.032819694768729590e-01
6.850000000000000000e+02 3.000000000000000000e+00 7.535014005602240772e-01 1.042720096643723338e-01
6.860000000000000000e+02 3.000000000000000000e+00 7.549019607843137081e-01 1.039392272143722096e-01
6.870000000000000000e+02 3.000000000000000000e+00 7.563025210084033390e-01 1.041813748018736163e-01
6.880000000000000000e+02 3.000000000000000000e+00 7.577030812324929698e-01 1.029200499643732059e-01
6.890000000000000000e+02 3.000000000000000000e+00 7.591036414565826007e-01 1.024330270643734053e-01
6.900000000000000000e+02 3.000000000000000000e+00 7.605042016806722316e-01 1.016801749643754249e-01
6.910000000000000000e+02 3.000000000000000000e+00 7.619047619047618625e-01 1.025165946393737926e-01
6.920000000000000000e+02 3.000000000000000000e+00 7.633053221288514933e-01 1.009679907643743491e-01
6.930000000000000000e+02 3.000000000000000000e+00 7.647058823529412352e-01 1.014075264518741193e-01
6.940000000000000000e+02 3.000000000000000000e+00 7.661064425770308661e-01 1.005866052143726819e-01
6.950000000000000000e+02 3.000000000000000000e+00 7.675070028011204970e-01 1.003442096518742943e-01
6.960000000000000000e+02 3.000000000000000000e+00 7.689075630252101279e-01 9.901183997687468263e-02
6.970000000000000000e+02 3.000000000000000000e+00 7.703081232492997588e-01 9.925993896437290687e-02
6.980000000000000000e+02 3.000000000000000000e+00 7.717086834733893896e-01 9.918529848937218674e-02
6.990000000000000000e+02 3.000000000000000000e+00 7.731092436974790205e-01 9.896745245187332785e-02
7.000000000000000000e+02 3.000000000000000000e+00 7.745098039215686514e-01 9.788057802687255560e-02
7.010000000000000000e+02 3.000000000000000000e+00 7.759103641456582823e-01 9.621492995187352903e-02
7.020000000000000000e+02 3.000000000000000000e+00 7.773109243697479132e-01 9.698228858937341101e-02
7.030000000000000000e+02 3.000000000000000000e+00 7.787114845938375440e-01 9.695823501437317304e-02
7.040000000000000000e+02 3.000000000000000000e+00 7.801120448179271749e-01 9.485057150187259367e-02
7.050000000000000000e+02 3.000000000000000000e+00 7.815126050420168058e-01 9.580639113937294837e-02
7.060000000000000000e+02 3.000000000000000000e+00 7.829131652661064367e-01 9.550894512687335691e-02
7.070000000000000000e+02 3.000000000000000000e+00 7.843137254901960675e-01 9.417347576437329337e-02
7.080000000000000000e+02 3.000000000000000000e+00 7.857142857142856984e-01 9.257626878937408321e-02
7.090000000000000000e+02 3.000000000000000000e+00 7.871148459383753293e-01 9.319918198937315879e-02
7.100000000000000000e+02 3.000000000000000000e+00 7.885154061624649602e-01 9.261135725187230605e-02
7.110000000000000000e+02 3.000000000000000000e+00 7.899159663865545911e-01 9.281903631437415925e-02
7.120000000000000000e+02 3.000000000000000000e+00 7.913165266106442219e-01 9.232035858937415185e-02
7.130000000000000000e+02 3.000000000000000000e+00 7.927170868347338528e-01 9.168777436437380857e-02
7.140000000000000000e+02 3.000000000000000000e+00 7.941176470588234837e-01 9.135338007687288098e-02
7.150000000000000000e+02 3.000000000000000000e+00 7.955182072829132256e-01 9.071323261437314045e-02
7.160000000000000000e+02 3.000000000000000000e+00 7.969187675070028565e-01 9.010185025187311680e-02
7.170000000000000000e+02 3.000000000000000000e+00 7.983193277310924874e-01 8.937181185187270671e-02
7.180000000000000000e+02 3.000000000000000000e+00 7.997198879551821182e-01 8.826361157687223624e-02
7.190000000000000000e+02 3.000000000000000000e+00 8.011204481792717491e-01 8.787763848937402145e-02
7.200000000000000000e+02 3.000000000000000000e+00 8.025210084033613800e-01 8.687296777687336657e-02
7.210000000000000000e+02 3.000000000000000000e+00 8.039215686274510109e-01 8.563222486437283010e-02
7.220000000000000000e+02 3.000000000000000000e+00 8.053221288515406417e-01 8.644235918937326346e-02
7.230000000000000000e+02 3.000000000000000000e+00 8.067226890756302726e-01 8.493020763937408901e-02
7.240000000000000000e+02 3.000000000000000000e+00 8.081232492997199035e-01 8.364123358937369801e-02
7.250000000000000000e+02 3.000000000000000000e+00 8.095238095238095344e-01 8.295359891437392719e-02
7.260000000000000000e+02 3.000000000000000000e+00 8.109243697478991653e-01 8.313548857687358407e-02
7.270000000000000000e+02 3.000000000000000000e+00 8.123249299719887961e-01 8.188309083937461708e-02
7.280000000000000000e+02 3.000000000000000000e+00 8.137254901960784270e-01 8.197124595187332829e-02
7.290000000000000000e+02 3.000000000000000000e+00 8.151260504201680579e-01 8.206646835187214606e-02
7.300000000000000000e+02 3.000000000000000000e+00 8.165266106442576888e-01 8.000480420187372488e-02
7.310000000000000000e+02 3.000000000000000000e+00 8.179271708683473197e-01 7.858762707687461102e-02
7.320000000000000000e+02 3.000000000000000000e+00 8.193277310924369505e-01 7.976600427687330352e-02
7.330000000000000000e+02 3.000000000000000000e+00 8.207282913165265814e-01 7.764755385187172010e-02
7.340000000000000000e+02 3.000000000000000000e+00 8.221288515406162123e-01 7.644561902687385668e-02
7.350000000000000000e+02 3.000000000000000000e+00 8.235294117647058432e-01 7.646111746437256329e-02
7.360000000000000000e+02 3.000000000000000000e+00 8.249299719887954740e-01 7.578414571437264158e-02
7.370000000000000000e+02 3.000000000000000000e+00 8.263305322128852159e-01 7.501926682687276582e-02
7.380000000000000000e+02 3.000000000000000000e+00 8.277310924369748468e-01 7.473570741437285392e-02
7.390000000000000000e+02 3.000000000000000000e+00 8.291316526610644777e-01 7.366929092687435343e-02
7.400000000000000000e+02 3.000000000000000000e+00 8.305322128851541086e-01 7.445777226562455553e-02
7.410000000000000000e+02 3.000000000000000000e+00 8.319327731092437395e-01 7.142466605312414174e-02
7.420000000000000000e+02 3.000000000000000000e+00 8.333333333333333703e-01 6.975443044062323850e-02
7.430000000000000000e+02 3.000000000000000000e+00 8.347338935574230012e-01 6.911862254062484112e-02
7.440000000000000000e+02 3.000000000000000000e+00 8.361344537815126321e-01 6.862608219687338362e-02
7.450000000000000000e+02 3.000000000000000000e+00 8.375350140056022630e-01 6.794687867187398922e-02
7.460000000000000000e+02 3.000000000000000000e+00 8.389355742296918939e-01 6.674271207187310040e-02
7.470000000000000000e+02 3.000000000000000000e+00 8.403361344537815247e-01 6.667768062812484686e-02
7.480000000000000000e+02 3.000000000000000000e+00 8.417366946778711556e-01 6.627292343437574118e-02
7.490000000000000000e+02 3.000000000000000000e+00 8.431372549019607865e-01 6.615315150937206568e-02
7.500000000000000000e+02 3.000000000000000000e+00 8.445378151260504174e-01 6.568100710937230247e-02
7.510000000000000000e+02 3.000000000000000000e+00 8.459383753501400482e-01 6.462072800312412824e-02
7.520000000000000000e+02 3.000000000000000000e+00 8.473389355742296791e-01 6.436636764687264645e-02
7.530000000000000000e+02 3.000000000000000000e+00 8.487394957983193100e-01 6.442265797187474163e-02
7.540000000000000000e+02 3.000000000000000000e+00 8.501400560224089409e-01 6.420140227812254352e-02
7.550000000000000000e+02 3.000000000000000000e+00 8.515406162464985718e-01 6.320968825937356428e-02
7.560000000000000000e+02 3.000000000000000000e+00 8.529411764705882026e-01 6.316933032812421800e-02
7.570000000000000000e+02 3.000000000000000000e+00 8.543417366946778335e-01 6.244561529062409022e-02
7.580000000000000000e+02 3.000000000000000000e+00 8.557422969187674644e-01 6.281664788437346658e-02
7.590000000000000000e+02 3.000000000000000000e+00 8.571428571428570953e-01 6.194985127187280227e-02
7.600000000000000000e+02 3.000000000000000000e+00 8.585434173669468372e-01 6.173380305312292649e-02
7.610000000000000000e+02 3.000000000000000000e+00 8.599439775910364681e-01 6.148285235312478392e-02
7.620000000000000000e+02 3.000000000000000000e+00 8.613445378151260989e-01 6.053515389687547099e-02
7.630000000000000000e+02 3.000000000000000000e+00 8.627450980392157298e-01 6.066540276562371048e-02
7.640000000000000000e+02 3.000000000000000000e+00 8.641456582633053607e-01 6.016982472812415494e-02
7.650000000000000000e+02 3.000000000000000000e+00 8.655462184873949916e-01 6.315098017812204034e-02
7.660000000000000000e+02 3.000000000000000000e+00 8.669467787114846224e-01 6.428687449187364678e-02
7.670000000000000000e+02 3.000000000000000000e+00 8.683473389355742533e-01 6.263350117937349637e-02
7.680000000000000000e+02 3.000000000000000000e+00 8.697478991596638842e-01 6.372161547937338355e-02
7.690000000000000000e+02 3.000000000000000000e+00 8.711484593837535151e-01 6.141024050437415838e-02
7.700000000000000000e+02 3.000000000000000000e+00 8.725490196078431460e-01 6.133745984187299882e-02
7.710000000000000000e+02 3.000000000000000000e+00 8.739495798319327768e-01 6.044772554187360925e-02
7.720000000000000000e+02 3.000000000000000000e+00 8.753501400560224077e-01 6.078013602937382132e-02
7.730000000000000000e+02 3.000000000000000000e+00 8.767507002801120386e-01 6.038721964187310220e-02
7.740000000000000000e+02 3.000000000000000000e+00 8.781512605042016695e-01 6.079662636687466204e-02
7.750000000000000000e+02 3.000000000000000000e+00 8.795518207282913004e-01 5.954559249187418857e-02
7.760000000000000000e+02 3.000000000000000000e+00 8.809523809523809312e-01 5.945991712937370721e-02
7.770000000000000000e+02 3.000000000000000000e+00 8.823529411764705621e-01 6.019863465437502725e-02
7.780000000000000000e+02 3.000000000000000000e+00 8.837535014005601930e-01 5.696305685437330624e-02
7.790000000000000000e+02 3.000000000000000000e+00 8.851540616246498239e-01 5.870632110437234985e-02
7.800000000000000000e+02 3.000000000000000000e+00 8.865546218487394547e-01 5.870421331687580846e-02
7.810000000000000000e+02 3.000000000000000000e+00 8.879551820728290856e-01 5.777492700437392159e-02
7.820000000000000000e+02 3.000000000000000000e+00 8.893557422969188275e-01 5.641230437937316822e-02
7.830000000000000000e+02 3.000000000000000000e+00 8.907563025210084584e-01 5.645136044187282209e-02
7.840000000000000000e+02 3.000000000000000000e+00 8.921568627450980893e-01 5.728269662937357509e-02
7.850000000000000000e+02 3.000000000000000000e+00 8.935574229691877202e-01 5.583427465437473813e-02
7.860000000000000000e+02 3.000000000000000000e+00 8.949579831932773510e-01 5.657076040437303277e-02
7.870000000000000000e+02 3.000000000000000000e+00 8.963585434173669819e-01 5.437630564187401205e-02
7.880000000000000000e+02 3.000000000000000000e+00 8.977591036414566128e-01 5.305397895437380384e-02
7.890000000000000000e+02 3.000000000000000000e+00 8.991596638655462437e-01 5.143395827937524700e-02
7.900000000000000000e+02 3.000000000000000000e+00 9.005602240896358746e-01 5.094532354187464307e-02
7.910000000000000000e+02 3.000000000000000000e+00 9.019607843137255054e-01 5.012155059187328732e-02
7.920000000000000000e+02 3.000000000000000000e+00 9.033613445378151363e-01 5.010716804187254070e-02
7.930000000000000000e+02 3.000000000000000000e+00 9.047619047619047672e-01 5.031174741687394203e-02
7.940000000000000000e+02 3.000000000000000000e+00 9.061624649859943981e-01 5.023326332937294580e-02
7.950000000000000000e+02 3.000000000000000000e+00 9.075630252100840289e-01 5.037237730437382766e-02
7.960000000000000000e+02 3.000000000000000000e+00 9.089635854341736598e-01 4.893226249187421217e-02
7.970000000000000000e+02 3.000000000000000000e+00 9.103641456582632907e-01 4.789547901687463138e-02
7.980000000000000000e+02 3.000000000000000000e+00 9.117647058823529216e-01 4.831951626687391865e-02
7.990000000000000000e+02 3.000000000000000000e+00 9.131652661064425525e-01 4.567833454187386621e-02
8.000000000000000000e+02 3.000000000000000000e+00 9.145658263305321833e-01 4.631612624187297911e-02
8.010000000000000000e+02 3.000000000000000000e+00 9.159663865546218142e-01 4.553847664187316013e-02
8.020000000000000000e+02 3.000000000000000000e+00 9.173669467787114451e-01 4.499243569187427738e-02
8.030000000000000000e+02 3.000000000000000000e+00 9.187675070028010760e-01 4.263382147937377908e-02
8.040000000000000000e+02 3.000000000000000000e+00 9.201680672268908179e-01 4.323726864187271701e-02
8.050000000000000000e+02 3.000000000000000000e+00 9.215686274509804488e-01 4.250475049187407706e-02
8.060000000000000000e+02 3.000000000000000000e+00 9.229691876750700796e-01 4.085534477937358133e-02
8.070000000000000000e+02 3.000000000000000000e+00 9.243697478991597105e-01 4.126995897937213442e-02
8.080000000000000000e+02 3.000000000000000000e+00 9.257703081232493414e-01 4.209782351687429980e-02
8.090000000000000000e+02 3.000000000000000000e+00 9.271708683473389723e-01 3.949569785437390124e-02
8.100000000000000000e+02 3.000000000000000000e+00 9.285714285714286031e-01 3.918932474187286630e-02
8.110000000000000000e+02 3.000000000000000000e+00 9.299719887955182340e-01 3.878190181687379834e-02
8.120000000000000000e+02 3.000000000000000000e+00 9.313725490196078649e-01 3.862629750437562848e-02
8.130000000000000000e+02 3.000000000000000000e+00 9.327731092436974958e-01 3.627834621687320293e-02
8.140000000000000000e+02 3.000000000000000000e+00 9.341736694677871267e-01 3.631083094187559368e-02
8.150000000000000000e+02 3.000000000000000000e+00 9.355742296918767575e-01 3.389295070437192692e-02
8.160000000000000000e+02 3.000000000000000000e+00 9.369747899159663884e-01 3.379078500437238120e-02
8.170000000000000000e+02 3.000000000000000000e+00 9.383753501400560193e-01 3.111265500437454534e-02
8.180000000000000000e+02 3.000000000000000000e+00 9.397759103641456502e-01 3.335112532937323238e-02
8.190000000000000000e+02 3.000000000000000000e+00 9.411764705882352811e-01 3.055793492937297628e-02
8.200000000000000000e+02 3.000000000000000000e+00 9.425770308123249119e-01 2.957682184187326868e-02
8.210000000000000000e+02 3.000000000000000000e+00 9.439775910364145428e-01 2.857785455437245048e-02
8.220000000000000000e+02 3.000000000000000000e+00 9.453781512605041737e-01 2.795928091687294170e-02
8.230000000000000000e+02 3.000000000000000000e+00 9.467787114845938046e-01 2.680012177937562967e-02
8.240000000000000000e+02 3.000000000000000000e+00 9.481792717086834354e-01 2.798321050437202473e-02
8.250000000000000000e+02 3.000000000000000000e+00 9.495798319327730663e-01 2.505226999187470938e-02
8.260000000000000000e+02 3.000000000000000000e+00 9.509803921568628082e-01 2.591522299187509759e-02
8.270000000000000000e+02 3.000000000000000000e+00 9.523809523809524391e-01 2.423854002937275709e-02
8.280000000000000000e+02 3.000000000000000000e+00 9.537815126050420700e-01 2.381958626687286085e-02
8.290000000000000000e+02 3.000000000000000000e+00 9.551820728291317009e-01 2.226775871687358688e-02
8.300000000000000000e+02 3.000000000000000000e+00 9.565826330532213317e-01 2.044836614187417467e-02
8.310000000000000000e+02 3.000000000000000000e+00 9.579831932773109626e-01 1.854032250437498419e-02
8.320000000000000000e+02 3.000000000000000000e+00 9.593837535014005935e-01 1.897998217937413301e-02
8.330000000000000000e+02 3.000000000000000000e+00 9.607843137254902244e-01 1.815199365437258905e-02
8.340000000000000000e+02 3.000000000000000000e+00 9.621848739495798553e-01 1.745592782937421816e-02
8.350000000000000000e+02 3.000000000000000000e+00 9.635854341736694861e-01 1.738922255437280739e-02
8.360000000000000000e+02 3.000000000000000000e+00 9.649859943977591170e-01 1.569803305437389440e-02
8.370000000000000000e+02 3.000000000000000000e+00 9.663865546218487479e-01 1.427862415437353150e-02
8.380000000000000000e+02 3.000000000000000000e+00 9.677871148459383788e-01 1.423299675437483813e-02
8.390000000000000000e+02 3.000000000000000000e+00 9.691876750700280096e-01 1.308102889187345852e-02
8.400000000000000000e+02 3.000000000000000000e+00 9.705882352941176405e-01 1.128428835624895044e-02
8.410000000000000000e+02 3.000000000000000000e+00 9.719887955182072714e-01 6.879446437499936451e-03
8.420000000000000000e+02 3.000000000000000000e+00 9.733893557422969023e-01 5.731446174999987875e-03
8.430000000000000000e+02 3.000000000000000000e+00 9.747899159663865332e-01 4.781081987498936314e-03
8.440000000000000000e+02 3.000000000000000000e+00 9.761904761904761640e-01 3.284428874998468473e-03
8.450000000000000000e+02 3.000000000000000000e+00 9.775910364145657949e-01 4.433359043749973694e-03
8.460000000000000000e+02 3.000000000000000000e+00 9.789915966386554258e-01 3.175381868748772263e-03
8.470000000000000000e+02 3.000000000000000000e+00 9.803921568627450567e-01 2.377336325000811712e-03
8.480000000000000000e+02 3.000000000000000000e+00 9.817927170868346876e-01 1.547302006249751116e-03
8.490000000000000000e+02 3.000000000000000000e+00 9.831932773109244295e-01 1.914614974998229968e-03
8.500000000000000000e+02 3.000000000000000000e+00 9.845938375350140603e-01 1.335097399998375067e-03
8.510000000000000000e+02 3.000000000000000000e+00 9.859943977591036912e-01 1.381654706250401432e-03
8.520000000000000000e+02 3.000000000000000000e+00 9.873949579831933221e-01 5.850350187497355137e-04
8.530000000000000000e+02 3.000000000000000000e+00 9.887955182072829530e-01 1.472165581247963928e-03
8.540000000000000000e+02 3.000000000000000000e+00 9.901960784313725839e-01 7.390894874994557995e-04
8.550000000000000000e+02 3.000000000000000000e+00 9.915966386554622147e-01 1.792797256248590543e-03
8.560000000000000000e+02 3.000000000000000000e+00 9.929971988795518456e-01 1.521140643747642685e-03
8.570000000000000000e+02 3.000000000000000000e+00 9.943977591036414765e-01 8.756617187497539589e-04
8.580000000000000000e+02 3.000000000000000000e+00 9.957983193277311074e-01 1.308626068748708349e-03
8.590000000000000000e+02 3.000000000000000000e+00 9.971988795518207382e-01 1.031514006248457349e-03
8.600000000000000000e+02 3.000000000000000000e+00 9.985994397759103691e-01 2.068111499990976654e-04
8.610000000000000000e+02 3.000000000000000000e+00 1.000000000000000000e+00 0.000000000000000000e+00
