100 100 5. 0.15 1. 1.5811 2.5 1. 10000 1000 1000 0 0 -100 -10 30 0.6 0.3 0.05 par 8416.7457511060002 1.0098766763573122e-05 206982716 -0.96211865786714945 -8818.0369255719506 37.334469995555395 4914840.000000 0
100 100 5. 0.15 1. 1.5811 2.5 1. 10000 1000 1000 0 0 -100 -10 30 0.6 0.3 0.05 par 8374.0869791280002 1.0030604745382618e-05 207554205 -0.96506657642193439 -8847.5161111197995 46.207866203355266 4944840.000000 0
100 100 5. 0.15 1. 1.5811 2.5 1. 10000 1000 1000 0 0 -100 -10 30 0.6 0.3 0.05 par 8366.7146979669997 1.0022543768400595e-05 207459558 -0.96292768285926555 -8826.1271754931113 58.766636711447788 18558270.000000 0
100 100 5. 0.15 1. 1.5811 2.5 1. 10000 1000 1000 0 0 -100 -10 30 0.6 0.3 0.05 par 8756.4890811290006 1.0645977912728721e-05 203818411 -0.98492947015920507 -9046.1450484925062 60.862631809143295 13527630.000000 0
100 100 5. 0.15 1. 1.5811 2.5 1. 10000 1000 1000 0 0 -100 -10 30 0.6 0.3 0.05 par 8471.5246894779993 1.0179699316448671e-05 206673107 -0.95996897705464646 -8796.5401174469207 45.27377894562612 6508710.000000 0
1100 100 5. 0.15 1. 1.5811 2.5 1. 20000 2000 2000 0 0 -100 -10 30 0.6 0.3 0.05 par 40863.210699117997 2.1741826983298461e-06 4635167152 -0.95912259089988006 -96668.838814891817 252.65156588759982 55124580.000000 0
1100 100 5. 0.15 1. 1.5811 2.5 1. 20000 2000 2000 0 0 -100 -10 30 0.6 0.3 0.05 par 40903.208649052001 2.1768127199553313e-06 4634233766 -0.9612989320667884 -96908.236343251745 186.50582298004252 245001450.000000 0
1100 100 5. 0.15 1. 1.5811 2.5 1. 20000 2000 2000 0 0 -100 -10 30 0.6 0.3 0.05 par 41133.190406403002 2.1896951605626643e-06 4633268715 -0.95972546741352249 -96735.155231392491 256.6089342568925 520434480.000000 0
1100 100 5. 0.15 1. 1.5811 2.5 1. 20000 2000 2000 0 0 -100 -10 30 0.6 0.3 0.05 par 40816.785194668999 2.1705721429430716e-06 4637352434 -0.96138637777756764 -96917.855371437458 215.95246924851449 191516790.000000 0
1100 100 5. 0.15 1. 1.5811 2.5 1. 20000 2000 2000 0 0 -100 -10 30 0.6 0.3 0.05 par 41265.648289106997 2.19447290405071e-06 4637215312 -0.96029484760576189 -96797.787052538828 331.68405138330138 217869120.000000 0
200 100 5. 0.15 1. 1.5811 2.5 1. 10000 1000 1000 0 0 -100 -10 30 0.6 0.3 0.05 par 8125.3342195610003 4.933926465588378e-06 408327748 -0.95641322267787177 -17521.965147358347 135.47494908980696 14396910.000000 0
200 100 5. 0.15 1. 1.5811 2.5 1. 10000 1000 1000 0 0 -100 -10 30 0.6 0.3 0.05 par 8247.9295115219993 5.0429360430003727e-06 405483112 -0.96615082094132065 -17716.717112627324 102.20490707729407 49243530.000000 0
200 100 5. 0.15 1. 1.5811 2.5 1. 10000 1000 1000 0 0 -100 -10 30 0.6 0.3 0.05 par 8214.4194655989995 5.0059862600232694e-06 406240185 -0.96080143375274762 -17609.729368855864 99.554915794458793 11238960.000000 0
200 100 5. 0.15 1. 1.5811 2.5 1. 10000 1000 1000 0 0 -100 -10 30 0.6 0.3 0.05 par 8235.3867895069998 5.0330622395553106e-06 405331590 -0.96487388002422425 -17691.178294285397 81.727197636510951 72218340.000000 0
200 100 5. 0.15 1. 1.5811 2.5 1. 10000 1000 1000 0 0 -100 -10 30 0.6 0.3 0.05 par 8375.1109736670005 5.1416231238129731e-06 402866649 -0.97060264064513591 -17805.75350670363 96.48023679835147 33048030.000000 0
2000 100 5. 0.15 1. 1.5811 2.5 1. 10000 1000 1000 0 0 -100 -10 30 0.6 0.3 0.05 par 37817.166024327998 2.2175752522724716e-06 4198687359 -0.96560938651751083 -177058.88424151129 540.76993214565096 166558110.000000 0
5100 100 5. 0.15 1. 1.5811 2.5 1. 5000 500 500 0 0 -100 -10 30 0.6 0.3 0.05 par 31275.980257235999 1.4538716861799604e-06 5303459812 -0.97179381472375459 -454654.21320103807 1667.4198159183215 1392288330.000000 0
5100 100 5. 0.15 1. 1.5811 2.5 1. 5000 500 500 0 0 -100 -10 30 0.6 0.3 0.05 par 31706.264919022 1.4755284446152339e-06 5295465528 -0.97299085153073683 -455264.70197259902 1938.357774003845 1304036280.000000 0
5100 100 5. 0.15 1. 1.5811 2.5 1. 5000 500 500 0 0 -100 -10 30 0.6 0.3 0.05 par 32043.64844881 1.489160986705296e-06 5304391170 -0.97282740430589942 -455181.34388793196 1528.927554184414 1350199890.000000 0
5100 100 5. 0.15 1. 1.5811 2.5 1. 5000 500 500 0 0 -100 -10 30 0.6 0.3 0.05 par 31270.504873140999 1.4533652910133748e-06 5302969847 -0.97211413691840742 -454817.57752031105 1803.8995615632734 1434100770.000000 0
5100 100 5. 0.15 1. 1.5811 2.5 1. 5000 500 500 0 0 -100 -10 30 0.6 0.3 0.05 par 32043.486007226998 1.4888221295254048e-06 5306277409 -0.97170942306755914 -454611.1734563784 1564.7360453165034 969632280.000000 0
5100 100 5. 0.15 1. 1.5811 2.5 1. 5000 500 500 0 0 -100 -10 30 0.6 0.3 0.05 par 31953.105716238999 1.4852799450904703e-06 5302633256 -0.97385774589755036 -455706.81809967395 1806.9671248084333 1348341960.000000 0
5100 100 5. 0.15 1. 1.5811 2.5 1. 5000 500 500 0 0 -100 -10 30 0.6 0.3 0.05 par 32064.111021829001 1.4886026225701087e-06 5310557013 -0.97098455165812958 -454241.48903756932 1870.4653678184961 969560520.000000 0
5100 100 5. 0.15 1. 1.5811 2.5 1. 5000 500 500 0 0 -100 -10 30 0.6 0.3 0.05 par 31803.347331034001 1.4775024363587411e-06 5306939590 -0.97126365812167248 -454383.83333397622 1658.2613971857229 1434851040.000000 0
5100 100 5. 0.15 1. 1.5811 2.5 1. 5000 500 500 0 0 -100 -10 30 0.6 0.3 0.05 par 31744.248881053001 1.4774033905577435e-06 5294940736 -0.97330284525727195 -455423.81877313193 1651.6145555037508 1474627800.000000 0
550 100 5. 0.15 1. 1.5811 2.5 1. 20000 2000 2000 0 0 -100 -10 30 0.6 0.3 0.05 par 29186.584497876 3.223844441944964e-06 2247311450 -0.95593046064185871 -48158.85224325474 152.9831598391097 48352680.000000 0
550 100 5. 0.15 1. 1.5811 2.5 1. 20000 2000 2000 0 0 -100 -10 30 0.6 0.3 0.05 par 29273.869710767001 3.2429990046377073e-06 2238356236 -0.96016248586682351 -48391.613630627799 125.11431399728237 78832230.000000 0
550 100 5. 0.15 1. 1.5811 2.5 1. 20000 2000 2000 0 0 -100 -10 30 0.6 0.3 0.05 par 29199.126235432999 3.2299471681565891e-06 2242183761 -0.95831918798887117 -48290.23224734042 164.21440566077044 197091690.000000 0
550 100 5. 0.15 1. 1.5811 2.5 1. 20000 2000 2000 0 0 -100 -10 30 0.6 0.3 0.05 par 29141.478765807002 3.2240300948248001e-06 2242534544 -0.95815911037079327 -48281.427978346139 156.26317180465588 104537820.000000 0
550 100 5. 0.15 1. 1.5811 2.5 1. 20000 2000 2000 0 0 -100 -10 30 0.6 0.3 0.05 par 29168.403813102999 3.2222071808397239e-06 2246375957 -0.95949029621294935 -48354.643199664722 115.13291600309472 52231830.000000 0
9000 100 5. 0.15 1. 1.5811 2.5 1. 5000 500 500 0 0 -100 -10 30 0.6 0.3 0.05 par 47404.234909266001 1.2661101752689419e-06 9254008043 -0.9726613167605801 -803111.71630556311 2676.6133844192873 2569104030.000000 0
9000 100 5. 0.15 1. 1.5811 2.5 1. 5000 500 500 0 0 -100 -10 30 0.6 0.3 0.05 par 47196.536450981002 1.2610154256867053e-06 9253804931 -0.97342584721998149 -803799.7937190244 2982.8809428451168 2642387490.000000 0
9000 100 5. 0.15 1. 1.5811 2.5 1. 5000 500 500 0 0 -100 -10 30 0.6 0.3 0.05 par 47780.730883659999 1.2735460085546844e-06 9279085436 -0.97011317999935298 -800818.39322045876 3072.2707876431673 2571881190.000000 0
9000 100 5. 0.15 1. 1.5811 2.5 1. 5000 500 500 0 0 -100 -10 30 0.6 0.3 0.05 par 34442.100260045998 9.2131274139741952e-07 9259223143 -0.97456837159079546 -804828.06565275695 3015.2883216295909 2489902470.000000 0
9000 100 5. 0.15 1. 1.5811 2.5 1. 5000 500 500 0 0 -100 -10 30 0.6 0.3 0.05 par 34730.053973772003 9.272698394385482e-07 9279286170 -0.97250095083198018 -802967.38696982316 2865.007208334202 2569808220.000000 0
100 100 5. 0.15 1. 1.5811 2.5 1. 10000 1000 1000 0 0 -100 -10 30 0.6 0.3 0.05 ser 10114.022922837001 6.5846503477493494e-05 52927177 -0.95438210109700938 -8740.6713578705494 45.339806584267116 4008960.000000 0
100 100 5. 0.15 1. 1.5811 2.5 1. 10000 1000 1000 0 0 -100 -10 30 0.6 0.3 0.05 ser 10158.053861683 6.6133163233645837e-05 52850547 -0.96191765792044437 -8816.0269261048998 48.222858931895132 2165760.000000 0
100 100 5. 0.15 1. 1.5811 2.5 1. 10000 1000 1000 0 0 -100 -10 30 0.6 0.3 0.05 ser 9988.8665519440001 6.5031683364492185e-05 52908619 -0.96133318949045765 -8810.1822418050324 58.691076937945617 1090560.000000 0
100 100 5. 0.15 1. 1.5811 2.5 1. 10000 1000 1000 0 0 -100 -10 30 0.6 0.3 0.05 ser 10242.049569928 6.6680010307936191e-05 52725677 -0.97548889121433269 -8951.739259043783 56.610718477852039 1090560.000000 0
100 100 5. 0.15 1. 1.5811 2.5 1. 10000 1000 1000 0 0 -100 -10 30 0.6 0.3 0.05 ser 10185.935277638 6.6314682867122388e-05 52829121 -0.9674151805039598 -8871.0021519400543 57.960888919989287 6159360.000000 0
1100 100 5. 0.15 1. 1.5811 2.5 1. 10000 1000 1000 0 0 -100 -10 30 0.6 0.3 0.05 ser 96948.207084110007 5.5411641000892775e-05 598584960 -0.96161509161878678 -96943.013893971554 414.14173509383488 99902160.000000 0
1100 100 5. 0.15 1. 1.5811 2.5 1. 10000 1000 1000 0 0 -100 -10 30 0.6 0.3 0.05 ser 107336.657742355 6.1349255689331847e-05 599220010 -0.95963073309182634 -96724.734456005914 457.09825639738096 78906960.000000 0
1100 100 5. 0.15 1. 1.5811 2.5 1. 10000 1000 1000 0 0 -100 -10 30 0.6 0.3 0.05 ser 107354.158268869 6.1359258274680498e-05 598643011 -0.960575812760457 -96828.69321955528 438.93041213937909 54412560.000000 0
1100 100 5. 0.15 1. 1.5811 2.5 1. 10000 1000 1000 0 0 -100 -10 30 0.6 0.3 0.05 ser 98628.887345436 5.6372249286168837e-05 598737794 -0.96193337593441619 -96978.025168690801 298.67321453935676 70158960.000000 0
1100 100 5. 0.15 1. 1.5811 2.5 1. 10000 1000 1000 0 0 -100 -10 30 0.6 0.3 0.05 ser 98073.496882481006 5.6054810749551894e-05 598899996 -0.95814139161225265 -96560.906893252803 425.50023540223549 89404560.000000 0
200 100 5. 0.15 1. 1.5811 2.5 1. 10000 1000 1000 0 0 -100 -10 30 0.6 0.3 0.05 ser 20417.061793500001 6.805687268577667e-05 103779009 -0.95894694270765357 -17572.639547953982 92.659458434872761 2130000.000000 0
200 100 5. 0.15 1. 1.5811 2.5 1. 10000 1000 1000 0 0 -100 -10 30 0.6 0.3 0.05 ser 19993.073714609 6.6643579066153337e-05 103674200 -0.96250923427032498 -17643.885379207411 54.916648929160971 1530000.000000 0
200 100 5. 0.15 1. 1.5811 2.5 1. 10000 1000 1000 0 0 -100 -10 30 0.6 0.3 0.05 ser 19896.702422355 6.6322341429816663e-05 103946109 -0.95350815153776103 -17463.863724556133 92.893987379637537 8130000.000000 0
200 100 5. 0.15 1. 1.5811 2.5 1. 10000 1000 1000 0 0 -100 -10 30 0.6 0.3 0.05 ser 20176.34373461 6.7254479133573329e-05 103662842 -0.95546555874439765 -17503.011868688864 127.48365697910388 1830000.000000 0
200 100 5. 0.15 1. 1.5811 2.5 1. 10000 1000 1000 0 0 -100 -10 30 0.6 0.3 0.05 ser 20270.226567826001 6.7567421922863332e-05 103956006 -0.95291294519719338 -17451.959597744779 73.203811878421959 6330000.000000 0
2000 100 5. 0.15 1. 1.5811 2.5 1. 5000 500 500 0 0 -100 -10 30 0.6 0.3 0.05 ser 94849.104665880994 5.9384613496398695e-05 544531500 -0.97180651535819162 -178298.31000964745 890.21110124195388 108929040.000000 0
2000 100 5. 0.15 1. 1.5811 2.5 1. 5000 500 500 0 0 -100 -10 30 0.6 0.3 0.05 ser 101503.690931281 6.3551021123225024e-05 545753743 -0.96376535481813974 -176690.07790163707 727.33414570435173 92957040.000000 0
2000 100 5. 0.15 1. 1.5811 2.5 1. 5000 500 500 0 0 -100 -10 30 0.6 0.3 0.05 ser 102465.751623395 6.4153363153207491e-05 544240894 -0.97427732331867412 -178792.47160174395 827.85010131121305 89762640.000000 0
2000 100 5. 0.15 1. 1.5811 2.5 1. 5000 500 500 0 0 -100 -10 30 0.6 0.3 0.05 ser 102078.537298161 6.3910929943094782e-05 544589089 -0.96919805683182203 -177776.61830437352 784.19533403974481 67401840.000000 0
2000 100 5. 0.15 1. 1.5811 2.5 1. 5000 500 500 0 0 -100 -10 30 0.6 0.3 0.05 ser 102331.917376962 6.406957011189957e-05 544531799 -0.97246906110780507 -178430.81915957012 902.85053475048096 105734640.000000 0
5100 100 5. 0.15 1. 1.5811 2.5 1. 2000 200 200 0 0 -100 -10 30 0.6 0.3 0.05 ser 105231.43709070901 6.4957677219333327e-05 550819356 -0.98608565650398117 -461943.05250895367 2365.6271872351067 114210000.000000 0
5100 100 5. 0.15 1. 1.5811 2.5 1. 2000 200 200 0 0 -100 -10 30 0.6 0.3 0.05 ser 105690.33050855499 6.5240944764653085e-05 550837692 -0.98717939228788831 -462500.85775874631 2090.8918344895974 114210000.000000 0
5100 100 5. 0.15 1. 1.5811 2.5 1. 2000 200 200 0 0 -100 -10 30 0.6 0.3 0.05 ser 105372.51950733201 6.5044765133753091e-05 551129153 -0.98394637561055343 -460852.01925330551 1978.7703862410824 114210000.000000 0
5100 100 5. 0.15 1. 1.5811 2.5 1. 2000 200 200 0 0 -100 -10 30 0.6 0.3 0.05 ser 105427.749088196 6.5078857466133324e-05 550630428 -0.98855571258494901 -463202.78111024725 2236.0372160510678 106110000.000000 0
5100 100 5. 0.15 1. 1.5811 2.5 1. 2000 200 200 0 0 -100 -10 30 0.6 0.3 0.05 ser 105561.64617303701 6.5161509987113583e-05 551059992 -0.98624648662869163 -462025.07587255596 2265.9802562944747 114210000.000000 0
550 100 5. 0.15 1. 1.5811 2.5 1. 20000 2000 2000 0 0 -100 -10 30 0.6 0.3 0.05 ser 85302.088641452006 5.1811278332085152e-05 570144893 -0.95733845327516165 -48236.291838086399 209.20911848992972 22308720.000000 0
550 100 5. 0.15 1. 1.5811 2.5 1. 20000 2000 2000 0 0 -100 -10 30 0.6 0.3 0.05 ser 77271.663110252994 4.6933711804902211e-05 570985757 -0.94997915465939964 -47831.530414219487 191.2528144976458 46181520.000000 0
550 100 5. 0.15 1. 1.5811 2.5 1. 20000 2000 2000 0 0 -100 -10 30 0.6 0.3 0.05 ser 77396.006226293001 4.7009236048814985e-05 570759181 -0.95087401310447772 -47880.74762869878 213.88080487047833 49474320.000000 0
550 100 5. 0.15 1. 1.5811 2.5 1. 20000 2000 2000 0 0 -100 -10 30 0.6 0.3 0.05 ser 77760.410834544004 4.7230570237758143e-05 570188145 -0.95557609598789894 -48139.362187286948 196.75902045753546 34656720.000000 0
550 100 5. 0.15 1. 1.5811 2.5 1. 20000 2000 2000 0 0 -100 -10 30 0.6 0.3 0.05 ser 77362.155419820003 4.6988675549365889e-05 570649948 -0.95500187785009572 -48107.780189707773 169.2033819884571 54413520.000000 0
9000 100 5. 0.15 1. 1.5811 2.5 1. 1000 100 100 0 0 -100 -10 30 0.6 0.3 0.05 ser 96812.075928656006 6.9167292477842086e-05 476394193 -0.9992746117501875 -827063.68179620977 3308.4626199611971 99377280.000000 0
9000 100 5. 0.15 1. 1.5811 2.5 1. 1000 100 100 0 0 -100 -10 30 0.6 0.3 0.05 ser 94223.085383611993 6.7317590732339543e-05 476707567 -0.99587495146065996 -824003.98753563501 3485.9444790370103 99377280.000000 0
9000 100 5. 0.15 1. 1.5811 2.5 1. 1000 100 100 0 0 -100 -10 30 0.6 0.3 0.05 ser 94098.900599781002 6.7228867035932499e-05 476491847 -0.99766648636605237 -825616.36895048816 3440.2504446954763 113374080.000000 0
9000 100 5. 0.15 1. 1.5811 2.5 1. 1000 100 100 0 0 -100 -10 30 0.6 0.3 0.05 ser 95792.937868056004 6.8439170296151258e-05 476637291 -0.99556955026191529 -823729.12645676476 3277.3691245053988 113374080.000000 0
9000 100 5. 0.15 1. 1.5811 2.5 1. 1000 100 100 0 0 -100 -10 30 0.6 0.3 0.05 ser 95934.924391740002 6.8540612427080475e-05 476539803 -0.99741192246450439 -825387.26143909502 3399.3276668571038 99377280.000000 0
