P2 Q6 xi delF
8.100000000000000000e+01 2.000000000000000000e+00 0.000000000000000000e+00 0.000000000000000000e+00
8.200000000000000000e+01 2.000000000000000000e+00 1.703577512776831369e-03 1.020046275002073344e-03
8.300000000000000000e+01 2.000000000000000000e+00 3.407155025553662737e-03 1.359627862502321705e-03
8.400000000000000000e+01 2.000000000000000000e+00 5.110732538330494540e-03 4.976983799998890845e-03
8.500000000000000000e+01 2.000000000000000000e+00 6.814310051107325475e-03 6.566592838851192937e-03
8.600000000000000000e+01 2.000000000000000000e+00 8.517887563884156410e-03 5.930436163847474518e-03
8.700000000000000000e+01 2.000000000000000000e+00 1.022146507666098908e-02 6.294180613849675865e-03
8.800000000000000000e+01 2.000000000000000000e+00 1.192504258943782001e-02 6.832101388848599299e-03
8.900000000000000000e+01 2.000000000000000000e+00 1.362862010221465095e-02 6.923320438851021663e-03
9.000000000000000000e+01 2.000000000000000000e+00 1.533219761499148188e-02 7.836189988847053201e-03
9.100000000000000000e+01 2.000000000000000000e+00 1.703577512776831282e-02 7.466107738846261554e-03
9.200000000000000000e+01 2.000000000000000000e+00 1.873935264054514549e-02 7.616856838847496647e-03
9.300000000000000000e+01 2.000000000000000000e+00 2.044293015332197816e-02 8.195181088847647288e-03
9.400000000000000000e+01 2.000000000000000000e+00 2.214650766609880736e-02 8.018854438848421751e-03
9.500000000000000000e+01 2.000000000000000000e+00 2.385008517887564003e-02 8.856802138847541528e-03
9.600000000000000000e+01 2.000000000000000000e+00 2.555366269165246923e-02 8.570129863848308105e-03
9.700000000000000000e+01 2.000000000000000000e+00 2.725724020442930190e-02 8.827489813846511879e-03
9.800000000000000000e+01 2.000000000000000000e+00 2.896081771720613457e-02 9.491034838848833033e-03
9.900000000000000000e+01 2.000000000000000000e+00 3.066439522998296377e-02 9.865757263849417313e-03
1.000000000000000000e+02 2.000000000000000000e+00 3.236797274275979297e-02 1.030747928884778730e-02
1.010000000000000000e+02 2.000000000000000000e+00 3.407155025553662564e-02 1.133341066384829787e-02
1.020000000000000000e+02 2.000000000000000000e+00 3.577512776831345831e-02 1.114237126384765020e-02
1.030000000000000000e+02 2.000000000000000000e+00 3.747870528109029098e-02 1.142225303884458754e-02
1.040000000000000000e+02 2.000000000000000000e+00 3.918228279386712365e-02 1.151381161384534835e-02
1.050000000000000000e+02 2.000000000000000000e+00 4.088586030664395632e-02 1.275534136384948170e-02
1.060000000000000000e+02 2.000000000000000000e+00 4.258943781942078205e-02 1.265789768884673094e-02
1.070000000000000000e+02 2.000000000000000000e+00 4.429301533219761472e-02 1.407575408885008983e-02
1.080000000000000000e+02 2.000000000000000000e+00 4.599659284497444739e-02 1.426373776384792791e-02
1.090000000000000000e+02 2.000000000000000000e+00 4.770017035775128006e-02 1.487012941384335818e-02
1.100000000000000000e+02 2.000000000000000000e+00 4.940374787052811273e-02 1.494482491385085154e-02
1.110000000000000000e+02 2.000000000000000000e+00 5.110732538330493846e-02 1.506626168884395156e-02
1.120000000000000000e+02 2.000000000000000000e+00 5.281090289608177113e-02 1.641485498884875938e-02
1.130000000000000000e+02 2.000000000000000000e+00 5.451448040885860380e-02 1.583019293884646572e-02
1.140000000000000000e+02 2.000000000000000000e+00 5.621805792163543647e-02 1.631820353884805286e-02
1.150000000000000000e+02 2.000000000000000000e+00 5.792163543441226914e-02 1.582464736384636694e-02
1.160000000000000000e+02 2.000000000000000000e+00 5.962521294718909487e-02 1.670016916384753358e-02
1.170000000000000000e+02 2.000000000000000000e+00 6.132879045996592754e-02 1.683530011385059311e-02
1.180000000000000000e+02 2.000000000000000000e+00 6.303236797274276715e-02 1.894839053884922464e-02
1.190000000000000000e+02 2.000000000000000000e+00 6.473594548551958594e-02 1.852556873884836364e-02
1.200000000000000000e+02 2.000000000000000000e+00 6.643952299829641861e-02 1.936374278884755995e-02
1.210000000000000000e+02 2.000000000000000000e+00 6.814310051107325128e-02 1.814201866384834716e-02
1.220000000000000000e+02 2.000000000000000000e+00 6.984667802385008395e-02 1.988163158884503900e-02
1.230000000000000000e+02 2.000000000000000000e+00 7.155025553662691662e-02 2.147988893884900108e-02
1.240000000000000000e+02 2.000000000000000000e+00 7.325383304940374929e-02 2.038842923884587321e-02
1.250000000000000000e+02 2.000000000000000000e+00 7.495741056218058196e-02 2.168394346384872051e-02
1.260000000000000000e+02 2.000000000000000000e+00 7.666098807495741463e-02 2.224053811384862911e-02
1.270000000000000000e+02 2.000000000000000000e+00 7.836456558773424730e-02 2.195941141384949447e-02
1.280000000000000000e+02 2.000000000000000000e+00 8.006814310051107997e-02 2.243746261384771401e-02
1.290000000000000000e+02 2.000000000000000000e+00 8.177172061328791264e-02 2.354057933884590170e-02
1.300000000000000000e+02 2.000000000000000000e+00 8.347529812606473143e-02 2.370094831384861322e-02
1.310000000000000000e+02 2.000000000000000000e+00 8.517887563884156410e-02 2.469371941385034575e-02
1.320000000000000000e+02 2.000000000000000000e+00 8.688245315161839677e-02 2.434706438884504109e-02
1.330000000000000000e+02 2.000000000000000000e+00 8.858603066439522944e-02 2.555022781384863606e-02
1.340000000000000000e+02 2.000000000000000000e+00 9.028960817717206211e-02 2.569452593884591352e-02
1.350000000000000000e+02 2.000000000000000000e+00 9.199318568994889478e-02 2.552793233884642632e-02
1.360000000000000000e+02 2.000000000000000000e+00 9.369676320272572745e-02 2.648222393884580583e-02
1.370000000000000000e+02 2.000000000000000000e+00 9.540034071550256012e-02 2.608418746384444376e-02
1.380000000000000000e+02 2.000000000000000000e+00 9.710391822827939279e-02 2.743142266384523964e-02
1.390000000000000000e+02 2.000000000000000000e+00 9.880749574105622546e-02 2.797273868884886383e-02
1.400000000000000000e+02 2.000000000000000000e+00 1.005110732538330442e-01 2.842939981384873249e-02
1.410000000000000000e+02 2.000000000000000000e+00 1.022146507666098769e-01 2.891401516384917159e-02
1.420000000000000000e+02 2.000000000000000000e+00 1.039182282793867096e-01 2.924607061384421058e-02
1.430000000000000000e+02 2.000000000000000000e+00 1.056218057921635423e-01 2.945567071384758151e-02
1.440000000000000000e+02 2.000000000000000000e+00 1.073253833049403749e-01 3.025400716384751831e-02
1.450000000000000000e+02 2.000000000000000000e+00 1.090289608177172076e-01 3.036254198884691391e-02
1.460000000000000000e+02 2.000000000000000000e+00 1.107325383304940403e-01 3.041030183884529947e-02
1.470000000000000000e+02 2.000000000000000000e+00 1.124361158432708729e-01 3.117400673884773710e-02
1.480000000000000000e+02 2.000000000000000000e+00 1.141396933560477056e-01 3.140884486384720731e-02
1.490000000000000000e+02 2.000000000000000000e+00 1.158432708688245383e-01 3.168091756384683322e-02
1.500000000000000000e+02 2.000000000000000000e+00 1.175468483816013709e-01 3.201127538884662727e-02
1.510000000000000000e+02 2.000000000000000000e+00 1.192504258943781897e-01 3.223287203884694918e-02
1.520000000000000000e+02 2.000000000000000000e+00 1.209540034071550224e-01 3.226999343884884297e-02
1.530000000000000000e+02 2.000000000000000000e+00 1.226575809199318551e-01 3.238939306384835959e-02
1.540000000000000000e+02 2.000000000000000000e+00 1.243611584327086877e-01 3.366476213884794788e-02
1.550000000000000000e+02 2.000000000000000000e+00 1.260647359454855343e-01 3.357490118884598473e-02
1.560000000000000000e+02 2.000000000000000000e+00 1.277683134582623392e-01 3.428179223884697535e-02
1.570000000000000000e+02 2.000000000000000000e+00 1.294718909710391719e-01 3.473969828884904132e-02
1.580000000000000000e+02 2.000000000000000000e+00 1.311754684838160046e-01 3.463172933884806071e-02
1.590000000000000000e+02 2.000000000000000000e+00 1.328790459965928372e-01 4.099873371231055330e-02
1.600000000000000000e+02 2.000000000000000000e+00 1.345826235093696699e-01 3.542814703730812198e-02
1.610000000000000000e+02 2.000000000000000000e+00 1.362862010221465026e-01 3.558336654980820413e-02
1.620000000000000000e+02 2.000000000000000000e+00 1.379897785349233352e-01 3.448817207480914249e-02
1.630000000000000000e+02 2.000000000000000000e+00 1.396933560477001679e-01 3.487828629981137851e-02
1.640000000000000000e+02 2.000000000000000000e+00 1.413969335604770006e-01 3.498501032481016182e-02
1.650000000000000000e+02 2.000000000000000000e+00 1.431005110732538332e-01 3.564391517480913762e-02
1.660000000000000000e+02 2.000000000000000000e+00 1.448040885860306659e-01 3.492949798731004307e-02
1.670000000000000000e+02 2.000000000000000000e+00 1.465076660988074986e-01 3.619903854981032509e-02
1.680000000000000000e+02 2.000000000000000000e+00 1.482112436115843312e-01 3.555026286230855703e-02
1.690000000000000000e+02 2.000000000000000000e+00 1.499148211243611639e-01 3.647682658730744265e-02
1.700000000000000000e+02 2.000000000000000000e+00 1.516183986371379966e-01 3.636897081231182938e-02
1.710000000000000000e+02 2.000000000000000000e+00 1.533219761499148293e-01 3.766884227480815639e-02
1.720000000000000000e+02 2.000000000000000000e+00 1.550255536626916619e-01 3.820025548731109666e-02
1.730000000000000000e+02 2.000000000000000000e+00 1.567291311754684946e-01 3.960102246230690071e-02
1.740000000000000000e+02 2.000000000000000000e+00 1.584327086882453273e-01 3.898693491231242092e-02
1.750000000000000000e+02 2.000000000000000000e+00 1.601362862010221599e-01 4.016231387480573289e-02
1.760000000000000000e+02 2.000000000000000000e+00 1.618398637137989926e-01 3.984729126230845964e-02
1.770000000000000000e+02 2.000000000000000000e+00 1.635434412265758253e-01 4.153937068731039517e-02
1.780000000000000000e+02 2.000000000000000000e+00 1.652470187393526302e-01 4.092024684980799520e-02
1.790000000000000000e+02 2.000000000000000000e+00 1.669505962521294629e-01 4.232163628730845062e-02
1.800000000000000000e+02 2.000000000000000000e+00 1.686541737649062955e-01 4.322313174980862982e-02
1.810000000000000000e+02 2.000000000000000000e+00 1.703577512776831282e-01 4.274909826230910426e-02
1.820000000000000000e+02 2.000000000000000000e+00 1.720613287904599609e-01 4.533803297481142636e-02
1.830000000000000000e+02 2.000000000000000000e+00 1.737649063032367935e-01 4.713881698731015035e-02
1.840000000000000000e+02 2.000000000000000000e+00 1.754684838160136262e-01 5.262638979980849285e-02
1.850000000000000000e+02 2.000000000000000000e+00 1.771720613287904589e-01 4.999286936077496080e-02
1.860000000000000000e+02 2.000000000000000000e+00 1.788756388415672915e-01 5.089147886077327598e-02
1.870000000000000000e+02 2.000000000000000000e+00 1.805792163543441242e-01 5.134338663577153739e-02
1.880000000000000000e+02 2.000000000000000000e+00 1.822827938671209569e-01 5.095825211077098515e-02
1.890000000000000000e+02 2.000000000000000000e+00 1.839863713798977896e-01 5.162802176077363470e-02
1.900000000000000000e+02 2.000000000000000000e+00 1.856899488926746222e-01 5.321416938577172573e-02
1.910000000000000000e+02 2.000000000000000000e+00 1.873935264054514549e-01 5.473773123577174715e-02
1.920000000000000000e+02 2.000000000000000000e+00 1.890971039182282876e-01 5.629875401077200081e-02
1.930000000000000000e+02 2.000000000000000000e+00 1.908006814310051202e-01 5.546103266076940486e-02
1.940000000000000000e+02 2.000000000000000000e+00 1.925042589437819529e-01 5.819137953577069311e-02
1.950000000000000000e+02 2.000000000000000000e+00 1.942078364565587856e-01 5.706257208576914763e-02
1.960000000000000000e+02 2.000000000000000000e+00 1.959114139693356182e-01 5.979065546077322324e-02
1.970000000000000000e+02 2.000000000000000000e+00 1.976149914821124509e-01 5.979393753576900394e-02
1.980000000000000000e+02 2.000000000000000000e+00 1.993185689948892836e-01 6.015338133576975110e-02
1.990000000000000000e+02 2.000000000000000000e+00 2.010221465076660885e-01 6.144357633577257616e-02
2.000000000000000000e+02 2.000000000000000000e+00 2.027257240204429212e-01 6.174224516077231328e-02
2.010000000000000000e+02 2.000000000000000000e+00 2.044293015332197538e-01 6.338203773577077982e-02
2.020000000000000000e+02 2.000000000000000000e+00 2.061328790459965865e-01 6.346126023577269848e-02
2.030000000000000000e+02 2.000000000000000000e+00 2.078364565587734192e-01 6.487504233577112700e-02
2.040000000000000000e+02 2.000000000000000000e+00 2.095400340715502518e-01 6.412910591077292111e-02
2.050000000000000000e+02 2.000000000000000000e+00 2.112436115843270845e-01 6.554096403577247543e-02
2.060000000000000000e+02 2.000000000000000000e+00 2.129471890971039172e-01 6.628633458577226634e-02
2.070000000000000000e+02 2.000000000000000000e+00 2.146507666098807499e-01 6.670270541077272242e-02
2.080000000000000000e+02 2.000000000000000000e+00 2.163543441226575825e-01 6.755989286077124234e-02
2.090000000000000000e+02 2.000000000000000000e+00 2.180579216354344152e-01 6.766706958577017872e-02
2.100000000000000000e+02 2.000000000000000000e+00 2.197614991482112479e-01 6.839082371077154221e-02
2.110000000000000000e+02 2.000000000000000000e+00 2.214650766609880805e-01 7.025119436077176260e-02
2.120000000000000000e+02 2.000000000000000000e+00 2.231686541737649132e-01 7.059298286077009266e-02
2.130000000000000000e+02 2.000000000000000000e+00 2.248722316865417459e-01 7.105858481077120814e-02
2.140000000000000000e+02 2.000000000000000000e+00 2.265758091993185785e-01 7.114799306076946550e-02
2.150000000000000000e+02 2.000000000000000000e+00 2.282793867120954112e-01 7.311157931076905925e-02
2.160000000000000000e+02 2.000000000000000000e+00 2.299829642248722439e-01 7.352557346077048805e-02
2.170000000000000000e+02 2.000000000000000000e+00 2.316865417376490766e-01 7.471719303577373239e-02
2.180000000000000000e+02 2.000000000000000000e+00 2.333901192504259092e-01 7.401471581076890516e-02
2.190000000000000000e+02 2.000000000000000000e+00 2.350936967632027419e-01 7.644446988577158208e-02
2.200000000000000000e+02 2.000000000000000000e+00 2.367972742759795468e-01 7.640044481076913030e-02
2.210000000000000000e+02 2.000000000000000000e+00 2.385008517887563795e-01 7.600716168576937548e-02
2.220000000000000000e+02 2.000000000000000000e+00 2.402044293015332121e-01 7.821147116077042938e-02
2.230000000000000000e+02 2.000000000000000000e+00 2.419080068143100448e-01 7.705267233577117736e-02
2.240000000000000000e+02 2.000000000000000000e+00 2.436115843270868775e-01 7.893975228576977088e-02
2.250000000000000000e+02 2.000000000000000000e+00 2.453151618398637102e-01 7.992018731077266125e-02
2.260000000000000000e+02 2.000000000000000000e+00 2.470187393526405428e-01 8.052261783576852849e-02
2.270000000000000000e+02 2.000000000000000000e+00 2.487223168654173755e-01 8.094396836077066837e-02
2.280000000000000000e+02 2.000000000000000000e+00 2.504258943781942359e-01 8.135253011077026031e-02
2.290000000000000000e+02 2.000000000000000000e+00 2.521294718909710686e-01 8.394808556077038020e-02
2.300000000000000000e+02 2.000000000000000000e+00 2.538330494037479013e-01 8.285040123577402937e-02
2.310000000000000000e+02 2.000000000000000000e+00 2.555366269165246784e-01 8.536809228577268982e-02
2.320000000000000000e+02 2.000000000000000000e+00 2.572402044293015111e-01 8.524473153577361018e-02
2.330000000000000000e+02 2.000000000000000000e+00 2.589437819420783438e-01 8.619506201076987395e-02
2.340000000000000000e+02 2.000000000000000000e+00 2.606473594548551764e-01 8.733303663577274278e-02
2.350000000000000000e+02 2.000000000000000000e+00 2.623509369676320091e-01 8.801774538577333828e-02
2.360000000000000000e+02 2.000000000000000000e+00 2.640545144804088418e-01 8.807953893577291637e-02
2.370000000000000000e+02 2.000000000000000000e+00 2.657580919931856744e-01 9.049367486077031231e-02
2.380000000000000000e+02 2.000000000000000000e+00 2.674616695059625071e-01 9.109350236077418117e-02
2.390000000000000000e+02 2.000000000000000000e+00 2.691652470187393398e-01 9.039521261077254621e-02
2.400000000000000000e+02 2.000000000000000000e+00 2.708688245315161724e-01 9.114714731077100396e-02
2.410000000000000000e+02 2.000000000000000000e+00 2.725724020442930051e-01 9.326170901077190933e-02
2.420000000000000000e+02 2.000000000000000000e+00 2.742759795570698378e-01 9.226939061077032989e-02
2.430000000000000000e+02 2.000000000000000000e+00 2.759795570698466705e-01 9.278920338577023585e-02
2.440000000000000000e+02 2.000000000000000000e+00 2.776831345826235031e-01 9.418091636077008388e-02
2.450000000000000000e+02 2.000000000000000000e+00 2.793867120954003358e-01 9.395977241077346775e-02
2.460000000000000000e+02 2.000000000000000000e+00 2.810902896081771685e-01 9.444959381077211447e-02
2.470000000000000000e+02 2.000000000000000000e+00 2.827938671209540011e-01 9.433472118577412857e-02
2.480000000000000000e+02 2.000000000000000000e+00 2.844974446337308338e-01 9.394924713577168518e-02
2.490000000000000000e+02 2.000000000000000000e+00 2.862010221465076665e-01 9.633610788576874029e-02
2.500000000000000000e+02 2.000000000000000000e+00 2.879045996592844991e-01 9.621003093577229492e-02
2.510000000000000000e+02 2.000000000000000000e+00 2.896081771720613318e-01 9.642257358576955539e-02
2.520000000000000000e+02 2.000000000000000000e+00 2.913117546848381645e-01 9.677002083576979885e-02
2.530000000000000000e+02 2.000000000000000000e+00 2.930153321976149972e-01 9.830433431077167938e-02
2.540000000000000000e+02 2.000000000000000000e+00 2.947189097103918298e-01 9.737064056076860652e-02
2.550000000000000000e+02 2.000000000000000000e+00 2.964224872231686625e-01 9.793289396077042852e-02
2.560000000000000000e+02 2.000000000000000000e+00 2.981260647359454952e-01 9.774117551077310395e-02
2.570000000000000000e+02 2.000000000000000000e+00 2.998296422487223278e-01 9.758397543577146394e-02
2.580000000000000000e+02 2.000000000000000000e+00 3.015332197614991605e-01 9.841932011077147990e-02
2.590000000000000000e+02 2.000000000000000000e+00 3.032367972742759932e-01 1.025217793566355340e-01
2.600000000000000000e+02 2.000000000000000000e+00 3.049403747870528258e-01 9.811270770663682583e-02
2.610000000000000000e+02 2.000000000000000000e+00 3.066439522998296585e-01 9.778676370663674788e-02
2.620000000000000000e+02 2.000000000000000000e+00 3.083475298126064912e-01 9.603594645663804386e-02
2.630000000000000000e+02 2.000000000000000000e+00 3.100511073253833239e-01 9.658444909413788082e-02
2.640000000000000000e+02 2.000000000000000000e+00 3.117546848381601565e-01 9.589436453163813212e-02
2.650000000000000000e+02 2.000000000000000000e+00 3.134582623509369892e-01 9.638220536913877368e-02
2.660000000000000000e+02 2.000000000000000000e+00 3.151618398637138219e-01 9.600425745663798693e-02
2.670000000000000000e+02 2.000000000000000000e+00 3.168654173764906545e-01 9.570423053163779059e-02
2.680000000000000000e+02 2.000000000000000000e+00 3.185689948892674872e-01 9.618188561913854073e-02
2.690000000000000000e+02 2.000000000000000000e+00 3.202725724020443199e-01 9.787645489413421274e-02
2.700000000000000000e+02 2.000000000000000000e+00 3.219761499148211525e-01 9.746749703163715139e-02
2.710000000000000000e+02 2.000000000000000000e+00 3.236797274275979852e-01 9.784833090663624944e-02
2.720000000000000000e+02 2.000000000000000000e+00 3.253833049403748179e-01 9.809459970663780837e-02
2.730000000000000000e+02 2.000000000000000000e+00 3.270868824531516506e-01 9.847973423163480788e-02
2.740000000000000000e+02 2.000000000000000000e+00 3.287904599659284277e-01 9.961861425663798286e-02
2.750000000000000000e+02 2.000000000000000000e+00 3.304940374787052604e-01 9.870133088163512980e-02
2.760000000000000000e+02 2.000000000000000000e+00 3.321976149914820930e-01 9.988887615663699648e-02
2.770000000000000000e+02 2.000000000000000000e+00 3.339011925042589257e-01 1.008016325316347661e-01
2.780000000000000000e+02 2.000000000000000000e+00 3.356047700170357584e-01 1.005575706441383943e-01
2.790000000000000000e+02 2.000000000000000000e+00 3.373083475298125911e-01 1.012207195566361406e-01
2.800000000000000000e+02 2.000000000000000000e+00 3.390119250425894237e-01 1.012846634316382222e-01
2.810000000000000000e+02 2.000000000000000000e+00 3.407155025553662564e-01 1.022902798941345281e-01
2.820000000000000000e+02 2.000000000000000000e+00 3.424190800681430891e-01 1.023951931191398046e-01
2.830000000000000000e+02 2.000000000000000000e+00 3.441226575809199217e-01 1.042930812816358355e-01
2.840000000000000000e+02 2.000000000000000000e+00 3.458262350936967544e-01 1.087683037191382596e-01
2.850000000000000000e+02 2.000000000000000000e+00 3.475298126064735871e-01 1.086124970025039715e-01
2.860000000000000000e+02 2.000000000000000000e+00 3.492333901192504197e-01 1.081016250525017597e-01
2.870000000000000000e+02 2.000000000000000000e+00 3.509369676320272524e-01 1.089367433775052518e-01
2.880000000000000000e+02 2.000000000000000000e+00 3.526405451448040851e-01 1.087447985775042980e-01
2.890000000000000000e+02 2.000000000000000000e+00 3.543441226575809178e-01 1.109623495275045002e-01
2.900000000000000000e+02 2.000000000000000000e+00 3.560477001703577504e-01 1.100198281275055479e-01
2.910000000000000000e+02 2.000000000000000000e+00 3.577512776831345831e-01 1.107467511525008774e-01
2.920000000000000000e+02 2.000000000000000000e+00 3.594548551959114158e-01 1.117922618025026793e-01
2.930000000000000000e+02 2.000000000000000000e+00 3.611584327086882484e-01 1.115454271275027054e-01
2.940000000000000000e+02 2.000000000000000000e+00 3.628620102214650811e-01 1.119074739525025564e-01
2.950000000000000000e+02 2.000000000000000000e+00 3.645655877342419138e-01 1.131311220525041961e-01
2.960000000000000000e+02 2.000000000000000000e+00 3.662691652470187464e-01 1.130231531024996627e-01
2.970000000000000000e+02 2.000000000000000000e+00 3.679727427597955791e-01 1.143754811775004043e-01
2.980000000000000000e+02 2.000000000000000000e+00 3.696763202725724118e-01 1.145073300525041304e-01
2.990000000000000000e+02 2.000000000000000000e+00 3.713798977853492445e-01 1.149849285525057496e-01
3.000000000000000000e+02 2.000000000000000000e+00 3.730834752981260771e-01 1.156616018775018517e-01
3.010000000000000000e+02 2.000000000000000000e+00 3.747870528109029098e-01 1.173843517275017234e-01
3.020000000000000000e+02 2.000000000000000000e+00 3.764906303236797425e-01 1.167279367275000368e-01
3.030000000000000000e+02 2.000000000000000000e+00 3.781942078364565751e-01 1.173343283775025725e-01
3.040000000000000000e+02 2.000000000000000000e+00 3.798977853492334078e-01 1.177119933525041517e-01
3.050000000000000000e+02 2.000000000000000000e+00 3.816013628620102405e-01 1.183525638525040335e-01
3.060000000000000000e+02 2.000000000000000000e+00 3.833049403747870731e-01 1.182580627275022778e-01
3.070000000000000000e+02 2.000000000000000000e+00 3.850085178875639058e-01 1.183286839275012881e-01
3.080000000000000000e+02 2.000000000000000000e+00 3.867120954003407385e-01 1.183519979775056186e-01
3.090000000000000000e+02 2.000000000000000000e+00 3.884156729131175712e-01 1.182087184275033565e-01
3.100000000000000000e+02 2.000000000000000000e+00 3.901192504258944038e-01 1.193989799025025889e-01
3.110000000000000000e+02 2.000000000000000000e+00 3.918228279386712365e-01 1.190934074025022937e-01
3.120000000000000000e+02 2.000000000000000000e+00 3.935264054514480692e-01 1.181371918275004873e-01
3.130000000000000000e+02 2.000000000000000000e+00 3.952299829642249018e-01 1.192551344775019118e-01
3.140000000000000000e+02 2.000000000000000000e+00 3.969335604770017345e-01 1.190252760525041253e-01
3.150000000000000000e+02 2.000000000000000000e+00 3.986371379897785672e-01 1.205285795775026259e-01
3.160000000000000000e+02 2.000000000000000000e+00 4.003407155025553443e-01 1.201992403275013999e-01
3.170000000000000000e+02 2.000000000000000000e+00 4.020442930153321770e-01 1.186254287775021510e-01
3.180000000000000000e+02 2.000000000000000000e+00 4.037478705281090097e-01 1.208665201275032075e-01
3.190000000000000000e+02 2.000000000000000000e+00 4.054514480408858423e-01 1.197414474525011485e-01
3.200000000000000000e+02 2.000000000000000000e+00 4.071550255536626750e-01 1.207041140025033599e-01
3.210000000000000000e+02 2.000000000000000000e+00 4.088586030664395077e-01 1.198147848525046300e-01
3.220000000000000000e+02 2.000000000000000000e+00 4.105621805792163403e-01 1.207369347525002468e-01
3.230000000000000000e+02 2.000000000000000000e+00 4.122657580919931730e-01 1.197282059775055529e-01
3.240000000000000000e+02 2.000000000000000000e+00 4.139693356047700057e-01 1.205109242775037615e-01
3.250000000000000000e+02 2.000000000000000000e+00 4.156729131175468384e-01 1.213818059025051355e-01
3.260000000000000000e+02 2.000000000000000000e+00 4.173764906303236710e-01 1.202962313025039975e-01
3.270000000000000000e+02 2.000000000000000000e+00 4.190800681431005037e-01 1.201773975525028959e-01
3.280000000000000000e+02 2.000000000000000000e+00 4.207836456558773364e-01 1.208112907275022962e-01
3.290000000000000000e+02 2.000000000000000000e+00 4.224872231686541690e-01 1.202140662525010839e-01
3.300000000000000000e+02 2.000000000000000000e+00 4.241908006814310017e-01 1.195559536275005996e-01
3.310000000000000000e+02 2.000000000000000000e+00 4.258943781942078344e-01 1.204705208025025343e-01
3.320000000000000000e+02 2.000000000000000000e+00 4.275979557069846670e-01 1.199418803775031961e-01
3.330000000000000000e+02 2.000000000000000000e+00 4.293015332197614997e-01 1.184530632525024885e-01
3.340000000000000000e+02 2.000000000000000000e+00 4.310051107325383324e-01 1.194316874775012138e-01
3.350000000000000000e+02 2.000000000000000000e+00 4.327086882453151651e-01 1.181174993775044868e-01
3.360000000000000000e+02 2.000000000000000000e+00 4.344122657580919977e-01 1.196897264774996472e-01
3.370000000000000000e+02 2.000000000000000000e+00 4.361158432708688304e-01 1.175567172525049386e-01
3.380000000000000000e+02 2.000000000000000000e+00 4.378194207836456631e-01 1.184572507275021280e-01
3.390000000000000000e+02 2.000000000000000000e+00 4.395229982964224957e-01 1.188736215525025841e-01
3.400000000000000000e+02 2.000000000000000000e+00 4.412265758091993284e-01 1.176998836275053861e-01
3.410000000000000000e+02 2.000000000000000000e+00 4.429301533219761611e-01 1.173338756775024194e-01
3.420000000000000000e+02 2.000000000000000000e+00 4.446337308347529937e-01 1.170238893525024082e-01
3.430000000000000000e+02 2.000000000000000000e+00 4.463373083475298264e-01 1.169233899525039533e-01
3.440000000000000000e+02 2.000000000000000000e+00 4.480408858603066591e-01 1.179655053525010544e-01
3.450000000000000000e+02 2.000000000000000000e+00 4.497444633730834918e-01 1.154417028525038802e-01
3.460000000000000000e+02 2.000000000000000000e+00 4.514480408858603244e-01 1.154194073775052232e-01
3.470000000000000000e+02 2.000000000000000000e+00 4.531516183986371571e-01 1.157599509525013559e-01
3.480000000000000000e+02 2.000000000000000000e+00 4.548551959114139898e-01 1.150232948774991826e-01
3.490000000000000000e+02 2.000000000000000000e+00 4.565587734241908224e-01 1.148806943775007028e-01
3.500000000000000000e+02 2.000000000000000000e+00 4.582623509369676551e-01 1.147608420525010331e-01
3.510000000000000000e+02 2.000000000000000000e+00 4.599659284497444878e-01 1.135191991275021905e-01
3.520000000000000000e+02 2.000000000000000000e+00 4.616695059625213204e-01 1.140224883525036148e-01
3.530000000000000000e+02 2.000000000000000000e+00 4.633730834752981531e-01 1.144208643525033153e-01
3.540000000000000000e+02 2.000000000000000000e+00 4.650766609880749858e-01 1.132289052525017325e-01
3.550000000000000000e+02 2.000000000000000000e+00 4.667802385008518185e-01 1.116820293525009333e-01
3.560000000000000000e+02 2.000000000000000000e+00 4.684838160136286511e-01 1.109403935775041816e-01
3.570000000000000000e+02 2.000000000000000000e+00 4.701873935264054838e-01 1.107998302275028379e-01
3.580000000000000000e+02 2.000000000000000000e+00 4.718909710391823165e-01 1.109676687525009697e-01
3.590000000000000000e+02 2.000000000000000000e+00 4.735945485519590936e-01 1.148136299195208210e-01
3.600000000000000000e+02 2.000000000000000000e+00 4.752981260647359263e-01 1.092084682820235741e-01
3.610000000000000000e+02 2.000000000000000000e+00 4.770017035775127590e-01 1.078951289945209169e-01
3.620000000000000000e+02 2.000000000000000000e+00 4.787052810902895916e-01 1.076029111445215847e-01
3.630000000000000000e+02 2.000000000000000000e+00 4.804088586030664243e-01 1.056321382820222254e-01
3.640000000000000000e+02 2.000000000000000000e+00 4.821124361158432570e-01 1.056366652820237562e-01
3.650000000000000000e+02 2.000000000000000000e+00 4.838160136286200896e-01 1.045118755445244574e-01
3.660000000000000000e+02 2.000000000000000000e+00 4.855195911413969223e-01 1.046517598445220187e-01
3.670000000000000000e+02 2.000000000000000000e+00 4.872231686541737550e-01 1.045913809820255835e-01
3.680000000000000000e+02 2.000000000000000000e+00 4.889267461669505876e-01 1.032519548570220991e-01
3.690000000000000000e+02 2.000000000000000000e+00 4.906303236797274203e-01 1.035227826320195277e-01
3.700000000000000000e+02 2.000000000000000000e+00 4.923339011925042530e-01 1.031868792320231876e-01
3.710000000000000000e+02 2.000000000000000000e+00 4.940374787052810857e-01 1.021488381320239114e-01
3.720000000000000000e+02 2.000000000000000000e+00 4.957410562180579183e-01 1.020034648445218295e-01
3.730000000000000000e+02 2.000000000000000000e+00 4.974446337308347510e-01 1.031205586820220788e-01
3.740000000000000000e+02 2.000000000000000000e+00 4.991482112436115837e-01 1.024064810195213227e-01
3.750000000000000000e+02 2.000000000000000000e+00 5.008517887563884718e-01 1.023148658570214309e-01
3.760000000000000000e+02 2.000000000000000000e+00 5.025553662691653045e-01 1.017581580320232604e-01
3.770000000000000000e+02 2.000000000000000000e+00 5.042589437819421372e-01 1.012577547695201474e-01
3.780000000000000000e+02 2.000000000000000000e+00 5.059625212947189699e-01 1.016240456570223216e-01
3.790000000000000000e+02 2.000000000000000000e+00 5.076660988074958025e-01 1.011147581570206455e-01
3.800000000000000000e+02 2.000000000000000000e+00 5.093696763202725242e-01 1.002286544945221181e-01
3.810000000000000000e+02 2.000000000000000000e+00 5.110732538330493568e-01 1.018333628195229323e-01
3.820000000000000000e+02 2.000000000000000000e+00 5.127768313458261895e-01 1.014559241945214296e-01
3.830000000000000000e+02 2.000000000000000000e+00 5.144804088586030222e-01 1.020751046195229605e-01
3.840000000000000000e+02 2.000000000000000000e+00 5.161839863713798549e-01 1.054767490070211977e-01
3.850000000000000000e+02 2.000000000000000000e+00 5.178875638841566875e-01 1.034166162115432996e-01
3.860000000000000000e+02 2.000000000000000000e+00 5.195911413969335202e-01 1.039169628865401762e-01
3.870000000000000000e+02 2.000000000000000000e+00 5.212947189097103529e-01 1.022976549865397544e-01
3.880000000000000000e+02 2.000000000000000000e+00 5.229982964224871855e-01 1.041009854365384513e-01
3.890000000000000000e+02 2.000000000000000000e+00 5.247018739352640182e-01 1.041113975365419719e-01
3.900000000000000000e+02 2.000000000000000000e+00 5.264054514480408509e-01 1.041737569615435177e-01
3.910000000000000000e+02 2.000000000000000000e+00 5.281090289608176835e-01 1.048118376115390049e-01
3.920000000000000000e+02 2.000000000000000000e+00 5.298126064735945162e-01 1.034561142865406680e-01
3.930000000000000000e+02 2.000000000000000000e+00 5.315161839863713489e-01 1.052971320115432263e-01
3.940000000000000000e+02 2.000000000000000000e+00 5.332197614991481815e-01 1.055114854615410991e-01
3.950000000000000000e+02 2.000000000000000000e+00 5.349233390119250142e-01 1.043700024115423730e-01
3.960000000000000000e+02 2.000000000000000000e+00 5.366269165247018469e-01 1.048058393365423058e-01
3.970000000000000000e+02 2.000000000000000000e+00 5.383304940374786796e-01 1.053546249115413502e-01
3.980000000000000000e+02 2.000000000000000000e+00 5.400340715502555122e-01 1.062745113115433071e-01
3.990000000000000000e+02 2.000000000000000000e+00 5.417376490630323449e-01 1.035471069865430138e-01
4.000000000000000000e+02 2.000000000000000000e+00 5.434412265758091776e-01 1.044983428615395837e-01
4.010000000000000000e+02 2.000000000000000000e+00 5.451448040885860102e-01 1.044780845365416155e-01
4.020000000000000000e+02 2.000000000000000000e+00 5.468483816013628429e-01 1.041146796115448581e-01
4.030000000000000000e+02 2.000000000000000000e+00 5.485519591141396756e-01 1.049469685615385117e-01
4.040000000000000000e+02 2.000000000000000000e+00 5.502555366269165082e-01 1.049342929615413311e-01
4.050000000000000000e+02 2.000000000000000000e+00 5.519591141396933409e-01 1.044261372115435904e-01
4.060000000000000000e+02 2.000000000000000000e+00 5.536626916524701736e-01 1.036311960115412489e-01
4.070000000000000000e+02 2.000000000000000000e+00 5.553662691652470063e-01 1.028067161365378013e-01
4.080000000000000000e+02 2.000000000000000000e+00 5.570698466780238389e-01 1.037156245615413752e-01
4.090000000000000000e+02 2.000000000000000000e+00 5.587734241908006716e-01 1.027702737865396898e-01
4.100000000000000000e+02 2.000000000000000000e+00 5.604770017035775043e-01 1.027778565115404774e-01
4.110000000000000000e+02 2.000000000000000000e+00 5.621805792163543369e-01 1.013627163115415897e-01
4.120000000000000000e+02 2.000000000000000000e+00 5.638841567291311696e-01 1.023819703615451715e-01
4.130000000000000000e+02 2.000000000000000000e+00 5.655877342419080023e-01 1.005070001365417909e-01
4.140000000000000000e+02 2.000000000000000000e+00 5.672913117546848349e-01 1.002442077865453030e-01
4.150000000000000000e+02 2.000000000000000000e+00 5.689948892674616676e-01 1.013588683615402886e-01
4.160000000000000000e+02 2.000000000000000000e+00 5.706984667802385003e-01 1.006423574365413742e-01
4.170000000000000000e+02 2.000000000000000000e+00 5.724020442930153330e-01 9.918647423654292083e-02
4.180000000000000000e+02 2.000000000000000000e+00 5.741056218057921656e-01 9.939992228654404016e-02
4.190000000000000000e+02 2.000000000000000000e+00 5.758091993185689983e-01 9.888225983653953222e-02
4.200000000000000000e+02 2.000000000000000000e+00 5.775127768313458310e-01 9.770456078654277121e-02
4.210000000000000000e+02 2.000000000000000000e+00 5.792163543441226636e-01 9.903244306154235232e-02
4.220000000000000000e+02 2.000000000000000000e+00 5.809199318568994963e-01 9.852858796154251309e-02
4.230000000000000000e+02 2.000000000000000000e+00 5.826235093696763290e-01 9.865568348654107922e-02
4.240000000000000000e+02 2.000000000000000000e+00 5.843270868824531616e-01 9.677064068654317452e-02
4.250000000000000000e+02 2.000000000000000000e+00 5.860306643952299943e-01 9.661570411154229987e-02
4.260000000000000000e+02 2.000000000000000000e+00 5.877342419080068270e-01 9.673600913654212263e-02
4.270000000000000000e+02 2.000000000000000000e+00 5.894378194207836597e-01 9.574572788654123201e-02
4.280000000000000000e+02 2.000000000000000000e+00 5.911413969335604923e-01 9.584045536154306433e-02
4.290000000000000000e+02 2.000000000000000000e+00 5.928449744463373250e-01 9.512077553654307849e-02
4.300000000000000000e+02 2.000000000000000000e+00 5.945485519591141577e-01 9.419794658654367936e-02
4.310000000000000000e+02 2.000000000000000000e+00 5.962521294718909903e-01 9.426969953654307233e-02
4.320000000000000000e+02 2.000000000000000000e+00 5.979557069846678230e-01 9.305623718654487675e-02
4.330000000000000000e+02 2.000000000000000000e+00 5.996592844974446557e-01 9.272316316154061155e-02
4.340000000000000000e+02 2.000000000000000000e+00 6.013628620102214883e-01 9.246795353654135852e-02
4.350000000000000000e+02 2.000000000000000000e+00 6.030664395229983210e-01 9.192675068654310166e-02
4.360000000000000000e+02 2.000000000000000000e+00 6.047700170357751537e-01 9.069167191154292595e-02
4.370000000000000000e+02 2.000000000000000000e+00 6.064735945485519863e-01 9.142629083654085775e-02
4.380000000000000000e+02 2.000000000000000000e+00 6.081771720613288190e-01 9.156526973654166568e-02
4.390000000000000000e+02 2.000000000000000000e+00 6.098807495741056517e-01 9.023286046154055384e-02
4.400000000000000000e+02 2.000000000000000000e+00 6.115843270868824844e-01 9.004702711154166650e-02
4.410000000000000000e+02 2.000000000000000000e+00 6.132879045996593170e-01 9.030947993654336869e-02
4.420000000000000000e+02 2.000000000000000000e+00 6.149914821124361497e-01 8.985055531153918196e-02
4.430000000000000000e+02 2.000000000000000000e+00 6.166950596252129824e-01 8.866063336154539343e-02
4.440000000000000000e+02 2.000000000000000000e+00 6.183986371379898150e-01 8.714420153654245382e-02
4.450000000000000000e+02 2.000000000000000000e+00 6.201022146507666477e-01 8.852855813654159078e-02
4.460000000000000000e+02 2.000000000000000000e+00 6.218057921635434804e-01 8.654765611154147109e-02
4.470000000000000000e+02 2.000000000000000000e+00 6.235093696763203130e-01 8.806295618654047530e-02
4.480000000000000000e+02 2.000000000000000000e+00 6.252129471890971457e-01 8.735346211154393359e-02
4.490000000000000000e+02 2.000000000000000000e+00 6.269165247018739784e-01 8.630399033654256868e-02
4.500000000000000000e+02 2.000000000000000000e+00 6.286201022146508111e-01 8.525723476154212221e-02
4.510000000000000000e+02 2.000000000000000000e+00 6.303236797274276437e-01 8.416147441154109288e-02
4.520000000000000000e+02 2.000000000000000000e+00 6.320272572402044764e-01 8.444146936154339755e-02
4.530000000000000000e+02 2.000000000000000000e+00 6.337308347529813091e-01 8.313135556154449546e-02
4.540000000000000000e+02 2.000000000000000000e+00 6.354344122657581417e-01 8.360770913654036463e-02
4.550000000000000000e+02 2.000000000000000000e+00 6.371379897785349744e-01 8.296759133654063589e-02
4.560000000000000000e+02 2.000000000000000000e+00 6.388415672913118071e-01 8.260045163654083922e-02
4.570000000000000000e+02 2.000000000000000000e+00 6.405451448040886397e-01 8.035438058654165161e-02
4.580000000000000000e+02 2.000000000000000000e+00 6.422487223168654724e-01 8.152540231153793115e-02
4.590000000000000000e+02 2.000000000000000000e+00 6.439522998296423051e-01 8.910763325913961808e-02
4.600000000000000000e+02 2.000000000000000000e+00 6.456558773424191378e-01 8.383424413413820275e-02
4.610000000000000000e+02 2.000000000000000000e+00 6.473594548551959704e-01 8.118945755913742346e-02
4.620000000000000000e+02 2.000000000000000000e+00 6.490630323679728031e-01 8.050276824663882280e-02
4.630000000000000000e+02 2.000000000000000000e+00 6.507666098807496358e-01 7.944594009664029954e-02
4.640000000000000000e+02 2.000000000000000000e+00 6.524701873935264684e-01 7.804324914663851587e-02
4.650000000000000000e+02 2.000000000000000000e+00 6.541737649063033011e-01 7.749576508413724696e-02
4.660000000000000000e+02 2.000000000000000000e+00 6.558773424190800228e-01 7.559391579663810035e-02
4.670000000000000000e+02 2.000000000000000000e+00 6.575809199318568554e-01 7.510002009664162870e-02
4.680000000000000000e+02 2.000000000000000000e+00 6.592844974446336881e-01 7.297906400913589664e-02
4.690000000000000000e+02 2.000000000000000000e+00 6.609880749574105208e-01 7.331989052163834231e-02
4.700000000000000000e+02 2.000000000000000000e+00 6.626916524701873534e-01 7.259613639663697882e-02
4.710000000000000000e+02 2.000000000000000000e+00 6.643952299829641861e-01 7.172683922163969328e-02
4.720000000000000000e+02 2.000000000000000000e+00 6.660988074957410188e-01 7.146964903413888237e-02
4.730000000000000000e+02 2.000000000000000000e+00 6.678023850085178514e-01 7.124878802163792102e-02
4.740000000000000000e+02 2.000000000000000000e+00 6.695059625212946841e-01 6.954867317163859752e-02
4.750000000000000000e+02 2.000000000000000000e+00 6.712095400340715168e-01 6.957317555913888896e-02
4.760000000000000000e+02 2.000000000000000000e+00 6.729131175468483494e-01 6.797938862164087936e-02
4.770000000000000000e+02 2.000000000000000000e+00 6.746166950596251821e-01 6.780724944664129339e-02
4.780000000000000000e+02 2.000000000000000000e+00 6.763202725724020148e-01 6.674730898413727687e-02
4.790000000000000000e+02 2.000000000000000000e+00 6.780238500851788475e-01 6.641576282164152190e-02
4.800000000000000000e+02 2.000000000000000000e+00 6.797274275979556801e-01 6.631379214663724042e-02
4.810000000000000000e+02 2.000000000000000000e+00 6.814310051107325128e-01 6.459358873413734159e-02
4.820000000000000000e+02 2.000000000000000000e+00 6.831345826235093455e-01 6.603187322163961426e-02
4.830000000000000000e+02 2.000000000000000000e+00 6.848381601362861781e-01 6.615987414663848654e-02
4.840000000000000000e+02 2.000000000000000000e+00 6.865417376490630108e-01 7.030943552163648747e-02
4.850000000000000000e+02 2.000000000000000000e+00 6.882453151618398435e-01 6.408652338173226326e-02
4.860000000000000000e+02 2.000000000000000000e+00 6.899488926746166761e-01 6.381252670673731586e-02
4.870000000000000000e+02 2.000000000000000000e+00 6.916524701873935088e-01 6.218076955673268458e-02
4.880000000000000000e+02 2.000000000000000000e+00 6.933560477001703415e-01 6.333436233173372898e-02
4.890000000000000000e+02 2.000000000000000000e+00 6.950596252129471742e-01 6.175715553173333205e-02
4.900000000000000000e+02 2.000000000000000000e+00 6.967632027257240068e-01 6.215281533173566686e-02
4.910000000000000000e+02 2.000000000000000000e+00 6.984667802385008395e-01 6.067373125673469758e-02
4.920000000000000000e+02 2.000000000000000000e+00 7.001703577512776722e-01 5.960513290673574716e-02
4.930000000000000000e+02 2.000000000000000000e+00 7.018739352640545048e-01 5.874930355673768645e-02
4.940000000000000000e+02 2.000000000000000000e+00 7.035775127768313375e-01 5.918061348173608849e-02
4.950000000000000000e+02 2.000000000000000000e+00 7.052810902896081702e-01 6.031904080673555768e-02
4.960000000000000000e+02 2.000000000000000000e+00 7.069846678023850028e-01 5.895664015673318659e-02
4.970000000000000000e+02 2.000000000000000000e+00 7.086882453151618355e-01 5.800234855673380707e-02
4.980000000000000000e+02 2.000000000000000000e+00 7.103918228279386682e-01 5.698671610673500254e-02
4.990000000000000000e+02 2.000000000000000000e+00 7.120954003407155009e-01 5.597923225673540060e-02
5.000000000000000000e+02 2.000000000000000000e+00 7.137989778534923335e-01 5.573579283173302201e-02
5.010000000000000000e+02 2.000000000000000000e+00 7.155025553662691662e-01 5.532123280673317822e-02
5.020000000000000000e+02 2.000000000000000000e+00 7.172061328790459989e-01 5.436184833173740572e-02
5.030000000000000000e+02 2.000000000000000000e+00 7.189097103918228315e-01 5.455107693173388839e-02
5.040000000000000000e+02 2.000000000000000000e+00 7.206132879045996642e-01 5.463516595673567622e-02
5.050000000000000000e+02 2.000000000000000000e+00 7.223168654173764969e-01 5.345882500673582172e-02
5.060000000000000000e+02 2.000000000000000000e+00 7.240204429301533295e-01 5.346527598173622664e-02
5.070000000000000000e+02 2.000000000000000000e+00 7.257240204429301622e-01 5.188410805673271398e-02
5.080000000000000000e+02 2.000000000000000000e+00 7.274275979557069949e-01 5.270451363173478398e-02
5.090000000000000000e+02 2.000000000000000000e+00 7.291311754684838276e-01 5.225509570673381177e-02
5.100000000000000000e+02 2.000000000000000000e+00 7.308347529812606602e-01 5.207344983173811670e-02
5.110000000000000000e+02 2.000000000000000000e+00 7.325383304940374929e-01 5.184438363173526909e-02
5.120000000000000000e+02 2.000000000000000000e+00 7.342419080068143256e-01 5.002837758173228622e-02
5.130000000000000000e+02 2.000000000000000000e+00 7.359454855195911582e-01 4.983258483173358400e-02
5.140000000000000000e+02 2.000000000000000000e+00 7.376490630323679909e-01 4.974487420673412430e-02
5.150000000000000000e+02 2.000000000000000000e+00 7.393526405451448236e-01 4.942232545673519439e-02
5.160000000000000000e+02 2.000000000000000000e+00 7.410562180579216562e-01 4.814367430673627268e-02
5.170000000000000000e+02 2.000000000000000000e+00 7.427597955706984889e-01 4.714184920673503143e-02
5.180000000000000000e+02 2.000000000000000000e+00 7.444633730834753216e-01 4.800763795673290701e-02
5.190000000000000000e+02 2.000000000000000000e+00 7.461669505962521542e-01 4.677369093173666670e-02
5.200000000000000000e+02 2.000000000000000000e+00 7.478705281090289869e-01 4.656092193173222427e-02
5.210000000000000000e+02 2.000000000000000000e+00 7.495741056218058196e-01 4.726215423173485419e-02
5.220000000000000000e+02 2.000000000000000000e+00 7.512776831345826523e-01 4.587327063173418651e-02
5.230000000000000000e+02 2.000000000000000000e+00 7.529812606473594849e-01 4.621030578173801473e-02
5.240000000000000000e+02 2.000000000000000000e+00 7.546848381601363176e-01 4.573757380673271200e-02
5.250000000000000000e+02 2.000000000000000000e+00 7.563884156729131503e-01 4.485311118173385125e-02
5.260000000000000000e+02 2.000000000000000000e+00 7.580919931856899829e-01 4.535526865673489283e-02
5.270000000000000000e+02 2.000000000000000000e+00 7.597955706984668156e-01 4.518663790673471681e-02
5.280000000000000000e+02 2.000000000000000000e+00 7.614991482112436483e-01 4.513321930673441784e-02
5.290000000000000000e+02 2.000000000000000000e+00 7.632027257240204809e-01 4.531373343173683566e-02
5.300000000000000000e+02 2.000000000000000000e+00 7.649063032367973136e-01 4.416251733173481853e-02
5.310000000000000000e+02 2.000000000000000000e+00 7.666098807495741463e-01 4.444205958173697013e-02
5.320000000000000000e+02 2.000000000000000000e+00 7.683134582623509790e-01 4.306177728173565811e-02
5.330000000000000000e+02 2.000000000000000000e+00 7.700170357751278116e-01 4.269271360673343452e-02
5.340000000000000000e+02 2.000000000000000000e+00 7.717206132879046443e-01 4.274285013173440007e-02
5.350000000000000000e+02 2.000000000000000000e+00 7.734241908006814770e-01 4.061821585673541790e-02
5.360000000000000000e+02 2.000000000000000000e+00 7.751277683134583096e-01 4.265808205673238263e-02
5.370000000000000000e+02 2.000000000000000000e+00 7.768313458262351423e-01 4.014537070673540597e-02
5.380000000000000000e+02 2.000000000000000000e+00 7.785349233390119750e-01 4.128119500673221864e-02
5.390000000000000000e+02 2.000000000000000000e+00 7.802385008517888076e-01 4.070943490673428755e-02
5.400000000000000000e+02 2.000000000000000000e+00 7.819420783645656403e-01 3.899449413173528001e-02
5.410000000000000000e+02 2.000000000000000000e+00 7.836456558773424730e-01 3.880662363173570384e-02
5.420000000000000000e+02 2.000000000000000000e+00 7.853492333901193057e-01 3.795056793173401388e-02
5.430000000000000000e+02 2.000000000000000000e+00 7.870528109028961383e-01 3.719274813173711891e-02
5.440000000000000000e+02 2.000000000000000000e+00 7.887563884156729710e-01 3.674627275673358895e-02
5.450000000000000000e+02 2.000000000000000000e+00 7.904599659284498037e-01 3.674355655673622323e-02
5.460000000000000000e+02 2.000000000000000000e+00 7.921635434412266363e-01 3.597849355673332639e-02
5.470000000000000000e+02 2.000000000000000000e+00 7.938671209540034690e-01 3.592620670673696281e-02
5.480000000000000000e+02 2.000000000000000000e+00 7.955706984667803017e-01 3.477646188173011410e-02
5.490000000000000000e+02 2.000000000000000000e+00 7.972742759795571343e-01 3.454343455673480889e-02
5.500000000000000000e+02 2.000000000000000000e+00 7.989778534923339670e-01 3.494531898173747209e-02
5.510000000000000000e+02 2.000000000000000000e+00 8.006814310051106887e-01 3.393840100673273241e-02
5.520000000000000000e+02 2.000000000000000000e+00 8.023850085178875213e-01 3.309264423173630121e-02
5.530000000000000000e+02 2.000000000000000000e+00 8.040885860306643540e-01 3.130402653173192107e-02
5.540000000000000000e+02 2.000000000000000000e+00 8.057921635434411867e-01 3.207542733173340821e-02
5.550000000000000000e+02 2.000000000000000000e+00 8.074957410562180193e-01 3.074426298173449368e-02
5.560000000000000000e+02 2.000000000000000000e+00 8.091993185689948520e-01 3.166743145673223125e-02
5.570000000000000000e+02 2.000000000000000000e+00 8.109028960817716847e-01 3.044106715673322583e-02
5.580000000000000000e+02 2.000000000000000000e+00 8.126064735945485173e-01 2.866523823173494634e-02
5.590000000000000000e+02 2.000000000000000000e+00 8.143100511073253500e-01 3.040427527010081121e-02
5.600000000000000000e+02 2.000000000000000000e+00 8.160136286201021827e-01 2.558760385760194822e-02
5.610000000000000000e+02 2.000000000000000000e+00 8.177172061328790154e-01 2.401826272010154639e-02
5.620000000000000000e+02 2.000000000000000000e+00 8.194207836456558480e-01 2.307178019510303102e-02
5.630000000000000000e+02 2.000000000000000000e+00 8.211243611584326807e-01 2.200776543260118956e-02
5.640000000000000000e+02 2.000000000000000000e+00 8.228279386712095134e-01 2.182464828259966794e-02
5.650000000000000000e+02 2.000000000000000000e+00 8.245315161839863460e-01 2.050429214510174347e-02
5.660000000000000000e+02 2.000000000000000000e+00 8.262350936967631787e-01 2.124485275760079617e-02
5.670000000000000000e+02 2.000000000000000000e+00 8.279386712095400114e-01 1.849826527010023369e-02
5.680000000000000000e+02 2.000000000000000000e+00 8.296422487223168440e-01 2.006143837010299080e-02
5.690000000000000000e+02 2.000000000000000000e+00 8.313458262350936767e-01 1.943552403259829475e-02
5.700000000000000000e+02 2.000000000000000000e+00 8.330494037478705094e-01 1.854528948259925869e-02
5.710000000000000000e+02 2.000000000000000000e+00 8.347529812606473421e-01 1.929558314509804973e-02
5.720000000000000000e+02 2.000000000000000000e+00 8.364565587734241747e-01 1.883671510760009937e-02
5.730000000000000000e+02 2.000000000000000000e+00 8.381601362862010074e-01 1.947643679509880599e-02
5.740000000000000000e+02 2.000000000000000000e+00 8.398637137989778401e-01 1.851761819510144846e-02
5.750000000000000000e+02 2.000000000000000000e+00 8.415672913117546727e-01 1.829392780760130677e-02
5.760000000000000000e+02 2.000000000000000000e+00 8.432708688245315054e-01 1.831158310760017116e-02
5.770000000000000000e+02 2.000000000000000000e+00 8.449744463373083381e-01 1.805495879509777524e-02
5.780000000000000000e+02 2.000000000000000000e+00 8.466780238500851707e-01 1.766473139510083001e-02
5.790000000000000000e+02 2.000000000000000000e+00 8.483816013628620034e-01 1.789311854510344801e-02
5.800000000000000000e+02 2.000000000000000000e+00 8.500851788756388361e-01 1.829873774510204498e-02
5.810000000000000000e+02 2.000000000000000000e+00 8.517887563884156688e-01 1.682225669510017951e-02
5.820000000000000000e+02 2.000000000000000000e+00 8.534923339011925014e-01 1.725328368260292677e-02
5.830000000000000000e+02 2.000000000000000000e+00 8.551959114139693341e-01 1.784218979510043823e-02
5.840000000000000000e+02 2.000000000000000000e+00 8.568994889267461668e-01 2.339348013260078574e-02
5.850000000000000000e+02 2.000000000000000000e+00 8.586030664395229994e-01 2.228565663346770975e-02
5.860000000000000000e+02 2.000000000000000000e+00 8.603066439522998321e-01 2.402990973346774695e-02
5.870000000000000000e+02 2.000000000000000000e+00 8.620102214650766648e-01 2.136328038346846370e-02
5.880000000000000000e+02 2.000000000000000000e+00 8.637137989778534974e-01 2.257674273346665927e-02
5.890000000000000000e+02 2.000000000000000000e+00 8.654173764906303301e-01 2.278158948346487023e-02
5.900000000000000000e+02 2.000000000000000000e+00 8.671209540034071628e-01 2.260707363346625698e-02
5.910000000000000000e+02 2.000000000000000000e+00 8.688245315161839954e-01 2.303974165846867095e-02
5.920000000000000000e+02 2.000000000000000000e+00 8.705281090289608281e-01 2.252400318346303720e-02
5.930000000000000000e+02 2.000000000000000000e+00 8.722316865417376608e-01 2.347489953346482139e-02
5.940000000000000000e+02 2.000000000000000000e+00 8.739352640545144935e-01 2.179119505846927041e-02
5.950000000000000000e+02 2.000000000000000000e+00 8.756388415672913261e-01 2.355989395846691536e-02
5.960000000000000000e+02 2.000000000000000000e+00 8.773424190800681588e-01 2.441696823346362066e-02
5.970000000000000000e+02 2.000000000000000000e+00 8.790459965928449915e-01 2.372626120846632602e-02
5.980000000000000000e+02 2.000000000000000000e+00 8.807495741056218241e-01 2.340110943346473960e-02
5.990000000000000000e+02 2.000000000000000000e+00 8.824531516183986568e-01 2.353329783346680415e-02
6.000000000000000000e+02 2.000000000000000000e+00 8.841567291311754895e-01 2.214305613346567725e-02
6.010000000000000000e+02 2.000000000000000000e+00 8.858603066439523221e-01 2.269014408346592404e-02
6.020000000000000000e+02 2.000000000000000000e+00 8.875638841567291548e-01 2.170891683346454215e-02
6.030000000000000000e+02 2.000000000000000000e+00 8.892674616695059875e-01 2.169533583346350269e-02
6.040000000000000000e+02 2.000000000000000000e+00 8.909710391822828202e-01 2.186589055846610563e-02
6.050000000000000000e+02 2.000000000000000000e+00 8.926746166950596528e-01 2.242701220846399224e-02
6.060000000000000000e+02 2.000000000000000000e+00 8.943781942078364855e-01 2.400818013346750490e-02
6.070000000000000000e+02 2.000000000000000000e+00 8.960817717206133182e-01 2.184891430846747085e-02
6.080000000000000000e+02 2.000000000000000000e+00 8.977853492333901508e-01 2.332403725846532438e-02
6.090000000000000000e+02 2.000000000000000000e+00 8.994889267461669835e-01 2.286714978346537919e-02
6.100000000000000000e+02 2.000000000000000000e+00 9.011925042589438162e-01 2.199739990846438786e-02
6.110000000000000000e+02 2.000000000000000000e+00 9.028960817717206488e-01 2.140447608346462971e-02
6.120000000000000000e+02 2.000000000000000000e+00 9.045996592844974815e-01 2.157061698346396383e-02
6.130000000000000000e+02 2.000000000000000000e+00 9.063032367972743142e-01 2.131257798346553045e-02
6.140000000000000000e+02 2.000000000000000000e+00 9.080068143100511469e-01 2.242723855846762149e-02
6.150000000000000000e+02 2.000000000000000000e+00 9.097103918228279795e-01 2.102420808346749936e-02
6.160000000000000000e+02 2.000000000000000000e+00 9.114139693356048122e-01 2.004207543346581133e-02
6.170000000000000000e+02 2.000000000000000000e+00 9.131175468483816449e-01 2.075666238346940418e-02
6.180000000000000000e+02 2.000000000000000000e+00 9.148211243611584775e-01 1.808131855846895064e-02
6.190000000000000000e+02 2.000000000000000000e+00 9.165247018739353102e-01 1.958020825846418234e-02
6.200000000000000000e+02 2.000000000000000000e+00 9.182282793867121429e-01 1.834671393346809509e-02
6.210000000000000000e+02 2.000000000000000000e+00 9.199318568994889755e-01 1.948378315846355235e-02
6.220000000000000000e+02 2.000000000000000000e+00 9.216354344122658082e-01 1.999646590846637650e-02
6.230000000000000000e+02 2.000000000000000000e+00 9.233390119250426409e-01 1.874033658346618836e-02
6.240000000000000000e+02 2.000000000000000000e+00 9.250425894378194736e-01 1.908733113346983146e-02
6.250000000000000000e+02 2.000000000000000000e+00 9.267461669505963062e-01 1.998537475846617895e-02
6.260000000000000000e+02 2.000000000000000000e+00 9.284497444633731389e-01 1.854544923346779228e-02
6.270000000000000000e+02 2.000000000000000000e+00 9.301533219761499716e-01 1.784093485846582894e-02
6.280000000000000000e+02 2.000000000000000000e+00 9.318568994889268042e-01 1.719413973346917146e-02
6.290000000000000000e+02 2.000000000000000000e+00 9.335604770017036369e-01 1.975811935846749634e-02
6.300000000000000000e+02 2.000000000000000000e+00 9.352640545144804696e-01 1.689513138346754317e-02
6.310000000000000000e+02 2.000000000000000000e+00 9.369676320272573022e-01 1.708639713346826738e-02
6.320000000000000000e+02 2.000000000000000000e+00 9.386712095400341349e-01 1.570735975846559995e-02
6.330000000000000000e+02 2.000000000000000000e+00 9.403747870528109676e-01 1.815488230846540318e-02
6.340000000000000000e+02 2.000000000000000000e+00 9.420783645655878003e-01 1.637033890846240070e-02
6.350000000000000000e+02 2.000000000000000000e+00 9.437819420783646329e-01 1.540065550846847486e-02
6.360000000000000000e+02 2.000000000000000000e+00 9.454855195911413546e-01 1.622185330846548368e-02
6.370000000000000000e+02 2.000000000000000000e+00 9.471890971039181872e-01 1.523609905846612378e-02
6.380000000000000000e+02 2.000000000000000000e+00 9.488926746166950199e-01 1.528385890846806205e-02
6.390000000000000000e+02 2.000000000000000000e+00 9.505962521294718526e-01 1.570373815846792809e-02
6.400000000000000000e+02 2.000000000000000000e+00 9.522998296422486852e-01 1.460412985846559764e-02
6.410000000000000000e+02 2.000000000000000000e+00 9.540034071550255179e-01 1.618812715846829065e-02
6.420000000000000000e+02 2.000000000000000000e+00 9.557069846678023506e-01 1.405692873346708893e-02
6.430000000000000000e+02 2.000000000000000000e+00 9.574105621805791833e-01 1.378949620846725566e-02
6.440000000000000000e+02 2.000000000000000000e+00 9.591141396933560159e-01 1.276311213346659201e-02
6.450000000000000000e+02 2.000000000000000000e+00 9.608177172061328486e-01 1.318129375846766038e-02
6.460000000000000000e+02 2.000000000000000000e+00 9.625212947189096813e-01 1.297305175846474867e-02
6.470000000000000000e+02 2.000000000000000000e+00 9.642248722316865139e-01 1.353813453346575102e-02
6.480000000000000000e+02 2.000000000000000000e+00 9.659284497444633466e-01 1.309844965846451714e-02
6.490000000000000000e+02 2.000000000000000000e+00 9.676320272572401793e-01 1.152543033346731249e-02
6.500000000000000000e+02 2.000000000000000000e+00 9.693356047700170119e-01 1.212910578346537704e-02
6.510000000000000000e+02 2.000000000000000000e+00 9.710391822827938446e-01 1.087976695846748498e-02
6.520000000000000000e+02 2.000000000000000000e+00 9.727427597955706773e-01 1.235715340846255117e-02
6.530000000000000000e+02 2.000000000000000000e+00 9.744463373083475100e-01 1.054035513346462949e-02
6.540000000000000000e+02 2.000000000000000000e+00 9.761499148211243426e-01 8.687454033463382075e-03
6.550000000000000000e+02 2.000000000000000000e+00 9.778534923339011753e-01 8.894111583465758031e-03
6.560000000000000000e+02 2.000000000000000000e+00 9.795570698466780080e-01 9.712932708463739573e-03
6.570000000000000000e+02 2.000000000000000000e+00 9.812606473594548406e-01 7.205314233466708629e-03
6.580000000000000000e+02 2.000000000000000000e+00 9.829642248722316733e-01 9.519290283463988089e-03
6.590000000000000000e+02 2.000000000000000000e+00 9.846678023850085060e-01 1.072467150317635287e-02
6.600000000000000000e+02 2.000000000000000000e+00 9.863713798977853386e-01 6.042282228179374215e-03
6.610000000000000000e+02 2.000000000000000000e+00 9.880749574105621713e-01 6.219118165677883781e-03
6.620000000000000000e+02 2.000000000000000000e+00 9.897785349233390040e-01 5.998766440676206457e-03
6.630000000000000000e+02 2.000000000000000000e+00 9.914821124361158367e-01 4.441931140679145074e-03
6.640000000000000000e+02 2.000000000000000000e+00 9.931856899488926693e-01 3.325969053179278490e-03
6.650000000000000000e+02 2.000000000000000000e+00 9.948892674616695020e-01 3.522893553178363391e-03
6.660000000000000000e+02 2.000000000000000000e+00 9.965928449744463347e-01 1.598748790673454323e-03
6.670000000000000000e+02 2.000000000000000000e+00 9.982964224872231673e-01 2.325898165679518570e-03
6.680000000000000000e+02 2.000000000000000000e+00 1.000000000000000000e+00 2.124116281763122061e-04
