1.000000000000000000e+00
3.468870422932655573e-01
2.327240397616103240e-01
2.036353104032586625e-01
2.175276117603794634e-01
1.325262183649170422e-01
6.614210393623688733e-02
7.823089868450733286e-02
2.066211206082561522e-02
6.969104700376875516e-02
3.798091999762041870e-02
4.520750296754002390e-02
1.995988132245796187e-02
5.253431993065003913e-02
5.987593457459145646e-02
7.346165276546762213e-02
-1.626309377305896683e-02
1.468520871739019754e-02
8.486514281623984413e-02
1.583076484409181445e-02
-1.584085030623568618e-02
-2.783254720823502559e-02
3.225152188337943038e-02
-4.938901889653673095e-04
-3.898627893665871508e-02
-3.699741861353688776e-03
-2.575131138197058953e-02
1.217181212912768831e-02
4.234123932989209554e-02
