dir Temp autocor_time Emean Ese conv_crit E Estd Q6_4 Q6_4std Q6_5 Q6_5std Q6_6 Q6_6std Q6_8 Q6_8std AvgQ6 AvgQ6_std P2 P2_std
exp_tsweep/opt_0.1/1/ 0.1 31.373048155001015 -719.9150667100553 0.005275661222460501 0.0019439666413312898 0.41084630330330335 0.0068735131388882615 0.8150511732763881 0.01693265246827029 0.07909271222290014 0.022254658558263533
exp_tsweep/opt_0.1/2/ 0.1 31.459469148991047 -719.9209576910463 0.005080467528567489 0.0012160314802644268 0.410996 0.401285 0.8143490914121746 0.016700483716389526 0.07789688048780487 0.022039825974011374
exp_tsweep/opt_0.1/3/ 0.1 20.811452285008272 -719.9224938875305 0.004362988456046719 0.003802652452575453 0.4109678830188679 0.006572260057721043 0.814714966184559 0.017034029684499172 0.07895588319413323 0.021685964359382293
exp_tsweep/opt_0.1/4/ 0.1 21.09544663899578 -719.922754195459 0.004392768052708136 0.0003437999464919385 0.41061003802281376 0.006548207531830607 0.8152103948180136 0.01653275588877431 0.07921972924120912 0.022183772960707917
exp_tsweep/opt_0.1/5/ 0.1 20.92409910899005 -719.9213675213675 0.0044137486182499654 0.004114494178200657 0.4107267772727272 0.006323702002789942 0.8138770805696846 0.01695972256271581 0.07837345729399797 0.022208597436482767
exp_tsweep/opt_0.1/6/ 0.1 21.08870364401082 -719.920312881936 0.004303945635470532 -0.006927918158950437 0.4103131915535445 0.0066404116451469 0.8055078439918534 0.01731157786183849 0.06713871739307536 0.020417144795595404
exp_tsweep/opt_0.1/7/ 0.1 20.91087593200791 -719.9213042412356 0.00447867506211222 0.0019336956372722875 0.4108237975830816 0.006568640100408536 0.8130804421977125 0.016849150789131122 0.07678966666666667 0.021981846284173528
exp_tsweep/opt_0.1/8/ 0.1 31.325825720996363 -719.9166666666666 0.0051947522585007915 0.0037511854480232866 0.41017651318764126 0.006543330443841392 0.809466178360789 0.017467473787700787 0.07209861299572909 0.02172226709871245
exp_tsweep/opt_0.15/1/ 0.15 41.66176769799495 -717.6494352736751 0.03221660313140899 -0.0028890192054665644 0.4108102910372608 0.006630473011283868 0.8071445374592833 0.017143390030180183 0.07589154063517917 0.020883464150408242
exp_tsweep/opt_0.15/2/ 0.15 40.929058408990386 -717.5540657439446 0.03334447389081952 0.00705675435581901 0.41072868924302786 0.006782623338916394 0.8051830756552283 0.017383121310972152 0.07357050394487977 0.021682530634095074
exp_tsweep/opt_0.15/3/ 0.15 43.110113018992706 -717.5998263888889 0.032044773551941484 0.008102311969771275 0.41071544044044045 0.006808753389933515 0.8066046895336226 0.01798136612923259 0.07474300661605206 0.02132578007190016
exp_tsweep/opt_0.15/4/ 0.15 41.4282755220047 -717.5506108202443 0.033674712325934664 0.0039971015339783965 0.4106999261880688 0.0066155769347493185 0.805959393129771 0.017622928379014736 0.07455924817339148 0.021509481353543983
exp_tsweep/opt_0.15/5/ 0.15 42.15708847100905 -717.6200873362445 0.03271752568886252 0.009879014920963835 0.4104746757301108 0.006628108264181953 0.8047498204148471 0.019148941449344214 0.07289665051855895 0.021891124347654344
exp_tsweep/opt_0.15/6/ 0.15 42.496559724997496 -717.5522648083623 0.03267923121315265 -0.002327275832700981 0.4105799779116466 0.006812810724170129 0.8081241652150245 0.020072403672785254 0.07752192607512248 0.03001669390561639
exp_tsweep/opt_0.15/7/ 0.15 44.91917905899754 -717.6100738167607 0.03327877647565027 4.11742319549953e-05 0.4103267715430861 0.006556359542827213 0.8071394536082475 0.018184651703667936 0.07594109538795443 0.021492815615632724
exp_tsweep/opt_0.15/8/ 0.15 42.196051986000384 -717.4621409921671 0.033445758033953506 0.015374997191281534 0.410825109437751 0.006716232745089775 0.8032253931484502 0.01780684214778418 0.07040480674279499 0.021372390493334604
exp_tsweep/opt_0.2/1/ 0.2 287.3144313060038 -703.8428571428572 0.22844277842084137 0.0279475044641037 0.40938972908366533 0.006282457952633215 0.7647229275283938 0.02288599060967654 0.059695931314223905 0.02048708744730255
exp_tsweep/opt_0.2/2/ 0.2 226.44125381299818 -704.7524177949709 0.204080773900617 0.019804329895764635 0.4094588781431335 0.006999773511854453 0.7720324782841823 0.02308531153453016 0.06619481571045577 0.0208811267286912
exp_tsweep/opt_0.2/3/ 0.2 139.9793999090034 -705.3547120418848 0.1482289999617622 0.0071443011487270155 0.40977705454545454 0.006832145297393897 0.771485453653217 0.020804933214616333 0.06532533336968376 0.019133539685854323
exp_tsweep/opt_0.2/4/ 0.2 222.46513266999682 -704.6023391812865 0.19443286244539476 0.015090147052567301 0.40902502395209583 0.006898374006355556 0.7675863142239049 0.022854510189438633 0.06227991070849107 0.020073696231107024
exp_tsweep/opt_0.2/5/ 0.2 224.4673435880104 -704.7093690248566 0.1854962831394875 0.02919008196085075 0.4099254591078067 0.007078526968768597 0.7715011507430997 0.023081076445173317 0.06619485796178344 0.02057151321340727
exp_tsweep/opt_0.2/6/ 0.2 196.63105165600427 -704.8765217391305 0.16915431188093183 -0.006982515720302514 0.404938 0.405956 0.7693608391304347 0.021879037200003136 0.06362983125 0.01945772274452152
exp_tsweep/opt_0.2/7/ 0.2 190.04677216800337 -705.0189982728842 0.17929416949329785 -0.004530010629337422 0.413699 0.418966 0.7738582122844828 0.021737855846718047 0.06677262769396552 0.020282108951872414
exp_tsweep/opt_0.2/8/ 0.2 171.47894301300403 -704.7492401215806 0.1726086844771202 0.013704065342620747 0.40919411787819254 0.006412463718487465 0.7667470998372219 0.02253462850606757 0.0629095072707542 0.020338150571260226
exp_tsweep/opt_0.22/1/ 0.22 1694.2062270290044 -692.6575342465753 0.6689138520360799 0.0882212485098251 0.4082572601156069 0.007287211571065631 0.733836843800322 0.027961493810519104 0.05694578357487923 0.02224862509594305
exp_tsweep/opt_0.22/2/ 0.22 1008.48926768401 -691.5882352941177 0.5862405270972916 0.03950568552981971 0.408985161849711 0.006914052816094684 0.7339169340836011 0.02751100585104386 0.05777598971061093 0.0213240629965114
exp_tsweep/opt_0.22/3/ 0.22 1183.204482258996 -692.1359223300971 0.5671180438083685 0.01862892139335563 0.4087885780346821 0.00662356982848466 0.7268535161290323 0.02847401419259431 0.05253404725806451 0.020348071104802672
exp_tsweep/opt_0.22/4/ 0.22 1438.926775977001 -691.6279069767442 0.7541209144454788 0.04782823188030427 0.40825312716763007 0.006039298685121135 0.7317186016129033 0.03046125338287648 0.05568996306451613 0.021452697450305157
exp_tsweep/opt_0.22/5/ 0.22 506.4223169640027 -692.1538461538462 0.39995416576659937 -0.0127252934393472 0.40842597109826584 0.006056326726271434 0.7291907665056361 0.030043106883007382 0.05393272061191626 0.022713930350160498
exp_tsweep/opt_0.22/6/ 0.22 1834.9786725360027 -692.3880597014926 0.7992966455529243 0.07792807100904428 0.40821864670658686 0.0069822440879652925 0.7311454682274248 0.027866780506560673 0.05647342759197324 0.020213452007591424
exp_tsweep/opt_0.22/7/ 0.22 3052.563434740994 -689.3658536585366 1.0455173840307488 0.16659421242706407 0.408852161849711 0.0069847814135998556 0.7228400129032257 0.03092779984003057 0.050965948225806454 0.018962348538802177
exp_tsweep/opt_0.22/8/ 0.22 1443.2896852700069 -692.4823529411765 0.6923430484986446 0.07641139699801158 0.400213 0.415692 0.7391185600649351 0.027648654898935286 0.058769840422077925 0.022503752357175683
exp_tsweep/opt_0.23/1/ 0.23 869.9112324620073 -680.8732394366198 0.6844301784736504 0.16456310409506608 0.40783232432432437 0.006453118503835449 0.6994988994169096 0.03349177148694745 0.046993846056851314 0.018717644778532147
exp_tsweep/opt_0.23/2/ 0.23 641.4169337409985 -682.9322916666666 0.5465058226041727 0.029392947924310443 0.40799219543147214 0.006519612955242975 0.7026889047945206 0.03259031629621767 0.048140030410958906 0.018179838807639636
exp_tsweep/opt_0.23/3/ 0.23 997.5581443659903 -680.768 0.8342382201745494 0.10188627821538854 0.407842737913486 0.006685702807524974 0.7055243796423659 0.03169090676736116 0.05023078005502064 0.019114753541202022
exp_tsweep/opt_0.23/4/ 0.23 993.2564520589949 -680.056 0.6984603868509652 0.13889947149080056 0.40812566582278476 0.006683186312365828 0.697589093150685 0.03302713080684453 0.046409438424657536 0.017939330791745856
exp_tsweep/opt_0.23/5/ 0.23 1136.5010038230103 -681.3 0.8306673608989399 0.15290609617898399 0.4074370202531646 0.006385122082997293 0.697952121751026 0.034254517989871336 0.04706262476060191 0.017979441365529144
exp_tsweep/opt_0.23/6/ 0.23 1641.2693950230168 -682.987012987013 0.9496505835815512 0.15898839138015985 0.4085522875318066 0.006830921523955232 0.706689104467354 0.03220966114345241 0.05082856151202749 0.017954541061381703
exp_tsweep/opt_0.23/7/ 0.23 918.1668387219979 -683.4 0.6792394681877907 0.11797102779689717 0.4082363620253164 0.006459391375732471 0.7089812034129693 0.03113291880552022 0.05117330245733789 0.018107703497440415
exp_tsweep/opt_0.23/8/ 0.23 887.9297554730001 -680.8571428571429 0.6311288419652124 0.13183385733757172 0.4084482607594937 0.006156974358892127 0.6945065482546201 0.034636988995031336 0.04763708295687886 0.017679966736985707
exp_tsweep/opt_0.24/2/ 0.24 4316.486801901992 -663.3225806451613 1.4904392474752384 0.34946371394006326 0.4070163907407408 0.006572841703577277 0.6481707229166667 0.050168929813891205 0.03901851732291666 0.016525743601799626
exp_tsweep/opt_0.24/3/ 0.24 2389.037719988002 -665.9615384615385 1.4675890793960948 0.2590963639218983 0.4063884831683168 0.0063499430180817395 0.6450162613146552 0.04576164698988045 0.0379471980226293 0.015963702389397868
exp_tsweep/opt_0.24/4/ 0.24 2313.628221130988 -665.9607843137255 1.5800955261721 0.24889714525200732 0.40690427196652723 0.006353129014376659 0.6535347818773738 0.04393299463313181 0.0389401337710255 0.015529761412312906
exp_tsweep/opt_0.24/5/ 0.24 565.190288304002 -669.6515151515151 0.6477448369338622 0.11026787049878661 0.4074126356589147 0.006313384494408077 0.6695369811419591 0.036098465322515 0.0434532327082242 0.017020942708763143
exp_tsweep/opt_0.24/6/ 0.24 1040.5457048649987 -666.0 0.9378739840661481 0.18206346953125818 0.40707948717948716 0.006226431250697153 0.6541261339285713 0.03800369856266127 0.040364144774159665 0.016393927033153538
exp_tsweep/opt_0.24/7/ 0.24 9966.125251510995 -659.0769230769231 4.768562656008472 0.6094645440345894 0.407574150390625 0.006177309142422332 0.6336529252286175 0.06309282556559646 0.03815850829478214 0.016873654906092734
exp_tsweep/opt_0.24/8/ 0.24 2930.249687457006 -664.7435897435897 1.5987001412525608 0.4519296103045577 0.4071188526522593 0.0067091060624401054 0.6517649072110286 0.04550979932805146 0.04005950365853658 0.016314078300959666
exp_tsweep/opt_0.25/1/ 0.25 13257.940197118995 -594.1111111111111 4.074747419103724 0.7973693256540748 0.40564114157973175 0.006231230961049372 0.4223834524295631 0.11051109375799281 0.01648972252756227 0.013641243241710033
exp_tsweep/opt_0.25/2/ 0.25 12983.297168627018 -602.7777777777778 11.768106907741954 0.8173858990086291 0.40541789895988106 0.006441139751884944 0.4164503547861507 0.10762337466179675 0.016179676240325867 0.013705421619084095
exp_tsweep/opt_0.25/3/ 0.25 10399.787427530013 -608.1666666666666 6.992886597318948 0.756494982726918 0.4054642131147541 0.006439713502541906 0.465597226976365 0.10824726968940374 0.019611970729421356 0.013811122676475732
exp_tsweep/opt_0.25/4/ 0.25 7761.616158171993 -595.0625 6.116364288478491 0.7931875512881214 0.4044553110119048 0.006264898599918414 0.4085169983693437 0.09896266843767366 0.01507088620464737 0.012768128374895939
exp_tsweep/opt_0.25/5/ 0.25 3821.6693519919936 -587.3030303030303 2.8618271817414125 0.40527837887132473 0.40517880838323356 0.006176313014841055 0.3870145904800985 0.09330432627454033 0.013862670828887978 0.013391645517027026
exp_tsweep/opt_0.25/6/ 0.25 13483.565811936991 -593.8888888888889 6.350744963484273 0.8170018567598744 0.40488468945022293 0.0064013256820373765 0.3973719743485342 0.10876150979744226 0.014548043599348534 0.013838486182423332
exp_tsweep/opt_0.25/7/ 0.25 8044.297184226016 -621.375 4.401593283971158 0.7087794470377264 0.40602029271916795 0.006605604649578226 0.4901434201303993 0.1021144047413351 0.022119892995110024 0.01467126507434155
exp_tsweep/opt_0.25/8/ 0.25 9223.46846723801 -595.9230769230769 4.732440653405638 0.6552286181688575 0.40488652748885595 0.006259814600188983 0.4394391114727421 0.11201271992091047 0.01784377409275834 0.0140812305476735
exp_tsweep/opt_0.26/1/ 0.26 464.7831313929928 -559.0808823529412 0.8110615809796172 0.1559274966407505 0.40330418123803446 0.006189898565135601 0.3084685470751125 0.04107743572090738 0.00842909637071651 0.006537395311333564
exp_tsweep/opt_0.26/2/ 0.26 330.0159846720053 -558.2755905511812 0.6841088550158982 0.13910740732815302 0.4037883390585242 0.006383609014085099 0.3041704738567731 0.03751021444922777 0.008158755238999137 0.006948713808306342
exp_tsweep/opt_0.26/3/ 0.26 509.48493530700216 -559.3895582329317 0.8594866635051647 0.1791858471865762 0.4035443231357553 0.005874894472462346 0.3066065635044064 0.03409721481596228 0.008249138503542423 0.00621311592695826
exp_tsweep/opt_0.26/4/ 0.26 497.77540153499285 -559.4291338582677 0.816492383103529 0.1722792740002189 0.40357460190476196 0.0058912836356608995 0.30644396884681585 0.03754670104270024 0.008208641679862305 0.006889763528620295
exp_tsweep/opt_0.26/5/ 0.26 312.78364486699866 -557.5870646766169 0.692469816864336 0.1637362610812168 0.4034833804071246 0.006106164571469188 0.3044171005866115 0.03473020653003822 0.008173834292615596 0.007022881212252399
exp_tsweep/opt_0.26/6/ 0.26 499.81224130299233 -559.5866141732283 0.8630366181288819 0.19996346472609658 0.4032461063017186 0.005922111792127171 0.30772676682775285 0.036957055606872166 0.008431324889540903 0.007588348422142694
exp_tsweep/opt_0.26/7/ 0.26 446.75301715699607 -559.583038869258 0.7601592813083573 0.19901553286143284 0.40363192724952135 0.005972651513837683 0.3070608673010381 0.04476781404944415 0.008401766638408303 0.007292036581915864
exp_tsweep/opt_0.26/8/ 0.26 1581.8448073700129 -560.8518518518518 1.5461316647887406 0.39410743098568435 0.4034364808917198 0.006040673021195397 0.31055085588387765 0.043129381310818546 0.008712437394159323 0.006767014170248231
exp_tsweep/opt_0.3/1/ 0.3 188.7263013710035 -471.83660130718954 0.5332249408536477 0.01469329131871197 0.4019639714714714 0.005891375342066405 0.22478007300163133 0.023118429792768583 0.00585009796492659 0.0069563343487962686
exp_tsweep/opt_0.3/2/ 0.3 169.47986419100198 -470.9073529411765 0.5092508475023526 0.007648043263291078 0.406975 0.405495 0.22516118319053446 0.02439404162353215 0.005828458722970217 0.00742535890940926
exp_tsweep/opt_0.3/3/ 0.3 191.09930361699662 -472.8036006546645 0.5377931073148884 0.011943308190648838 0.4021419443609023 0.005940935904971496 0.22659603924775143 0.022593214681990013 0.005774051749795585 0.007291256424112969
exp_tsweep/opt_0.3/4/ 0.3 169.17672358099662 -471.90161527165935 0.5190691325249993 0.03406036861153897 0.4020613708708709 0.006024942953562798 0.22548554563977183 0.024327462006460722 0.0059648632477587605 0.007310413305477494
exp_tsweep/opt_0.3/5/ 0.3 169.5408775190008 -472.62408223201174 0.5069329333790349 -0.02382464214288089 0.40198973313343334 0.005976537382398358 0.2264922306438468 0.02436610967692379 0.005834916833740831 0.008267828793525372
exp_tsweep/opt_0.3/6/ 0.3 147.89608880400192 -471.8679738562092 0.4894716483381365 -0.021129408355910463 0.40185797151424285 0.006025178804971038 0.22617104814361486 0.025536791171226963 0.005705606589147286 0.006963572639047792
exp_tsweep/opt_0.3/7/ 0.3 126.81501426499744 -471.6341743119266 0.45375514845761183 -0.02442868862979127 0.4020518403614458 0.0059026754242694525 0.22593209087187882 0.023739058244668605 0.005913038084322554 0.007025740945905172
exp_tsweep/opt_0.3/8/ 0.3 212.12727799300046 -472.4097472924188 0.5910332427510936 0.013748194353980689 0.40200495324283564 0.006099595035336267 0.22599264027891713 0.0245856192735634 0.005947952407711238 0.006799370467147475
exp_tsweep/opt_0.35/1/ 0.35 94.22844470699783 -384.83175965665237 0.39870946643504424 -0.009811368748519716 0.4006048342391304 0.005547777149573303 0.17698854148783977 0.01797844985026977 0.004916546080114449 0.00621925717202361
exp_tsweep/opt_0.35/2/ 0.35 75.47380639999756 -384.8956706884315 0.3528899545828336 0.015315476229705213 0.4005561559139785 0.005869194364343672 0.17772938191489362 0.017883857506892524 0.004999998787234042 0.00649964052140983
exp_tsweep/opt_0.35/3/ 0.35 76.87645210500341 -384.71120689655174 0.3668705189608709 -0.011372065003173424 0.397911 0.397513 0.17734240488155062 0.01826784710229417 0.005009570516870065 0.0068179080711012205
exp_tsweep/opt_0.35/4/ 0.35 94.26006964000408 -385.58653026427965 0.3979413873717265 0.011063457233454026 0.40027588140161724 0.00598907129397965 0.1776975072772453 0.018574790261005975 0.005086182122825702 0.007258816897356895
exp_tsweep/opt_0.35/5/ 0.35 74.56893268800923 -384.3404255319149 0.3603580895315811 -0.013561486776395817 0.40064029395973144 0.0057757741304698814 0.17724828951098512 0.01789781402259927 0.005070870524450744 0.006855598508218973
exp_tsweep/opt_0.35/6/ 0.35 74.4315769940149 -384.4633972992182 0.36110075342701725 -0.010436399093103604 0.4009155175202156 0.005867741772934796 0.17755414772727274 0.018095473736079646 0.005041034204545454 0.007955508557749404
exp_tsweep/opt_0.35/7/ 0.35 73.89991471500252 -385.11386138613864 0.3588624059312787 0.01683032825813701 0.4003800281124498 0.005883954271976601 0.1770360254506893 0.017548594846642594 0.005024153322728879 0.006255322733224643
exp_tsweep/opt_0.35/8/ 0.35 75.7961743340129 -385.9900568181818 0.3671990810521563 0.0017981640604264396 0.40064093279569896 0.006111425778976228 0.178082343627973 0.018495544268581098 0.00498205204827831 0.006381758716498671
exp_tsweep/opt_0.4/1/ 0.4 128.27751217600598 -320.074931880109 0.5021778382754003 -0.00036409712005409847 0.3994393231707317 0.005697613357251561 0.14978742006802723 0.021781990834354344 0.004744897074829932 0.0067527324247892385
exp_tsweep/opt_0.4/2/ 0.4 125.8241150380054 -319.3953804347826 0.4722204241326848 0.016872566439971152 0.4001181517027864 0.005844351341720417 0.15014392027141646 0.020928156433221465 0.004795965309584394 0.008754700178346102
exp_tsweep/opt_0.4/3/ 0.4 127.71193146001315 -319.9932157394844 0.4842935063991722 -0.014029775654610888 0.3993778566978193 0.006119415607828385 0.1494845 0.021693814887904755 0.004759885635593221 0.008050226127197887
exp_tsweep/opt_0.4/4/ 0.4 127.73671583199757 -319.62349799732976 0.47679036658182256 -0.006073551125885915 0.3998851486068111 0.005431328584098216 0.14945597497914928 0.020677171319255595 0.004799368874061718 0.009685213568075625
exp_tsweep/opt_0.4/5/ 0.4 124.86606508800469 -320.1096256684492 0.4982902268501934 0.001963201010219861 0.39958851829268294 0.005825968659616708 0.14963772287145244 0.020487032578881244 0.004988868722871452 0.009416341361202863
exp_tsweep/opt_0.4/6/ 0.4 85.29438920300163 -320.5234215885947 0.42434794773607853 0.011068744934235066 0.39957148125 0.005834820842335129 0.15058109329940628 0.020672362709537775 0.004801619745547073 0.008208914070275568
exp_tsweep/opt_0.4/7/ 0.4 124.88163233999512 -319.90093708165995 0.4714780175196064 -0.004479631409145366 0.39969381931464176 0.00532982177684773 0.14988760367892978 0.020928015552723497 0.004668337884615385 0.007499712170784835
exp_tsweep/opt_0.4/8/ 0.4 127.58871356400778 -320.753036437247 0.480082599231409 0.012024219532343547 0.3999900962732919 0.00548154341053128 0.1497909898904802 0.021174176995190513 0.004787043748946925 0.00930288235576227
exp_tsweep/opt_0.6/1/ 0.6 42.9167591620062 -185.71887351778656 0.2642809786993922 3.725479721075654e-05 0.39709538461538463 0.005749813731512844 0.10498660794238683 0.014458731459854844 0.00402194687654321 0.004795720451177115
exp_tsweep/opt_0.6/2/ 0.6 43.01077720300236 -185.5824230387289 0.2583681979878542 -0.0025018016534093562 0.39746606363636366 0.005830939851127394 0.10449303134822166 0.014290574478066925 0.00397389835401158 0.004024888056493887
exp_tsweep/opt_0.6/3/ 0.6 42.7917469219974 -186.18722139673105 0.263333445780976 0.0013673392195507326 0.3975214516616314 0.005944514118044228 0.10404111613036304 0.014212088558722002 0.0040901160643564355 0.004213522736198534
exp_tsweep/opt_0.6/4/ 0.6 42.90452213300159 -186.36836886465048 0.2614645353591412 0.0017677669235437311 0.39753378214826013 0.005800622496803478 0.10490807484510532 0.014146735021098759 0.0040561740024783145 0.00499822900879793
exp_tsweep/opt_0.6/5/ 0.6 42.72116546898906 -186.20019723865877 0.25501665737757107 0.004250830437177072 0.39751242018072286 0.005900328644585047 0.10450637686935087 0.014947052130122068 0.0041258091084634355 0.0066754824025864416
exp_tsweep/opt_0.6/6/ 0.6 42.91652408600203 -185.82658102766797 0.2642990314764599 0.0025477306058619828 0.39753841779788845 0.005838242712386409 0.10485803775216138 0.01410794611045869 0.004083069246603541 0.0038410156550725536
exp_tsweep/opt_0.6/7/ 0.6 42.76929884900164 -186.07376237623762 0.2512843244923957 -0.0042344213923795875 0.3970978700906344 0.005850437820116632 0.10465244045360825 0.015017649431368995 0.003978463847422681 0.005595887906455007
exp_tsweep/opt_0.6/8/ 0.6 42.8856078999961 -186.1379821958457 0.260973236421611 -0.003610351328029561 0.397524850678733 0.006052755266078126 0.10479526297364085 0.014586293927881489 0.004011530782537067 0.003697633630631642
exp_tsweep/opt_1.0/1/ 1.0 72.33863841400307 -109.15181932245922 0.33545623159913285 -0.001663544812128922 0.3966525672514619 0.005822056965523845 0.08476145094043887 0.018851188681661996 0.003967257382445141 0.00435923188156818
exp_tsweep/opt_1.0/2/ 1.0 73.00910217300407 -109.65370138017566 0.3250883198129724 0.00519496687194602 0.39583877777777776 0.005908345216901201 0.08489762836990596 0.017607172887181107 0.003793101912225705 0.005235418891838417
exp_tsweep/opt_1.0/3/ 1.0 145.1620407129958 -110.08458646616542 0.41964551401049394 -0.00930858532868829 0.39543249707602335 0.005440590325699659 0.0851730579029734 0.01895628919765494 0.0041627534428794995 0.008024989781393698
exp_tsweep/opt_1.0/4/ 1.0 146.45007889899716 -108.88235294117646 0.4139698466434828 0.002441281262651181 0.3965568588235295 0.00609892175842282 0.08507730899053628 0.01688282708274025 0.004037853470031545 0.004180543063853285
exp_tsweep/opt_1.0/5/ 1.0 145.7052467780013 -109.29378531073446 0.3951759635405171 0.0011587365361522145 0.39634858479532165 0.006750670168819529 0.08468125721003135 0.01885287767966532 0.003925459686520376 0.0050056570096843524
exp_tsweep/opt_1.0/6/ 1.0 145.0970953740034 -109.23540489642184 0.4105702164191378 0.002386066256847553 0.39611074269005847 0.0065695793035923725 0.08469444435736677 0.018193315603266338 0.0036711931504702193 0.004585238047483972
exp_tsweep/opt_1.0/7/ 1.0 147.32198309399246 -109.68571428571428 0.41190071170986614 0.0070129099083351505 0.3960160118343195 0.006051533881536695 0.08521911492063493 0.018527431175610495 0.004079363873015873 0.003826276422532592
exp_tsweep/opt_1.0/8/ 1.0 72.43398959300248 -109.35213032581454 0.341059505365131 -0.0017198026029466734 0.3956436549707602 0.005958543983342125 0.08480301768388106 0.018961078836614496 0.004058423802816901 0.006199496409375614
