dir Temp autocor_time Emean Ese conv_crit E Estd Q6_4 Q6_4std Q6_5 Q6_5std Q6_6 Q6_6std Q6_8 Q6_8std AvgQ6 AvgQ6_std P2 P2_std
exp_tsweep/opt_0.15/1/ 0.15 19.083148527992307 -716.6239449133718 0.027739960535569323 0.0005446273203552948 0.3379323533222284 0.008228929138155372 0.7644515408106608 0.01925454260621627
exp_tsweep/opt_0.15/2/ 0.15 18.769552748010028 -716.5923093729517 0.028126967996891086 0.0002965015763646812 0.3381586195157473 0.008253915729208796 0.7646325927544146 0.018990985531428882
exp_tsweep/opt_0.15/3/ 0.15 18.791845473999274 -716.6481927710844 0.027669900000712518 0.002358723704711433 0.338058720751962 0.008347486669699585 0.7645266515787551 0.01905880904852698
exp_tsweep/opt_0.15/4/ 0.15 19.000059062993387 -716.5778265642151 0.028475110142680084 -0.003241619797903728 0.3379451172489482 0.00828016604964774 0.7642803919882933 0.019350133174844266
exp_tsweep/opt_0.15/5/ 0.15 19.069146200999967 -716.5657485561973 0.028426634937392625 0.003985633008120157 0.3376873002035906 0.008316173515185866 0.7625403244493799 0.01903698468283756
exp_tsweep/opt_0.15/6/ 0.15 18.760423728992464 -716.5956702383555 0.02806663488832503 -0.0008716647062443833 0.33796838003279284 0.008259983655245613 0.764209168883221 0.018865811615335987
exp_tsweep/opt_0.15/7/ 0.15 18.881743524994818 -716.5591089545655 0.028827629296986002 0.009245398162705927 0.33808251323043 0.008205710675684609 0.7634697197721425 0.019548594773686652
exp_tsweep/opt_0.15/8/ 0.15 28.181546290012193 -716.6972503617945 0.03116150816940798 0.009564512209181194 0.3379978883863965 0.008123814307386193 0.7640978997829233 0.01895508946591188
exp_tsweep/opt_0.2/1/ 0.2 67.20336744100496 -697.612293144208 0.12896851101466236 0.01690801683974071 0.33731002824441575 0.008122239783753971 0.7062505122761676 0.02792049844258077
exp_tsweep/opt_0.2/2/ 0.2 78.19888633799565 -697.3753462603878 0.14606535896991057 0.024211730606482136 0.33742129829115297 0.008132247797851069 0.7060033223015358 0.026634391455893594
exp_tsweep/opt_0.2/3/ 0.2 89.05516564800928 -697.78173374613 0.15521702185109268 0.021723956549342456 0.337333271222867 0.008019776251944456 0.7086173258113045 0.027787144153867724
exp_tsweep/opt_0.2/4/ 0.2 66.73410644198884 -697.6198198198198 0.13130281092354892 0.00693482504725527 0.3373562401887197 0.007998082522067818 0.7066158044177568 0.027698807330620644
exp_tsweep/opt_0.2/5/ 0.2 89.09458706399892 -697.6605080831408 0.1553083852419857 0.01344651210944613 0.3374873191534844 0.008031194734037336 0.7074390038477982 0.0281416517982763
exp_tsweep/opt_0.2/6/ 0.2 75.27150651700504 -697.6288323548597 0.1400365610295281 0.034507279355846424 0.33746765845708077 0.00800848690740965 0.7076858288663527 0.027186754543223706
exp_tsweep/opt_0.2/7/ 0.2 97.36684025199793 -697.8731587561375 0.15740337572063184 0.037092824321365105 0.3372265608032726 0.007961959947020448 0.70555228542209 0.028263152943494126
exp_tsweep/opt_0.2/8/ 0.2 77.75050897200708 -697.3845117845118 0.1447912356847448 -0.003034105013886483 0.3375121192429022 0.008217899545372382 0.7067361045215563 0.02830811336869447
exp_tsweep/opt_0.225/1/ 0.225 4847.162118606007 -648.074074074074 2.8969147421207264 0.6255124055164291 0.33676968552750225 0.007767421487097928 0.5235680489179441 0.08497693467129201
exp_tsweep/opt_0.225/2/ 0.225 2010.4396913539967 -649.8923076923077 2.258461860922538 0.6210787238041231 0.3368006149054983 0.007968788917815155 0.5443743056271478 0.08726031037530822
exp_tsweep/opt_0.225/3/ 0.225 5816.665687916015 -642.7826086956521 3.9871990451765544 0.6645488924968666 0.33658747629695884 0.007665191939506403 0.5136403779069767 0.09654024528740053
exp_tsweep/opt_0.225/4/ 0.225 5843.701340200001 -656.0434782608696 3.6290563698587994 0.7219462967858148 0.3369100013336297 0.007935381192729544 0.5367959222049343 0.09112191720842834
exp_tsweep/opt_0.225/5/ 0.225 5364.815221722005 -655.72 3.257739093297682 0.6027834080677542 0.33673323149394346 0.007967445091694397 0.5325846009421265 0.08769748075042454
exp_tsweep/opt_0.225/6/ 0.225 3697.8874500690144 -654.75 2.582399771578156 0.6298504084776707 0.3369400344982079 0.007845716246973335 0.5535017876344086 0.07998824510242186
exp_tsweep/opt_0.225/7/ 0.225 4898.045980983006 -656.8518518518518 2.832160833989645 0.6182089406716023 0.3369644320106999 0.0077298434849324225 0.5532046076683014 0.0812585862854615
exp_tsweep/opt_0.225/8/ 0.225 8197.270789955975 -654.3125 4.869162169652496 0.7084719850373172 0.33677759519038075 0.007933166124300322 0.5341149634825205 0.08894834558732577
exp_tsweep/opt_0.25/1/ 0.25 43.43452216300011 -574.5092592592592 1.1777468673420506 -0.05211230646207428 0.3362978310502283 0.010433775853909722 0.32370537899543383 0.046398708239357475
exp_tsweep/opt_0.25/2/ 0.25 54.33935216400005 -571.6333333333333 1.0923358141451727 0.04167000420484275 0.33595207305936076 0.011084652395740172 0.3245703561643836 0.06231574337753715
exp_tsweep/opt_0.25/3/ 0.25 76.09981467299986 -572.2205882352941 1.1299335475598016 0.009427702453813329 0.3357220502283105 0.010992162167065502 0.3224254474885844 0.05354982567691574
exp_tsweep/opt_0.25/4/ 0.25 76.28459019599995 -573.8059701492538 1.7214383172621033 0.03260941406807157 0.33629112844036696 0.009681317783720077 0.32979812844036693 0.05476669561201161
exp_tsweep/opt_0.25/5/ 0.25 65.5521375569997 -574.1298701298701 1.3294224400349042 -0.06572055478447872 0.33509975799086755 0.01015730412768786 0.31936537899543377 0.05126026145082609
exp_tsweep/opt_0.25/6/ 0.25 54.401591292000376 -573.6222222222223 1.2276221900188231 -0.05498140517410651 0.3359039908675799 0.011374235016473076 0.32753676712328766 0.05666161632097681
exp_tsweep/opt_0.25/7/ 0.25 54.285994930000015 -568.7777777777778 1.300975681136313 0.04919820148075399 0.335173502283105 0.010544041023651335 0.32277039269406393 0.056440433336128734
exp_tsweep/opt_0.25/8/ 0.25 43.695640495999214 -574.9166666666666 1.131686424429184 0.039972565948981804 0.3345918348623853 0.010592924975301326 0.32793827981651374 0.05225934957155406
exp_tsweep/opt_0.3/1/ 0.3 33.96456104400568 -469.6434689507495 0.24726457971500304 -0.0038841457226971472 0.33490036789297656 0.007395088844093417 0.2328856664437012 0.017274313991983745
exp_tsweep/opt_0.3/2/ 0.3 36.29643520800164 -469.66524368552115 0.25073204239579416 0.008829059628757819 0.33530492885726987 0.007430976081934846 0.23293210093374836 0.01741042404602676
exp_tsweep/opt_0.3/3/ 0.3 37.17974925701856 -470.11224489795916 0.2475945023764105 -0.005392438798549958 0.3351269822363926 0.007494823745143153 0.23297980847187427 0.01774189525868243
exp_tsweep/opt_0.3/4/ 0.3 36.35963870800333 -470.03766879886285 0.2473117792930108 0.0006729196413749357 0.33511972840328674 0.007459931458587967 0.23312846679991117 0.017256882384846108
exp_tsweep/opt_0.3/5/ 0.3 36.44826428501983 -469.7695868945869 0.24928264207242867 7.446185363121109e-05 0.33525456386292835 0.007466552099101147 0.23309656430796616 0.017399040991435546
exp_tsweep/opt_0.3/6/ 0.3 36.48477656301111 -470.06443574225705 0.2424936602475358 -0.0020123966098178157 0.33527333718861213 0.007546857651978205 0.23287285164590749 0.017470923781485636
exp_tsweep/opt_0.3/7/ 0.3 36.19435763001093 -469.58291991495395 0.24379823416562646 0.000582659331100503 0.33510503587245355 0.00753108439195385 0.23302295814880422 0.017205645658437626
exp_tsweep/opt_0.3/8/ 0.3 36.8768231139984 -470.33405405405404 0.2515638823492107 -0.013808216184206763 0.335322219045475 0.00758044803483246 0.2333440911751463 0.017522361557019386
exp_tsweep/opt_0.6/1/ 0.6 12.265920972989989 -187.21523535752786 0.1547604431260675 0.001345611851182038 0.3331919600359228 0.007185525257773764 0.1142434014818141 0.011479693527877572
exp_tsweep/opt_0.6/2/ 0.6 24.475117476002197 -187.09563577586206 0.19058450422799053 0.0024930279304587527 0.3332492888888889 0.007111681206806888 0.11443713149270483 0.011591323670689524
exp_tsweep/opt_0.6/3/ 0.6 24.453481738004484 -187.17279411764707 0.20030160954965004 0.00046513509881491045 0.333459123468426 0.0071068093497815826 0.11458363510838832 0.011679674267356626
exp_tsweep/opt_0.6/4/ 0.6 24.537502929000766 -186.95641098216814 0.20176112613791428 -0.0023124207238663284 0.33331330535251125 0.007034835269227409 0.11449685279415232 0.011384965014008517
exp_tsweep/opt_0.6/5/ 0.6 24.755554465999012 -186.8245813227363 0.19011856969659816 -0.0035672932328079847 0.33317142549668877 0.00722429362974687 0.1145308531693472 0.011793943823478793
exp_tsweep/opt_0.6/6/ 0.6 12.246565766996355 -187.08015122873346 0.1602721392887366 0.00168155052370621 0.33324518194707 0.007178309579238205 0.11490694033553876 0.011728486503099
exp_tsweep/opt_0.6/7/ 0.6 12.236733672994887 -187.07535410764874 0.16302004418113084 0.0008892145610490711 0.33313081326723326 0.007063257746447547 0.1143845771246459 0.011619000689582626
exp_tsweep/opt_0.6/8/ 0.6 12.263704652999877 -187.0681689074039 0.16367193095969507 0.0014348119715320406 0.3333160785612873 0.0072412870356572305 0.11466664323237104 0.011444250131464561
exp_tsweep/opt_1.0/1/ 1.0 24.56802156601043 -110.89220705346985 0.1620377199571324 0.0016497829486661372 0.3326933258293839 0.007085602820648846 0.09303471869668246 0.010447612175795847
exp_tsweep/opt_1.0/2/ 1.0 12.823925988006522 -110.73376751529504 0.13596197683573544 -0.010354380198608747 0.33250273482979775 0.006978360806282491 0.09315055071534287 0.0105868852854296
exp_tsweep/opt_1.0/3/ 1.0 22.335977936993004 -110.49557996249665 0.15728500857781652 0.00017694067987292393 0.332702613925463 0.007016311746113805 0.09299926929256863 0.010462687517687022
exp_tsweep/opt_1.0/4/ 1.0 11.26337017599144 -110.83736462093863 0.13085017520455358 0.0026849772041167832 0.33280689056859203 0.007108233268184795 0.0934438334837545 0.010579330010867121
exp_tsweep/opt_1.0/5/ 1.0 12.260625091003021 -110.65129579982127 0.1266365242081433 0.0014888273909232307 0.3327187878043332 0.007099245025003874 0.09297268896582532 0.010383639485812017
exp_tsweep/opt_1.0/6/ 1.0 12.387781461002305 -110.60053811659193 0.1287341899151139 0.00359052510353091 0.3326213369955157 0.0070875110710758235 0.09325509695067265 0.010505116660457432
exp_tsweep/opt_1.0/7/ 1.0 12.23793834001117 -110.85803571428572 0.1282200230502113 -0.0030801984794243007 0.3326466723945548 0.007166871000371681 0.09318648585137247 0.010396478257595968
exp_tsweep/opt_1.0/8/ 1.0 12.284795475992723 -110.49248658318426 0.12849311942379466 -0.0016440731060168659 0.33292027280858677 0.007054495299012294 0.09329073128354204 0.010343546285946614
