dir Temp autocor_time Emean Ese conv_crit E Estd Q6_4 Q6_4std Q6_5 Q6_5std Q6_6 Q6_6std Q6_8 Q6_8std AvgQ6 AvgQ6_std P2 P2_std
exp_tsweep/opt_0.1/1/ 0.1 176.72706224699505 -719.98406374502 0.0055892417216013455 0.00022869049738433596 0.4717262134146341 0.007972854077648644 0.9478240894039736 0.0026452050269102083 0.5606199453642384 0.032333258318774566
exp_tsweep/opt_0.1/2/ 0.1 84.40625595700112 -719.9867021276596 0.004177103071349158 -0.009349296729973552 0.465636 0.457625 0.9478982491694351 0.002726942301672723 0.5614728720930232 0.03322260320338979
exp_tsweep/opt_0.1/3/ 0.1 175.06988357100636 -719.988 0.004869496893930625 0.019602316404448063 0.4716905493827161 0.008081567672799038 0.9477832063227953 0.0027831113696485154 0.5603512512479202 0.03408851485632543
exp_tsweep/opt_0.1/4/ 0.1 85.0051138389972 -719.9866666666667 0.004188166751783021 -0.004429011809366529 0.4711737791411042 0.008081729316722215 0.9475492346089852 0.0028790875426200754 0.5613181730449252 0.03431152388000847
exp_tsweep/opt_0.1/5/ 0.1 87.79387551100808 -719.9881109643329 0.003939383253771684 0.0036520097467351654 0.4715783414634147 0.008742893450305954 0.9476867557755776 0.002855087090929115 0.5602365363036304 0.03329209420972409
exp_tsweep/opt_0.1/6/ 0.1 169.08772012199915 -719.9880952380952 0.004831082922068966 0.015079040555627874 0.4721561402439024 0.008650802531421508 0.9474535759075908 0.0029778897172881426 0.5605317178217822 0.03305016484240501
exp_tsweep/opt_0.1/7/ 0.1 84.14249401200505 -719.9880952380952 0.003944562688047639 -0.0040772157282951485 0.4713483496932515 0.008332369101336353 0.947711872937294 0.00264538221025063 0.5615731650165017 0.03463477647754259
exp_tsweep/opt_0.1/8/ 0.1 84.90114029598772 -719.9973333333334 0.0018831022473764067 -0.004108297924015772 0.4718991411042945 0.00842854617282551 0.9477399434276205 0.002777655945075309 0.5606747970049917 0.034974190321735196
exp_tsweep/opt_0.15/1/ 0.15 39.93444913299754 -719.6949700046147 0.01213383203302116 -5.846696335693423e-06 0.47175709436619717 0.005855187021065885 0.9475986297577855 0.002752171489133008 0.5603220968858131 0.032095605473388654
exp_tsweep/opt_0.15/2/ 0.15 19.843186270998558 -719.7019969278034 0.009393775684139972 0.0051318826389916555 0.4722450154494382 0.005752039752624503 0.9474965850287907 0.0028916781258067335 0.5609942380038387 0.03256381129535126
exp_tsweep/opt_0.15/3/ 0.15 19.760766341001727 -719.6954377311961 0.00971435568311308 0.004069804852833996 0.4719610862800565 0.0063305335684519445 0.9475062361325115 0.0027641515467850685 0.5601981594761171 0.0324938936263177
exp_tsweep/opt_0.15/4/ 0.15 19.65912952699 -719.6973966309341 0.009602840823657323 -0.0006271438079148243 0.47198915070422537 0.005819003361604001 0.9475976163859111 0.0028485647238691045 0.5602939540581929 0.031860207509704676
exp_tsweep/opt_0.15/5/ 0.15 19.642519334011013 -719.6902057107768 0.009740277829609427 -0.0023451541881682123 0.47215186357243316 0.0056215980804905094 0.9476974382194934 0.0026988204783761423 0.5611601458173445 0.032461408161418
exp_tsweep/opt_0.15/6/ 0.15 19.524445280010696 -719.7071078431372 0.009383181873399487 0.001124886907558905 0.47234287746478876 0.005747810696788116 0.9477621906584991 0.002716288482583758 0.5623485593415009 0.03108271146452489
exp_tsweep/opt_0.15/7/ 0.15 19.61770339400391 -719.6826126954921 0.00972874866703177 0.0023051124423652683 0.47224554008438824 0.00579332934730209 0.9475335097738598 0.002724803579588158 0.5611656209275584 0.03268964895562109
exp_tsweep/opt_0.15/8/ 0.15 20.4873475790082 -719.7007366482504 0.009456533288475994 0.0016030731171757149 0.4719896390449439 0.005767464841658562 0.9476673268124279 0.002786865377990567 0.5613148270042194 0.03219190347545224
exp_tsweep/opt_0.2/1/ 0.2 65.7275704539934 -718.3644067796611 0.032771985030630564 -0.0005379204082872045 0.47177750000000007 0.0062004978438755035 0.9470649820846905 0.0030037612041501297 0.5586373501628664 0.03177513927009021
exp_tsweep/opt_0.2/2/ 0.2 42.17476449700189 -718.3763789746918 0.03376740209712406 -0.00031278487986733956 0.47210460792079206 0.006320484719218761 0.9469934778378378 0.003224269155788378 0.5583795697297297 0.03261631606762965
exp_tsweep/opt_0.2/3/ 0.2 20.99091809699894 -718.405585106383 0.026940326949357603 -0.009495360531532198 0.47202291075050706 0.005898876611872413 0.9471781191135735 0.002967376761194249 0.558313940166205 0.03173508100083225
exp_tsweep/opt_0.2/4/ 0.2 63.060521826992044 -718.3189771197847 0.03390750619827932 -0.0013152952055457852 0.4719208333333333 0.0063380191610531485 0.9471127378151262 0.0031021589187257 0.5583529406162465 0.03272786450462187
exp_tsweep/opt_0.2/5/ 0.2 62.68398328500916 -718.3550488599349 0.03336814158840913 0.01146878833882321 0.4719236322067595 0.0058162348732929145 0.9471993472599023 0.0029964528323741966 0.5591016972327727 0.03195272747200453
exp_tsweep/opt_0.2/6/ 0.2 65.97370559199771 -718.3532608695652 0.03289267443534215 0.003782310028523004 0.47210278925619836 0.006534407667974927 0.9470995947934352 0.003011933420631689 0.5592925880022637 0.031832249809926313
exp_tsweep/opt_0.2/7/ 0.2 42.15570401499281 -718.3733850129199 0.034049403225110575 0.0014722211273877094 0.4721103340080972 0.006573124434063725 0.9471079693218515 0.0030986304771346033 0.559187300322928 0.032348678952621446
exp_tsweep/opt_0.2/8/ 0.2 31.44106349001231 -718.3577699736611 0.02682970225856217 5.590221102443338e-05 0.4719562782258064 0.006024716343812119 0.9472470181020296 0.0030272150714042148 0.5591735287986834 0.03167366705668077
exp_tsweep/opt_0.25/1/ 0.25 168.80584877199726 -715.468253968254 0.09284128679174888 -0.004045531177824699 0.4711834181818183 0.008885409909592669 0.9454863867768596 0.004424895456858011 0.5521414049586777 0.03586697845484948
exp_tsweep/opt_0.25/2/ 0.25 84.94340388799901 -715.0996015936255 0.08295116551103465 -0.004808535010349049 0.47030216969696975 0.008737705844542285 0.9450053150912107 0.00526967324694551 0.5514851674958541 0.03544664217650045
exp_tsweep/opt_0.25/3/ 0.25 168.79698280600132 -715.2574850299401 0.09753485265499323 0.0012304084369802828 0.475572 0.465168 0.9452649435215948 0.005106138051157121 0.5516353006644519 0.03330403643037553
exp_tsweep/opt_0.25/4/ 0.25 173.6411175589892 -715.3667334669339 0.10362655063419701 -0.002565551095857176 0.4706824355828221 0.010044004423502978 0.9454176060100168 0.003871261124774577 0.5507308647746244 0.035045043277244184
exp_tsweep/opt_0.25/5/ 0.25 174.05491718401026 -715.3745019920319 0.10172231567882935 -0.01084009638788022 0.4708526545454545 0.009729963329623224 0.9453467562189056 0.004682050095820713 0.5529556086235489 0.03483160615093885
exp_tsweep/opt_0.25/6/ 0.25 169.10383510599786 -715.1746031746031 0.09961493086241269 -0.012993222984098812 0.47132992814371255 0.009509108716470913 0.9441329024793387 0.009897009524732128 0.5499816429752066 0.037049482336685015
exp_tsweep/opt_0.25/7/ 0.25 169.2902704270091 -715.22 0.10314649775925501 -0.020419353340084555 0.47086206666666663 0.009392754806882923 0.9449983510815306 0.004301959188181012 0.5497041896838601 0.03527321174808985
exp_tsweep/opt_0.25/8/ 0.25 168.56822537198605 -715.3081510934394 0.105146934226072 0.010566372741356436 0.4705978060606061 0.011365600746909293 0.9449403956953643 0.0053320512227877 0.5515489354304636 0.03446528561846524
exp_tsweep/opt_0.28/1/ 0.28 53.89814132399624 -712.3401856763926 0.07753939038447204 0.001161701236716364 0.4710046272912424 0.005768757760504198 0.9431300071823204 0.005533008172800752 0.5470736602209945 0.03178229855558378
exp_tsweep/opt_0.28/2/ 0.28 55.704101809009444 -712.4791252485089 0.07437676747645393 0.0018268153479325867 0.47112487525562374 0.006651587929696476 0.9432462472406181 0.005880285791869279 0.5476870309050773 0.033834413804213634
exp_tsweep/opt_0.28/3/ 0.28 53.1517728559993 -712.2549277266754 0.07735979999428516 -0.0006623414984510389 0.4710978 0.006498036193040218 0.943424074438971 0.005530545608518354 0.549171678708265 0.0334443928112893
exp_tsweep/opt_0.28/4/ 0.28 58.15665029702359 -712.3150867823765 0.0751684277479693 0.00841032444722539 0.47654 0.464455 0.9432587341490546 0.006127244969113421 0.5478426718576196 0.03329880244088191
exp_tsweep/opt_0.28/5/ 0.28 51.27635180899233 -712.4470899470899 0.07580694407445406 -0.004043255829863303 0.4713858323232323 0.007087942851407156 0.9430999052341598 0.006332798373855904 0.5486623779614325 0.03466893570973264
exp_tsweep/opt_0.28/6/ 0.28 55.28131858599954 -712.2770534550195 0.07642773657662419 -0.002502293829135597 0.47103087109375 0.0067784132159061155 0.9433033018458198 0.005380945751173846 0.546990589033659 0.03366162834006743
exp_tsweep/opt_0.28/7/ 0.28 56.163587614006246 -712.4705102717031 0.07544765139752845 0.004617057441605684 0.47112628367346937 0.006146604175389622 0.943027167218543 0.005474904323976428 0.5472032207505518 0.033171690663925245
exp_tsweep/opt_0.28/8/ 0.28 54.048462938008015 -712.2981082844096 0.07644840943211775 0.005289430360547857 0.47131900970873786 0.006141660724926111 0.9431466480173819 0.00572010315285124 0.5486094486692015 0.03342284963015571
exp_tsweep/opt_0.29/1/ 0.29 127.71221561000857 -708.348623853211 0.15235461910856127 0.003802067959001549 0.4698482042042042 0.007664492115445751 0.9315625683865683 0.011086644405022791 0.5250459541359541 0.03668600018515401
exp_tsweep/opt_0.29/2/ 0.29 85.8318711410102 -711.0109018830525 0.10328597249324536 -0.003892474622025274 0.4705969300911854 0.007299338017491244 0.9417350759702724 0.008282341322825786 0.5444178406275806 0.03552788247270612
exp_tsweep/opt_0.29/3/ 0.29 126.51592936000088 -708.5674967234601 0.1405434698858142 0.002618289588365505 0.47052362574850304 0.008148274040860786 0.9309509852820931 0.011403668826792055 0.5235986304170074 0.036496308581543846
exp_tsweep/opt_0.29/4/ 0.29 83.4856864970061 -711.3215339233038 0.10031358112776737 0.0010489681806144062 0.4709005255255255 0.006870584195414927 0.9419332602291327 0.00882553388032171 0.5453573338788871 0.0346799134100815
exp_tsweep/opt_0.29/5/ 0.29 83.33344313800626 -711.1605911330049 0.1023532172059418 -0.004813798692375329 0.4710221736526945 0.006347247007061183 0.9418591427399507 0.006571245044254183 0.5441117588187039 0.0338508294829693
exp_tsweep/opt_0.29/6/ 0.29 83.86354663199745 -711.1821743388834 0.10057252104099791 0.01178352290286053 0.469339 0.465498 0.942087334420881 0.006526591389749318 0.5465443164763458 0.03419944035124944
exp_tsweep/opt_0.29/7/ 0.29 83.6211612670013 -711.3470993117011 0.09863508688171133 -0.0074941585065334965 0.47094587087087086 0.007288049547619095 0.9416422514332514 0.008669643486894522 0.543191375102375 0.03570041690027674
exp_tsweep/opt_0.29/8/ 0.29 83.25096506299451 -711.4679170779862 0.09770561846990918 0.00048234486100208024 0.47116444848484845 0.007220076826927823 0.9420907828947369 0.006067911800934316 0.543694259868421 0.03417169786192003
exp_tsweep/opt_0.3/1/ 0.3 64.18315502500627 -706.5812417437253 0.11623428833231814 0.00852485631462666 0.4704568355957769 0.0060420107311918115 0.9286423462649609 0.01184557868743229 0.5225895253817581 0.036830102055976546
exp_tsweep/opt_0.3/2/ 0.3 43.02149341198674 -709.888669950739 0.07948125788961354 -0.0016826564822908948 0.47051942365269456 0.0064140275994546735 0.9412975215428807 0.006808251462110149 0.5437076573656133 0.03312139495234474
exp_tsweep/opt_0.3/3/ 0.3 42.968153550013085 -709.9294523926985 0.07696563002838035 -0.002188764601094845 0.47098567620481935 0.005863885613398691 0.9411638277846281 0.006486300336130746 0.5428935487053022 0.03230550569044737
exp_tsweep/opt_0.3/4/ 0.3 42.16647224299959 -709.9274432379073 0.07734994534234346 -0.007896126815862733 0.47105563403614453 0.005747878010762983 0.9408797298519737 0.006954383585426792 0.5422445990953947 0.034384127166913456
exp_tsweep/opt_0.3/5/ 0.3 43.291430796001805 -709.7884615384615 0.07700561053038396 -0.004290390034149433 0.459797 0.464761 0.9406225073952343 0.009404645790015053 0.5430927621199672 0.0346092203870591
exp_tsweep/opt_0.3/6/ 0.3 42.53501887599123 -709.9920909540286 0.07582848328675998 0.0027011609559035254 0.47101798048048055 0.0061028606853396235 0.9409510873146624 0.009771347228694239 0.5435204958813837 0.03548329963248158
exp_tsweep/opt_0.3/7/ 0.3 41.65445886399539 -710.0108001963672 0.07749629136360106 -0.0006093309751766106 0.47127127994011975 0.00623137305861121 0.9412070642126791 0.006487767580508632 0.542985681799591 0.032913831548730024
exp_tsweep/opt_0.3/8/ 0.3 42.15832975800731 -709.8936484490399 0.07648847207094697 -0.0013062385919191148 0.47055845645645644 0.006107096662941104 0.9410426613366133 0.007860654538665723 0.5425370168101681 0.033372386918500356
exp_tsweep/opt_0.31/1/ 0.31 127.63865061600518 -704.2779973649539 0.1796202070567601 0.02008093155171819 0.47037177203647423 0.006838711014965388 0.9229751249999999 0.016008993290136997 0.5162929547697368 0.040699992910501775
exp_tsweep/opt_0.31/2/ 0.31 83.24879483699624 -708.3290766208252 0.11932138535801189 -0.0065080778501104665 0.4707446083086053 0.0063697314982604225 0.9393110204415374 0.0102452021341212 0.5404061095666395 0.03493214734639173
exp_tsweep/opt_0.31/3/ 0.31 1306.3263135939924 -457.3854166666667 1.3512283660247386 0.16341170711684888 0.44940536599423636 0.006698678298065684 0.2253718590551181 0.07116098703437794 0.014133852976377953 0.02479877564969302
exp_tsweep/opt_0.31/4/ 0.31 938.6885367280047 -456.18045112781954 1.087543217549801 0.055775008873217714 0.44995500000000005 0.007116243167496562 0.2236243395638629 0.06566008464395758 0.013699372632398754 0.020202561314558908
exp_tsweep/opt_0.31/5/ 0.31 86.23136236300343 -708.4064960629921 0.11860590352304536 0.00935088372519432 0.47055885285285287 0.008152056608876294 0.9390829573770492 0.008887197228514238 0.5386320549180327 0.03459285005906971
exp_tsweep/opt_0.31/6/ 0.31 1682.3972260890005 -456.6 1.5041276541570534 0.18453040427070178 0.45016435588235293 0.006789966787568915 0.22134026746031746 0.07170194134886394 0.013462958912698414 0.01972801190763982
exp_tsweep/opt_0.31/7/ 0.31 85.19552524099709 -708.4950495049505 0.12443175514153898 0.01035891809954562 0.471115 0.468118 0.9391892037953795 0.009628835669507587 0.5383562458745874 0.03526925550836681
exp_tsweep/opt_0.31/8/ 0.31 1063.4136354759976 -452.70940170940173 1.0165594967682388 0.17893322112253593 0.4491465698005698 0.006336945701252809 0.21546947285601886 0.05687933052943436 0.012829789535798585 0.020284068420902093
exp_tsweep/opt_0.32/1/ 0.32 1824.1724137120036 -435.74626865671644 1.5355508347307703 0.06597549689753487 0.45068783870967744 0.008881257480579595 0.23386028869047618 0.12632735942147202 0.025282732321428567 0.06387116651404534
exp_tsweep/opt_0.32/2/ 0.32 3656.090724583002 -439.1470588235294 2.3189203552699 0.13841936165745472 0.44945712903225804 0.008884315977113838 0.21108419642857143 0.07215846763991034 0.013576384166666663 0.021077870962438322
exp_tsweep/opt_0.32/3/ 0.32 159.03902311199636 -707.001872659176 0.17476032414028939 -0.020443854663044173 0.47019408988764044 0.00797302921884176 0.9376218255451714 0.009074409870573433 0.5375234003115265 0.03459751084549634
exp_tsweep/opt_0.32/5/ 0.32 241.97380304400576 -707.1271820448878 0.2045574015946145 0.01572039737705893 0.457101 0.466937 0.9341947589424572 0.021965811282668585 0.5331484479004664 0.043922447387828405
exp_tsweep/opt_0.32/6/ 0.32 1376.7496723220102 -433.7613636363636 1.286551776935946 0.031235501939117116 0.4489793189189189 0.008831668658769458 0.21578118208955227 0.09075657359267846 0.016839132686567164 0.03446946583501345
exp_tsweep/opt_0.32/7/ 0.32 1527.0896587729949 -434.11392405063293 1.683019556725313 0.11824479576172538 0.44922443243243243 0.007197541719753822 0.22224207014925373 0.09072418004804783 0.01553897 0.022996461948293963
exp_tsweep/opt_0.32/8/ 0.32 2361.862174437003 -437.2307692307692 1.6750906061812614 0.2001330324032362 0.449638318918919 0.009055273539582838 0.2149450788690476 0.0804527257191705 0.017033727723214282 0.03636264509072198
exp_tsweep/opt_0.35/1/ 0.35 1508.153775128012 -384.66279069767444 1.5349374959850741 0.009343227389874562 0.44717623841059595 0.00705968476465295 0.17758640237691 0.05695690618624208 0.01170722325976231 0.019111168965350884
exp_tsweep/opt_0.35/2/ 0.35 2055.9034241110203 -381.3125 1.7658151169767886 0.12788103048509156 0.456236 0.456182 0.17962735641891892 0.06345464352667682 0.011942563243243243 0.0209553115669768
exp_tsweep/opt_0.35/3/ 0.35 1689.651193097001 -387.94805194805195 1.6011355499716653 0.08322114938448998 0.44686700000000007 0.008052729188137611 0.17798904584040745 0.048032908586330206 0.011050743938879457 0.015034837738106452
exp_tsweep/opt_0.35/4/ 0.35 1405.4695334889984 -387.0108695652174 1.4602883294108604 0.031238873942359836 0.4476142960526316 0.00784555949653488 0.17524164805414552 0.05086850332490359 0.011274673485617597 0.015777059600733223
exp_tsweep/opt_0.35/5/ 0.35 1678.1972167770145 -388.2857142857143 1.6441637576856745 0.05193989549883138 0.4474910328947369 0.008463569753902965 0.17938553378378377 0.062341941657284065 0.0126707925 0.023785152152788647
exp_tsweep/opt_0.35/6/ 0.35 3273.2596552040195 -386.1463414634146 2.236882171866614 0.11684163636160241 0.447403375 0.008344298227258398 0.18137294256756756 0.07073896509878203 0.012789037364864865 0.02849274724351009
exp_tsweep/opt_0.35/7/ 0.35 1678.1497685030045 -383.02564102564105 1.5380313884739427 0.0965240620886613 0.4463061644736842 0.007192036705935761 0.1754710824915825 0.05665552109902099 0.011307516548821549 0.01840867061487167
exp_tsweep/opt_0.35/8/ 0.35 1770.0071040990006 -385.9594594594595 1.6058284078710388 -0.0008099461781597705 0.4477273660130719 0.008040418815508276 0.17971073063973064 0.06460712400877337 0.01237186260942761 0.02309226148560205
exp_tsweep/opt_0.4/1/ 0.4 1239.077435840998 -320.8556701030928 1.4832461241744943 0.02238296666294559 0.4448912619047619 0.008041346104322408 0.14438045659163987 0.043001630796308254 0.00935512382636656 0.012267071700890673
exp_tsweep/opt_0.4/2/ 0.4 663.629698898003 -319.8953488372093 1.0117634946404217 0.030833774299015588 0.4458552738095238 0.00654260893217026 0.1427644541062802 0.04116199301162564 0.009742348309178743 0.013639995936364384
exp_tsweep/opt_0.4/3/ 0.4 911.047328605986 -317.7519379844961 1.2974730103928125 -0.024809228740312148 0.44602048809523814 0.006548406083769814 0.1419548154093098 0.03981638065957131 0.00911182065810594 0.011898596276188837
exp_tsweep/opt_0.4/4/ 0.4 950.4596249129827 -320.6693548387097 1.20562340978294 0.0033435645171020455 0.44512703726708075 0.007380158459885608 0.14301064261744967 0.03919241920117204 0.009509692013422819 0.010194582238379768
exp_tsweep/opt_0.4/5/ 0.4 943.0704574069969 -319.128 1.2011714815129437 -0.04014052272275247 0.4447580061349693 0.007279506545921197 0.14240271162790696 0.0377695693722202 0.009289402242524916 0.011046195042924737
exp_tsweep/opt_0.4/6/ 0.4 1077.4369672050088 -320.95454545454544 1.3278570546658421 0.05201914906446 0.444935005952381 0.007096781666207699 0.14420897749196143 0.04331174885914254 0.01028224231511254 0.01681132777536646
exp_tsweep/opt_0.4/7/ 0.4 413.7300928980112 -318.54651162790697 0.8289857916567936 0.02003137238832805 0.4457560238095238 0.008180465631723786 0.14362984565916398 0.03888329559808194 0.009798139726688103 0.012998847863620376
exp_tsweep/opt_0.4/8/ 0.4 959.222623262991 -320.7642276422764 1.0617824736692087 0.041546262878452984 0.44565304375 0.006638862542208261 0.14344327918781727 0.03980989906686441 0.009597665279187817 0.01261081130570437
exp_tsweep/opt_0.6/1/ 0.6 131.71863468698575 -185.03459821428572 0.40123338687971505 0.03335943132190346 0.44215844285714284 0.004810655878932747 0.09564031806020067 0.018378836495593777 0.007634086733556299 0.005520882272626009
exp_tsweep/opt_0.6/2/ 0.6 130.87806857998658 -185.07415730337078 0.39023412641966526 0.032315185112957515 0.44243207755102043 0.005007246055397314 0.09556954132509825 0.01849087517270549 0.007815831207186973 0.005490282240252157
exp_tsweep/opt_0.6/3/ 0.6 136.59645555999305 -184.76758045292016 0.42031447011090906 0.010848406007158907 0.442173365470852 0.005231554943253352 0.09577607970238096 0.018306028515920354 0.0077103153809523805 0.00516965677013199
exp_tsweep/opt_0.6/4/ 0.6 87.6939956129936 -184.62349066959385 0.3891755611692247 0.014137000516237388 0.4419939311064719 0.005664424885121041 0.09576853700657895 0.01849452605293 0.007595026754385964 0.004645680640886236
exp_tsweep/opt_0.6/5/ 0.6 92.58739362002234 -184.67727771679472 0.3965446270216655 0.005880689995696762 0.4423756046511628 0.0051819682448092 0.09571660735455542 0.017917593837096662 0.007617390312843029 0.004984225527600037
exp_tsweep/opt_0.6/6/ 0.6 131.1338215010037 -185.08955223880596 0.4101405720232729 0.011340522036885693 0.4423009451476793 0.0050754926917986765 0.09585590120412844 0.01851735467109301 0.0076962260837155965 0.005143794359874687
exp_tsweep/opt_0.6/7/ 0.6 125.80348928101012 -185.2392703862661 0.36452848931870324 -0.0015925451943587213 0.44218099604743083 0.004972535875743633 0.09604905919571045 0.018378280882219093 0.0077319015603217155 0.005048724677177781
exp_tsweep/opt_0.6/8/ 0.6 97.89483844401548 -184.86496028243602 0.34923176631879105 0.0012295358379463086 0.441790010460251 0.005347703523260609 0.09542692998897465 0.018171135766643323 0.007603820154355016 0.005034868192942039
exp_tsweep/opt_1.0/1/ 1.0 62.04389802200603 -107.98721227621483 0.2761132608019341 0.010235715914133805 0.44041310344827583 0.00518487052781075 0.0766907389984017 0.015637547570089824 0.007155032647842301 0.004116245895598229
exp_tsweep/opt_1.0/2/ 1.0 93.43436039199878 -108.74239713774597 0.2924247722837129 -0.00025245397417962697 0.4404580420168067 0.00485606138584641 0.07689187424581007 0.015954967166693212 0.007179389715083798 0.003957043533060108
exp_tsweep/opt_1.0/3/ 1.0 62.57231892300479 -108.77986577181208 0.2461173625021584 -0.0010493919020314244 0.440734896484375 0.005034095383589924 0.0762642180547792 0.016299401243189512 0.007148001224147568 0.004015136293805353
exp_tsweep/opt_1.0/4/ 1.0 93.35646427900065 -109.11959521619136 0.2916739704989953 -0.009601244978459586 0.44033244893617024 0.00516239904033462 0.07634093517241378 0.01628424468744389 0.007124519568965517 0.004231117443881778
exp_tsweep/opt_1.0/5/ 1.0 93.78660536199459 -109.02570921985816 0.28725354329300656 -0.0001228821484801322 0.436441 0.439814 0.07633459506925207 0.015977085303517012 0.007132654155124652 0.004477367776841196
exp_tsweep/opt_1.0/6/ 1.0 93.03047995601082 -108.54207263064659 0.2888247983016846 0.010256809720219303 0.44011393263157894 0.004891130651731112 0.07659817594026548 0.016231415416730188 0.007054447831858407 0.004399569332954176
exp_tsweep/opt_1.0/7/ 1.0 62.279849060985725 -108.98394863563404 0.28362093038808284 -0.0045129648758279305 0.4404700705645161 0.005045028562718914 0.07655994476190475 0.01563805888626822 0.0070420481804511275 0.004707631696820538
exp_tsweep/opt_1.0/8/ 1.0 43.50996855998528 -108.43972602739726 0.2497115016650354 0.0037430745649283037 0.4403807076923077 0.004670512404795371 0.07602940399315458 0.01708894290859231 0.0073068372960638905 0.0046021726949228604
