Ts, Peak Strengths and Energies: 
0.014210210210210208 0.10600713296025788 18.169824219589813
0.028168168168168167 0.1661302409622749 34.99779072076913
0.01645345345345345 0.736689935662298 20.873248515771717
0.14406906906906905 0.876477300778788 260.01789910268684
0.02368168168168168 7.91744662248675 29.593841338266827
0.10643243243243242 11.855386643383781 154.84902514630576
0.09122822822822822 17.32264766406115 128.47471027510645
0.12063963963963963 27.09180690248604 182.43426584532557
0.018447447447447446 40.44350703088662 23.283273190312986
0.047858858858858856 44.806274385778124 58.78366754771981
0.08499699699699699 57.752485388052264 118.17910688133843
0.03664264264264264 62.635243381821965 45.1929141877569
0.16899399399399398 84.12983964813498 314.06840495777
0.02044144144144144 106.93618054245962 25.62374239124312
0.21485585585585584 136.64245812345825 406.2143542133936
0.19217417417417415 155.07811831373897 361.05733145669643
0.07876576576576576 161.254805515493 107.62975200741997
0.05658258258258258 190.21559770120598 70.5211541949556
0.031159159159159157 479.3462401460404 38.78542004422432
0.0658048048048048 968.4357306002616 85.57977691106235
0.13758858858858858 7569.08391040634 234.0638840150697
Sanity check, these two shouldn't be too different. Minimum U in solution: 1.3999900176236031 Minimum U studied: 0.0 What about other side: 446.12425889103315 and 449.80000000000001
