l0 kb T costheta_s kappa theta_s lp Tr lp_se
1.0 0.01 0.005 0.9 600.0 0.4510268117962624 1.5848455921289246 0.5 0.025505818498651023
1.0 0.01 0.01 0.9 600.0 0.4510268117962624 0.9369886132781673 1.0 0.04025908419826172
1.0 0.01 0.02 0.9 600.0 0.4510268117962624 0.8480060409564263 2.0 0.042990205300743406
1.0 0.01 0.03 0.9 600.0 0.4510268117962624 0.9283649952729153 3.0 0.04566279455393142
1.0 0.01 0.04 0.9 600.0 0.4510268117962624 0.9060253334494789 4.0 0.05216664481817001
1.0 0.01 0.05 0.9 600.0 0.4510268117962624 0.7763822689723372 5.0 0.07432584767116487
1.0 0.01 0.075 0.9 600.0 0.4510268117962624 0.8094905863925885 7.5 0.0452098189960224
1.0 0.01 0.1 0.9 600.0 0.4510268117962624 0.8002950005651835 10.0 0.08778875603942106
1.0 0.01 0.15 0.9 600.0 0.4510268117962624 0.8019997551647529 15.0 0.05131231407603412
1.0 0.01 0.2 0.9 600.0 0.4510268117962624 0.8747643366131677 20.0 0.06467635803057546
1.0 0.01 0.25 0.9 600.0 0.4510268117962624 0.8489217825115881 25.0 0.09291214010483297
1.0 0.01 0.3 0.9 600.0 0.4510268117962624 0.8624038197767929 30.0 0.054155790032627486
1.0 0.01 0.4 0.9 600.0 0.4510268117962624 0.8614302150242265 40.0 0.0623061060902413
1.0 0.01 0.6 0.9 600.0 0.4510268117962624 0.7753969380966441 60.0 0.037161404364399575
1.0 0.01 1.0 0.9 600.0 0.4510268117962624 0.785266646799885 100.0 0.04199752815746815
1.0 0.1 0.005 0.9 600.0 0.4510268117962624 19.469152898340695 0.049999999999999996 0.04961397762872766
1.0 0.1 0.01 0.9 600.0 0.4510268117962624 9.489410887047383 0.09999999999999999 0.021377700743132954
1.0 0.1 0.02 0.9 600.0 0.4510268117962624 4.490571341208812 0.19999999999999998 0.011016775830301964
1.0 0.1 0.03 0.9 600.0 0.4510268117962624 2.850892444142267 0.3 0.008145783516173788
1.0 0.1 0.04 0.9 600.0 0.4510268117962624 2.015978419777243 0.39999999999999997 0.03353399274786675
1.0 0.1 0.05 0.9 600.0 0.4510268117962624 1.5355242686660817 0.5 0.04555143155709836
1.0 0.1 0.075 0.9 600.0 0.4510268117962624 1.1273045397907904 0.7499999999999999 0.03514674466178811
1.0 0.1 0.1 0.9 600.0 0.4510268117962624 0.9870253232690976 1.0 0.05054420868688099
1.0 0.1 0.15 0.9 600.0 0.4510268117962624 0.8143056638767431 1.4999999999999998 0.06664852920509545
1.0 0.1 0.2 0.9 600.0 0.4510268117962624 0.7917666616678651 2.0 0.06891709177582017
1.0 0.1 0.25 0.9 600.0 0.4510268117962624 0.8528837260915261 2.5 0.05730097549148487
1.0 0.1 0.3 0.9 600.0 0.4510268117962624 0.7965079996767525 2.9999999999999996 0.061339405016501335
1.0 0.1 0.4 0.9 600.0 0.4510268117962624 0.8350256820277643 4.0 0.04099586950591389
1.0 0.1 0.6 0.9 600.0 0.4510268117962624 0.91536329344473 5.999999999999999 0.05813057545903483
1.0 0.1 1.0 0.9 600.0 0.4510268117962624 0.8122976492860454 10.0 0.05935380935383295
1.0 0.2 0.005 0.9 600.0 0.4510268117962624 39.50915492419077 0.024999999999999998 0.1157902694918324
1.0 0.2 0.01 0.9 600.0 0.4510268117962624 19.472536558010372 0.049999999999999996 0.05178204860017938
1.0 0.2 0.02 0.9 600.0 0.4510268117962624 9.453092094734325 0.09999999999999999 0.02537735122858638
1.0 0.2 0.03 0.9 600.0 0.4510268117962624 6.142305419639502 0.15 0.0088748891014607
1.0 0.2 0.04 0.9 600.0 0.4510268117962624 4.50680668673616 0.19999999999999998 0.01522064053240787
1.0 0.2 0.05 0.9 600.0 0.4510268117962624 3.5158331905341678 0.25 0.011404400156700878
1.0 0.2 0.075 0.9 600.0 0.4510268117962624 2.193724553974964 0.37499999999999994 0.009285672098060617
1.0 0.2 0.1 0.9 600.0 0.4510268117962624 1.6243214648028168 0.5 0.02905893586913848
1.0 0.2 0.15 0.9 600.0 0.4510268117962624 1.0836322663299978 0.7499999999999999 0.03194058492608719
1.0 0.2 0.2 0.9 600.0 0.4510268117962624 0.9535442306697869 1.0 0.05641703238602529
1.0 0.2 0.25 0.9 600.0 0.4510268117962624 0.8707682481748689 1.25 0.05023687139830453
1.0 0.2 0.3 0.9 600.0 0.4510268117962624 0.9195823408719616 1.4999999999999998 0.05998472286957354
1.0 0.2 0.4 0.9 600.0 0.4510268117962624 0.800832722170752 2.0 0.06526018447801495
1.0 0.2 0.6 0.9 600.0 0.4510268117962624 0.8117858664648074 2.9999999999999996 0.08078378298478
1.0 0.2 1.0 0.9 600.0 0.4510268117962624 0.8529225027482561 5.0 0.056828172539514575
1.0 0.5 0.005 0.9 600.0 0.4510268117962624 99.60158684004405 0.01 0.13839575617951103
1.0 0.5 0.01 0.9 600.0 0.4510268117962624 49.477189516820594 0.02 0.08156274483260852
1.0 0.5 0.02 0.9 600.0 0.4510268117962624 24.444530086407244 0.04 0.06857906686334259
1.0 0.5 0.03 0.9 600.0 0.4510268117962624 16.205356868796095 0.06 0.04461311428375938
1.0 0.5 0.04 0.9 600.0 0.4510268117962624 11.98084966683113 0.08 0.029622827617806286
1.0 0.5 0.05 0.9 600.0 0.4510268117962624 9.496610262378827 0.09999999999999999 0.019006564178725198
1.0 0.5 0.075 0.9 600.0 0.4510268117962624 6.1482298787495155 0.15 0.01024345688669377
1.0 0.5 0.1 0.9 600.0 0.4510268117962624 4.49848484488526 0.19999999999999998 0.015741556923053467
1.0 0.5 0.15 0.9 600.0 0.4510268117962624 2.8186089563504764 0.3 0.014317407547917264
1.0 0.5 0.2 0.9 600.0 0.4510268117962624 2.0284283004761283 0.39999999999999997 0.01034193744418371
1.0 0.5 0.25 0.9 600.0 0.4510268117962624 1.6176052806215337 0.5 0.03287292201000566
1.0 0.5 0.3 0.9 600.0 0.4510268117962624 1.2914627841077804 0.6 0.05976896205466469
1.0 0.5 0.4 0.9 600.0 0.4510268117962624 1.0851236139435185 0.7999999999999999 0.03680575891647585
1.0 0.5 0.6 0.9 600.0 0.4510268117962624 0.9744778774258339 1.2 0.03580856013233197
1.0 0.5 1.0 0.9 600.0 0.4510268117962624 0.7397901887997473 2.0 0.04301530219419878
1.0 1.0 0.005 0.9 600.0 0.4510268117962624 199.57397585401836 0.005 0.2977528025348763
1.0 1.0 0.01 0.9 600.0 0.4510268117962624 99.58318560068246 0.01 0.19590982694063228
1.0 1.0 0.02 0.9 600.0 0.4510268117962624 49.45827597614288 0.02 0.085787676757656
1.0 1.0 0.03 0.9 600.0 0.4510268117962624 32.815610114614216 0.03 0.07179344123401839
1.0 1.0 0.04 0.9 600.0 0.4510268117962624 24.47743526873797 0.04 0.03546092243517313
1.0 1.0 0.05 0.9 600.0 0.4510268117962624 19.471117733764185 0.049999999999999996 0.04908201716580174
1.0 1.0 0.075 0.9 600.0 0.4510268117962624 12.844444646312882 0.075 0.04266148673470645
1.0 1.0 0.1 0.9 600.0 0.4510268117962624 9.506989826363373 0.09999999999999999 0.01944573094300163
1.0 1.0 0.15 0.9 600.0 0.4510268117962624 6.168059448864266 0.15 0.013635881306186723
1.0 1.0 0.2 0.9 600.0 0.4510268117962624 4.488101408610459 0.19999999999999998 0.017038530149198282
1.0 1.0 0.25 0.9 600.0 0.4510268117962624 3.481290804269969 0.25 0.010160828230880452
1.0 1.0 0.3 0.9 600.0 0.4510268117962624 2.830283150082351 0.3 0.017348383391488472
1.0 1.0 0.4 0.9 600.0 0.4510268117962624 2.0532602776686377 0.39999999999999997 0.01731322398094522
1.0 1.0 0.6 0.9 600.0 0.4510268117962624 1.361749581369839 0.6 0.04210446698324263
1.0 1.0 1.0 0.9 600.0 0.4510268117962624 1.0422668506173425 1.0 0.03251446032636744
1.0 2.0 0.005 0.9 600.0 0.4510268117962624 401.02234019596824 0.0025 0.6773928838084394
1.0 2.0 0.01 0.9 600.0 0.4510268117962624 200.06782759134796 0.005 0.4736610868036205
1.0 2.0 0.02 0.9 600.0 0.4510268117962624 99.67808354063766 0.01 0.1563546924839816
1.0 2.0 0.03 0.9 600.0 0.4510268117962624 66.23896607568295 0.015 0.07509741216618088
1.0 2.0 0.04 0.9 600.0 0.4510268117962624 49.43979397340836 0.02 0.13362785877537797
1.0 2.0 0.05 0.9 600.0 0.4510268117962624 39.542835106509244 0.024999999999999998 0.09727560054938862
1.0 2.0 0.075 0.9 600.0 0.4510268117962624 26.133490451585224 0.0375 0.05235723462241615
1.0 2.0 0.1 0.9 600.0 0.4510268117962624 19.496669497805875 0.049999999999999996 0.03837402793316706
1.0 2.0 0.15 0.9 600.0 0.4510268117962624 12.763534268650297 0.075 0.038039467490748546
1.0 2.0 0.2 0.9 600.0 0.4510268117962624 9.474080201095534 0.09999999999999999 0.022139015382167924
1.0 2.0 0.25 0.9 600.0 0.4510268117962624 7.4849347613455635 0.125 0.01781401712891322
1.0 2.0 0.3 0.9 600.0 0.4510268117962624 6.147157102753016 0.15 0.020125719528835014
1.0 2.0 0.4 0.9 600.0 0.4510268117962624 4.464062291360697 0.19999999999999998 0.012456697969898813
1.0 2.0 0.6 0.9 600.0 0.4510268117962624 2.8300839240773525 0.3 0.017896213534242447
1.0 2.0 1.0 0.9 600.0 0.4510268117962624 1.5931167656416063 0.5 0.030947971180808914
1.0 4.0 0.005 0.9 600.0 0.4510268117962624 798.3312276121794 0.00125 1.3544806784129275
1.0 4.0 0.01 0.9 600.0 0.4510268117962624 399.22585441470943 0.0025 1.1060415622649526
1.0 4.0 0.02 0.9 600.0 0.4510268117962624 199.2857897291707 0.005 0.4342232322566388
1.0 4.0 0.03 0.9 600.0 0.4510268117962624 132.62818189642311 0.0075 0.27363490154827375
1.0 4.0 0.04 0.9 600.0 0.4510268117962624 99.48588342437436 0.01 0.2022979641614885
1.0 4.0 0.05 0.9 600.0 0.4510268117962624 79.51686024450896 0.012499999999999999 0.15668777349645885
1.0 4.0 0.075 0.9 600.0 0.4510268117962624 52.77706837911943 0.01875 0.11758177170274337
1.0 4.0 0.1 0.9 600.0 0.4510268117962624 39.617875375257995 0.024999999999999998 0.07720260027109019
1.0 4.0 0.15 0.9 600.0 0.4510268117962624 26.164218439817244 0.0375 0.06223657864829173
1.0 4.0 0.2 0.9 600.0 0.4510268117962624 19.49386489361997 0.049999999999999996 0.039791298718517866
1.0 4.0 0.25 0.9 600.0 0.4510268117962624 15.458760311020498 0.0625 0.036807668975115934
1.0 4.0 0.3 0.9 600.0 0.4510268117962624 12.809696191741516 0.075 0.025751891845557373
1.0 4.0 0.4 0.9 600.0 0.4510268117962624 9.519495915359453 0.09999999999999999 0.01834897579853631
1.0 4.0 0.6 0.9 600.0 0.4510268117962624 6.148581122573784 0.15 0.013036953641892028
1.0 4.0 1.0 0.9 600.0 0.4510268117962624 3.4684287578007202 0.25 0.015274584161154087
1.0 10.0 0.005 0.9 600.0 0.4510268117962624 2002.3000130822977 0.0005 4.662424657305279
1.0 10.0 0.01 0.9 600.0 0.4510268117962624 996.216202294889 0.001 1.6547117445453887
1.0 10.0 0.02 0.9 600.0 0.4510268117962624 499.3267284867243 0.002 0.41641742953464306
1.0 10.0 0.03 0.9 600.0 0.4510268117962624 332.90744161120347 0.0029999999999999996 0.37793763585616463
1.0 10.0 0.04 0.9 600.0 0.4510268117962624 249.91407053345202 0.004 0.7863412541080824
1.0 10.0 0.05 0.9 600.0 0.4510268117962624 199.65557021703233 0.005 0.44774205910021214
1.0 10.0 0.075 0.9 600.0 0.4510268117962624 133.3258100940877 0.0075 0.3107813306860403
1.0 10.0 0.1 0.9 600.0 0.4510268117962624 99.48433537118646 0.01 0.27459770395773486
1.0 10.0 0.15 0.9 600.0 0.4510268117962624 66.15798510461006 0.015 0.1464134376505566
1.0 10.0 0.2 0.9 600.0 0.4510268117962624 49.59850691685571 0.02 0.09305962884208525
1.0 10.0 0.25 0.9 600.0 0.4510268117962624 39.4536925692597 0.024999999999999998 0.12674237427633742
1.0 10.0 0.3 0.9 600.0 0.4510268117962624 32.74230182815886 0.03 0.048191517599830994
1.0 10.0 0.4 0.9 600.0 0.4510268117962624 24.49114536900144 0.04 0.04084088912157493
1.0 10.0 0.6 0.9 600.0 0.4510268117962624 16.13918522627266 0.06 0.03614382101756216
1.0 10.0 1.0 0.9 600.0 0.4510268117962624 9.529837917355437 0.09999999999999999 0.014599242782153013
1.0 11.0 0.005 0.9 600.0 0.4510268117962624 2200.9225220133007 0.0004545454545454545 4.005583341009613
1.0 11.0 0.01 0.9 600.0 0.4510268117962624 1101.7991009792672 0.000909090909090909 1.2531485282152623
1.0 11.0 0.02 0.9 600.0 0.4510268117962624 549.4427642116542 0.001818181818181818 0.7747049336818254
1.0 11.0 0.03 0.9 600.0 0.4510268117962624 366.338177063089 0.002727272727272727 0.8659498278366571
1.0 11.0 0.04 0.9 600.0 0.4510268117962624 274.61889531777115 0.003636363636363636 0.43639157290894837
1.0 11.0 0.05 0.9 600.0 0.4510268117962624 219.84779279540047 0.004545454545454546 0.2743833840887044
1.0 11.0 0.075 0.9 600.0 0.4510268117962624 146.10365013470945 0.006818181818181819 0.41347013761216184
1.0 11.0 0.1 0.9 600.0 0.4510268117962624 109.4095918803332 0.009090909090909092 0.26185620984621094
1.0 11.0 0.15 0.9 600.0 0.4510268117962624 72.70315778947518 0.013636363636363637 0.08922624788438745
1.0 11.0 0.2 0.9 600.0 0.4510268117962624 54.45899937437289 0.018181818181818184 0.17623564337154207
1.0 11.0 0.25 0.9 600.0 0.4510268117962624 43.340290468492974 0.02272727272727273 0.11125825123155264
1.0 11.0 0.3 0.9 600.0 0.4510268117962624 36.14196721924242 0.027272727272727275 0.050913461127900746
1.0 11.0 0.4 0.9 600.0 0.4510268117962624 26.932193441435032 0.03636363636363637 0.05057637706812246
1.0 11.0 0.6 0.9 600.0 0.4510268117962624 17.849625542794143 0.05454545454545455 0.03757285830322818
1.0 11.0 1.0 0.9 600.0 0.4510268117962624 10.491904681237623 0.09090909090909093 0.033517518837089866
1.0 12.0 0.005 0.9 600.0 0.4510268117962624 2400.172621049758 0.0004166666666666667 6.738770596544279
1.0 12.0 0.01 0.9 600.0 0.4510268117962624 1199.0542636454722 0.0008333333333333334 2.474279320172044
1.0 12.0 0.02 0.9 600.0 0.4510268117962624 601.7553218260673 0.0016666666666666668 0.9024207098060152
1.0 12.0 0.03 0.9 600.0 0.4510268117962624 399.90231194416117 0.0025 0.6300362009915349
1.0 12.0 0.04 0.9 600.0 0.4510268117962624 299.94621276023366 0.0033333333333333335 0.8842674812737645
1.0 12.0 0.05 0.9 600.0 0.4510268117962624 239.40458000067153 0.004166666666666667 0.5168858591185785
1.0 12.0 0.075 0.9 600.0 0.4510268117962624 159.30113067515336 0.0062499999999999995 0.35320458217957895
1.0 12.0 0.1 0.9 600.0 0.4510268117962624 119.30308311431423 0.008333333333333333 0.16433814319593212
1.0 12.0 0.15 0.9 600.0 0.4510268117962624 79.1733077280921 0.012499999999999999 0.20018656373111457
1.0 12.0 0.2 0.9 600.0 0.4510268117962624 59.5901791984749 0.016666666666666666 0.14677802979676424
1.0 12.0 0.25 0.9 600.0 0.4510268117962624 47.45634277260557 0.020833333333333332 0.0817310128324531
1.0 12.0 0.3 0.9 600.0 0.4510268117962624 39.37701907254018 0.024999999999999998 0.09202862593931674
1.0 12.0 0.4 0.9 600.0 0.4510268117962624 29.507341164972775 0.03333333333333333 0.0977235179829988
1.0 12.0 0.6 0.9 600.0 0.4510268117962624 19.516641746813946 0.049999999999999996 0.040302871908670004
1.0 12.0 1.0 0.9 600.0 0.4510268117962624 11.503195270552759 0.08333333333333333 0.029709513529927175
1.0 13.0 0.005 0.9 600.0 0.4510268117962624 2597.2773566655155 0.00038461538461538467 3.790508863255362
1.0 13.0 0.01 0.9 600.0 0.4510268117962624 1296.5737379766038 0.0007692307692307693 1.7785230163712935
1.0 13.0 0.02 0.9 600.0 0.4510268117962624 651.2968648417306 0.0015384615384615387 1.545641865405857
1.0 13.0 0.03 0.9 600.0 0.4510268117962624 432.89009028677435 0.0023076923076923075 1.039497733208985
1.0 13.0 0.04 0.9 600.0 0.4510268117962624 324.95844907055505 0.0030769230769230774 0.7362211462773218
1.0 13.0 0.05 0.9 600.0 0.4510268117962624 258.86448546372725 0.0038461538461538464 0.5615196032182841
1.0 13.0 0.075 0.9 600.0 0.4510268117962624 173.63972732218232 0.005769230769230769 0.320153829125628
1.0 13.0 0.1 0.9 600.0 0.4510268117962624 129.3637410686892 0.007692307692307693 0.286756097982344
1.0 13.0 0.15 0.9 600.0 0.4510268117962624 86.01304726391561 0.011538461538461537 0.19476185592709783
1.0 13.0 0.2 0.9 600.0 0.4510268117962624 64.5024323283059 0.015384615384615385 0.17196877557265774
1.0 13.0 0.25 0.9 600.0 0.4510268117962624 51.40585074537007 0.019230769230769232 0.1232000214155974
1.0 13.0 0.3 0.9 600.0 0.4510268117962624 42.6996327578376 0.023076923076923075 0.07432635138173255
1.0 13.0 0.4 0.9 600.0 0.4510268117962624 31.97364807412974 0.03076923076923077 0.06523055045474725
1.0 13.0 0.6 0.9 600.0 0.4510268117962624 21.134562372590317 0.04615384615384615 0.0378129912082613
1.0 13.0 1.0 0.9 600.0 0.4510268117962624 12.462510783467199 0.07692307692307693 0.023647869064503148
1.0 15.0 0.005 0.9 600.0 0.4510268117962624 2999.0579199981034 0.0003333333333333334 3.2694686819760963
1.0 15.0 0.01 0.9 600.0 0.4510268117962624 1499.5979479121584 0.0006666666666666668 2.235689377339657
1.0 15.0 0.02 0.9 600.0 0.4510268117962624 748.0784177968638 0.0013333333333333335 1.630800785035523
1.0 15.0 0.03 0.9 600.0 0.4510268117962624 500.3837631560733 0.002 0.9627775271406451
1.0 15.0 0.04 0.9 600.0 0.4510268117962624 373.7675046326553 0.002666666666666667 0.5626950140599954
1.0 15.0 0.05 0.9 600.0 0.4510268117962624 300.1183508370444 0.0033333333333333335 0.3580735322823532
1.0 15.0 0.075 0.9 600.0 0.4510268117962624 199.22534967192763 0.005 0.332985234808572
1.0 15.0 0.1 0.9 600.0 0.4510268117962624 149.79934384745525 0.006666666666666667 0.4201865873264897
1.0 15.0 0.15 0.9 600.0 0.4510268117962624 99.34590946185435 0.01 0.2828473371749689
1.0 15.0 0.2 0.9 600.0 0.4510268117962624 74.45041293021092 0.013333333333333334 0.14198292444140279
1.0 15.0 0.25 0.9 600.0 0.4510268117962624 59.3569097905335 0.016666666666666666 0.1588936768067953
1.0 15.0 0.3 0.9 600.0 0.4510268117962624 49.45015155891425 0.02 0.05754248148044523
1.0 15.0 0.4 0.9 600.0 0.4510268117962624 36.89937898766074 0.02666666666666667 0.05294782406569502
1.0 15.0 0.6 0.9 600.0 0.4510268117962624 24.498155875322638 0.04 0.03894641963554077
1.0 15.0 1.0 0.9 600.0 0.4510268117962624 14.52970928710743 0.06666666666666667 0.04943561266403384
1.0 20.0 0.005 0.9 600.0 0.4510268117962624 4001.5894204690558 0.00025 7.147520515260353
1.0 20.0 0.01 0.9 600.0 0.4510268117962624 1998.6582569461948 0.0005 2.15563986648598
1.0 20.0 0.02 0.9 600.0 0.4510268117962624 999.2566322181319 0.001 1.664519960483251
1.0 20.0 0.03 0.9 600.0 0.4510268117962624 667.5796746631188 0.0014999999999999998 0.9533040222263698
1.0 20.0 0.04 0.9 600.0 0.4510268117962624 499.6970970546816 0.002 0.44181197415115014
1.0 20.0 0.05 0.9 600.0 0.4510268117962624 398.9108991770962 0.0025 1.1520098724900436
1.0 20.0 0.075 0.9 600.0 0.4510268117962624 266.2020581174139 0.00375 0.44073840891196725
1.0 20.0 0.1 0.9 600.0 0.4510268117962624 199.57764282848774 0.005 0.2871389480530353
1.0 20.0 0.15 0.9 600.0 0.4510268117962624 132.91701849586414 0.0075 0.45066633720225
1.0 20.0 0.2 0.9 600.0 0.4510268117962624 99.24883185906455 0.01 0.16964268828106496
1.0 20.0 0.25 0.9 600.0 0.4510268117962624 79.769297418926 0.012499999999999999 0.09774126852116215
1.0 20.0 0.3 0.9 600.0 0.4510268117962624 66.21054223638728 0.015 0.11246282220543381
1.0 20.0 0.4 0.9 600.0 0.4510268117962624 49.46972115907756 0.02 0.14753422006111747
1.0 20.0 0.6 0.9 600.0 0.4510268117962624 32.91118564065404 0.03 0.0773836209822886
1.0 20.0 1.0 0.9 600.0 0.4510268117962624 19.50391079954726 0.049999999999999996 0.021641796973576925
1.0 30.0 0.005 0.9 600.0 0.4510268117962624 5979.099610182799 0.0001666666666666667 9.829254239733237
1.0 30.0 0.01 0.9 600.0 0.4510268117962624 3002.277858519932 0.0003333333333333334 4.817431714933675
1.0 30.0 0.02 0.9 600.0 0.4510268117962624 1501.228199439099 0.0006666666666666668 1.6592217835429033
1.0 30.0 0.03 0.9 600.0 0.4510268117962624 998.3469456461103 0.001 1.840175346863405
1.0 30.0 0.04 0.9 600.0 0.4510268117962624 746.2920714132524 0.0013333333333333335 0.8193486906892605
1.0 30.0 0.05 0.9 600.0 0.4510268117962624 599.2267824735578 0.0016666666666666668 0.47360334057452674
1.0 30.0 0.075 0.9 600.0 0.4510268117962624 399.33479508936256 0.0025 0.8106908096951848
1.0 30.0 0.1 0.9 600.0 0.4510268117962624 299.40923742853676 0.0033333333333333335 0.3503951780484476
1.0 30.0 0.15 0.9 600.0 0.4510268117962624 199.05768250722008 0.005 0.4149308432556343
1.0 30.0 0.2 0.9 600.0 0.4510268117962624 148.91688577308364 0.006666666666666667 0.2998747924161331
1.0 30.0 0.25 0.9 600.0 0.4510268117962624 119.75008373324243 0.008333333333333333 0.19711351425094664
1.0 30.0 0.3 0.9 600.0 0.4510268117962624 99.59003839999205 0.01 0.1904549697088093
1.0 30.0 0.4 0.9 600.0 0.4510268117962624 74.35390262596219 0.013333333333333334 0.08120120061936907
1.0 30.0 0.6 0.9 600.0 0.4510268117962624 49.405743053803384 0.02 0.10084470246920943
1.0 30.0 1.0 0.9 600.0 0.4510268117962624 29.492357795111015 0.03333333333333333 0.07650918205811973
1.0 50.0 0.005 0.9 600.0 0.4510268117962624 9955.0581134994 0.00010000000000000002 16.953577813903603
1.0 50.0 0.01 0.9 600.0 0.4510268117962624 4993.311939043369 0.00020000000000000004 6.729170583404159
1.0 50.0 0.02 0.9 600.0 0.4510268117962624 2499.1588091067133 0.0004000000000000001 3.693627795932045
1.0 50.0 0.03 0.9 600.0 0.4510268117962624 1665.772535106605 0.0006 2.2596134808745334
1.0 50.0 0.04 0.9 600.0 0.4510268117962624 1247.090058771828 0.0008000000000000001 1.5589878402496506
1.0 50.0 0.05 0.9 600.0 0.4510268117962624 1000.1921035307322 0.001 1.201883816225391
1.0 50.0 0.075 0.9 600.0 0.4510268117962624 666.4590448035425 0.0014999999999999998 0.6259227791548031
1.0 50.0 0.1 0.9 600.0 0.4510268117962624 498.90851540651454 0.002 0.7207055271070067
1.0 50.0 0.15 0.9 600.0 0.4510268117962624 331.37607416013884 0.0029999999999999996 0.6096047614241817
1.0 50.0 0.2 0.9 600.0 0.4510268117962624 249.84023842886353 0.004 0.25029242057421086
1.0 50.0 0.25 0.9 600.0 0.4510268117962624 199.42568401761739 0.005 0.3653754365723774
1.0 50.0 0.3 0.9 600.0 0.4510268117962624 166.41993259336715 0.005999999999999999 0.3321056715127188
1.0 50.0 0.4 0.9 600.0 0.4510268117962624 125.10010663900512 0.008 0.25584110063204984
1.0 50.0 0.6 0.9 600.0 0.4510268117962624 83.06024638506162 0.011999999999999999 0.16798293542526016
1.0 50.0 1.0 0.9 600.0 0.4510268117962624 49.479556854815584 0.02 0.1321545252398316
