dir Temp autocor_time Emean Ese conv_crit E Estd Q6_4 Q6_4std Q6_5 Q6_5std Q6_6 Q6_6std Q6_8 Q6_8std AvgQ6 AvgQ6_std P2 P2_std
exp_tsweep/opt_0.1/1/ 0.1 13.613256127006025 -719.9939994782155 0.0012474357233361274 0.000737051016417834 0.5108542092772385 0.007242479049356445 0.9557608434952722 0.0020006089332927027 0.8872879755461364 0.021712056405991803
exp_tsweep/opt_0.1/2/ 0.1 40.53239742000005 -719.992314647378 0.001856795346537218 -0.004678318225526163 0.5105455709261429 0.007212511039158765 0.9553345593220337 0.002629717722988805 0.8868675502824859 0.02343069684953113
exp_tsweep/opt_0.1/3/ 0.1 13.556410971999867 -719.9931565440547 0.0013921265277156338 -0.0010480112781633328 0.5094475986696231 0.007248930714228672 0.9523412434069851 0.0034694934916570178 0.8743688196721312 0.024680796215809427
exp_tsweep/opt_0.1/4/ 0.1 20.440728139001294 -719.9959207459208 0.0010880005834749767 -0.005004537413130647 0.5106897912457912 0.007455166253002069 0.9558031580480699 0.001970853508842428 0.8871060830298616 0.02120922067909768
exp_tsweep/opt_0.1/5/ 0.1 20.252931991999503 -719.9907621247113 0.0016254806491888822 0.005813274935845418 0.5109171833333334 0.007468066715289035 0.9558048878066377 0.0020084490861459856 0.8884800321067822 0.021614492457255517
exp_tsweep/opt_0.1/6/ 0.1 20.214778392983135 -719.9947470279237 0.0012019450599744942 -0.002604583311948602 0.5101565516483516 0.007306357039304471 0.955005330684174 0.0024381134349771155 0.884928585348998 0.022549622267705016
exp_tsweep/opt_0.1/7/ 0.1 27.124374497012468 -719.9941715237302 0.0015531795883070515 0.003327199471226748 0.5107257878787879 0.0071427134685588724 0.9557513935506241 0.0020135409967181315 0.8872253040915397 0.021973633346554017
exp_tsweep/opt_0.1/8/ 0.1 40.49582921699039 -719.9945883262466 0.0014424118042815474 8.115489163030304e-05 0.5096642757009345 0.007527087118960356 0.954183568115942 0.0033371873117301614 0.8824669877616748 0.02404904820487827
exp_tsweep/opt_0.15/1/ 0.15 55.16288761800388 -719.8165529010239 0.012527238366750064 0.00015100557746466765 0.5099868993055555 0.011513686601605911 0.9550840021321961 0.002519101134660516 0.8839931151385927 0.025261970160579177
exp_tsweep/opt_0.15/2/ 0.15 54.44914124500065 -719.8111298482294 0.012723020666218443 0.0005966571723445288 0.5103221065292096 0.01169505123608992 0.9557463189473684 0.0020263697990453534 0.8877169600000001 0.023893652184903358
exp_tsweep/opt_0.15/3/ 0.15 54.22841923999658 -719.8075630252101 0.012934952469604957 0.0060108070592623155 0.510201352739726 0.011925543252705513 0.955643648478489 0.0020618601640348677 0.8866538509968521 0.024414177619019962
exp_tsweep/opt_0.15/4/ 0.15 108.98804664300405 -719.8037974683544 0.015220886462551226 -0.001987822251684792 0.5101086254295533 0.011514063630439681 0.9557604878819811 0.0020500735783425357 0.8866643245521602 0.023674261738478773
exp_tsweep/opt_0.15/5/ 0.15 108.99738203598827 -719.8121827411168 0.01596177566052258 0.0014315390223197818 0.5106441890034363 0.011860503833199337 0.9557459398099261 0.0019878600613778327 0.88782586906019 0.02350850821341126
exp_tsweep/opt_0.15/6/ 0.15 54.46127018900006 -719.820707070707 0.012279486150571298 0.0005221254826765321 0.5104215308219179 0.011789342774320368 0.9557175404837014 0.0020622811642988558 0.8859633070452155 0.023541975148957565
exp_tsweep/opt_0.15/7/ 0.15 108.84495848498773 -719.8002528445006 0.016211648684940086 0.010431627843437407 0.5098501305841925 0.01181489165130551 0.9526536210526317 0.0021757483067426785 0.8763485336842105 0.02530849142748697
exp_tsweep/opt_0.15/8/ 0.15 108.42110843800765 -719.7667087011349 0.01691107826755329 -0.0011840328412749406 0.5096170784982936 0.01197066643985688 0.9528405299055615 0.0022445799162465344 0.8765139202518364 0.023739140737499654
exp_tsweep/opt_0.2/1/ 0.2 50.60429695999483 -719.0294811320755 0.023896278494366874 0.0002359395580395351 0.5105015748407643 0.008544305919294325 0.955457869842829 0.0021621965340642884 0.8857978560903733 0.02271466153409434
exp_tsweep/opt_0.2/2/ 0.2 25.230259456991917 -719.0250391236307 0.01977349281511668 0.005876554127767929 0.5107357860538827 0.008519611848419473 0.9555810146627567 0.0022129050647931013 0.886864348973607 0.022738753883672372
exp_tsweep/opt_0.2/3/ 0.2 50.405331083005876 -719.0106698280972 0.024510861872554593 -0.0032219788810814243 0.5100389841521394 0.00830664011726665 0.9546724343534058 0.0028245996864741238 0.8831523489634747 0.024164690888720777
exp_tsweep/opt_0.2/4/ 0.2 25.093511198996566 -719.0342519685039 0.019622025437056413 -0.002694009141343107 0.5119632705696202 0.009106164649194951 0.9556154313821938 0.001994680950375611 0.8878619562223315 0.023637423531211125
exp_tsweep/opt_0.2/5/ 0.2 25.11393982700247 -719.0402684563759 0.019809951507811854 0.002402084762115726 0.5102454896988905 0.008074702430837055 0.9549388697582634 0.002864997356335372 0.8847070034533795 0.022848240504974346
exp_tsweep/opt_0.2/6/ 0.2 25.123285421999753 -719.037372147915 0.019979654825118327 -0.0050364932969201495 0.5101431898734177 0.008541547945155556 0.9552310216322517 0.0023357360232754954 0.8850404208456244 0.023172857130548244
exp_tsweep/opt_0.2/7/ 0.2 25.063319544002297 -719.0251770259638 0.019718227223972155 -0.005037624803108392 0.5102701091772153 0.00846950685570908 0.9553443318584071 0.0022215949704837835 0.885312470501475 0.022554086488587286
exp_tsweep/opt_0.2/8/ 0.2 24.861058780996245 -719.0157109190887 0.02014803465591053 0.006237895950767668 0.5104492559241706 0.008352475834152126 0.955207138861629 0.0023053741746691973 0.8847121378802748 0.022818054159787316
exp_tsweep/opt_0.25/1/ 0.25 27.610804355004802 -717.3097731239093 0.034098641147804525 0.0025055662320869277 0.5102070813106796 0.007211724915997531 0.9550879520174481 0.0034035892788048696 0.883371711377681 0.023453601014585705
exp_tsweep/opt_0.25/2/ 0.25 13.765715718007414 -717.3494152046784 0.028856329211761473 0.0019488742905933638 0.5102024012121211 0.007479150843082006 0.9550238407014979 0.00281830565478786 0.8828953120204603 0.02340075356894039
exp_tsweep/opt_0.25/3/ 0.25 14.049123159988085 -717.3555105582875 0.027688383499762426 0.0039026742020469305 0.5102926282527881 0.007447828025205121 0.9550481576283442 0.0025785786030629886 0.883796492407809 0.023236776505978
exp_tsweep/opt_0.25/4/ 0.25 20.852338783006417 -717.3446107784431 0.028864438563455365 0.001427327622031747 0.5104019124365482 0.007683440830522464 0.9552383853348297 0.00220170705573225 0.8845824556677889 0.02250690591098917
exp_tsweep/opt_0.25/5/ 0.25 27.652766692001023 -717.2689225289404 0.03493775176793281 0.015192970228496297 0.5121912534161491 0.008691606569594884 0.955165290430267 0.0021849963203013356 0.8856816683976262 0.022989217032231113
exp_tsweep/opt_0.25/6/ 0.25 83.30369199099368 -717.2308254200146 0.04591486571768141 0.05140000549004727 0.5115234993757802 0.008094854192622148 0.9547695704379563 0.0028786722334298927 0.8851857229927008 0.023154062220304545
exp_tsweep/opt_0.25/7/ 0.25 27.631917710008565 -717.3312748125276 0.03481768676145944 -0.003432978497638701 0.5101046797066014 0.007386290115313864 0.9551413989713445 0.0025256492456289404 0.8836680631888318 0.022530318257226355
exp_tsweep/opt_0.25/8/ 0.25 20.705711852991953 -713.301365882011 0.02844817227387545 -0.0014915675673429227 0.5100149297163995 0.007679285975994262 0.9485771644880173 0.002237710013065438 0.8807968202614379 0.02292231982825152
exp_tsweep/opt_0.3/1/ 0.3 45.00320754099812 -714.5432670060158 0.05111269599914393 0.01804749426825353 0.5098434111675128 0.007342179672005952 0.9538077502890173 0.004842075031161117 0.879764067822736 0.024759300788668538
exp_tsweep/opt_0.3/2/ 0.3 44.31790559399815 -710.5013574660634 0.05248185305712382 0.00921187029074458 0.509405449754902 0.007344974590175146 0.947420193438914 0.004609209680956031 0.8759870957767721 0.023803137492060582
exp_tsweep/opt_0.3/3/ 0.3 44.2349338799977 -714.4990848078096 0.060114647870476545 0.06445101686955007 0.5094737735148515 0.00745353120276129 0.9528130400304994 0.009175065901793192 0.8775070972169272 0.029953038177446274
exp_tsweep/opt_0.3/4/ 0.3 44.56465350399958 -714.6158063042485 0.050536779897170245 0.023199303296327266 0.5096814139194139 0.007537644811859021 0.9538210342465755 0.004639211974860128 0.8798998055555555 0.02430159670895897
exp_tsweep/opt_0.3/5/ 0.3 29.66889959400578 -714.4986388384755 0.05187713370201812 0.0359572127075067 0.5098321086691087 0.007524368832427632 0.9542420570672713 0.004015651342322007 0.8807302475434617 0.022800869708973503
exp_tsweep/opt_0.3/6/ 0.3 60.98600524700305 -714.4676313785225 0.06889508094707089 0.0642430263745921 0.5091784614443085 0.007470597424167122 0.9504554870624049 0.010264963466187367 0.8747184204718418 0.029591736074150565
exp_tsweep/opt_0.3/7/ 0.3 44.29204975400353 -714.5700460829493 0.0512906600147721 0.029900872160853475 0.5098948815461347 0.007241766830519647 0.9534302909788868 0.0077131636851272296 0.8789639635316698 0.026128533406204236
exp_tsweep/opt_0.3/8/ 0.3 29.494314412004314 -714.6304248515304 0.05199438127363729 0.005089075632740805 0.5098934326328801 0.007461266829290591 0.954407559741248 0.002978032022306516 0.8801467184170472 0.0230604824850883
exp_tsweep/opt_0.34/1/ 0.34 12992.813757507014 -708.8 0.9143303560529968 0.3503290915144729 0.5086929964285715 0.007210313739045164 0.9455353503047688 0.011651320208662512 0.8715672642524201 0.0288271606839448
exp_tsweep/opt_0.34/2/ 0.34 27.564713620988186 -711.8776796973518 0.06014220974667454 0.018381580212716315 0.5094339828431372 0.007554012990100534 0.9533750336252189 0.00416634625579927 0.876569765323993 0.022934905994413796
exp_tsweep/opt_0.34/3/ 0.34 128.75527977599995 -711.338090010977 0.10320589866958486 0.07723911911652637 0.5107176545682103 0.007490281976396712 0.9530495562083822 0.005206246315765769 0.8785446290638464 0.024561222853646356
exp_tsweep/opt_0.34/4/ 0.34 27.572230600984767 -711.9314516129032 0.06227197599449346 0.006686347427228759 0.509531525851198 0.007385386585245104 0.9538282355356477 0.004800924522929943 0.877259344158268 0.024687105312343874
exp_tsweep/opt_0.34/5/ 0.34 559.307795834 -711.4176706827309 0.18847977235405247 0.11001971791039789 0.5091040246609125 0.006852329773778771 0.9513911700607358 0.008912487671070175 0.8745913161843515 0.02709961369911689
exp_tsweep/opt_0.34/6/ 0.34 41.210132124993834 -711.769053117783 0.07438771213198951 0.038951044554592265 0.5136509546568627 0.0083830862424109 0.9535907478354978 0.005004774434068735 0.8810509870129871 0.026237739202106997
exp_tsweep/opt_0.34/7/ 0.34 27.505561119003687 -711.6395939086294 0.058980858660329365 0.00879883467164534 0.5090379892086331 0.007436694224203119 0.9520345738456115 0.012026779761239982 0.874055528022559 0.031114078488376173
exp_tsweep/opt_0.34/8/ 0.34 41.27907162900374 -707.6345222369 0.06361068603232263 0.021337331917297784 0.5089980349819059 0.0071869787602877305 0.9457270315480557 0.007704665817349802 0.8718207256052825 0.027442904361614433
exp_tsweep/opt_0.35/1/ 0.35 53.49074234 -711.2331136738056 0.08849957873897302 -3.1896288707403823e-05 0.5087848466666666 0.010772927622663934 0.9528449516460905 0.0065338873277597485 0.87543325 0.02853176285156514
exp_tsweep/opt_0.35/2/ 0.35 106.7487033560028 -711.1294697903822 0.11002060346398262 0.0076514832049984025 0.5084377076411961 0.010835074519729026 0.9513439168377823 0.009669923843117262 0.8718583100616017 0.03263938489366046
exp_tsweep/opt_0.35/3/ 0.35 373.82423165100045 -710.6381578947369 0.18280115720609016 0.06986798270176733 0.5075915215946843 0.010735757726889327 0.945697547227926 0.011291826133195088 0.8692778891170431 0.03145365052960672
exp_tsweep/opt_0.35/4/ 0.35 160.36476785200648 -710.7858319604613 0.1293235831909856 0.0322305754507227 0.50880735 0.010789766363897784 0.952000054526749 0.00705642008308761 0.8744855864197532 0.026989791937298505
exp_tsweep/opt_0.35/5/ 0.35 106.37904359499225 -706.8413284132841 0.11022537772240087 0.035100875985393375 0.508295940397351 0.011101269585070937 0.9442690389344263 0.01008891884858433 0.8703096588114755 0.028427028021094185
exp_tsweep/opt_0.35/6/ 0.35 3543.2921928089927 -710.8055555555555 0.592936098357364 0.20914159792218162 0.5087859899665551 0.011157051210285334 0.9506150732714138 0.008441359330311943 0.8733860691434469 0.02791693241636894
exp_tsweep/opt_0.35/7/ 0.35 160.25720625100075 -710.7717569786536 0.13531886324488174 0.05524835987427924 0.5079595016611295 0.010819352819495327 0.9496753825641026 0.01535678573414417 0.8692923128205129 0.037963158164990594
exp_tsweep/opt_0.35/8/ 0.35 53.73823495100078 -711.234375 0.086985446351156 -0.005932026153173053 0.5080238205980067 0.01098940210652267 0.9512230256937306 0.011529600794178965 0.8704031212744091 0.033554916371319084
exp_tsweep/opt_0.36/1/ 0.36 2369.4659346479893 -709.3962264150944 0.5278567009993976 0.1407787939151981 0.5077829271186441 0.008114852453295506 0.9446862778366915 0.01908135649414462 0.8674566924708378 0.03513851622194317
exp_tsweep/opt_0.36/2/ 0.36 81.4360263080016 -709.9821882951654 0.09235634864109278 0.05164327552958079 0.5084773216080402 0.008287754752521446 0.9507620058262711 0.012964425366361013 0.8718232187500001 0.030752902396688722
exp_tsweep/opt_0.36/3/ 0.36 55.097031949990196 -710.2445161290323 0.08330910656755974 0.028909235178908355 0.5082188591304347 0.008258112924727239 0.947621571735626 0.014383692869385565 0.8700501472326705 0.030551748886213776
exp_tsweep/opt_0.36/4/ 0.36 54.25419144099578 -705.952168367347 0.08451016192995019 0.023023883509432293 0.5083996564102565 0.008209138840282827 0.9449906009564293 0.00683348797169948 0.8707362109458023 0.026008951958599296
exp_tsweep/opt_0.36/5/ 0.36 218.55759802299144 -710.0928433268858 0.14091468004072646 0.07720113432340622 0.5083315719298245 0.008344376820050826 0.9492413920515574 0.008780321883200602 0.8719614575725027 0.026854883173956803
exp_tsweep/opt_0.36/6/ 0.36 109.37807870199322 -705.6213592233009 0.11550218327515512 0.059802071300853445 0.5080913125000001 0.008268970622832826 0.9437156 0.01357993400226114 0.8677694037735849 0.031579029179666505
exp_tsweep/opt_0.36/7/ 0.36 110.40719816699857 -710.2430406852249 0.10717248363864966 0.060870502537693806 0.5086896355785837 0.008351743998951307 0.9506006227929373 0.011288843940626549 0.872141367576244 0.029624488306525656
exp_tsweep/opt_0.36/8/ 0.36 11470.044570348997 -706.8 1.2066482503198686 0.4392459858060286 0.5080440860215054 0.008487975174474343 0.9432814830005396 0.012674191371230702 0.8677142228818133 0.029598568930697493
exp_tsweep/opt_0.37/1/ 0.37 215.98843786299403 -709.4476987447699 0.15602532997348106 0.0277102224300809 0.5071082755102041 0.010782524428757266 0.9476589446764093 0.020585682658279213 0.8661145897703549 0.04122024164235394
exp_tsweep/opt_0.37/2/ 0.37 269.2909511129983 -707.8822055137845 0.20223970115356454 -0.008746082055253 0.510355993197279 0.011123413189895938 0.9431932729166667 0.023364283801003832 0.8605497708333334 0.0416794484105774
exp_tsweep/opt_0.37/3/ 0.37 108.24846950099163 -709.7839195979899 0.1182696315919041 -0.0035691518102018796 0.5075528027210884 0.011072021735655259 0.949251288401254 0.01647159017061166 0.8669592309299895 0.036157687343282785
exp_tsweep/opt_0.37/4/ 0.37 269.5851064460003 -708.9248120300751 0.16793372105726154 0.055006033348773666 0.5080966020408163 0.010885696882319355 0.9504960198123045 0.00876123466836163 0.8713046016684045 0.029892999377076762
exp_tsweep/opt_0.37/5/ 0.37 108.54345614201156 -709.3793969849246 0.12173245036854045 0.010182472318898747 0.5078431399317407 0.011156210955249548 0.951678239539749 0.006660880582007693 0.8713726150627615 0.027252872051487572
exp_tsweep/opt_0.37/6/ 0.37 276.7119185340125 -707.9381443298969 0.20920018257166104 -0.005043692772490188 0.5099493846153846 0.011174252908756548 0.9435993669527897 0.02268812519602292 0.8544372811158798 0.04262910221238361
exp_tsweep/opt_0.37/7/ 0.37 270.5859849219996 -709.6482412060302 0.17546170374140835 0.05965701348326691 0.5078631638225255 0.0114109331723548 0.9505508735632184 0.00909546640244785 0.8704110020898641 0.03109577470348036
exp_tsweep/opt_0.37/8/ 0.37 108.49905862100422 -709.4486215538847 0.12232908820006246 0.027004141605432224 0.5072932755102041 0.011124450689898594 0.9461660740354535 0.02648178597534436 0.8647734942648592 0.047043301171443216
exp_tsweep/opt_0.38/1/ 0.38 4551.090309940977 -707.6551724137931 0.7495949949976205 0.20240773536633205 0.5082921769585254 0.006603722836507038 0.9464110910356348 0.010954139315604204 0.8688876444877505 0.02728993828203655
exp_tsweep/opt_0.38/2/ 0.38 1527.6326008169854 -707.6627906976744 0.45112996317763837 0.16693816228615482 0.5087665341328413 0.006596929834230831 0.9512000384294069 0.007013298812152713 0.8708332506265665 0.025282014668720425
exp_tsweep/opt_0.38/3/ 0.38 340.69721830499475 -707.8096514745308 0.1879638651789147 0.10842266459291923 0.5088753167128347 0.006468557603541156 0.9514701625313632 0.0067878161572910165 0.8715292829662671 0.024867977847876654
exp_tsweep/opt_0.38/4/ 0.38 8477.889432981 -706.4 0.8783823515733653 0.2670059668574883 0.5082926950092421 0.006560219800806366 0.9461757997206703 0.011217079881053396 0.8682783944134079 0.029672967292403672
exp_tsweep/opt_0.38/5/ 0.38 44.512124469008995 -708.4758497316636 0.07631967844832505 0.03476602003242381 0.5083583663274746 0.006562463711995831 0.9493410159262364 0.020581598928300044 0.8689264470522492 0.036356439347411264
exp_tsweep/opt_0.38/6/ 0.38 104.84334896100336 -708.0918918918919 0.11020720031043987 0.06393388062064784 0.5084825130353817 0.006164023570189559 0.9496763748944553 0.006296852635442547 0.8706989296369265 0.025191632505133267
exp_tsweep/opt_0.38/7/ 0.38 945.8757783860201 -707.6350364963504 0.34141174728276297 0.17220458245705245 0.5081946832871652 0.006714928882354316 0.9453189863395595 0.018919656849611038 0.8666313509896849 0.03475827197392922
exp_tsweep/opt_0.38/8/ 0.38 88.72538303700276 -708.322908522283 0.10423010954262855 0.06852210740954302 0.5100687975970426 0.007085784198299726 0.9516338724532515 0.005482549867344923 0.8734443471950879 0.024915156258074018
exp_tsweep/opt_0.4/1/ 0.4 80.45967337799084 -706.4016172506739 0.10253805594026555 0.08588387370464265 0.5087358889358109 0.0049914196928916976 0.9512486750874467 0.006519048108393913 0.870498479984454 0.024468444682780338
exp_tsweep/opt_0.4/2/ 0.4 26.918278372002533 -706.6111400312337 0.06380394195755183 0.044740799940554216 0.5083314791311754 0.004995158453471573 0.9496819083929733 0.008661224952436519 0.8691565061808718 0.02531906133487653
exp_tsweep/opt_0.4/3/ 0.4 27.486557871001423 -706.6054313099041 0.06288988647998119 0.04986099465516434 0.508471363359443 0.005072941664310923 0.9508119036208734 0.010801463974765911 0.8692279010915868 0.026940913631263674
exp_tsweep/opt_0.4/4/ 0.4 26.950931056009722 -706.6139667705088 0.062495905534363544 0.053465522983753545 0.5082893856900932 0.005177731776271291 0.9490787412070084 0.016148772174372116 0.8676195833874107 0.030560862696123306
exp_tsweep/opt_0.4/5/ 0.4 73.67112107400317 -702.9850374064838 0.13614116041006685 0.04815571744135766 0.508570141345747 0.006990912061760233 0.92942080059717 0.0546639051524317 0.8450394486563677 0.06348285843844746
exp_tsweep/opt_0.4/6/ 0.4 60.812799043007544 -706.4608967674661 0.09039014570371942 0.07158888855741588 0.5085073889361703 0.0049050117184023965 0.9501410974592834 0.009740105538232575 0.8691245773289902 0.025574386102744064
exp_tsweep/opt_0.4/7/ 0.4 47.0445493330044 -706.3931091739311 0.07928788595111443 0.06658103649868946 0.5086602724968314 0.004925010678297387 0.9508463682230868 0.005564983970125886 0.8699886134889753 0.023791230067888802
exp_tsweep/opt_0.4/8/ 0.4 67.24277454499679 -706.453196347032 0.09675316194436251 0.07711902146267227 0.5085914591274884 0.005112146542256677 0.9505760645914396 0.0070457162875868385 0.8698198643320363 0.024461395296473506
exp_tsweep/opt_0.6/1/ 0.6 264.74718130500696 -184.10084033613447 0.542070382277683 0.20275363812404948 0.46635591382049235 0.004254386179207807 0.08682048314812554 0.024550787688705056 0.01764996222249359 0.014506302295101631
exp_tsweep/opt_0.6/2/ 0.6 345.9240716709901 -185.3087431693989 0.6184413526228285 0.22034597291851316 0.46654617775138557 0.004527855908566104 0.0877165079001826 0.028478758980864004 0.018401567156421182 0.021807280838486414
exp_tsweep/opt_0.6/3/ 0.6 271.95958453298954 -183.3047210300429 0.5639031344797139 0.21603920510781932 0.4663782220023744 0.004327294080181497 0.08713388867120954 0.026930399258666353 0.018087258756388416 0.02006426289346374
exp_tsweep/opt_0.6/4/ 0.6 321.97796108700277 -184.38931297709922 0.6028195245056126 0.2184615668872271 0.46614168190854877 0.004706812454529926 0.08739141793398533 0.027553694659839003 0.01819274468337408 0.02188032603115813
exp_tsweep/opt_0.6/5/ 0.6 246.50646693300223 -183.96484375 0.5152970340274738 0.16948138992966083 0.46633022328168455 0.004502763531184541 0.08715823361406076 0.02526972386492142 0.018068538437690712 0.02009862700157787
exp_tsweep/opt_0.6/6/ 0.6 278.78425504600455 -184.80176211453744 0.5481624319554154 0.17663239361272656 0.46606601510333867 0.004278187412948669 0.08684445958954312 0.02254383975726821 0.017861252328365503 0.016946991708339076
exp_tsweep/opt_0.6/7/ 0.6 208.6110387830122 -183.44776119402985 0.46761789098253437 0.1614129238566542 0.4663835934153114 0.004371776250313449 0.08684914962809415 0.02512888756816925 0.017953229146445558 0.018854205613243122
exp_tsweep/opt_0.6/8/ 0.6 265.7915229999926 -184.71428571428572 0.5122223691180025 0.16897802750031823 0.46638565819769745 0.004646745721150007 0.08741642830465031 0.028924063696309787 0.018303156625167828 0.023768028246993443
exp_tsweep/opt_1.0/1/ 1.0 318.6388023430045 -107.91773778920309 0.4772870550300907 0.07991271560436577 0.46361316884247167 0.004923407600401438 0.06908420828655439 0.02208179145174781 0.016312332780005344 0.012771931659906055
exp_tsweep/opt_1.0/2/ 1.0 262.6145791839954 -108.74413646055437 0.46149757507353995 0.0628858430095939 0.4637956611785095 0.004509899649623192 0.06837976784668619 0.02000561103325151 0.016005084878892736 0.009340112166250195
exp_tsweep/opt_1.0/3/ 1.0 331.7150185740029 -107.49202127659575 0.5020046396351168 0.07870602939401602 0.4637082510822511 0.0047735224036159615 0.06762363189792663 0.020575135081510938 0.016086300130249868 0.009408244711496294
exp_tsweep/opt_1.0/4/ 1.0 387.0086785010062 -107.39318885448917 0.5008697112142843 0.08277924022723579 0.4636918360797918 0.004623604516133748 0.0678112568575233 0.019693809954069094 0.016118359009320907 0.00993379514388604
exp_tsweep/opt_1.0/5/ 1.0 235.59878633399785 -107.42226487523992 0.41514278976890495 0.06957325229784903 0.4637502426343154 0.004741252556467912 0.06829009075652637 0.02091025104059618 0.016222694033031435 0.009867319785533124
exp_tsweep/opt_1.0/6/ 1.0 621.9510689829913 -107.94607843137256 0.7007988051985887 0.16923812495763657 0.4638152339688042 0.004638821175147694 0.06888676791799787 0.020633219283722474 0.016324100910543135 0.010570212670105317
exp_tsweep/opt_1.0/7/ 1.0 278.7352789029974 -108.10633484162896 0.44691134114504466 0.07121002921529249 0.46377705511811024 0.004678831826180485 0.06858027944101047 0.02058039471331423 0.01621457635313088 0.009941557326696522
exp_tsweep/opt_1.0/8/ 1.0 289.3733886380069 -107.85446009389672 0.42964144656686365 0.08799235211999139 0.4637547894280763 0.004550326297728341 0.06862963677762983 0.01958481734651336 0.01599674292942743 0.010114617363156851
