900
//
CH3 -4.900000000000000e+00 -4.900000000000000e+00 -4.900000000000000e+00 0
CH3 -3.900000000000000e+00 -4.900000000000000e+00 -4.900000000000000e+00 0
CH3 -2.900000000000000e+00 -4.900000000000000e+00 -4.900000000000000e+00 0
CH3 -1.900000000000000e+00 -4.900000000000000e+00 -4.900000000000000e+00 0
CH3 -9.000000000000000e-01 -4.900000000000000e+00 -4.900000000000000e+00 0
CH3 1.000000000000000e-01 -4.900000000000000e+00 -4.900000000000000e+00 0
CH3 1.100000000000000e+00 -4.900000000000000e+00 -4.900000000000000e+00 0
CH3 2.100000000000000e+00 -4.900000000000000e+00 -4.900000000000000e+00 0
CH3 3.100000000000000e+00 -4.900000000000000e+00 -4.900000000000000e+00 0
CH3 4.100000000000000e+00 -4.900000000000000e+00 -4.900000000000000e+00 0
CH3 -4.900000000000000e+00 -3.900000000000000e+00 -4.900000000000000e+00 0
CH3 -3.900000000000000e+00 -3.900000000000000e+00 -4.900000000000000e+00 0
CH3 -2.900000000000000e+00 -3.900000000000000e+00 -4.900000000000000e+00 0
CH3 -1.900000000000000e+00 -3.900000000000000e+00 -4.900000000000000e+00 0
CH3 -9.000000000000000e-01 -3.900000000000000e+00 -4.900000000000000e+00 0
CH3 1.000000000000000e-01 -3.900000000000000e+00 -4.900000000000000e+00 0
CH3 1.100000000000000e+00 -3.900000000000000e+00 -4.900000000000000e+00 0
CH3 2.100000000000000e+00 -3.900000000000000e+00 -4.900000000000000e+00 0
CH3 3.100000000000000e+00 -3.900000000000000e+00 -4.900000000000000e+00 0
CH3 4.100000000000000e+00 -3.900000000000000e+00 -4.900000000000000e+00 0
CH3 -4.900000000000000e+00 -2.900000000000000e+00 -4.900000000000000e+00 0
CH3 -3.900000000000000e+00 -2.900000000000000e+00 -4.900000000000000e+00 0
CH3 -2.900000000000000e+00 -2.900000000000000e+00 -4.900000000000000e+00 0
CH3 -1.900000000000000e+00 -2.900000000000000e+00 -4.900000000000000e+00 0
CH3 -9.000000000000000e-01 -2.900000000000000e+00 -4.900000000000000e+00 0
CH3 1.000000000000000e-01 -2.900000000000000e+00 -4.900000000000000e+00 0
CH3 1.100000000000000e+00 -2.900000000000000e+00 -4.900000000000000e+00 0
CH3 2.100000000000000e+00 -2.900000000000000e+00 -4.900000000000000e+00 0
CH3 3.100000000000000e+00 -2.900000000000000e+00 -4.900000000000000e+00 0
CH3 4.100000000000000e+00 -2.900000000000000e+00 -4.900000000000000e+00 0
CH3 -4.900000000000000e+00 -1.900000000000000e+00 -4.900000000000000e+00 0
CH3 -3.900000000000000e+00 -1.900000000000000e+00 -4.900000000000000e+00 0
CH3 -2.900000000000000e+00 -1.900000000000000e+00 -4.900000000000000e+00 0
CH3 -1.900000000000000e+00 -1.900000000000000e+00 -4.900000000000000e+00 0
CH3 -9.000000000000000e-01 -1.900000000000000e+00 -4.900000000000000e+00 0
CH3 1.000000000000000e-01 -1.900000000000000e+00 -4.900000000000000e+00 0
CH3 1.100000000000000e+00 -1.900000000000000e+00 -4.900000000000000e+00 0
CH3 2.100000000000000e+00 -1.900000000000000e+00 -4.900000000000000e+00 0
CH3 3.100000000000000e+00 -1.900000000000000e+00 -4.900000000000000e+00 0
CH3 4.100000000000000e+00 -1.900000000000000e+00 -4.900000000000000e+00 0
CH3 -4.900000000000000e+00 -9.000000000000000e-01 -4.900000000000000e+00 0
CH3 -3.900000000000000e+00 -9.000000000000000e-01 -4.900000000000000e+00 0
CH3 -2.900000000000000e+00 -9.000000000000000e-01 -4.900000000000000e+00 0
CH3 -1.900000000000000e+00 -9.000000000000000e-01 -4.900000000000000e+00 0
CH3 -9.000000000000000e-01 -9.000000000000000e-01 -4.900000000000000e+00 0
CH3 1.000000000000000e-01 -9.000000000000000e-01 -4.900000000000000e+00 0
CH3 1.100000000000000e+00 -9.000000000000000e-01 -4.900000000000000e+00 0
CH3 2.100000000000000e+00 -9.000000000000000e-01 -4.900000000000000e+00 0
CH3 3.100000000000000e+00 -9.000000000000000e-01 -4.900000000000000e+00 0
CH3 4.100000000000000e+00 -9.000000000000000e-01 -4.900000000000000e+00 0
CH3 -4.900000000000000e+00 1.000000000000000e-01 -4.900000000000000e+00 0
CH3 -3.900000000000000e+00 1.000000000000000e-01 -4.900000000000000e+00 0
CH3 -2.900000000000000e+00 1.000000000000000e-01 -4.900000000000000e+00 0
CH3 -1.900000000000000e+00 1.000000000000000e-01 -4.900000000000000e+00 0
CH3 -9.000000000000000e-01 1.000000000000000e-01 -4.900000000000000e+00 0
CH3 1.000000000000000e-01 1.000000000000000e-01 -4.900000000000000e+00 0
CH3 1.100000000000000e+00 1.000000000000000e-01 -4.900000000000000e+00 0
CH3 2.100000000000000e+00 1.000000000000000e-01 -4.900000000000000e+00 0
CH3 3.100000000000000e+00 1.000000000000000e-01 -4.900000000000000e+00 0
CH3 4.100000000000000e+00 1.000000000000000e-01 -4.900000000000000e+00 0
CH3 -4.900000000000000e+00 1.100000000000000e+00 -4.900000000000000e+00 0
CH3 -3.900000000000000e+00 1.100000000000000e+00 -4.900000000000000e+00 0
CH3 -2.900000000000000e+00 1.100000000000000e+00 -4.900000000000000e+00 0
CH3 -1.900000000000000e+00 1.100000000000000e+00 -4.900000000000000e+00 0
CH3 -9.000000000000000e-01 1.100000000000000e+00 -4.900000000000000e+00 0
CH3 1.000000000000000e-01 1.100000000000000e+00 -4.900000000000000e+00 0
CH3 1.100000000000000e+00 1.100000000000000e+00 -4.900000000000000e+00 0
CH3 2.100000000000000e+00 1.100000000000000e+00 -4.900000000000000e+00 0
CH3 3.100000000000000e+00 1.100000000000000e+00 -4.900000000000000e+00 0
CH3 4.100000000000000e+00 1.100000000000000e+00 -4.900000000000000e+00 0
CH3 -4.900000000000000e+00 2.100000000000000e+00 -4.900000000000000e+00 0
CH3 -3.900000000000000e+00 2.100000000000000e+00 -4.900000000000000e+00 0
CH3 -2.900000000000000e+00 2.100000000000000e+00 -4.900000000000000e+00 0
CH3 -1.900000000000000e+00 2.100000000000000e+00 -4.900000000000000e+00 0
CH3 -9.000000000000000e-01 2.100000000000000e+00 -4.900000000000000e+00 0
CH3 1.000000000000000e-01 2.100000000000000e+00 -4.900000000000000e+00 0
CH3 1.100000000000000e+00 2.100000000000000e+00 -4.900000000000000e+00 0
CH3 2.100000000000000e+00 2.100000000000000e+00 -4.900000000000000e+00 0
CH3 3.100000000000000e+00 2.100000000000000e+00 -4.900000000000000e+00 0
CH3 4.100000000000000e+00 2.100000000000000e+00 -4.900000000000000e+00 0
CH3 -4.900000000000000e+00 3.100000000000000e+00 -4.900000000000000e+00 0
CH3 -3.900000000000000e+00 3.100000000000000e+00 -4.900000000000000e+00 0
CH3 -2.900000000000000e+00 3.100000000000000e+00 -4.900000000000000e+00 0
CH3 -1.900000000000000e+00 3.100000000000000e+00 -4.900000000000000e+00 0
CH3 -9.000000000000000e-01 3.100000000000000e+00 -4.900000000000000e+00 0
CH3 1.000000000000000e-01 3.100000000000000e+00 -4.900000000000000e+00 0
CH3 1.100000000000000e+00 3.100000000000000e+00 -4.900000000000000e+00 0
CH3 2.100000000000000e+00 3.100000000000000e+00 -4.900000000000000e+00 0
CH3 3.100000000000000e+00 3.100000000000000e+00 -4.900000000000000e+00 0
CH3 4.100000000000000e+00 3.100000000000000e+00 -4.900000000000000e+00 0
CH3 -4.900000000000000e+00 4.100000000000000e+00 -4.900000000000000e+00 0
CH3 -3.900000000000000e+00 4.100000000000000e+00 -4.900000000000000e+00 0
CH3 -2.900000000000000e+00 4.100000000000000e+00 -4.900000000000000e+00 0
CH3 -1.900000000000000e+00 4.100000000000000e+00 -4.900000000000000e+00 0
CH3 -9.000000000000000e-01 4.100000000000000e+00 -4.900000000000000e+00 0
CH3 1.000000000000000e-01 4.100000000000000e+00 -4.900000000000000e+00 0
CH3 1.100000000000000e+00 4.100000000000000e+00 -4.900000000000000e+00 0
CH3 2.100000000000000e+00 4.100000000000000e+00 -4.900000000000000e+00 0
CH3 3.100000000000000e+00 4.100000000000000e+00 -4.900000000000000e+00 0
CH3 4.100000000000000e+00 4.100000000000000e+00 -4.900000000000000e+00 0
CH3 -4.900000000000000e+00 -4.900000000000000e+00 -3.900000000000000e+00 0
CH3 -3.900000000000000e+00 -4.900000000000000e+00 -3.900000000000000e+00 0
CH3 -2.900000000000000e+00 -4.900000000000000e+00 -3.900000000000000e+00 0
CH3 -1.900000000000000e+00 -4.900000000000000e+00 -3.900000000000000e+00 0
CH3 -9.000000000000000e-01 -4.900000000000000e+00 -3.900000000000000e+00 0
CH3 1.000000000000000e-01 -4.900000000000000e+00 -3.900000000000000e+00 0
CH3 1.100000000000000e+00 -4.900000000000000e+00 -3.900000000000000e+00 0
CH3 2.100000000000000e+00 -4.900000000000000e+00 -3.900000000000000e+00 0
CH3 3.100000000000000e+00 -4.900000000000000e+00 -3.900000000000000e+00 0
CH3 4.100000000000000e+00 -4.900000000000000e+00 -3.900000000000000e+00 0
CH3 -4.900000000000000e+00 -3.900000000000000e+00 -3.900000000000000e+00 0
CH3 -3.900000000000000e+00 -3.900000000000000e+00 -3.900000000000000e+00 0
CH3 -2.900000000000000e+00 -3.900000000000000e+00 -3.900000000000000e+00 0
CH3 -1.900000000000000e+00 -3.900000000000000e+00 -3.900000000000000e+00 0
CH3 -9.000000000000000e-01 -3.900000000000000e+00 -3.900000000000000e+00 0
CH3 1.000000000000000e-01 -3.900000000000000e+00 -3.900000000000000e+00 0
CH3 1.100000000000000e+00 -3.900000000000000e+00 -3.900000000000000e+00 0
CH3 2.100000000000000e+00 -3.900000000000000e+00 -3.900000000000000e+00 0
CH3 3.100000000000000e+00 -3.900000000000000e+00 -3.900000000000000e+00 0
CH3 4.100000000000000e+00 -3.900000000000000e+00 -3.900000000000000e+00 0
CH3 -4.900000000000000e+00 -2.900000000000000e+00 -3.900000000000000e+00 0
CH3 -3.900000000000000e+00 -2.900000000000000e+00 -3.900000000000000e+00 0
CH3 -2.900000000000000e+00 -2.900000000000000e+00 -3.900000000000000e+00 0
CH3 -1.900000000000000e+00 -2.900000000000000e+00 -3.900000000000000e+00 0
CH3 -9.000000000000000e-01 -2.900000000000000e+00 -3.900000000000000e+00 0
CH3 1.000000000000000e-01 -2.900000000000000e+00 -3.900000000000000e+00 0
CH3 1.100000000000000e+00 -2.900000000000000e+00 -3.900000000000000e+00 0
CH3 2.100000000000000e+00 -2.900000000000000e+00 -3.900000000000000e+00 0
CH3 3.100000000000000e+00 -2.900000000000000e+00 -3.900000000000000e+00 0
CH3 4.100000000000000e+00 -2.900000000000000e+00 -3.900000000000000e+00 0
CH3 -4.900000000000000e+00 -1.900000000000000e+00 -3.900000000000000e+00 0
CH3 -3.900000000000000e+00 -1.900000000000000e+00 -3.900000000000000e+00 0
CH3 -2.900000000000000e+00 -1.900000000000000e+00 -3.900000000000000e+00 0
CH3 -1.900000000000000e+00 -1.900000000000000e+00 -3.900000000000000e+00 0
CH3 -9.000000000000000e-01 -1.900000000000000e+00 -3.900000000000000e+00 0
CH3 1.000000000000000e-01 -1.900000000000000e+00 -3.900000000000000e+00 0
CH3 1.100000000000000e+00 -1.900000000000000e+00 -3.900000000000000e+00 0
CH3 2.100000000000000e+00 -1.900000000000000e+00 -3.900000000000000e+00 0
CH3 3.100000000000000e+00 -1.900000000000000e+00 -3.900000000000000e+00 0
CH3 4.100000000000000e+00 -1.900000000000000e+00 -3.900000000000000e+00 0
CH3 -4.900000000000000e+00 -9.000000000000000e-01 -3.900000000000000e+00 0
CH3 -3.900000000000000e+00 -9.000000000000000e-01 -3.900000000000000e+00 0
CH3 -2.900000000000000e+00 -9.000000000000000e-01 -3.900000000000000e+00 0
CH3 -1.900000000000000e+00 -9.000000000000000e-01 -3.900000000000000e+00 0
CH3 -9.000000000000000e-01 -9.000000000000000e-01 -3.900000000000000e+00 0
CH3 1.000000000000000e-01 -9.000000000000000e-01 -3.900000000000000e+00 0
CH3 1.100000000000000e+00 -9.000000000000000e-01 -3.900000000000000e+00 0
CH3 2.100000000000000e+00 -9.000000000000000e-01 -3.900000000000000e+00 0
CH3 3.100000000000000e+00 -9.000000000000000e-01 -3.900000000000000e+00 0
CH3 4.100000000000000e+00 -9.000000000000000e-01 -3.900000000000000e+00 0
CH3 -4.900000000000000e+00 1.000000000000000e-01 -3.900000000000000e+00 0
CH3 -3.900000000000000e+00 1.000000000000000e-01 -3.900000000000000e+00 0
CH3 -2.900000000000000e+00 1.000000000000000e-01 -3.900000000000000e+00 0
CH3 -1.900000000000000e+00 1.000000000000000e-01 -3.900000000000000e+00 0
CH3 -9.000000000000000e-01 1.000000000000000e-01 -3.900000000000000e+00 0
CH3 1.000000000000000e-01 1.000000000000000e-01 -3.900000000000000e+00 0
CH3 1.100000000000000e+00 1.000000000000000e-01 -3.900000000000000e+00 0
CH3 2.100000000000000e+00 1.000000000000000e-01 -3.900000000000000e+00 0
CH3 3.100000000000000e+00 1.000000000000000e-01 -3.900000000000000e+00 0
CH3 4.100000000000000e+00 1.000000000000000e-01 -3.900000000000000e+00 0
CH3 -4.900000000000000e+00 1.100000000000000e+00 -3.900000000000000e+00 0
CH3 -3.900000000000000e+00 1.100000000000000e+00 -3.900000000000000e+00 0
CH3 -2.900000000000000e+00 1.100000000000000e+00 -3.900000000000000e+00 0
CH3 -1.900000000000000e+00 1.100000000000000e+00 -3.900000000000000e+00 0
CH3 -9.000000000000000e-01 1.100000000000000e+00 -3.900000000000000e+00 0
CH3 1.000000000000000e-01 1.100000000000000e+00 -3.900000000000000e+00 0
CH3 1.100000000000000e+00 1.100000000000000e+00 -3.900000000000000e+00 0
CH3 2.100000000000000e+00 1.100000000000000e+00 -3.900000000000000e+00 0
CH3 3.100000000000000e+00 1.100000000000000e+00 -3.900000000000000e+00 0
CH3 4.100000000000000e+00 1.100000000000000e+00 -3.900000000000000e+00 0
CH3 -4.900000000000000e+00 2.100000000000000e+00 -3.900000000000000e+00 0
CH3 -3.900000000000000e+00 2.100000000000000e+00 -3.900000000000000e+00 0
CH3 -2.900000000000000e+00 2.100000000000000e+00 -3.900000000000000e+00 0
CH3 -1.900000000000000e+00 2.100000000000000e+00 -3.900000000000000e+00 0
CH3 -9.000000000000000e-01 2.100000000000000e+00 -3.900000000000000e+00 0
CH3 1.000000000000000e-01 2.100000000000000e+00 -3.900000000000000e+00 0
CH3 1.100000000000000e+00 2.100000000000000e+00 -3.900000000000000e+00 0
CH3 2.100000000000000e+00 2.100000000000000e+00 -3.900000000000000e+00 0
CH3 3.100000000000000e+00 2.100000000000000e+00 -3.900000000000000e+00 0
CH3 4.100000000000000e+00 2.100000000000000e+00 -3.900000000000000e+00 0
CH3 -4.900000000000000e+00 3.100000000000000e+00 -3.900000000000000e+00 0
CH3 -3.900000000000000e+00 3.100000000000000e+00 -3.900000000000000e+00 0
CH3 -2.900000000000000e+00 3.100000000000000e+00 -3.900000000000000e+00 0
CH3 -1.900000000000000e+00 3.100000000000000e+00 -3.900000000000000e+00 0
CH3 -9.000000000000000e-01 3.100000000000000e+00 -3.900000000000000e+00 0
CH3 1.000000000000000e-01 3.100000000000000e+00 -3.900000000000000e+00 0
CH3 1.100000000000000e+00 3.100000000000000e+00 -3.900000000000000e+00 0
CH3 2.100000000000000e+00 3.100000000000000e+00 -3.900000000000000e+00 0
CH3 3.100000000000000e+00 3.100000000000000e+00 -3.900000000000000e+00 0
CH3 4.100000000000000e+00 3.100000000000000e+00 -3.900000000000000e+00 0
CH3 -4.900000000000000e+00 4.100000000000000e+00 -3.900000000000000e+00 0
CH3 -3.900000000000000e+00 4.100000000000000e+00 -3.900000000000000e+00 0
CH3 -2.900000000000000e+00 4.100000000000000e+00 -3.900000000000000e+00 0
CH3 -1.900000000000000e+00 4.100000000000000e+00 -3.900000000000000e+00 0
CH3 -9.000000000000000e-01 4.100000000000000e+00 -3.900000000000000e+00 0
CH3 1.000000000000000e-01 4.100000000000000e+00 -3.900000000000000e+00 0
CH3 1.100000000000000e+00 4.100000000000000e+00 -3.900000000000000e+00 0
CH3 2.100000000000000e+00 4.100000000000000e+00 -3.900000000000000e+00 0
CH3 3.100000000000000e+00 4.100000000000000e+00 -3.900000000000000e+00 0
CH3 4.100000000000000e+00 4.100000000000000e+00 -3.900000000000000e+00 0
CH3 -4.900000000000000e+00 -4.900000000000000e+00 -2.900000000000000e+00 0
CH3 -3.900000000000000e+00 -4.900000000000000e+00 -2.900000000000000e+00 0
CH3 -2.900000000000000e+00 -4.900000000000000e+00 -2.900000000000000e+00 0
CH3 -1.900000000000000e+00 -4.900000000000000e+00 -2.900000000000000e+00 0
CH3 -9.000000000000000e-01 -4.900000000000000e+00 -2.900000000000000e+00 0
CH3 1.000000000000000e-01 -4.900000000000000e+00 -2.900000000000000e+00 0
CH3 1.100000000000000e+00 -4.900000000000000e+00 -2.900000000000000e+00 0
CH3 2.100000000000000e+00 -4.900000000000000e+00 -2.900000000000000e+00 0
CH3 3.100000000000000e+00 -4.900000000000000e+00 -2.900000000000000e+00 0
CH3 4.100000000000000e+00 -4.900000000000000e+00 -2.900000000000000e+00 0
CH3 -4.900000000000000e+00 -3.900000000000000e+00 -2.900000000000000e+00 0
CH3 -3.900000000000000e+00 -3.900000000000000e+00 -2.900000000000000e+00 0
CH3 -2.900000000000000e+00 -3.900000000000000e+00 -2.900000000000000e+00 0
CH3 -1.900000000000000e+00 -3.900000000000000e+00 -2.900000000000000e+00 0
CH3 -9.000000000000000e-01 -3.900000000000000e+00 -2.900000000000000e+00 0
CH3 1.000000000000000e-01 -3.900000000000000e+00 -2.900000000000000e+00 0
CH3 1.100000000000000e+00 -3.900000000000000e+00 -2.900000000000000e+00 0
CH3 2.100000000000000e+00 -3.900000000000000e+00 -2.900000000000000e+00 0
CH3 3.100000000000000e+00 -3.900000000000000e+00 -2.900000000000000e+00 0
CH3 4.100000000000000e+00 -3.900000000000000e+00 -2.900000000000000e+00 0
CH3 -4.900000000000000e+00 -2.900000000000000e+00 -2.900000000000000e+00 0
CH3 -3.900000000000000e+00 -2.900000000000000e+00 -2.900000000000000e+00 0
CH3 -2.900000000000000e+00 -2.900000000000000e+00 -2.900000000000000e+00 0
CH3 -1.900000000000000e+00 -2.900000000000000e+00 -2.900000000000000e+00 0
CH3 -9.000000000000000e-01 -2.900000000000000e+00 -2.900000000000000e+00 0
CH3 1.000000000000000e-01 -2.900000000000000e+00 -2.900000000000000e+00 0
CH3 1.100000000000000e+00 -2.900000000000000e+00 -2.900000000000000e+00 0
CH3 2.100000000000000e+00 -2.900000000000000e+00 -2.900000000000000e+00 0
CH3 3.100000000000000e+00 -2.900000000000000e+00 -2.900000000000000e+00 0
CH3 4.100000000000000e+00 -2.900000000000000e+00 -2.900000000000000e+00 0
CH3 -4.900000000000000e+00 -1.900000000000000e+00 -2.900000000000000e+00 0
CH3 -3.900000000000000e+00 -1.900000000000000e+00 -2.900000000000000e+00 0
CH3 -2.900000000000000e+00 -1.900000000000000e+00 -2.900000000000000e+00 0
CH3 -1.900000000000000e+00 -1.900000000000000e+00 -2.900000000000000e+00 0
CH3 -9.000000000000000e-01 -1.900000000000000e+00 -2.900000000000000e+00 0
CH3 1.000000000000000e-01 -1.900000000000000e+00 -2.900000000000000e+00 0
CH3 1.100000000000000e+00 -1.900000000000000e+00 -2.900000000000000e+00 0
CH3 2.100000000000000e+00 -1.900000000000000e+00 -2.900000000000000e+00 0
CH3 3.100000000000000e+00 -1.900000000000000e+00 -2.900000000000000e+00 0
CH3 4.100000000000000e+00 -1.900000000000000e+00 -2.900000000000000e+00 0
CH3 -4.900000000000000e+00 -9.000000000000000e-01 -2.900000000000000e+00 0
CH3 -3.900000000000000e+00 -9.000000000000000e-01 -2.900000000000000e+00 0
CH3 -2.900000000000000e+00 -9.000000000000000e-01 -2.900000000000000e+00 0
CH3 -1.900000000000000e+00 -9.000000000000000e-01 -2.900000000000000e+00 0
CH3 -9.000000000000000e-01 -9.000000000000000e-01 -2.900000000000000e+00 0
CH3 1.000000000000000e-01 -9.000000000000000e-01 -2.900000000000000e+00 0
CH3 1.100000000000000e+00 -9.000000000000000e-01 -2.900000000000000e+00 0
CH3 2.100000000000000e+00 -9.000000000000000e-01 -2.900000000000000e+00 0
CH3 3.100000000000000e+00 -9.000000000000000e-01 -2.900000000000000e+00 0
CH3 4.100000000000000e+00 -9.000000000000000e-01 -2.900000000000000e+00 0
CH3 -4.900000000000000e+00 1.000000000000000e-01 -2.900000000000000e+00 0
CH3 -3.900000000000000e+00 1.000000000000000e-01 -2.900000000000000e+00 0
CH3 -2.900000000000000e+00 1.000000000000000e-01 -2.900000000000000e+00 0
CH3 -1.900000000000000e+00 1.000000000000000e-01 -2.900000000000000e+00 0
CH3 -9.000000000000000e-01 1.000000000000000e-01 -2.900000000000000e+00 0
CH3 1.000000000000000e-01 1.000000000000000e-01 -2.900000000000000e+00 0
CH3 1.100000000000000e+00 1.000000000000000e-01 -2.900000000000000e+00 0
CH3 2.100000000000000e+00 1.000000000000000e-01 -2.900000000000000e+00 0
CH3 3.100000000000000e+00 1.000000000000000e-01 -2.900000000000000e+00 0
CH3 4.100000000000000e+00 1.000000000000000e-01 -2.900000000000000e+00 0
CH3 -4.900000000000000e+00 1.100000000000000e+00 -2.900000000000000e+00 0
CH3 -3.900000000000000e+00 1.100000000000000e+00 -2.900000000000000e+00 0
CH3 -2.900000000000000e+00 1.100000000000000e+00 -2.900000000000000e+00 0
CH3 -1.900000000000000e+00 1.100000000000000e+00 -2.900000000000000e+00 0
CH3 -9.000000000000000e-01 1.100000000000000e+00 -2.900000000000000e+00 0
CH3 1.000000000000000e-01 1.100000000000000e+00 -2.900000000000000e+00 0
CH3 1.100000000000000e+00 1.100000000000000e+00 -2.900000000000000e+00 0
CH3 2.100000000000000e+00 1.100000000000000e+00 -2.900000000000000e+00 0
CH3 3.100000000000000e+00 1.100000000000000e+00 -2.900000000000000e+00 0
CH3 4.100000000000000e+00 1.100000000000000e+00 -2.900000000000000e+00 0
CH3 -4.900000000000000e+00 2.100000000000000e+00 -2.900000000000000e+00 0
CH3 -3.900000000000000e+00 2.100000000000000e+00 -2.900000000000000e+00 0
CH3 -2.900000000000000e+00 2.100000000000000e+00 -2.900000000000000e+00 0
CH3 -1.900000000000000e+00 2.100000000000000e+00 -2.900000000000000e+00 0
CH3 -9.000000000000000e-01 2.100000000000000e+00 -2.900000000000000e+00 0
CH3 1.000000000000000e-01 2.100000000000000e+00 -2.900000000000000e+00 0
CH3 1.100000000000000e+00 2.100000000000000e+00 -2.900000000000000e+00 0
CH3 2.100000000000000e+00 2.100000000000000e+00 -2.900000000000000e+00 0
CH3 3.100000000000000e+00 2.100000000000000e+00 -2.900000000000000e+00 0
CH3 4.100000000000000e+00 2.100000000000000e+00 -2.900000000000000e+00 0
CH3 -4.900000000000000e+00 3.100000000000000e+00 -2.900000000000000e+00 0
CH3 -3.900000000000000e+00 3.100000000000000e+00 -2.900000000000000e+00 0
CH3 -2.900000000000000e+00 3.100000000000000e+00 -2.900000000000000e+00 0
CH3 -1.900000000000000e+00 3.100000000000000e+00 -2.900000000000000e+00 0
CH3 -9.000000000000000e-01 3.100000000000000e+00 -2.900000000000000e+00 0
CH3 1.000000000000000e-01 3.100000000000000e+00 -2.900000000000000e+00 0
CH3 1.100000000000000e+00 3.100000000000000e+00 -2.900000000000000e+00 0
CH3 2.100000000000000e+00 3.100000000000000e+00 -2.900000000000000e+00 0
CH3 3.100000000000000e+00 3.100000000000000e+00 -2.900000000000000e+00 0
CH3 4.100000000000000e+00 3.100000000000000e+00 -2.900000000000000e+00 0
CH3 -4.900000000000000e+00 4.100000000000000e+00 -2.900000000000000e+00 0
CH3 -3.900000000000000e+00 4.100000000000000e+00 -2.900000000000000e+00 0
CH3 -2.900000000000000e+00 4.100000000000000e+00 -2.900000000000000e+00 0
CH3 -1.900000000000000e+00 4.100000000000000e+00 -2.900000000000000e+00 0
CH3 -9.000000000000000e-01 4.100000000000000e+00 -2.900000000000000e+00 0
CH3 1.000000000000000e-01 4.100000000000000e+00 -2.900000000000000e+00 0
CH3 1.100000000000000e+00 4.100000000000000e+00 -2.900000000000000e+00 0
CH3 2.100000000000000e+00 4.100000000000000e+00 -2.900000000000000e+00 0
CH3 3.100000000000000e+00 4.100000000000000e+00 -2.900000000000000e+00 0
CH3 4.100000000000000e+00 4.100000000000000e+00 -2.900000000000000e+00 0
CH3 -4.900000000000000e+00 -4.900000000000000e+00 -1.900000000000000e+00 0
CH3 -3.900000000000000e+00 -4.900000000000000e+00 -1.900000000000000e+00 0
CH3 -2.900000000000000e+00 -4.900000000000000e+00 -1.900000000000000e+00 0
CH3 -1.900000000000000e+00 -4.900000000000000e+00 -1.900000000000000e+00 0
CH3 -9.000000000000000e-01 -4.900000000000000e+00 -1.900000000000000e+00 0
CH3 1.000000000000000e-01 -4.900000000000000e+00 -1.900000000000000e+00 0
CH3 1.100000000000000e+00 -4.900000000000000e+00 -1.900000000000000e+00 0
CH3 2.100000000000000e+00 -4.900000000000000e+00 -1.900000000000000e+00 0
CH3 3.100000000000000e+00 -4.900000000000000e+00 -1.900000000000000e+00 0
CH3 4.100000000000000e+00 -4.900000000000000e+00 -1.900000000000000e+00 0
CH3 -4.900000000000000e+00 -3.900000000000000e+00 -1.900000000000000e+00 0
CH3 -3.900000000000000e+00 -3.900000000000000e+00 -1.900000000000000e+00 0
CH3 -2.900000000000000e+00 -3.900000000000000e+00 -1.900000000000000e+00 0
CH3 -1.900000000000000e+00 -3.900000000000000e+00 -1.900000000000000e+00 0
CH3 -9.000000000000000e-01 -3.900000000000000e+00 -1.900000000000000e+00 0
CH3 1.000000000000000e-01 -3.900000000000000e+00 -1.900000000000000e+00 0
CH3 1.100000000000000e+00 -3.900000000000000e+00 -1.900000000000000e+00 0
CH3 2.100000000000000e+00 -3.900000000000000e+00 -1.900000000000000e+00 0
CH3 3.100000000000000e+00 -3.900000000000000e+00 -1.900000000000000e+00 0
CH3 4.100000000000000e+00 -3.900000000000000e+00 -1.900000000000000e+00 0
CH3 -4.900000000000000e+00 -2.900000000000000e+00 -1.900000000000000e+00 0
CH3 -3.900000000000000e+00 -2.900000000000000e+00 -1.900000000000000e+00 0
CH3 -2.900000000000000e+00 -2.900000000000000e+00 -1.900000000000000e+00 0
CH3 -1.900000000000000e+00 -2.900000000000000e+00 -1.900000000000000e+00 0
CH3 -9.000000000000000e-01 -2.900000000000000e+00 -1.900000000000000e+00 0
CH3 1.000000000000000e-01 -2.900000000000000e+00 -1.900000000000000e+00 0
CH3 1.100000000000000e+00 -2.900000000000000e+00 -1.900000000000000e+00 0
CH3 2.100000000000000e+00 -2.900000000000000e+00 -1.900000000000000e+00 0
CH3 3.100000000000000e+00 -2.900000000000000e+00 -1.900000000000000e+00 0
CH3 4.100000000000000e+00 -2.900000000000000e+00 -1.900000000000000e+00 0
CH3 -4.900000000000000e+00 -1.900000000000000e+00 -1.900000000000000e+00 0
CH3 -3.900000000000000e+00 -1.900000000000000e+00 -1.900000000000000e+00 0
CH3 -2.900000000000000e+00 -1.900000000000000e+00 -1.900000000000000e+00 0
CH3 -1.900000000000000e+00 -1.900000000000000e+00 -1.900000000000000e+00 0
CH3 -9.000000000000000e-01 -1.900000000000000e+00 -1.900000000000000e+00 0
CH3 1.000000000000000e-01 -1.900000000000000e+00 -1.900000000000000e+00 0
CH3 1.100000000000000e+00 -1.900000000000000e+00 -1.900000000000000e+00 0
CH3 2.100000000000000e+00 -1.900000000000000e+00 -1.900000000000000e+00 0
CH3 3.100000000000000e+00 -1.900000000000000e+00 -1.900000000000000e+00 0
CH3 4.100000000000000e+00 -1.900000000000000e+00 -1.900000000000000e+00 0
CH3 -4.900000000000000e+00 -9.000000000000000e-01 -1.900000000000000e+00 0
CH3 -3.900000000000000e+00 -9.000000000000000e-01 -1.900000000000000e+00 0
CH3 -2.900000000000000e+00 -9.000000000000000e-01 -1.900000000000000e+00 0
CH3 -1.900000000000000e+00 -9.000000000000000e-01 -1.900000000000000e+00 0
CH3 -9.000000000000000e-01 -9.000000000000000e-01 -1.900000000000000e+00 0
CH3 1.000000000000000e-01 -9.000000000000000e-01 -1.900000000000000e+00 0
CH3 1.100000000000000e+00 -9.000000000000000e-01 -1.900000000000000e+00 0
CH3 2.100000000000000e+00 -9.000000000000000e-01 -1.900000000000000e+00 0
CH3 3.100000000000000e+00 -9.000000000000000e-01 -1.900000000000000e+00 0
CH3 4.100000000000000e+00 -9.000000000000000e-01 -1.900000000000000e+00 0
CH3 -4.900000000000000e+00 1.000000000000000e-01 -1.900000000000000e+00 0
CH3 -3.900000000000000e+00 1.000000000000000e-01 -1.900000000000000e+00 0
CH3 -2.900000000000000e+00 1.000000000000000e-01 -1.900000000000000e+00 0
CH3 -1.900000000000000e+00 1.000000000000000e-01 -1.900000000000000e+00 0
CH3 -9.000000000000000e-01 1.000000000000000e-01 -1.900000000000000e+00 0
CH3 1.000000000000000e-01 1.000000000000000e-01 -1.900000000000000e+00 0
CH3 1.100000000000000e+00 1.000000000000000e-01 -1.900000000000000e+00 0
CH3 2.100000000000000e+00 1.000000000000000e-01 -1.900000000000000e+00 0
CH3 3.100000000000000e+00 1.000000000000000e-01 -1.900000000000000e+00 0
CH3 4.100000000000000e+00 1.000000000000000e-01 -1.900000000000000e+00 0
CH3 -4.900000000000000e+00 1.100000000000000e+00 -1.900000000000000e+00 0
CH3 -3.900000000000000e+00 1.100000000000000e+00 -1.900000000000000e+00 0
CH3 -2.900000000000000e+00 1.100000000000000e+00 -1.900000000000000e+00 0
CH3 -1.900000000000000e+00 1.100000000000000e+00 -1.900000000000000e+00 0
CH3 -9.000000000000000e-01 1.100000000000000e+00 -1.900000000000000e+00 0
CH3 1.000000000000000e-01 1.100000000000000e+00 -1.900000000000000e+00 0
CH3 1.100000000000000e+00 1.100000000000000e+00 -1.900000000000000e+00 0
CH3 2.100000000000000e+00 1.100000000000000e+00 -1.900000000000000e+00 0
CH3 3.100000000000000e+00 1.100000000000000e+00 -1.900000000000000e+00 0
CH3 4.100000000000000e+00 1.100000000000000e+00 -1.900000000000000e+00 0
CH3 -4.900000000000000e+00 2.100000000000000e+00 -1.900000000000000e+00 0
CH3 -3.900000000000000e+00 2.100000000000000e+00 -1.900000000000000e+00 0
CH3 -2.900000000000000e+00 2.100000000000000e+00 -1.900000000000000e+00 0
CH3 -1.900000000000000e+00 2.100000000000000e+00 -1.900000000000000e+00 0
CH3 -9.000000000000000e-01 2.100000000000000e+00 -1.900000000000000e+00 0
CH3 1.000000000000000e-01 2.100000000000000e+00 -1.900000000000000e+00 0
CH3 1.100000000000000e+00 2.100000000000000e+00 -1.900000000000000e+00 0
CH3 2.100000000000000e+00 2.100000000000000e+00 -1.900000000000000e+00 0
CH3 3.100000000000000e+00 2.100000000000000e+00 -1.900000000000000e+00 0
CH3 4.100000000000000e+00 2.100000000000000e+00 -1.900000000000000e+00 0
CH3 -4.900000000000000e+00 3.100000000000000e+00 -1.900000000000000e+00 0
CH3 -3.900000000000000e+00 3.100000000000000e+00 -1.900000000000000e+00 0
CH3 -2.900000000000000e+00 3.100000000000000e+00 -1.900000000000000e+00 0
CH3 -1.900000000000000e+00 3.100000000000000e+00 -1.900000000000000e+00 0
CH3 -9.000000000000000e-01 3.100000000000000e+00 -1.900000000000000e+00 0
CH3 1.000000000000000e-01 3.100000000000000e+00 -1.900000000000000e+00 0
CH3 1.100000000000000e+00 3.100000000000000e+00 -1.900000000000000e+00 0
CH3 2.100000000000000e+00 3.100000000000000e+00 -1.900000000000000e+00 0
CH3 3.100000000000000e+00 3.100000000000000e+00 -1.900000000000000e+00 0
CH3 4.100000000000000e+00 3.100000000000000e+00 -1.900000000000000e+00 0
CH3 -4.900000000000000e+00 4.100000000000000e+00 -1.900000000000000e+00 0
CH3 -3.900000000000000e+00 4.100000000000000e+00 -1.900000000000000e+00 0
CH3 -2.900000000000000e+00 4.100000000000000e+00 -1.900000000000000e+00 0
CH3 -1.900000000000000e+00 4.100000000000000e+00 -1.900000000000000e+00 0
CH3 -9.000000000000000e-01 4.100000000000000e+00 -1.900000000000000e+00 0
CH3 1.000000000000000e-01 4.100000000000000e+00 -1.900000000000000e+00 0
CH3 1.100000000000000e+00 4.100000000000000e+00 -1.900000000000000e+00 0
CH3 2.100000000000000e+00 4.100000000000000e+00 -1.900000000000000e+00 0
CH3 3.100000000000000e+00 4.100000000000000e+00 -1.900000000000000e+00 0
CH3 4.100000000000000e+00 4.100000000000000e+00 -1.900000000000000e+00 0
CH3 -4.900000000000000e+00 -4.900000000000000e+00 -9.000000000000000e-01 0
CH3 -3.900000000000000e+00 -4.900000000000000e+00 -9.000000000000000e-01 0
CH3 -2.900000000000000e+00 -4.900000000000000e+00 -9.000000000000000e-01 0
CH3 -1.900000000000000e+00 -4.900000000000000e+00 -9.000000000000000e-01 0
CH3 -9.000000000000000e-01 -4.900000000000000e+00 -9.000000000000000e-01 0
CH3 1.000000000000000e-01 -4.900000000000000e+00 -9.000000000000000e-01 0
CH3 1.100000000000000e+00 -4.900000000000000e+00 -9.000000000000000e-01 0
CH3 2.100000000000000e+00 -4.900000000000000e+00 -9.000000000000000e-01 0
CH3 3.100000000000000e+00 -4.900000000000000e+00 -9.000000000000000e-01 0
CH3 4.100000000000000e+00 -4.900000000000000e+00 -9.000000000000000e-01 0
CH3 -4.900000000000000e+00 -3.900000000000000e+00 -9.000000000000000e-01 0
CH3 -3.900000000000000e+00 -3.900000000000000e+00 -9.000000000000000e-01 0
CH3 -2.900000000000000e+00 -3.900000000000000e+00 -9.000000000000000e-01 0
CH3 -1.900000000000000e+00 -3.900000000000000e+00 -9.000000000000000e-01 0
CH3 -9.000000000000000e-01 -3.900000000000000e+00 -9.000000000000000e-01 0
CH3 1.000000000000000e-01 -3.900000000000000e+00 -9.000000000000000e-01 0
CH3 1.100000000000000e+00 -3.900000000000000e+00 -9.000000000000000e-01 0
CH3 2.100000000000000e+00 -3.900000000000000e+00 -9.000000000000000e-01 0
CH3 3.100000000000000e+00 -3.900000000000000e+00 -9.000000000000000e-01 0
CH3 4.100000000000000e+00 -3.900000000000000e+00 -9.000000000000000e-01 0
CH3 -4.900000000000000e+00 -2.900000000000000e+00 -9.000000000000000e-01 0
CH3 -3.900000000000000e+00 -2.900000000000000e+00 -9.000000000000000e-01 0
CH3 -2.900000000000000e+00 -2.900000000000000e+00 -9.000000000000000e-01 0
CH3 -1.900000000000000e+00 -2.900000000000000e+00 -9.000000000000000e-01 0
CH3 -9.000000000000000e-01 -2.900000000000000e+00 -9.000000000000000e-01 0
CH3 1.000000000000000e-01 -2.900000000000000e+00 -9.000000000000000e-01 0
CH3 1.100000000000000e+00 -2.900000000000000e+00 -9.000000000000000e-01 0
CH3 2.100000000000000e+00 -2.900000000000000e+00 -9.000000000000000e-01 0
CH3 3.100000000000000e+00 -2.900000000000000e+00 -9.000000000000000e-01 0
CH3 4.100000000000000e+00 -2.900000000000000e+00 -9.000000000000000e-01 0
CH3 -4.900000000000000e+00 -1.900000000000000e+00 -9.000000000000000e-01 0
CH3 -3.900000000000000e+00 -1.900000000000000e+00 -9.000000000000000e-01 0
CH3 -2.900000000000000e+00 -1.900000000000000e+00 -9.000000000000000e-01 0
CH3 -1.900000000000000e+00 -1.900000000000000e+00 -9.000000000000000e-01 0
CH3 -9.000000000000000e-01 -1.900000000000000e+00 -9.000000000000000e-01 0
CH3 1.000000000000000e-01 -1.900000000000000e+00 -9.000000000000000e-01 0
CH3 1.100000000000000e+00 -1.900000000000000e+00 -9.000000000000000e-01 0
CH3 2.100000000000000e+00 -1.900000000000000e+00 -9.000000000000000e-01 0
CH3 3.100000000000000e+00 -1.900000000000000e+00 -9.000000000000000e-01 0
CH3 4.100000000000000e+00 -1.900000000000000e+00 -9.000000000000000e-01 0
CH3 -4.900000000000000e+00 -9.000000000000000e-01 -9.000000000000000e-01 0
CH3 -3.900000000000000e+00 -9.000000000000000e-01 -9.000000000000000e-01 0
CH3 -2.900000000000000e+00 -9.000000000000000e-01 -9.000000000000000e-01 0
CH3 -1.900000000000000e+00 -9.000000000000000e-01 -9.000000000000000e-01 0
CH3 -9.000000000000000e-01 -9.000000000000000e-01 -9.000000000000000e-01 0
CH3 1.000000000000000e-01 -9.000000000000000e-01 -9.000000000000000e-01 0
CH3 1.100000000000000e+00 -9.000000000000000e-01 -9.000000000000000e-01 0
CH3 2.100000000000000e+00 -9.000000000000000e-01 -9.000000000000000e-01 0
CH3 3.100000000000000e+00 -9.000000000000000e-01 -9.000000000000000e-01 0
CH3 4.100000000000000e+00 -9.000000000000000e-01 -9.000000000000000e-01 0
CH3 -4.900000000000000e+00 1.000000000000000e-01 -9.000000000000000e-01 0
CH3 -3.900000000000000e+00 1.000000000000000e-01 -9.000000000000000e-01 0
CH3 -2.900000000000000e+00 1.000000000000000e-01 -9.000000000000000e-01 0
CH3 -1.900000000000000e+00 1.000000000000000e-01 -9.000000000000000e-01 0
CH3 -9.000000000000000e-01 1.000000000000000e-01 -9.000000000000000e-01 0
CH3 1.000000000000000e-01 1.000000000000000e-01 -9.000000000000000e-01 0
CH3 1.100000000000000e+00 1.000000000000000e-01 -9.000000000000000e-01 0
CH3 2.100000000000000e+00 1.000000000000000e-01 -9.000000000000000e-01 0
CH3 3.100000000000000e+00 1.000000000000000e-01 -9.000000000000000e-01 0
CH3 4.100000000000000e+00 1.000000000000000e-01 -9.000000000000000e-01 0
CH3 -4.900000000000000e+00 1.100000000000000e+00 -9.000000000000000e-01 0
CH3 -3.900000000000000e+00 1.100000000000000e+00 -9.000000000000000e-01 0
CH3 -2.900000000000000e+00 1.100000000000000e+00 -9.000000000000000e-01 0
CH3 -1.900000000000000e+00 1.100000000000000e+00 -9.000000000000000e-01 0
CH3 -9.000000000000000e-01 1.100000000000000e+00 -9.000000000000000e-01 0
CH3 1.000000000000000e-01 1.100000000000000e+00 -9.000000000000000e-01 0
CH3 1.100000000000000e+00 1.100000000000000e+00 -9.000000000000000e-01 0
CH3 2.100000000000000e+00 1.100000000000000e+00 -9.000000000000000e-01 0
CH3 3.100000000000000e+00 1.100000000000000e+00 -9.000000000000000e-01 0
CH3 4.100000000000000e+00 1.100000000000000e+00 -9.000000000000000e-01 0
CH3 -4.900000000000000e+00 2.100000000000000e+00 -9.000000000000000e-01 0
CH3 -3.900000000000000e+00 2.100000000000000e+00 -9.000000000000000e-01 0
CH3 -2.900000000000000e+00 2.100000000000000e+00 -9.000000000000000e-01 0
CH3 -1.900000000000000e+00 2.100000000000000e+00 -9.000000000000000e-01 0
CH3 -9.000000000000000e-01 2.100000000000000e+00 -9.000000000000000e-01 0
CH3 1.000000000000000e-01 2.100000000000000e+00 -9.000000000000000e-01 0
CH3 1.100000000000000e+00 2.100000000000000e+00 -9.000000000000000e-01 0
CH3 2.100000000000000e+00 2.100000000000000e+00 -9.000000000000000e-01 0
CH3 3.100000000000000e+00 2.100000000000000e+00 -9.000000000000000e-01 0
CH3 4.100000000000000e+00 2.100000000000000e+00 -9.000000000000000e-01 0
CH3 -4.900000000000000e+00 3.100000000000000e+00 -9.000000000000000e-01 0
CH3 -3.900000000000000e+00 3.100000000000000e+00 -9.000000000000000e-01 0
CH3 -2.900000000000000e+00 3.100000000000000e+00 -9.000000000000000e-01 0
CH3 -1.900000000000000e+00 3.100000000000000e+00 -9.000000000000000e-01 0
CH3 -9.000000000000000e-01 3.100000000000000e+00 -9.000000000000000e-01 0
CH3 1.000000000000000e-01 3.100000000000000e+00 -9.000000000000000e-01 0
CH3 1.100000000000000e+00 3.100000000000000e+00 -9.000000000000000e-01 0
CH3 2.100000000000000e+00 3.100000000000000e+00 -9.000000000000000e-01 0
CH3 3.100000000000000e+00 3.100000000000000e+00 -9.000000000000000e-01 0
CH3 4.100000000000000e+00 3.100000000000000e+00 -9.000000000000000e-01 0
CH3 -4.900000000000000e+00 4.100000000000000e+00 -9.000000000000000e-01 0
CH3 -3.900000000000000e+00 4.100000000000000e+00 -9.000000000000000e-01 0
CH3 -2.900000000000000e+00 4.100000000000000e+00 -9.000000000000000e-01 0
CH3 -1.900000000000000e+00 4.100000000000000e+00 -9.000000000000000e-01 0
CH3 -9.000000000000000e-01 4.100000000000000e+00 -9.000000000000000e-01 0
CH3 1.000000000000000e-01 4.100000000000000e+00 -9.000000000000000e-01 0
CH3 1.100000000000000e+00 4.100000000000000e+00 -9.000000000000000e-01 0
CH3 2.100000000000000e+00 4.100000000000000e+00 -9.000000000000000e-01 0
CH3 3.100000000000000e+00 4.100000000000000e+00 -9.000000000000000e-01 0
CH3 4.100000000000000e+00 4.100000000000000e+00 -9.000000000000000e-01 0
CH3 -4.900000000000000e+00 -4.900000000000000e+00 1.000000000000000e-01 0
CH3 -3.900000000000000e+00 -4.900000000000000e+00 1.000000000000000e-01 0
CH3 -2.900000000000000e+00 -4.900000000000000e+00 1.000000000000000e-01 0
CH3 -1.900000000000000e+00 -4.900000000000000e+00 1.000000000000000e-01 0
CH3 -9.000000000000000e-01 -4.900000000000000e+00 1.000000000000000e-01 0
CH3 1.000000000000000e-01 -4.900000000000000e+00 1.000000000000000e-01 0
CH3 1.100000000000000e+00 -4.900000000000000e+00 1.000000000000000e-01 0
CH3 2.100000000000000e+00 -4.900000000000000e+00 1.000000000000000e-01 0
CH3 3.100000000000000e+00 -4.900000000000000e+00 1.000000000000000e-01 0
CH3 4.100000000000000e+00 -4.900000000000000e+00 1.000000000000000e-01 0
CH3 -4.900000000000000e+00 -3.900000000000000e+00 1.000000000000000e-01 0
CH3 -3.900000000000000e+00 -3.900000000000000e+00 1.000000000000000e-01 0
CH3 -2.900000000000000e+00 -3.900000000000000e+00 1.000000000000000e-01 0
CH3 -1.900000000000000e+00 -3.900000000000000e+00 1.000000000000000e-01 0
CH3 -9.000000000000000e-01 -3.900000000000000e+00 1.000000000000000e-01 0
CH3 1.000000000000000e-01 -3.900000000000000e+00 1.000000000000000e-01 0
CH3 1.100000000000000e+00 -3.900000000000000e+00 1.000000000000000e-01 0
CH3 2.100000000000000e+00 -3.900000000000000e+00 1.000000000000000e-01 0
CH3 3.100000000000000e+00 -3.900000000000000e+00 1.000000000000000e-01 0
CH3 4.100000000000000e+00 -3.900000000000000e+00 1.000000000000000e-01 0
CH3 -4.900000000000000e+00 -2.900000000000000e+00 1.000000000000000e-01 0
CH3 -3.900000000000000e+00 -2.900000000000000e+00 1.000000000000000e-01 0
CH3 -2.900000000000000e+00 -2.900000000000000e+00 1.000000000000000e-01 0
CH3 -1.900000000000000e+00 -2.900000000000000e+00 1.000000000000000e-01 0
CH3 -9.000000000000000e-01 -2.900000000000000e+00 1.000000000000000e-01 0
CH3 1.000000000000000e-01 -2.900000000000000e+00 1.000000000000000e-01 0
CH3 1.100000000000000e+00 -2.900000000000000e+00 1.000000000000000e-01 0
CH3 2.100000000000000e+00 -2.900000000000000e+00 1.000000000000000e-01 0
CH3 3.100000000000000e+00 -2.900000000000000e+00 1.000000000000000e-01 0
CH3 4.100000000000000e+00 -2.900000000000000e+00 1.000000000000000e-01 0
CH3 -4.900000000000000e+00 -1.900000000000000e+00 1.000000000000000e-01 0
CH3 -3.900000000000000e+00 -1.900000000000000e+00 1.000000000000000e-01 0
CH3 -2.900000000000000e+00 -1.900000000000000e+00 1.000000000000000e-01 0
CH3 -1.900000000000000e+00 -1.900000000000000e+00 1.000000000000000e-01 0
CH3 -9.000000000000000e-01 -1.900000000000000e+00 1.000000000000000e-01 0
CH3 1.000000000000000e-01 -1.900000000000000e+00 1.000000000000000e-01 0
CH3 1.100000000000000e+00 -1.900000000000000e+00 1.000000000000000e-01 0
CH3 2.100000000000000e+00 -1.900000000000000e+00 1.000000000000000e-01 0
CH3 3.100000000000000e+00 -1.900000000000000e+00 1.000000000000000e-01 0
CH3 4.100000000000000e+00 -1.900000000000000e+00 1.000000000000000e-01 0
CH3 -4.900000000000000e+00 -9.000000000000000e-01 1.000000000000000e-01 0
CH3 -3.900000000000000e+00 -9.000000000000000e-01 1.000000000000000e-01 0
CH3 -2.900000000000000e+00 -9.000000000000000e-01 1.000000000000000e-01 0
CH3 -1.900000000000000e+00 -9.000000000000000e-01 1.000000000000000e-01 0
CH3 -9.000000000000000e-01 -9.000000000000000e-01 1.000000000000000e-01 0
CH3 1.000000000000000e-01 -9.000000000000000e-01 1.000000000000000e-01 0
CH3 1.100000000000000e+00 -9.000000000000000e-01 1.000000000000000e-01 0
CH3 2.100000000000000e+00 -9.000000000000000e-01 1.000000000000000e-01 0
CH3 3.100000000000000e+00 -9.000000000000000e-01 1.000000000000000e-01 0
CH3 4.100000000000000e+00 -9.000000000000000e-01 1.000000000000000e-01 0
CH3 -4.900000000000000e+00 1.000000000000000e-01 1.000000000000000e-01 0
CH3 -3.900000000000000e+00 1.000000000000000e-01 1.000000000000000e-01 0
CH3 -2.900000000000000e+00 1.000000000000000e-01 1.000000000000000e-01 0
CH3 -1.900000000000000e+00 1.000000000000000e-01 1.000000000000000e-01 0
CH3 -9.000000000000000e-01 1.000000000000000e-01 1.000000000000000e-01 0
CH3 1.000000000000000e-01 1.000000000000000e-01 1.000000000000000e-01 0
CH3 1.100000000000000e+00 1.000000000000000e-01 1.000000000000000e-01 0
CH3 2.100000000000000e+00 1.000000000000000e-01 1.000000000000000e-01 0
CH3 3.100000000000000e+00 1.000000000000000e-01 1.000000000000000e-01 0
CH3 4.100000000000000e+00 1.000000000000000e-01 1.000000000000000e-01 0
CH3 -4.900000000000000e+00 1.100000000000000e+00 1.000000000000000e-01 0
CH3 -3.900000000000000e+00 1.100000000000000e+00 1.000000000000000e-01 0
CH3 -2.900000000000000e+00 1.100000000000000e+00 1.000000000000000e-01 0
CH3 -1.900000000000000e+00 1.100000000000000e+00 1.000000000000000e-01 0
CH3 -9.000000000000000e-01 1.100000000000000e+00 1.000000000000000e-01 0
CH3 1.000000000000000e-01 1.100000000000000e+00 1.000000000000000e-01 0
CH3 1.100000000000000e+00 1.100000000000000e+00 1.000000000000000e-01 0
CH3 2.100000000000000e+00 1.100000000000000e+00 1.000000000000000e-01 0
CH3 3.100000000000000e+00 1.100000000000000e+00 1.000000000000000e-01 0
CH3 4.100000000000000e+00 1.100000000000000e+00 1.000000000000000e-01 0
CH3 -4.900000000000000e+00 2.100000000000000e+00 1.000000000000000e-01 0
CH3 -3.900000000000000e+00 2.100000000000000e+00 1.000000000000000e-01 0
CH3 -2.900000000000000e+00 2.100000000000000e+00 1.000000000000000e-01 0
CH3 -1.900000000000000e+00 2.100000000000000e+00 1.000000000000000e-01 0
CH3 -9.000000000000000e-01 2.100000000000000e+00 1.000000000000000e-01 0
CH3 1.000000000000000e-01 2.100000000000000e+00 1.000000000000000e-01 0
CH3 1.100000000000000e+00 2.100000000000000e+00 1.000000000000000e-01 0
CH3 2.100000000000000e+00 2.100000000000000e+00 1.000000000000000e-01 0
CH3 3.100000000000000e+00 2.100000000000000e+00 1.000000000000000e-01 0
CH3 4.100000000000000e+00 2.100000000000000e+00 1.000000000000000e-01 0
CH3 -4.900000000000000e+00 3.100000000000000e+00 1.000000000000000e-01 0
CH3 -3.900000000000000e+00 3.100000000000000e+00 1.000000000000000e-01 0
CH3 -2.900000000000000e+00 3.100000000000000e+00 1.000000000000000e-01 0
CH3 -1.900000000000000e+00 3.100000000000000e+00 1.000000000000000e-01 0
CH3 -9.000000000000000e-01 3.100000000000000e+00 1.000000000000000e-01 0
CH3 1.000000000000000e-01 3.100000000000000e+00 1.000000000000000e-01 0
CH3 1.100000000000000e+00 3.100000000000000e+00 1.000000000000000e-01 0
CH3 2.100000000000000e+00 3.100000000000000e+00 1.000000000000000e-01 0
CH3 3.100000000000000e+00 3.100000000000000e+00 1.000000000000000e-01 0
CH3 4.100000000000000e+00 3.100000000000000e+00 1.000000000000000e-01 0
CH3 -4.900000000000000e+00 4.100000000000000e+00 1.000000000000000e-01 0
CH3 -3.900000000000000e+00 4.100000000000000e+00 1.000000000000000e-01 0
CH3 -2.900000000000000e+00 4.100000000000000e+00 1.000000000000000e-01 0
CH3 -1.900000000000000e+00 4.100000000000000e+00 1.000000000000000e-01 0
CH3 -9.000000000000000e-01 4.100000000000000e+00 1.000000000000000e-01 0
CH3 1.000000000000000e-01 4.100000000000000e+00 1.000000000000000e-01 0
CH3 1.100000000000000e+00 4.100000000000000e+00 1.000000000000000e-01 0
CH3 2.100000000000000e+00 4.100000000000000e+00 1.000000000000000e-01 0
CH3 3.100000000000000e+00 4.100000000000000e+00 1.000000000000000e-01 0
CH3 4.100000000000000e+00 4.100000000000000e+00 1.000000000000000e-01 0
CH3 -4.900000000000000e+00 -4.900000000000000e+00 1.100000000000000e+00 0
CH3 -3.900000000000000e+00 -4.900000000000000e+00 1.100000000000000e+00 0
CH3 -2.900000000000000e+00 -4.900000000000000e+00 1.100000000000000e+00 0
CH3 -1.900000000000000e+00 -4.900000000000000e+00 1.100000000000000e+00 0
CH3 -9.000000000000000e-01 -4.900000000000000e+00 1.100000000000000e+00 0
CH3 1.000000000000000e-01 -4.900000000000000e+00 1.100000000000000e+00 0
CH3 1.100000000000000e+00 -4.900000000000000e+00 1.100000000000000e+00 0
CH3 2.100000000000000e+00 -4.900000000000000e+00 1.100000000000000e+00 0
CH3 3.100000000000000e+00 -4.900000000000000e+00 1.100000000000000e+00 0
CH3 4.100000000000000e+00 -4.900000000000000e+00 1.100000000000000e+00 0
CH3 -4.900000000000000e+00 -3.900000000000000e+00 1.100000000000000e+00 0
CH3 -3.900000000000000e+00 -3.900000000000000e+00 1.100000000000000e+00 0
CH3 -2.900000000000000e+00 -3.900000000000000e+00 1.100000000000000e+00 0
CH3 -1.900000000000000e+00 -3.900000000000000e+00 1.100000000000000e+00 0
CH3 -9.000000000000000e-01 -3.900000000000000e+00 1.100000000000000e+00 0
CH3 1.000000000000000e-01 -3.900000000000000e+00 1.100000000000000e+00 0
CH3 1.100000000000000e+00 -3.900000000000000e+00 1.100000000000000e+00 0
CH3 2.100000000000000e+00 -3.900000000000000e+00 1.100000000000000e+00 0
CH3 3.100000000000000e+00 -3.900000000000000e+00 1.100000000000000e+00 0
CH3 4.100000000000000e+00 -3.900000000000000e+00 1.100000000000000e+00 0
CH3 -4.900000000000000e+00 -2.900000000000000e+00 1.100000000000000e+00 0
CH3 -3.900000000000000e+00 -2.900000000000000e+00 1.100000000000000e+00 0
CH3 -2.900000000000000e+00 -2.900000000000000e+00 1.100000000000000e+00 0
CH3 -1.900000000000000e+00 -2.900000000000000e+00 1.100000000000000e+00 0
CH3 -9.000000000000000e-01 -2.900000000000000e+00 1.100000000000000e+00 0
CH3 1.000000000000000e-01 -2.900000000000000e+00 1.100000000000000e+00 0
CH3 1.100000000000000e+00 -2.900000000000000e+00 1.100000000000000e+00 0
CH3 2.100000000000000e+00 -2.900000000000000e+00 1.100000000000000e+00 0
CH3 3.100000000000000e+00 -2.900000000000000e+00 1.100000000000000e+00 0
CH3 4.100000000000000e+00 -2.900000000000000e+00 1.100000000000000e+00 0
CH3 -4.900000000000000e+00 -1.900000000000000e+00 1.100000000000000e+00 0
CH3 -3.900000000000000e+00 -1.900000000000000e+00 1.100000000000000e+00 0
CH3 -2.900000000000000e+00 -1.900000000000000e+00 1.100000000000000e+00 0
CH3 -1.900000000000000e+00 -1.900000000000000e+00 1.100000000000000e+00 0
CH3 -9.000000000000000e-01 -1.900000000000000e+00 1.100000000000000e+00 0
CH3 1.000000000000000e-01 -1.900000000000000e+00 1.100000000000000e+00 0
CH3 1.100000000000000e+00 -1.900000000000000e+00 1.100000000000000e+00 0
CH3 2.100000000000000e+00 -1.900000000000000e+00 1.100000000000000e+00 0
CH3 3.100000000000000e+00 -1.900000000000000e+00 1.100000000000000e+00 0
CH3 4.100000000000000e+00 -1.900000000000000e+00 1.100000000000000e+00 0
CH3 -4.900000000000000e+00 -9.000000000000000e-01 1.100000000000000e+00 0
CH3 -3.900000000000000e+00 -9.000000000000000e-01 1.100000000000000e+00 0
CH3 -2.900000000000000e+00 -9.000000000000000e-01 1.100000000000000e+00 0
CH3 -1.900000000000000e+00 -9.000000000000000e-01 1.100000000000000e+00 0
CH3 -9.000000000000000e-01 -9.000000000000000e-01 1.100000000000000e+00 0
CH3 1.000000000000000e-01 -9.000000000000000e-01 1.100000000000000e+00 0
CH3 1.100000000000000e+00 -9.000000000000000e-01 1.100000000000000e+00 0
CH3 2.100000000000000e+00 -9.000000000000000e-01 1.100000000000000e+00 0
CH3 3.100000000000000e+00 -9.000000000000000e-01 1.100000000000000e+00 0
CH3 4.100000000000000e+00 -9.000000000000000e-01 1.100000000000000e+00 0
CH3 -4.900000000000000e+00 1.000000000000000e-01 1.100000000000000e+00 0
CH3 -3.900000000000000e+00 1.000000000000000e-01 1.100000000000000e+00 0
CH3 -2.900000000000000e+00 1.000000000000000e-01 1.100000000000000e+00 0
CH3 -1.900000000000000e+00 1.000000000000000e-01 1.100000000000000e+00 0
CH3 -9.000000000000000e-01 1.000000000000000e-01 1.100000000000000e+00 0
CH3 1.000000000000000e-01 1.000000000000000e-01 1.100000000000000e+00 0
CH3 1.100000000000000e+00 1.000000000000000e-01 1.100000000000000e+00 0
CH3 2.100000000000000e+00 1.000000000000000e-01 1.100000000000000e+00 0
CH3 3.100000000000000e+00 1.000000000000000e-01 1.100000000000000e+00 0
CH3 4.100000000000000e+00 1.000000000000000e-01 1.100000000000000e+00 0
CH3 -4.900000000000000e+00 1.100000000000000e+00 1.100000000000000e+00 0
CH3 -3.900000000000000e+00 1.100000000000000e+00 1.100000000000000e+00 0
CH3 -2.900000000000000e+00 1.100000000000000e+00 1.100000000000000e+00 0
CH3 -1.900000000000000e+00 1.100000000000000e+00 1.100000000000000e+00 0
CH3 -9.000000000000000e-01 1.100000000000000e+00 1.100000000000000e+00 0
CH3 1.000000000000000e-01 1.100000000000000e+00 1.100000000000000e+00 0
CH3 1.100000000000000e+00 1.100000000000000e+00 1.100000000000000e+00 0
CH3 2.100000000000000e+00 1.100000000000000e+00 1.100000000000000e+00 0
CH3 3.100000000000000e+00 1.100000000000000e+00 1.100000000000000e+00 0
CH3 4.100000000000000e+00 1.100000000000000e+00 1.100000000000000e+00 0
CH3 -4.900000000000000e+00 2.100000000000000e+00 1.100000000000000e+00 0
CH3 -3.900000000000000e+00 2.100000000000000e+00 1.100000000000000e+00 0
CH3 -2.900000000000000e+00 2.100000000000000e+00 1.100000000000000e+00 0
CH3 -1.900000000000000e+00 2.100000000000000e+00 1.100000000000000e+00 0
CH3 -9.000000000000000e-01 2.100000000000000e+00 1.100000000000000e+00 0
CH3 1.000000000000000e-01 2.100000000000000e+00 1.100000000000000e+00 0
CH3 1.100000000000000e+00 2.100000000000000e+00 1.100000000000000e+00 0
CH3 2.100000000000000e+00 2.100000000000000e+00 1.100000000000000e+00 0
CH3 3.100000000000000e+00 2.100000000000000e+00 1.100000000000000e+00 0
CH3 4.100000000000000e+00 2.100000000000000e+00 1.100000000000000e+00 0
CH3 -4.900000000000000e+00 3.100000000000000e+00 1.100000000000000e+00 0
CH3 -3.900000000000000e+00 3.100000000000000e+00 1.100000000000000e+00 0
CH3 -2.900000000000000e+00 3.100000000000000e+00 1.100000000000000e+00 0
CH3 -1.900000000000000e+00 3.100000000000000e+00 1.100000000000000e+00 0
CH3 -9.000000000000000e-01 3.100000000000000e+00 1.100000000000000e+00 0
CH3 1.000000000000000e-01 3.100000000000000e+00 1.100000000000000e+00 0
CH3 1.100000000000000e+00 3.100000000000000e+00 1.100000000000000e+00 0
CH3 2.100000000000000e+00 3.100000000000000e+00 1.100000000000000e+00 0
CH3 3.100000000000000e+00 3.100000000000000e+00 1.100000000000000e+00 0
CH3 4.100000000000000e+00 3.100000000000000e+00 1.100000000000000e+00 0
CH3 -4.900000000000000e+00 4.100000000000000e+00 1.100000000000000e+00 0
CH3 -3.900000000000000e+00 4.100000000000000e+00 1.100000000000000e+00 0
CH3 -2.900000000000000e+00 4.100000000000000e+00 1.100000000000000e+00 0
CH3 -1.900000000000000e+00 4.100000000000000e+00 1.100000000000000e+00 0
CH3 -9.000000000000000e-01 4.100000000000000e+00 1.100000000000000e+00 0
CH3 1.000000000000000e-01 4.100000000000000e+00 1.100000000000000e+00 0
CH3 1.100000000000000e+00 4.100000000000000e+00 1.100000000000000e+00 0
CH3 2.100000000000000e+00 4.100000000000000e+00 1.100000000000000e+00 0
CH3 3.100000000000000e+00 4.100000000000000e+00 1.100000000000000e+00 0
CH3 4.100000000000000e+00 4.100000000000000e+00 1.100000000000000e+00 0
CH3 -4.900000000000000e+00 -4.900000000000000e+00 2.100000000000000e+00 0
CH3 -3.900000000000000e+00 -4.900000000000000e+00 2.100000000000000e+00 0
CH3 -2.900000000000000e+00 -4.900000000000000e+00 2.100000000000000e+00 0
CH3 -1.900000000000000e+00 -4.900000000000000e+00 2.100000000000000e+00 0
CH3 -9.000000000000000e-01 -4.900000000000000e+00 2.100000000000000e+00 0
CH3 1.000000000000000e-01 -4.900000000000000e+00 2.100000000000000e+00 0
CH3 1.100000000000000e+00 -4.900000000000000e+00 2.100000000000000e+00 0
CH3 2.100000000000000e+00 -4.900000000000000e+00 2.100000000000000e+00 0
CH3 3.100000000000000e+00 -4.900000000000000e+00 2.100000000000000e+00 0
CH3 4.100000000000000e+00 -4.900000000000000e+00 2.100000000000000e+00 0
CH3 -4.900000000000000e+00 -3.900000000000000e+00 2.100000000000000e+00 0
CH3 -3.900000000000000e+00 -3.900000000000000e+00 2.100000000000000e+00 0
CH3 -2.900000000000000e+00 -3.900000000000000e+00 2.100000000000000e+00 0
CH3 -1.900000000000000e+00 -3.900000000000000e+00 2.100000000000000e+00 0
CH3 -9.000000000000000e-01 -3.900000000000000e+00 2.100000000000000e+00 0
CH3 1.000000000000000e-01 -3.900000000000000e+00 2.100000000000000e+00 0
CH3 1.100000000000000e+00 -3.900000000000000e+00 2.100000000000000e+00 0
CH3 2.100000000000000e+00 -3.900000000000000e+00 2.100000000000000e+00 0
CH3 3.100000000000000e+00 -3.900000000000000e+00 2.100000000000000e+00 0
CH3 4.100000000000000e+00 -3.900000000000000e+00 2.100000000000000e+00 0
CH3 -4.900000000000000e+00 -2.900000000000000e+00 2.100000000000000e+00 0
CH3 -3.900000000000000e+00 -2.900000000000000e+00 2.100000000000000e+00 0
CH3 -2.900000000000000e+00 -2.900000000000000e+00 2.100000000000000e+00 0
CH3 -1.900000000000000e+00 -2.900000000000000e+00 2.100000000000000e+00 0
CH3 -9.000000000000000e-01 -2.900000000000000e+00 2.100000000000000e+00 0
CH3 1.000000000000000e-01 -2.900000000000000e+00 2.100000000000000e+00 0
CH3 1.100000000000000e+00 -2.900000000000000e+00 2.100000000000000e+00 0
CH3 2.100000000000000e+00 -2.900000000000000e+00 2.100000000000000e+00 0
CH3 3.100000000000000e+00 -2.900000000000000e+00 2.100000000000000e+00 0
CH3 4.100000000000000e+00 -2.900000000000000e+00 2.100000000000000e+00 0
CH3 -4.900000000000000e+00 -1.900000000000000e+00 2.100000000000000e+00 0
CH3 -3.900000000000000e+00 -1.900000000000000e+00 2.100000000000000e+00 0
CH3 -2.900000000000000e+00 -1.900000000000000e+00 2.100000000000000e+00 0
CH3 -1.900000000000000e+00 -1.900000000000000e+00 2.100000000000000e+00 0
CH3 -9.000000000000000e-01 -1.900000000000000e+00 2.100000000000000e+00 0
CH3 1.000000000000000e-01 -1.900000000000000e+00 2.100000000000000e+00 0
CH3 1.100000000000000e+00 -1.900000000000000e+00 2.100000000000000e+00 0
CH3 2.100000000000000e+00 -1.900000000000000e+00 2.100000000000000e+00 0
CH3 3.100000000000000e+00 -1.900000000000000e+00 2.100000000000000e+00 0
CH3 4.100000000000000e+00 -1.900000000000000e+00 2.100000000000000e+00 0
CH3 -4.900000000000000e+00 -9.000000000000000e-01 2.100000000000000e+00 0
CH3 -3.900000000000000e+00 -9.000000000000000e-01 2.100000000000000e+00 0
CH3 -2.900000000000000e+00 -9.000000000000000e-01 2.100000000000000e+00 0
CH3 -1.900000000000000e+00 -9.000000000000000e-01 2.100000000000000e+00 0
CH3 -9.000000000000000e-01 -9.000000000000000e-01 2.100000000000000e+00 0
CH3 1.000000000000000e-01 -9.000000000000000e-01 2.100000000000000e+00 0
CH3 1.100000000000000e+00 -9.000000000000000e-01 2.100000000000000e+00 0
CH3 2.100000000000000e+00 -9.000000000000000e-01 2.100000000000000e+00 0
CH3 3.100000000000000e+00 -9.000000000000000e-01 2.100000000000000e+00 0
CH3 4.100000000000000e+00 -9.000000000000000e-01 2.100000000000000e+00 0
CH3 -4.900000000000000e+00 1.000000000000000e-01 2.100000000000000e+00 0
CH3 -3.900000000000000e+00 1.000000000000000e-01 2.100000000000000e+00 0
CH3 -2.900000000000000e+00 1.000000000000000e-01 2.100000000000000e+00 0
CH3 -1.900000000000000e+00 1.000000000000000e-01 2.100000000000000e+00 0
CH3 -9.000000000000000e-01 1.000000000000000e-01 2.100000000000000e+00 0
CH3 1.000000000000000e-01 1.000000000000000e-01 2.100000000000000e+00 0
CH3 1.100000000000000e+00 1.000000000000000e-01 2.100000000000000e+00 0
CH3 2.100000000000000e+00 1.000000000000000e-01 2.100000000000000e+00 0
CH3 3.100000000000000e+00 1.000000000000000e-01 2.100000000000000e+00 0
CH3 4.100000000000000e+00 1.000000000000000e-01 2.100000000000000e+00 0
CH3 -4.900000000000000e+00 1.100000000000000e+00 2.100000000000000e+00 0
CH3 -3.900000000000000e+00 1.100000000000000e+00 2.100000000000000e+00 0
CH3 -2.900000000000000e+00 1.100000000000000e+00 2.100000000000000e+00 0
CH3 -1.900000000000000e+00 1.100000000000000e+00 2.100000000000000e+00 0
CH3 -9.000000000000000e-01 1.100000000000000e+00 2.100000000000000e+00 0
CH3 1.000000000000000e-01 1.100000000000000e+00 2.100000000000000e+00 0
CH3 1.100000000000000e+00 1.100000000000000e+00 2.100000000000000e+00 0
CH3 2.100000000000000e+00 1.100000000000000e+00 2.100000000000000e+00 0
CH3 3.100000000000000e+00 1.100000000000000e+00 2.100000000000000e+00 0
CH3 4.100000000000000e+00 1.100000000000000e+00 2.100000000000000e+00 0
CH3 -4.900000000000000e+00 2.100000000000000e+00 2.100000000000000e+00 0
CH3 -3.900000000000000e+00 2.100000000000000e+00 2.100000000000000e+00 0
CH3 -2.900000000000000e+00 2.100000000000000e+00 2.100000000000000e+00 0
CH3 -1.900000000000000e+00 2.100000000000000e+00 2.100000000000000e+00 0
CH3 -9.000000000000000e-01 2.100000000000000e+00 2.100000000000000e+00 0
CH3 1.000000000000000e-01 2.100000000000000e+00 2.100000000000000e+00 0
CH3 1.100000000000000e+00 2.100000000000000e+00 2.100000000000000e+00 0
CH3 2.100000000000000e+00 2.100000000000000e+00 2.100000000000000e+00 0
CH3 3.100000000000000e+00 2.100000000000000e+00 2.100000000000000e+00 0
CH3 4.100000000000000e+00 2.100000000000000e+00 2.100000000000000e+00 0
CH3 -4.900000000000000e+00 3.100000000000000e+00 2.100000000000000e+00 0
CH3 -3.900000000000000e+00 3.100000000000000e+00 2.100000000000000e+00 0
CH3 -2.900000000000000e+00 3.100000000000000e+00 2.100000000000000e+00 0
CH3 -1.900000000000000e+00 3.100000000000000e+00 2.100000000000000e+00 0
CH3 -9.000000000000000e-01 3.100000000000000e+00 2.100000000000000e+00 0
CH3 1.000000000000000e-01 3.100000000000000e+00 2.100000000000000e+00 0
CH3 1.100000000000000e+00 3.100000000000000e+00 2.100000000000000e+00 0
CH3 2.100000000000000e+00 3.100000000000000e+00 2.100000000000000e+00 0
CH3 3.100000000000000e+00 3.100000000000000e+00 2.100000000000000e+00 0
CH3 4.100000000000000e+00 3.100000000000000e+00 2.100000000000000e+00 0
CH3 -4.900000000000000e+00 4.100000000000000e+00 2.100000000000000e+00 0
CH3 -3.900000000000000e+00 4.100000000000000e+00 2.100000000000000e+00 0
CH3 -2.900000000000000e+00 4.100000000000000e+00 2.100000000000000e+00 0
CH3 -1.900000000000000e+00 4.100000000000000e+00 2.100000000000000e+00 0
CH3 -9.000000000000000e-01 4.100000000000000e+00 2.100000000000000e+00 0
CH3 1.000000000000000e-01 4.100000000000000e+00 2.100000000000000e+00 0
CH3 1.100000000000000e+00 4.100000000000000e+00 2.100000000000000e+00 0
CH3 2.100000000000000e+00 4.100000000000000e+00 2.100000000000000e+00 0
CH3 3.100000000000000e+00 4.100000000000000e+00 2.100000000000000e+00 0
CH3 4.100000000000000e+00 4.100000000000000e+00 2.100000000000000e+00 0
CH3 -4.900000000000000e+00 -4.900000000000000e+00 3.100000000000000e+00 0
CH3 -3.900000000000000e+00 -4.900000000000000e+00 3.100000000000000e+00 0
CH3 -2.900000000000000e+00 -4.900000000000000e+00 3.100000000000000e+00 0
CH3 -1.900000000000000e+00 -4.900000000000000e+00 3.100000000000000e+00 0
CH3 -9.000000000000000e-01 -4.900000000000000e+00 3.100000000000000e+00 0
CH3 1.000000000000000e-01 -4.900000000000000e+00 3.100000000000000e+00 0
CH3 1.100000000000000e+00 -4.900000000000000e+00 3.100000000000000e+00 0
CH3 2.100000000000000e+00 -4.900000000000000e+00 3.100000000000000e+00 0
CH3 3.100000000000000e+00 -4.900000000000000e+00 3.100000000000000e+00 0
CH3 4.100000000000000e+00 -4.900000000000000e+00 3.100000000000000e+00 0
CH3 -4.900000000000000e+00 -3.900000000000000e+00 3.100000000000000e+00 0
CH3 -3.900000000000000e+00 -3.900000000000000e+00 3.100000000000000e+00 0
CH3 -2.900000000000000e+00 -3.900000000000000e+00 3.100000000000000e+00 0
CH3 -1.900000000000000e+00 -3.900000000000000e+00 3.100000000000000e+00 0
CH3 -9.000000000000000e-01 -3.900000000000000e+00 3.100000000000000e+00 0
CH3 1.000000000000000e-01 -3.900000000000000e+00 3.100000000000000e+00 0
CH3 1.100000000000000e+00 -3.900000000000000e+00 3.100000000000000e+00 0
CH3 2.100000000000000e+00 -3.900000000000000e+00 3.100000000000000e+00 0
CH3 3.100000000000000e+00 -3.900000000000000e+00 3.100000000000000e+00 0
CH3 4.100000000000000e+00 -3.900000000000000e+00 3.100000000000000e+00 0
CH3 -4.900000000000000e+00 -2.900000000000000e+00 3.100000000000000e+00 0
CH3 -3.900000000000000e+00 -2.900000000000000e+00 3.100000000000000e+00 0
CH3 -2.900000000000000e+00 -2.900000000000000e+00 3.100000000000000e+00 0
CH3 -1.900000000000000e+00 -2.900000000000000e+00 3.100000000000000e+00 0
CH3 -9.000000000000000e-01 -2.900000000000000e+00 3.100000000000000e+00 0
CH3 1.000000000000000e-01 -2.900000000000000e+00 3.100000000000000e+00 0
CH3 1.100000000000000e+00 -2.900000000000000e+00 3.100000000000000e+00 0
CH3 2.100000000000000e+00 -2.900000000000000e+00 3.100000000000000e+00 0
CH3 3.100000000000000e+00 -2.900000000000000e+00 3.100000000000000e+00 0
CH3 4.100000000000000e+00 -2.900000000000000e+00 3.100000000000000e+00 0
CH3 -4.900000000000000e+00 -1.900000000000000e+00 3.100000000000000e+00 0
CH3 -3.900000000000000e+00 -1.900000000000000e+00 3.100000000000000e+00 0
CH3 -2.900000000000000e+00 -1.900000000000000e+00 3.100000000000000e+00 0
CH3 -1.900000000000000e+00 -1.900000000000000e+00 3.100000000000000e+00 0
CH3 -9.000000000000000e-01 -1.900000000000000e+00 3.100000000000000e+00 0
CH3 1.000000000000000e-01 -1.900000000000000e+00 3.100000000000000e+00 0
CH3 1.100000000000000e+00 -1.900000000000000e+00 3.100000000000000e+00 0
CH3 2.100000000000000e+00 -1.900000000000000e+00 3.100000000000000e+00 0
CH3 3.100000000000000e+00 -1.900000000000000e+00 3.100000000000000e+00 0
CH3 4.100000000000000e+00 -1.900000000000000e+00 3.100000000000000e+00 0
CH3 -4.900000000000000e+00 -9.000000000000000e-01 3.100000000000000e+00 0
CH3 -3.900000000000000e+00 -9.000000000000000e-01 3.100000000000000e+00 0
CH3 -2.900000000000000e+00 -9.000000000000000e-01 3.100000000000000e+00 0
CH3 -1.900000000000000e+00 -9.000000000000000e-01 3.100000000000000e+00 0
CH3 -9.000000000000000e-01 -9.000000000000000e-01 3.100000000000000e+00 0
CH3 1.000000000000000e-01 -9.000000000000000e-01 3.100000000000000e+00 0
CH3 1.100000000000000e+00 -9.000000000000000e-01 3.100000000000000e+00 0
CH3 2.100000000000000e+00 -9.000000000000000e-01 3.100000000000000e+00 0
CH3 3.100000000000000e+00 -9.000000000000000e-01 3.100000000000000e+00 0
CH3 4.100000000000000e+00 -9.000000000000000e-01 3.100000000000000e+00 0
CH3 -4.900000000000000e+00 1.000000000000000e-01 3.100000000000000e+00 0
CH3 -3.900000000000000e+00 1.000000000000000e-01 3.100000000000000e+00 0
CH3 -2.900000000000000e+00 1.000000000000000e-01 3.100000000000000e+00 0
CH3 -1.900000000000000e+00 1.000000000000000e-01 3.100000000000000e+00 0
CH3 -9.000000000000000e-01 1.000000000000000e-01 3.100000000000000e+00 0
CH3 1.000000000000000e-01 1.000000000000000e-01 3.100000000000000e+00 0
CH3 1.100000000000000e+00 1.000000000000000e-01 3.100000000000000e+00 0
CH3 2.100000000000000e+00 1.000000000000000e-01 3.100000000000000e+00 0
CH3 3.100000000000000e+00 1.000000000000000e-01 3.100000000000000e+00 0
CH3 4.100000000000000e+00 1.000000000000000e-01 3.100000000000000e+00 0
CH3 -4.900000000000000e+00 1.100000000000000e+00 3.100000000000000e+00 0
CH3 -3.900000000000000e+00 1.100000000000000e+00 3.100000000000000e+00 0
CH3 -2.900000000000000e+00 1.100000000000000e+00 3.100000000000000e+00 0
CH3 -1.900000000000000e+00 1.100000000000000e+00 3.100000000000000e+00 0
CH3 -9.000000000000000e-01 1.100000000000000e+00 3.100000000000000e+00 0
CH3 1.000000000000000e-01 1.100000000000000e+00 3.100000000000000e+00 0
CH3 1.100000000000000e+00 1.100000000000000e+00 3.100000000000000e+00 0
CH3 2.100000000000000e+00 1.100000000000000e+00 3.100000000000000e+00 0
CH3 3.100000000000000e+00 1.100000000000000e+00 3.100000000000000e+00 0
CH3 4.100000000000000e+00 1.100000000000000e+00 3.100000000000000e+00 0
CH3 -4.900000000000000e+00 2.100000000000000e+00 3.100000000000000e+00 0
CH3 -3.900000000000000e+00 2.100000000000000e+00 3.100000000000000e+00 0
CH3 -2.900000000000000e+00 2.100000000000000e+00 3.100000000000000e+00 0
CH3 -1.900000000000000e+00 2.100000000000000e+00 3.100000000000000e+00 0
CH3 -9.000000000000000e-01 2.100000000000000e+00 3.100000000000000e+00 0
CH3 1.000000000000000e-01 2.100000000000000e+00 3.100000000000000e+00 0
CH3 1.100000000000000e+00 2.100000000000000e+00 3.100000000000000e+00 0
CH3 2.100000000000000e+00 2.100000000000000e+00 3.100000000000000e+00 0
CH3 3.100000000000000e+00 2.100000000000000e+00 3.100000000000000e+00 0
CH3 4.100000000000000e+00 2.100000000000000e+00 3.100000000000000e+00 0
CH3 -4.900000000000000e+00 3.100000000000000e+00 3.100000000000000e+00 0
CH3 -3.900000000000000e+00 3.100000000000000e+00 3.100000000000000e+00 0
CH3 -2.900000000000000e+00 3.100000000000000e+00 3.100000000000000e+00 0
CH3 -1.900000000000000e+00 3.100000000000000e+00 3.100000000000000e+00 0
CH3 -9.000000000000000e-01 3.100000000000000e+00 3.100000000000000e+00 0
CH3 1.000000000000000e-01 3.100000000000000e+00 3.100000000000000e+00 0
CH3 1.100000000000000e+00 3.100000000000000e+00 3.100000000000000e+00 0
CH3 2.100000000000000e+00 3.100000000000000e+00 3.100000000000000e+00 0
CH3 3.100000000000000e+00 3.100000000000000e+00 3.100000000000000e+00 0
CH3 4.100000000000000e+00 3.100000000000000e+00 3.100000000000000e+00 0
CH3 -4.900000000000000e+00 4.100000000000000e+00 3.100000000000000e+00 0
CH3 -3.900000000000000e+00 4.100000000000000e+00 3.100000000000000e+00 0
CH3 -2.900000000000000e+00 4.100000000000000e+00 3.100000000000000e+00 0
CH3 -1.900000000000000e+00 4.100000000000000e+00 3.100000000000000e+00 0
CH3 -9.000000000000000e-01 4.100000000000000e+00 3.100000000000000e+00 0
CH3 1.000000000000000e-01 4.100000000000000e+00 3.100000000000000e+00 0
CH3 1.100000000000000e+00 4.100000000000000e+00 3.100000000000000e+00 0
CH3 2.100000000000000e+00 4.100000000000000e+00 3.100000000000000e+00 0
CH3 3.100000000000000e+00 4.100000000000000e+00 3.100000000000000e+00 0
CH3 4.100000000000000e+00 4.100000000000000e+00 3.100000000000000e+00 0
