900 1
// 90 10 10.25 . It took 1.2583466666666667e-05 minutes or 0 sweeps.
CH3 -4.9000000000000004 -4.9000000000000004 -4.9000000000000004 0
C2H6 -3.8999999999999999 -4.9000000000000004 -4.9000000000000004 70
C2H6 -2.8999999999999999 -4.9000000000000004 -4.9000000000000004 140
C2H6 -1.8999999999999999 -4.9000000000000004 -4.9000000000000004 210
C2H6 -0.90000000000000002 -4.9000000000000004 -4.9000000000000004 280
C2H6 0.10000000000000001 -4.9000000000000004 -4.9000000000000004 350
C2H6 1.1000000000000001 -4.9000000000000004 -4.9000000000000004 420
C2H6 2.1000000000000001 -4.9000000000000004 -4.9000000000000004 490
C2H6 3.1000000000000001 -4.9000000000000004 -4.9000000000000004 560
CH3 4.0999999999999996 -4.9000000000000004 -4.9000000000000004 630
CH3 -4.9000000000000004 -3.8999999999999999 -4.9000000000000004 700
C2H6 -3.8999999999999999 -3.8999999999999999 -4.9000000000000004 770
C2H6 -2.8999999999999999 -3.8999999999999999 -4.9000000000000004 840
C2H6 -1.8999999999999999 -3.8999999999999999 -4.9000000000000004 910
C2H6 -0.90000000000000002 -3.8999999999999999 -4.9000000000000004 980
C2H6 0.10000000000000001 -3.8999999999999999 -4.9000000000000004 1050
C2H6 1.1000000000000001 -3.8999999999999999 -4.9000000000000004 1120
C2H6 2.1000000000000001 -3.8999999999999999 -4.9000000000000004 1190
C2H6 3.1000000000000001 -3.8999999999999999 -4.9000000000000004 1260
CH3 4.0999999999999996 -3.8999999999999999 -4.9000000000000004 1330
CH3 -4.9000000000000004 -2.8999999999999999 -4.9000000000000004 1400
C2H6 -3.8999999999999999 -2.8999999999999999 -4.9000000000000004 1470
C2H6 -2.8999999999999999 -2.8999999999999999 -4.9000000000000004 1540
C2H6 -1.8999999999999999 -2.8999999999999999 -4.9000000000000004 1610
C2H6 -0.90000000000000002 -2.8999999999999999 -4.9000000000000004 1680
C2H6 0.10000000000000001 -2.8999999999999999 -4.9000000000000004 1750
C2H6 1.1000000000000001 -2.8999999999999999 -4.9000000000000004 1820
C2H6 2.1000000000000001 -2.8999999999999999 -4.9000000000000004 1890
C2H6 3.1000000000000001 -2.8999999999999999 -4.9000000000000004 1960
CH3 4.0999999999999996 -2.8999999999999999 -4.9000000000000004 2030
CH3 -4.9000000000000004 -1.8999999999999999 -4.9000000000000004 2100
C2H6 -3.8999999999999999 -1.8999999999999999 -4.9000000000000004 2170
C2H6 -2.8999999999999999 -1.8999999999999999 -4.9000000000000004 2240
C2H6 -1.8999999999999999 -1.8999999999999999 -4.9000000000000004 2310
C2H6 -0.90000000000000002 -1.8999999999999999 -4.9000000000000004 2380
C2H6 0.10000000000000001 -1.8999999999999999 -4.9000000000000004 2450
C2H6 1.1000000000000001 -1.8999999999999999 -4.9000000000000004 2520
C2H6 2.1000000000000001 -1.8999999999999999 -4.9000000000000004 2590
C2H6 3.1000000000000001 -1.8999999999999999 -4.9000000000000004 2660
CH3 4.0999999999999996 -1.8999999999999999 -4.9000000000000004 2730
CH3 -4.9000000000000004 -0.90000000000000002 -4.9000000000000004 2800
C2H6 -3.8999999999999999 -0.90000000000000002 -4.9000000000000004 2870
C2H6 -2.8999999999999999 -0.90000000000000002 -4.9000000000000004 2940
C2H6 -1.8999999999999999 -0.90000000000000002 -4.9000000000000004 3010
C2H6 -0.90000000000000002 -0.90000000000000002 -4.9000000000000004 3080
C2H6 0.10000000000000001 -0.90000000000000002 -4.9000000000000004 3150
C2H6 1.1000000000000001 -0.90000000000000002 -4.9000000000000004 3220
C2H6 2.1000000000000001 -0.90000000000000002 -4.9000000000000004 3290
C2H6 3.1000000000000001 -0.90000000000000002 -4.9000000000000004 3360
CH3 4.0999999999999996 -0.90000000000000002 -4.9000000000000004 3430
CH3 -4.9000000000000004 0.10000000000000001 -4.9000000000000004 3500
C2H6 -3.8999999999999999 0.10000000000000001 -4.9000000000000004 3570
C2H6 -2.8999999999999999 0.10000000000000001 -4.9000000000000004 3640
C2H6 -1.8999999999999999 0.10000000000000001 -4.9000000000000004 3710
C2H6 -0.90000000000000002 0.10000000000000001 -4.9000000000000004 3780
C2H6 0.10000000000000001 0.10000000000000001 -4.9000000000000004 3850
C2H6 1.1000000000000001 0.10000000000000001 -4.9000000000000004 3920
C2H6 2.1000000000000001 0.10000000000000001 -4.9000000000000004 3990
C2H6 3.1000000000000001 0.10000000000000001 -4.9000000000000004 4060
CH3 4.0999999999999996 0.10000000000000001 -4.9000000000000004 4130
CH3 -4.9000000000000004 1.1000000000000001 -4.9000000000000004 4200
C2H6 -3.8999999999999999 1.1000000000000001 -4.9000000000000004 4270
C2H6 -2.8999999999999999 1.1000000000000001 -4.9000000000000004 4340
C2H6 -1.8999999999999999 1.1000000000000001 -4.9000000000000004 4410
C2H6 -0.90000000000000002 1.1000000000000001 -4.9000000000000004 4480
C2H6 0.10000000000000001 1.1000000000000001 -4.9000000000000004 4550
C2H6 1.1000000000000001 1.1000000000000001 -4.9000000000000004 4620
C2H6 2.1000000000000001 1.1000000000000001 -4.9000000000000004 4690
C2H6 3.1000000000000001 1.1000000000000001 -4.9000000000000004 4760
CH3 4.0999999999999996 1.1000000000000001 -4.9000000000000004 4830
CH3 -4.9000000000000004 2.1000000000000001 -4.9000000000000004 4900
C2H6 -3.8999999999999999 2.1000000000000001 -4.9000000000000004 4970
C2H6 -2.8999999999999999 2.1000000000000001 -4.9000000000000004 5040
C2H6 -1.8999999999999999 2.1000000000000001 -4.9000000000000004 5110
C2H6 -0.90000000000000002 2.1000000000000001 -4.9000000000000004 5180
C2H6 0.10000000000000001 2.1000000000000001 -4.9000000000000004 5250
C2H6 1.1000000000000001 2.1000000000000001 -4.9000000000000004 5320
C2H6 2.1000000000000001 2.1000000000000001 -4.9000000000000004 5390
C2H6 3.1000000000000001 2.1000000000000001 -4.9000000000000004 5460
CH3 4.0999999999999996 2.1000000000000001 -4.9000000000000004 5530
CH3 -4.9000000000000004 3.1000000000000001 -4.9000000000000004 5600
C2H6 -3.8999999999999999 3.1000000000000001 -4.9000000000000004 5670
C2H6 -2.8999999999999999 3.1000000000000001 -4.9000000000000004 5740
C2H6 -1.8999999999999999 3.1000000000000001 -4.9000000000000004 5810
C2H6 -0.90000000000000002 3.1000000000000001 -4.9000000000000004 5880
C2H6 0.10000000000000001 3.1000000000000001 -4.9000000000000004 5950
C2H6 1.1000000000000001 3.1000000000000001 -4.9000000000000004 6020
C2H6 2.1000000000000001 3.1000000000000001 -4.9000000000000004 6090
C2H6 3.1000000000000001 3.1000000000000001 -4.9000000000000004 6160
CH3 4.0999999999999996 3.1000000000000001 -4.9000000000000004 6230
CH3 -4.9000000000000004 4.0999999999999996 -4.9000000000000004 6300
C2H6 -3.8999999999999999 4.0999999999999996 -4.9000000000000004 6370
C2H6 -2.8999999999999999 4.0999999999999996 -4.9000000000000004 6440
C2H6 -1.8999999999999999 4.0999999999999996 -4.9000000000000004 6510
C2H6 -0.90000000000000002 4.0999999999999996 -4.9000000000000004 6580
C2H6 0.10000000000000001 4.0999999999999996 -4.9000000000000004 6650
C2H6 1.1000000000000001 4.0999999999999996 -4.9000000000000004 6720
C2H6 2.1000000000000001 4.0999999999999996 -4.9000000000000004 6790
C2H6 3.1000000000000001 4.0999999999999996 -4.9000000000000004 6860
CH3 4.0999999999999996 4.0999999999999996 -4.9000000000000004 6930
CH3 -4.9000000000000004 -4.9000000000000004 -3.8999999999999999 7000
C2H6 -3.8999999999999999 -4.9000000000000004 -3.8999999999999999 7070
C2H6 -2.8999999999999999 -4.9000000000000004 -3.8999999999999999 7140
C2H6 -1.8999999999999999 -4.9000000000000004 -3.8999999999999999 7210
C2H6 -0.90000000000000002 -4.9000000000000004 -3.8999999999999999 7280
C2H6 0.10000000000000001 -4.9000000000000004 -3.8999999999999999 7350
C2H6 1.1000000000000001 -4.9000000000000004 -3.8999999999999999 7420
C2H6 2.1000000000000001 -4.9000000000000004 -3.8999999999999999 7490
C2H6 3.1000000000000001 -4.9000000000000004 -3.8999999999999999 7560
CH3 4.0999999999999996 -4.9000000000000004 -3.8999999999999999 7630
CH3 -4.9000000000000004 -3.8999999999999999 -3.8999999999999999 7700
C2H6 -3.8999999999999999 -3.8999999999999999 -3.8999999999999999 7770
C2H6 -2.8999999999999999 -3.8999999999999999 -3.8999999999999999 7840
C2H6 -1.8999999999999999 -3.8999999999999999 -3.8999999999999999 7910
C2H6 -0.90000000000000002 -3.8999999999999999 -3.8999999999999999 7980
C2H6 0.10000000000000001 -3.8999999999999999 -3.8999999999999999 8050
C2H6 1.1000000000000001 -3.8999999999999999 -3.8999999999999999 8120
C2H6 2.1000000000000001 -3.8999999999999999 -3.8999999999999999 8190
C2H6 3.1000000000000001 -3.8999999999999999 -3.8999999999999999 8260
CH3 4.0999999999999996 -3.8999999999999999 -3.8999999999999999 8330
CH3 -4.9000000000000004 -2.8999999999999999 -3.8999999999999999 8400
C2H6 -3.8999999999999999 -2.8999999999999999 -3.8999999999999999 8470
C2H6 -2.8999999999999999 -2.8999999999999999 -3.8999999999999999 8540
C2H6 -1.8999999999999999 -2.8999999999999999 -3.8999999999999999 8610
C2H6 -0.90000000000000002 -2.8999999999999999 -3.8999999999999999 8680
C2H6 0.10000000000000001 -2.8999999999999999 -3.8999999999999999 8750
C2H6 1.1000000000000001 -2.8999999999999999 -3.8999999999999999 8820
C2H6 2.1000000000000001 -2.8999999999999999 -3.8999999999999999 8890
C2H6 3.1000000000000001 -2.8999999999999999 -3.8999999999999999 8960
CH3 4.0999999999999996 -2.8999999999999999 -3.8999999999999999 9030
CH3 -4.9000000000000004 -1.8999999999999999 -3.8999999999999999 9100
C2H6 -3.8999999999999999 -1.8999999999999999 -3.8999999999999999 9170
C2H6 -2.8999999999999999 -1.8999999999999999 -3.8999999999999999 9240
C2H6 -1.8999999999999999 -1.8999999999999999 -3.8999999999999999 9310
C2H6 -0.90000000000000002 -1.8999999999999999 -3.8999999999999999 9380
C2H6 0.10000000000000001 -1.8999999999999999 -3.8999999999999999 9450
C2H6 1.1000000000000001 -1.8999999999999999 -3.8999999999999999 9520
C2H6 2.1000000000000001 -1.8999999999999999 -3.8999999999999999 9590
C2H6 3.1000000000000001 -1.8999999999999999 -3.8999999999999999 9660
CH3 4.0999999999999996 -1.8999999999999999 -3.8999999999999999 9730
CH3 -4.9000000000000004 -0.90000000000000002 -3.8999999999999999 9800
C2H6 -3.8999999999999999 -0.90000000000000002 -3.8999999999999999 9870
C2H6 -2.8999999999999999 -0.90000000000000002 -3.8999999999999999 9940
C2H6 -1.8999999999999999 -0.90000000000000002 -3.8999999999999999 10010
C2H6 -0.90000000000000002 -0.90000000000000002 -3.8999999999999999 10080
C2H6 0.10000000000000001 -0.90000000000000002 -3.8999999999999999 10150
C2H6 1.1000000000000001 -0.90000000000000002 -3.8999999999999999 10220
C2H6 2.1000000000000001 -0.90000000000000002 -3.8999999999999999 10290
C2H6 3.1000000000000001 -0.90000000000000002 -3.8999999999999999 10360
CH3 4.0999999999999996 -0.90000000000000002 -3.8999999999999999 10430
CH3 -4.9000000000000004 0.10000000000000001 -3.8999999999999999 10500
C2H6 -3.8999999999999999 0.10000000000000001 -3.8999999999999999 10570
C2H6 -2.8999999999999999 0.10000000000000001 -3.8999999999999999 10640
C2H6 -1.8999999999999999 0.10000000000000001 -3.8999999999999999 10710
C2H6 -0.90000000000000002 0.10000000000000001 -3.8999999999999999 10780
C2H6 0.10000000000000001 0.10000000000000001 -3.8999999999999999 10850
C2H6 1.1000000000000001 0.10000000000000001 -3.8999999999999999 10920
C2H6 2.1000000000000001 0.10000000000000001 -3.8999999999999999 10990
C2H6 3.1000000000000001 0.10000000000000001 -3.8999999999999999 11060
CH3 4.0999999999999996 0.10000000000000001 -3.8999999999999999 11130
CH3 -4.9000000000000004 1.1000000000000001 -3.8999999999999999 11200
C2H6 -3.8999999999999999 1.1000000000000001 -3.8999999999999999 11270
C2H6 -2.8999999999999999 1.1000000000000001 -3.8999999999999999 11340
C2H6 -1.8999999999999999 1.1000000000000001 -3.8999999999999999 11410
C2H6 -0.90000000000000002 1.1000000000000001 -3.8999999999999999 11480
C2H6 0.10000000000000001 1.1000000000000001 -3.8999999999999999 11550
C2H6 1.1000000000000001 1.1000000000000001 -3.8999999999999999 11620
C2H6 2.1000000000000001 1.1000000000000001 -3.8999999999999999 11690
C2H6 3.1000000000000001 1.1000000000000001 -3.8999999999999999 11760
CH3 4.0999999999999996 1.1000000000000001 -3.8999999999999999 11830
CH3 -4.9000000000000004 2.1000000000000001 -3.8999999999999999 11900
C2H6 -3.8999999999999999 2.1000000000000001 -3.8999999999999999 11970
C2H6 -2.8999999999999999 2.1000000000000001 -3.8999999999999999 12040
C2H6 -1.8999999999999999 2.1000000000000001 -3.8999999999999999 12110
C2H6 -0.90000000000000002 2.1000000000000001 -3.8999999999999999 12180
C2H6 0.10000000000000001 2.1000000000000001 -3.8999999999999999 12250
C2H6 1.1000000000000001 2.1000000000000001 -3.8999999999999999 12320
C2H6 2.1000000000000001 2.1000000000000001 -3.8999999999999999 12390
C2H6 3.1000000000000001 2.1000000000000001 -3.8999999999999999 12460
CH3 4.0999999999999996 2.1000000000000001 -3.8999999999999999 12530
CH3 -4.9000000000000004 3.1000000000000001 -3.8999999999999999 12600
C2H6 -3.8999999999999999 3.1000000000000001 -3.8999999999999999 12670
C2H6 -2.8999999999999999 3.1000000000000001 -3.8999999999999999 12740
C2H6 -1.8999999999999999 3.1000000000000001 -3.8999999999999999 12810
C2H6 -0.90000000000000002 3.1000000000000001 -3.8999999999999999 12880
C2H6 0.10000000000000001 3.1000000000000001 -3.8999999999999999 12950
C2H6 1.1000000000000001 3.1000000000000001 -3.8999999999999999 13020
C2H6 2.1000000000000001 3.1000000000000001 -3.8999999999999999 13090
C2H6 3.1000000000000001 3.1000000000000001 -3.8999999999999999 13160
CH3 4.0999999999999996 3.1000000000000001 -3.8999999999999999 13230
CH3 -4.9000000000000004 4.0999999999999996 -3.8999999999999999 13300
C2H6 -3.8999999999999999 4.0999999999999996 -3.8999999999999999 13370
C2H6 -2.8999999999999999 4.0999999999999996 -3.8999999999999999 13440
C2H6 -1.8999999999999999 4.0999999999999996 -3.8999999999999999 13510
C2H6 -0.90000000000000002 4.0999999999999996 -3.8999999999999999 13580
C2H6 0.10000000000000001 4.0999999999999996 -3.8999999999999999 13650
C2H6 1.1000000000000001 4.0999999999999996 -3.8999999999999999 13720
C2H6 2.1000000000000001 4.0999999999999996 -3.8999999999999999 13790
C2H6 3.1000000000000001 4.0999999999999996 -3.8999999999999999 13860
CH3 4.0999999999999996 4.0999999999999996 -3.8999999999999999 13930
CH3 -4.9000000000000004 -4.9000000000000004 -2.8999999999999999 14000
C2H6 -3.8999999999999999 -4.9000000000000004 -2.8999999999999999 14070
C2H6 -2.8999999999999999 -4.9000000000000004 -2.8999999999999999 14140
C2H6 -1.8999999999999999 -4.9000000000000004 -2.8999999999999999 14210
C2H6 -0.90000000000000002 -4.9000000000000004 -2.8999999999999999 14280
C2H6 0.10000000000000001 -4.9000000000000004 -2.8999999999999999 14350
C2H6 1.1000000000000001 -4.9000000000000004 -2.8999999999999999 14420
C2H6 2.1000000000000001 -4.9000000000000004 -2.8999999999999999 14490
C2H6 3.1000000000000001 -4.9000000000000004 -2.8999999999999999 14560
CH3 4.0999999999999996 -4.9000000000000004 -2.8999999999999999 14630
CH3 -4.9000000000000004 -3.8999999999999999 -2.8999999999999999 14700
C2H6 -3.8999999999999999 -3.8999999999999999 -2.8999999999999999 14770
C2H6 -2.8999999999999999 -3.8999999999999999 -2.8999999999999999 14840
C2H6 -1.8999999999999999 -3.8999999999999999 -2.8999999999999999 14910
C2H6 -0.90000000000000002 -3.8999999999999999 -2.8999999999999999 14980
C2H6 0.10000000000000001 -3.8999999999999999 -2.8999999999999999 15050
C2H6 1.1000000000000001 -3.8999999999999999 -2.8999999999999999 15120
C2H6 2.1000000000000001 -3.8999999999999999 -2.8999999999999999 15190
C2H6 3.1000000000000001 -3.8999999999999999 -2.8999999999999999 15260
CH3 4.0999999999999996 -3.8999999999999999 -2.8999999999999999 15330
CH3 -4.9000000000000004 -2.8999999999999999 -2.8999999999999999 15400
C2H6 -3.8999999999999999 -2.8999999999999999 -2.8999999999999999 15470
C2H6 -2.8999999999999999 -2.8999999999999999 -2.8999999999999999 15540
C2H6 -1.8999999999999999 -2.8999999999999999 -2.8999999999999999 15610
C2H6 -0.90000000000000002 -2.8999999999999999 -2.8999999999999999 15680
C2H6 0.10000000000000001 -2.8999999999999999 -2.8999999999999999 15750
C2H6 1.1000000000000001 -2.8999999999999999 -2.8999999999999999 15820
C2H6 2.1000000000000001 -2.8999999999999999 -2.8999999999999999 15890
C2H6 3.1000000000000001 -2.8999999999999999 -2.8999999999999999 15960
CH3 4.0999999999999996 -2.8999999999999999 -2.8999999999999999 16030
CH3 -4.9000000000000004 -1.8999999999999999 -2.8999999999999999 16100
C2H6 -3.8999999999999999 -1.8999999999999999 -2.8999999999999999 16170
C2H6 -2.8999999999999999 -1.8999999999999999 -2.8999999999999999 16240
C2H6 -1.8999999999999999 -1.8999999999999999 -2.8999999999999999 16310
C2H6 -0.90000000000000002 -1.8999999999999999 -2.8999999999999999 16380
C2H6 0.10000000000000001 -1.8999999999999999 -2.8999999999999999 16450
C2H6 1.1000000000000001 -1.8999999999999999 -2.8999999999999999 16520
C2H6 2.1000000000000001 -1.8999999999999999 -2.8999999999999999 16590
C2H6 3.1000000000000001 -1.8999999999999999 -2.8999999999999999 16660
CH3 4.0999999999999996 -1.8999999999999999 -2.8999999999999999 16730
CH3 -4.9000000000000004 -0.90000000000000002 -2.8999999999999999 16800
C2H6 -3.8999999999999999 -0.90000000000000002 -2.8999999999999999 16870
C2H6 -2.8999999999999999 -0.90000000000000002 -2.8999999999999999 16940
C2H6 -1.8999999999999999 -0.90000000000000002 -2.8999999999999999 17010
C2H6 -0.90000000000000002 -0.90000000000000002 -2.8999999999999999 17080
C2H6 0.10000000000000001 -0.90000000000000002 -2.8999999999999999 17150
C2H6 1.1000000000000001 -0.90000000000000002 -2.8999999999999999 17220
C2H6 2.1000000000000001 -0.90000000000000002 -2.8999999999999999 17290
C2H6 3.1000000000000001 -0.90000000000000002 -2.8999999999999999 17360
CH3 4.0999999999999996 -0.90000000000000002 -2.8999999999999999 17430
CH3 -4.9000000000000004 0.10000000000000001 -2.8999999999999999 17500
C2H6 -3.8999999999999999 0.10000000000000001 -2.8999999999999999 17570
C2H6 -2.8999999999999999 0.10000000000000001 -2.8999999999999999 17640
C2H6 -1.8999999999999999 0.10000000000000001 -2.8999999999999999 17710
C2H6 -0.90000000000000002 0.10000000000000001 -2.8999999999999999 17780
C2H6 0.10000000000000001 0.10000000000000001 -2.8999999999999999 17850
C2H6 1.1000000000000001 0.10000000000000001 -2.8999999999999999 17920
C2H6 2.1000000000000001 0.10000000000000001 -2.8999999999999999 17990
C2H6 3.1000000000000001 0.10000000000000001 -2.8999999999999999 18060
CH3 4.0999999999999996 0.10000000000000001 -2.8999999999999999 18130
CH3 -4.9000000000000004 1.1000000000000001 -2.8999999999999999 18200
C2H6 -3.8999999999999999 1.1000000000000001 -2.8999999999999999 18270
C2H6 -2.8999999999999999 1.1000000000000001 -2.8999999999999999 18340
C2H6 -1.8999999999999999 1.1000000000000001 -2.8999999999999999 18410
C2H6 -0.90000000000000002 1.1000000000000001 -2.8999999999999999 18480
C2H6 0.10000000000000001 1.1000000000000001 -2.8999999999999999 18550
C2H6 1.1000000000000001 1.1000000000000001 -2.8999999999999999 18620
C2H6 2.1000000000000001 1.1000000000000001 -2.8999999999999999 18690
C2H6 3.1000000000000001 1.1000000000000001 -2.8999999999999999 18760
CH3 4.0999999999999996 1.1000000000000001 -2.8999999999999999 18830
CH3 -4.9000000000000004 2.1000000000000001 -2.8999999999999999 18900
C2H6 -3.8999999999999999 2.1000000000000001 -2.8999999999999999 18970
C2H6 -2.8999999999999999 2.1000000000000001 -2.8999999999999999 19040
C2H6 -1.8999999999999999 2.1000000000000001 -2.8999999999999999 19110
C2H6 -0.90000000000000002 2.1000000000000001 -2.8999999999999999 19180
C2H6 0.10000000000000001 2.1000000000000001 -2.8999999999999999 19250
C2H6 1.1000000000000001 2.1000000000000001 -2.8999999999999999 19320
C2H6 2.1000000000000001 2.1000000000000001 -2.8999999999999999 19390
C2H6 3.1000000000000001 2.1000000000000001 -2.8999999999999999 19460
CH3 4.0999999999999996 2.1000000000000001 -2.8999999999999999 19530
CH3 -4.9000000000000004 3.1000000000000001 -2.8999999999999999 19600
C2H6 -3.8999999999999999 3.1000000000000001 -2.8999999999999999 19670
C2H6 -2.8999999999999999 3.1000000000000001 -2.8999999999999999 19740
C2H6 -1.8999999999999999 3.1000000000000001 -2.8999999999999999 19810
C2H6 -0.90000000000000002 3.1000000000000001 -2.8999999999999999 19880
C2H6 0.10000000000000001 3.1000000000000001 -2.8999999999999999 19950
C2H6 1.1000000000000001 3.1000000000000001 -2.8999999999999999 20020
C2H6 2.1000000000000001 3.1000000000000001 -2.8999999999999999 20090
C2H6 3.1000000000000001 3.1000000000000001 -2.8999999999999999 20160
CH3 4.0999999999999996 3.1000000000000001 -2.8999999999999999 20230
CH3 -4.9000000000000004 4.0999999999999996 -2.8999999999999999 20300
C2H6 -3.8999999999999999 4.0999999999999996 -2.8999999999999999 20370
C2H6 -2.8999999999999999 4.0999999999999996 -2.8999999999999999 20440
C2H6 -1.8999999999999999 4.0999999999999996 -2.8999999999999999 20510
C2H6 -0.90000000000000002 4.0999999999999996 -2.8999999999999999 20580
C2H6 0.10000000000000001 4.0999999999999996 -2.8999999999999999 20650
C2H6 1.1000000000000001 4.0999999999999996 -2.8999999999999999 20720
C2H6 2.1000000000000001 4.0999999999999996 -2.8999999999999999 20790
C2H6 3.1000000000000001 4.0999999999999996 -2.8999999999999999 20860
CH3 4.0999999999999996 4.0999999999999996 -2.8999999999999999 20930
CH3 -4.9000000000000004 -4.9000000000000004 -1.8999999999999999 21000
C2H6 -3.8999999999999999 -4.9000000000000004 -1.8999999999999999 21070
C2H6 -2.8999999999999999 -4.9000000000000004 -1.8999999999999999 21140
C2H6 -1.8999999999999999 -4.9000000000000004 -1.8999999999999999 21210
C2H6 -0.90000000000000002 -4.9000000000000004 -1.8999999999999999 21280
C2H6 0.10000000000000001 -4.9000000000000004 -1.8999999999999999 21350
C2H6 1.1000000000000001 -4.9000000000000004 -1.8999999999999999 21420
C2H6 2.1000000000000001 -4.9000000000000004 -1.8999999999999999 21490
C2H6 3.1000000000000001 -4.9000000000000004 -1.8999999999999999 21560
CH3 4.0999999999999996 -4.9000000000000004 -1.8999999999999999 21630
CH3 -4.9000000000000004 -3.8999999999999999 -1.8999999999999999 21700
C2H6 -3.8999999999999999 -3.8999999999999999 -1.8999999999999999 21770
C2H6 -2.8999999999999999 -3.8999999999999999 -1.8999999999999999 21840
C2H6 -1.8999999999999999 -3.8999999999999999 -1.8999999999999999 21910
C2H6 -0.90000000000000002 -3.8999999999999999 -1.8999999999999999 21980
C2H6 0.10000000000000001 -3.8999999999999999 -1.8999999999999999 22050
C2H6 1.1000000000000001 -3.8999999999999999 -1.8999999999999999 22120
C2H6 2.1000000000000001 -3.8999999999999999 -1.8999999999999999 22190
C2H6 3.1000000000000001 -3.8999999999999999 -1.8999999999999999 22260
CH3 4.0999999999999996 -3.8999999999999999 -1.8999999999999999 22330
CH3 -4.9000000000000004 -2.8999999999999999 -1.8999999999999999 22400
C2H6 -3.8999999999999999 -2.8999999999999999 -1.8999999999999999 22470
C2H6 -2.8999999999999999 -2.8999999999999999 -1.8999999999999999 22540
C2H6 -1.8999999999999999 -2.8999999999999999 -1.8999999999999999 22610
C2H6 -0.90000000000000002 -2.8999999999999999 -1.8999999999999999 22680
C2H6 0.10000000000000001 -2.8999999999999999 -1.8999999999999999 22750
C2H6 1.1000000000000001 -2.8999999999999999 -1.8999999999999999 22820
C2H6 2.1000000000000001 -2.8999999999999999 -1.8999999999999999 22890
C2H6 3.1000000000000001 -2.8999999999999999 -1.8999999999999999 22960
CH3 4.0999999999999996 -2.8999999999999999 -1.8999999999999999 23030
CH3 -4.9000000000000004 -1.8999999999999999 -1.8999999999999999 23100
C2H6 -3.8999999999999999 -1.8999999999999999 -1.8999999999999999 23170
C2H6 -2.8999999999999999 -1.8999999999999999 -1.8999999999999999 23240
C2H6 -1.8999999999999999 -1.8999999999999999 -1.8999999999999999 23310
C2H6 -0.90000000000000002 -1.8999999999999999 -1.8999999999999999 23380
C2H6 0.10000000000000001 -1.8999999999999999 -1.8999999999999999 23450
C2H6 1.1000000000000001 -1.8999999999999999 -1.8999999999999999 23520
C2H6 2.1000000000000001 -1.8999999999999999 -1.8999999999999999 23590
C2H6 3.1000000000000001 -1.8999999999999999 -1.8999999999999999 23660
CH3 4.0999999999999996 -1.8999999999999999 -1.8999999999999999 23730
CH3 -4.9000000000000004 -0.90000000000000002 -1.8999999999999999 23800
C2H6 -3.8999999999999999 -0.90000000000000002 -1.8999999999999999 23870
C2H6 -2.8999999999999999 -0.90000000000000002 -1.8999999999999999 23940
C2H6 -1.8999999999999999 -0.90000000000000002 -1.8999999999999999 24010
C2H6 -0.90000000000000002 -0.90000000000000002 -1.8999999999999999 24080
C2H6 0.10000000000000001 -0.90000000000000002 -1.8999999999999999 24150
C2H6 1.1000000000000001 -0.90000000000000002 -1.8999999999999999 24220
C2H6 2.1000000000000001 -0.90000000000000002 -1.8999999999999999 24290
C2H6 3.1000000000000001 -0.90000000000000002 -1.8999999999999999 24360
CH3 4.0999999999999996 -0.90000000000000002 -1.8999999999999999 24430
CH3 -4.9000000000000004 0.10000000000000001 -1.8999999999999999 24500
C2H6 -3.8999999999999999 0.10000000000000001 -1.8999999999999999 24570
C2H6 -2.8999999999999999 0.10000000000000001 -1.8999999999999999 24640
C2H6 -1.8999999999999999 0.10000000000000001 -1.8999999999999999 24710
C2H6 -0.90000000000000002 0.10000000000000001 -1.8999999999999999 24780
C2H6 0.10000000000000001 0.10000000000000001 -1.8999999999999999 24850
C2H6 1.1000000000000001 0.10000000000000001 -1.8999999999999999 24920
C2H6 2.1000000000000001 0.10000000000000001 -1.8999999999999999 24990
C2H6 3.1000000000000001 0.10000000000000001 -1.8999999999999999 25060
CH3 4.0999999999999996 0.10000000000000001 -1.8999999999999999 25130
CH3 -4.9000000000000004 1.1000000000000001 -1.8999999999999999 25200
C2H6 -3.8999999999999999 1.1000000000000001 -1.8999999999999999 25270
C2H6 -2.8999999999999999 1.1000000000000001 -1.8999999999999999 25340
C2H6 -1.8999999999999999 1.1000000000000001 -1.8999999999999999 25410
C2H6 -0.90000000000000002 1.1000000000000001 -1.8999999999999999 25480
C2H6 0.10000000000000001 1.1000000000000001 -1.8999999999999999 25550
C2H6 1.1000000000000001 1.1000000000000001 -1.8999999999999999 25620
C2H6 2.1000000000000001 1.1000000000000001 -1.8999999999999999 25690
C2H6 3.1000000000000001 1.1000000000000001 -1.8999999999999999 25760
CH3 4.0999999999999996 1.1000000000000001 -1.8999999999999999 25830
CH3 -4.9000000000000004 2.1000000000000001 -1.8999999999999999 25900
C2H6 -3.8999999999999999 2.1000000000000001 -1.8999999999999999 25970
C2H6 -2.8999999999999999 2.1000000000000001 -1.8999999999999999 26040
C2H6 -1.8999999999999999 2.1000000000000001 -1.8999999999999999 26110
C2H6 -0.90000000000000002 2.1000000000000001 -1.8999999999999999 26180
C2H6 0.10000000000000001 2.1000000000000001 -1.8999999999999999 26250
C2H6 1.1000000000000001 2.1000000000000001 -1.8999999999999999 26320
C2H6 2.1000000000000001 2.1000000000000001 -1.8999999999999999 26390
C2H6 3.1000000000000001 2.1000000000000001 -1.8999999999999999 26460
CH3 4.0999999999999996 2.1000000000000001 -1.8999999999999999 26530
CH3 -4.9000000000000004 3.1000000000000001 -1.8999999999999999 26600
C2H6 -3.8999999999999999 3.1000000000000001 -1.8999999999999999 26670
C2H6 -2.8999999999999999 3.1000000000000001 -1.8999999999999999 26740
C2H6 -1.8999999999999999 3.1000000000000001 -1.8999999999999999 26810
C2H6 -0.90000000000000002 3.1000000000000001 -1.8999999999999999 26880
C2H6 0.10000000000000001 3.1000000000000001 -1.8999999999999999 26950
C2H6 1.1000000000000001 3.1000000000000001 -1.8999999999999999 27020
C2H6 2.1000000000000001 3.1000000000000001 -1.8999999999999999 27090
C2H6 3.1000000000000001 3.1000000000000001 -1.8999999999999999 27160
CH3 4.0999999999999996 3.1000000000000001 -1.8999999999999999 27230
CH3 -4.9000000000000004 4.0999999999999996 -1.8999999999999999 27300
C2H6 -3.8999999999999999 4.0999999999999996 -1.8999999999999999 27370
C2H6 -2.8999999999999999 4.0999999999999996 -1.8999999999999999 27440
C2H6 -1.8999999999999999 4.0999999999999996 -1.8999999999999999 27510
C2H6 -0.90000000000000002 4.0999999999999996 -1.8999999999999999 27580
C2H6 0.10000000000000001 4.0999999999999996 -1.8999999999999999 27650
C2H6 1.1000000000000001 4.0999999999999996 -1.8999999999999999 27720
C2H6 2.1000000000000001 4.0999999999999996 -1.8999999999999999 27790
C2H6 3.1000000000000001 4.0999999999999996 -1.8999999999999999 27860
CH3 4.0999999999999996 4.0999999999999996 -1.8999999999999999 27930
CH3 -4.9000000000000004 -4.9000000000000004 -0.90000000000000002 28000
C2H6 -3.8999999999999999 -4.9000000000000004 -0.90000000000000002 28070
C2H6 -2.8999999999999999 -4.9000000000000004 -0.90000000000000002 28140
C2H6 -1.8999999999999999 -4.9000000000000004 -0.90000000000000002 28210
C2H6 -0.90000000000000002 -4.9000000000000004 -0.90000000000000002 28280
C2H6 0.10000000000000001 -4.9000000000000004 -0.90000000000000002 28350
C2H6 1.1000000000000001 -4.9000000000000004 -0.90000000000000002 28420
C2H6 2.1000000000000001 -4.9000000000000004 -0.90000000000000002 28490
C2H6 3.1000000000000001 -4.9000000000000004 -0.90000000000000002 28560
CH3 4.0999999999999996 -4.9000000000000004 -0.90000000000000002 28630
CH3 -4.9000000000000004 -3.8999999999999999 -0.90000000000000002 28700
C2H6 -3.8999999999999999 -3.8999999999999999 -0.90000000000000002 28770
C2H6 -2.8999999999999999 -3.8999999999999999 -0.90000000000000002 28840
C2H6 -1.8999999999999999 -3.8999999999999999 -0.90000000000000002 28910
C2H6 -0.90000000000000002 -3.8999999999999999 -0.90000000000000002 28980
C2H6 0.10000000000000001 -3.8999999999999999 -0.90000000000000002 29050
C2H6 1.1000000000000001 -3.8999999999999999 -0.90000000000000002 29120
C2H6 2.1000000000000001 -3.8999999999999999 -0.90000000000000002 29190
C2H6 3.1000000000000001 -3.8999999999999999 -0.90000000000000002 29260
CH3 4.0999999999999996 -3.8999999999999999 -0.90000000000000002 29330
CH3 -4.9000000000000004 -2.8999999999999999 -0.90000000000000002 29400
C2H6 -3.8999999999999999 -2.8999999999999999 -0.90000000000000002 29470
C2H6 -2.8999999999999999 -2.8999999999999999 -0.90000000000000002 29540
C2H6 -1.8999999999999999 -2.8999999999999999 -0.90000000000000002 29610
C2H6 -0.90000000000000002 -2.8999999999999999 -0.90000000000000002 29680
C2H6 0.10000000000000001 -2.8999999999999999 -0.90000000000000002 29750
C2H6 1.1000000000000001 -2.8999999999999999 -0.90000000000000002 29820
C2H6 2.1000000000000001 -2.8999999999999999 -0.90000000000000002 29890
C2H6 3.1000000000000001 -2.8999999999999999 -0.90000000000000002 29960
CH3 4.0999999999999996 -2.8999999999999999 -0.90000000000000002 30030
CH3 -4.9000000000000004 -1.8999999999999999 -0.90000000000000002 30100
C2H6 -3.8999999999999999 -1.8999999999999999 -0.90000000000000002 30170
C2H6 -2.8999999999999999 -1.8999999999999999 -0.90000000000000002 30240
C2H6 -1.8999999999999999 -1.8999999999999999 -0.90000000000000002 30310
C2H6 -0.90000000000000002 -1.8999999999999999 -0.90000000000000002 30380
C2H6 0.10000000000000001 -1.8999999999999999 -0.90000000000000002 30450
C2H6 1.1000000000000001 -1.8999999999999999 -0.90000000000000002 30520
C2H6 2.1000000000000001 -1.8999999999999999 -0.90000000000000002 30590
C2H6 3.1000000000000001 -1.8999999999999999 -0.90000000000000002 30660
CH3 4.0999999999999996 -1.8999999999999999 -0.90000000000000002 30730
CH3 -4.9000000000000004 -0.90000000000000002 -0.90000000000000002 30800
C2H6 -3.8999999999999999 -0.90000000000000002 -0.90000000000000002 30870
C2H6 -2.8999999999999999 -0.90000000000000002 -0.90000000000000002 30940
C2H6 -1.8999999999999999 -0.90000000000000002 -0.90000000000000002 31010
C2H6 -0.90000000000000002 -0.90000000000000002 -0.90000000000000002 31080
C2H6 0.10000000000000001 -0.90000000000000002 -0.90000000000000002 31150
C2H6 1.1000000000000001 -0.90000000000000002 -0.90000000000000002 31220
C2H6 2.1000000000000001 -0.90000000000000002 -0.90000000000000002 31290
C2H6 3.1000000000000001 -0.90000000000000002 -0.90000000000000002 31360
CH3 4.0999999999999996 -0.90000000000000002 -0.90000000000000002 31430
CH3 -4.9000000000000004 0.10000000000000001 -0.90000000000000002 31500
C2H6 -3.8999999999999999 0.10000000000000001 -0.90000000000000002 31570
C2H6 -2.8999999999999999 0.10000000000000001 -0.90000000000000002 31640
C2H6 -1.8999999999999999 0.10000000000000001 -0.90000000000000002 31710
C2H6 -0.90000000000000002 0.10000000000000001 -0.90000000000000002 31780
C2H6 0.10000000000000001 0.10000000000000001 -0.90000000000000002 31850
C2H6 1.1000000000000001 0.10000000000000001 -0.90000000000000002 31920
C2H6 2.1000000000000001 0.10000000000000001 -0.90000000000000002 31990
C2H6 3.1000000000000001 0.10000000000000001 -0.90000000000000002 32060
CH3 4.0999999999999996 0.10000000000000001 -0.90000000000000002 32130
CH3 -4.9000000000000004 1.1000000000000001 -0.90000000000000002 32200
C2H6 -3.8999999999999999 1.1000000000000001 -0.90000000000000002 32270
C2H6 -2.8999999999999999 1.1000000000000001 -0.90000000000000002 32340
C2H6 -1.8999999999999999 1.1000000000000001 -0.90000000000000002 32410
C2H6 -0.90000000000000002 1.1000000000000001 -0.90000000000000002 32480
C2H6 0.10000000000000001 1.1000000000000001 -0.90000000000000002 32550
C2H6 1.1000000000000001 1.1000000000000001 -0.90000000000000002 32620
C2H6 2.1000000000000001 1.1000000000000001 -0.90000000000000002 32690
C2H6 3.1000000000000001 1.1000000000000001 -0.90000000000000002 32760
CH3 4.0999999999999996 1.1000000000000001 -0.90000000000000002 32830
CH3 -4.9000000000000004 2.1000000000000001 -0.90000000000000002 32900
C2H6 -3.8999999999999999 2.1000000000000001 -0.90000000000000002 32970
C2H6 -2.8999999999999999 2.1000000000000001 -0.90000000000000002 33040
C2H6 -1.8999999999999999 2.1000000000000001 -0.90000000000000002 33110
C2H6 -0.90000000000000002 2.1000000000000001 -0.90000000000000002 33180
C2H6 0.10000000000000001 2.1000000000000001 -0.90000000000000002 33250
C2H6 1.1000000000000001 2.1000000000000001 -0.90000000000000002 33320
C2H6 2.1000000000000001 2.1000000000000001 -0.90000000000000002 33390
C2H6 3.1000000000000001 2.1000000000000001 -0.90000000000000002 33460
CH3 4.0999999999999996 2.1000000000000001 -0.90000000000000002 33530
CH3 -4.9000000000000004 3.1000000000000001 -0.90000000000000002 33600
C2H6 -3.8999999999999999 3.1000000000000001 -0.90000000000000002 33670
C2H6 -2.8999999999999999 3.1000000000000001 -0.90000000000000002 33740
C2H6 -1.8999999999999999 3.1000000000000001 -0.90000000000000002 33810
C2H6 -0.90000000000000002 3.1000000000000001 -0.90000000000000002 33880
C2H6 0.10000000000000001 3.1000000000000001 -0.90000000000000002 33950
C2H6 1.1000000000000001 3.1000000000000001 -0.90000000000000002 34020
C2H6 2.1000000000000001 3.1000000000000001 -0.90000000000000002 34090
C2H6 3.1000000000000001 3.1000000000000001 -0.90000000000000002 34160
CH3 4.0999999999999996 3.1000000000000001 -0.90000000000000002 34230
CH3 -4.9000000000000004 4.0999999999999996 -0.90000000000000002 34300
C2H6 -3.8999999999999999 4.0999999999999996 -0.90000000000000002 34370
C2H6 -2.8999999999999999 4.0999999999999996 -0.90000000000000002 34440
C2H6 -1.8999999999999999 4.0999999999999996 -0.90000000000000002 34510
C2H6 -0.90000000000000002 4.0999999999999996 -0.90000000000000002 34580
C2H6 0.10000000000000001 4.0999999999999996 -0.90000000000000002 34650
C2H6 1.1000000000000001 4.0999999999999996 -0.90000000000000002 34720
C2H6 2.1000000000000001 4.0999999999999996 -0.90000000000000002 34790
C2H6 3.1000000000000001 4.0999999999999996 -0.90000000000000002 34860
CH3 4.0999999999999996 4.0999999999999996 -0.90000000000000002 34930
CH3 -4.9000000000000004 -4.9000000000000004 0.10000000000000001 35000
C2H6 -3.8999999999999999 -4.9000000000000004 0.10000000000000001 35070
C2H6 -2.8999999999999999 -4.9000000000000004 0.10000000000000001 35140
C2H6 -1.8999999999999999 -4.9000000000000004 0.10000000000000001 35210
C2H6 -0.90000000000000002 -4.9000000000000004 0.10000000000000001 35280
C2H6 0.10000000000000001 -4.9000000000000004 0.10000000000000001 35350
C2H6 1.1000000000000001 -4.9000000000000004 0.10000000000000001 35420
C2H6 2.1000000000000001 -4.9000000000000004 0.10000000000000001 35490
C2H6 3.1000000000000001 -4.9000000000000004 0.10000000000000001 35560
CH3 4.0999999999999996 -4.9000000000000004 0.10000000000000001 35630
CH3 -4.9000000000000004 -3.8999999999999999 0.10000000000000001 35700
C2H6 -3.8999999999999999 -3.8999999999999999 0.10000000000000001 35770
C2H6 -2.8999999999999999 -3.8999999999999999 0.10000000000000001 35840
C2H6 -1.8999999999999999 -3.8999999999999999 0.10000000000000001 35910
C2H6 -0.90000000000000002 -3.8999999999999999 0.10000000000000001 35980
C2H6 0.10000000000000001 -3.8999999999999999 0.10000000000000001 36050
C2H6 1.1000000000000001 -3.8999999999999999 0.10000000000000001 36120
C2H6 2.1000000000000001 -3.8999999999999999 0.10000000000000001 36190
C2H6 3.1000000000000001 -3.8999999999999999 0.10000000000000001 36260
CH3 4.0999999999999996 -3.8999999999999999 0.10000000000000001 36330
CH3 -4.9000000000000004 -2.8999999999999999 0.10000000000000001 36400
C2H6 -3.8999999999999999 -2.8999999999999999 0.10000000000000001 36470
C2H6 -2.8999999999999999 -2.8999999999999999 0.10000000000000001 36540
C2H6 -1.8999999999999999 -2.8999999999999999 0.10000000000000001 36610
C2H6 -0.90000000000000002 -2.8999999999999999 0.10000000000000001 36680
C2H6 0.10000000000000001 -2.8999999999999999 0.10000000000000001 36750
C2H6 1.1000000000000001 -2.8999999999999999 0.10000000000000001 36820
C2H6 2.1000000000000001 -2.8999999999999999 0.10000000000000001 36890
C2H6 3.1000000000000001 -2.8999999999999999 0.10000000000000001 36960
CH3 4.0999999999999996 -2.8999999999999999 0.10000000000000001 37030
CH3 -4.9000000000000004 -1.8999999999999999 0.10000000000000001 37100
C2H6 -3.8999999999999999 -1.8999999999999999 0.10000000000000001 37170
C2H6 -2.8999999999999999 -1.8999999999999999 0.10000000000000001 37240
C2H6 -1.8999999999999999 -1.8999999999999999 0.10000000000000001 37310
C2H6 -0.90000000000000002 -1.8999999999999999 0.10000000000000001 37380
C2H6 0.10000000000000001 -1.8999999999999999 0.10000000000000001 37450
C2H6 1.1000000000000001 -1.8999999999999999 0.10000000000000001 37520
C2H6 2.1000000000000001 -1.8999999999999999 0.10000000000000001 37590
C2H6 3.1000000000000001 -1.8999999999999999 0.10000000000000001 37660
CH3 4.0999999999999996 -1.8999999999999999 0.10000000000000001 37730
CH3 -4.9000000000000004 -0.90000000000000002 0.10000000000000001 37800
C2H6 -3.8999999999999999 -0.90000000000000002 0.10000000000000001 37870
C2H6 -2.8999999999999999 -0.90000000000000002 0.10000000000000001 37940
C2H6 -1.8999999999999999 -0.90000000000000002 0.10000000000000001 38010
C2H6 -0.90000000000000002 -0.90000000000000002 0.10000000000000001 38080
C2H6 0.10000000000000001 -0.90000000000000002 0.10000000000000001 38150
C2H6 1.1000000000000001 -0.90000000000000002 0.10000000000000001 38220
C2H6 2.1000000000000001 -0.90000000000000002 0.10000000000000001 38290
C2H6 3.1000000000000001 -0.90000000000000002 0.10000000000000001 38360
CH3 4.0999999999999996 -0.90000000000000002 0.10000000000000001 38430
CH3 -4.9000000000000004 0.10000000000000001 0.10000000000000001 38500
C2H6 -3.8999999999999999 0.10000000000000001 0.10000000000000001 38570
C2H6 -2.8999999999999999 0.10000000000000001 0.10000000000000001 38640
C2H6 -1.8999999999999999 0.10000000000000001 0.10000000000000001 38710
C2H6 -0.90000000000000002 0.10000000000000001 0.10000000000000001 38780
C2H6 0.10000000000000001 0.10000000000000001 0.10000000000000001 38850
C2H6 1.1000000000000001 0.10000000000000001 0.10000000000000001 38920
C2H6 2.1000000000000001 0.10000000000000001 0.10000000000000001 38990
C2H6 3.1000000000000001 0.10000000000000001 0.10000000000000001 39060
CH3 4.0999999999999996 0.10000000000000001 0.10000000000000001 39130
CH3 -4.9000000000000004 1.1000000000000001 0.10000000000000001 39200
C2H6 -3.8999999999999999 1.1000000000000001 0.10000000000000001 39270
C2H6 -2.8999999999999999 1.1000000000000001 0.10000000000000001 39340
C2H6 -1.8999999999999999 1.1000000000000001 0.10000000000000001 39410
C2H6 -0.90000000000000002 1.1000000000000001 0.10000000000000001 39480
C2H6 0.10000000000000001 1.1000000000000001 0.10000000000000001 39550
C2H6 1.1000000000000001 1.1000000000000001 0.10000000000000001 39620
C2H6 2.1000000000000001 1.1000000000000001 0.10000000000000001 39690
C2H6 3.1000000000000001 1.1000000000000001 0.10000000000000001 39760
CH3 4.0999999999999996 1.1000000000000001 0.10000000000000001 39830
CH3 -4.9000000000000004 2.1000000000000001 0.10000000000000001 39900
C2H6 -3.8999999999999999 2.1000000000000001 0.10000000000000001 39970
C2H6 -2.8999999999999999 2.1000000000000001 0.10000000000000001 40040
C2H6 -1.8999999999999999 2.1000000000000001 0.10000000000000001 40110
C2H6 -0.90000000000000002 2.1000000000000001 0.10000000000000001 40180
C2H6 0.10000000000000001 2.1000000000000001 0.10000000000000001 40250
C2H6 1.1000000000000001 2.1000000000000001 0.10000000000000001 40320
C2H6 2.1000000000000001 2.1000000000000001 0.10000000000000001 40390
C2H6 3.1000000000000001 2.1000000000000001 0.10000000000000001 40460
CH3 4.0999999999999996 2.1000000000000001 0.10000000000000001 40530
CH3 -4.9000000000000004 3.1000000000000001 0.10000000000000001 40600
C2H6 -3.8999999999999999 3.1000000000000001 0.10000000000000001 40670
C2H6 -2.8999999999999999 3.1000000000000001 0.10000000000000001 40740
C2H6 -1.8999999999999999 3.1000000000000001 0.10000000000000001 40810
C2H6 -0.90000000000000002 3.1000000000000001 0.10000000000000001 40880
C2H6 0.10000000000000001 3.1000000000000001 0.10000000000000001 40950
C2H6 1.1000000000000001 3.1000000000000001 0.10000000000000001 41020
C2H6 2.1000000000000001 3.1000000000000001 0.10000000000000001 41090
C2H6 3.1000000000000001 3.1000000000000001 0.10000000000000001 41160
CH3 4.0999999999999996 3.1000000000000001 0.10000000000000001 41230
CH3 -4.9000000000000004 4.0999999999999996 0.10000000000000001 41300
C2H6 -3.8999999999999999 4.0999999999999996 0.10000000000000001 41370
C2H6 -2.8999999999999999 4.0999999999999996 0.10000000000000001 41440
C2H6 -1.8999999999999999 4.0999999999999996 0.10000000000000001 41510
C2H6 -0.90000000000000002 4.0999999999999996 0.10000000000000001 41580
C2H6 0.10000000000000001 4.0999999999999996 0.10000000000000001 41650
C2H6 1.1000000000000001 4.0999999999999996 0.10000000000000001 41720
C2H6 2.1000000000000001 4.0999999999999996 0.10000000000000001 41790
C2H6 3.1000000000000001 4.0999999999999996 0.10000000000000001 41860
CH3 4.0999999999999996 4.0999999999999996 0.10000000000000001 41930
CH3 -4.9000000000000004 -4.9000000000000004 1.1000000000000001 42000
C2H6 -3.8999999999999999 -4.9000000000000004 1.1000000000000001 42070
C2H6 -2.8999999999999999 -4.9000000000000004 1.1000000000000001 42140
C2H6 -1.8999999999999999 -4.9000000000000004 1.1000000000000001 42210
C2H6 -0.90000000000000002 -4.9000000000000004 1.1000000000000001 42280
C2H6 0.10000000000000001 -4.9000000000000004 1.1000000000000001 42350
C2H6 1.1000000000000001 -4.9000000000000004 1.1000000000000001 42420
C2H6 2.1000000000000001 -4.9000000000000004 1.1000000000000001 42490
C2H6 3.1000000000000001 -4.9000000000000004 1.1000000000000001 42560
CH3 4.0999999999999996 -4.9000000000000004 1.1000000000000001 42630
CH3 -4.9000000000000004 -3.8999999999999999 1.1000000000000001 42700
C2H6 -3.8999999999999999 -3.8999999999999999 1.1000000000000001 42770
C2H6 -2.8999999999999999 -3.8999999999999999 1.1000000000000001 42840
C2H6 -1.8999999999999999 -3.8999999999999999 1.1000000000000001 42910
C2H6 -0.90000000000000002 -3.8999999999999999 1.1000000000000001 42980
C2H6 0.10000000000000001 -3.8999999999999999 1.1000000000000001 43050
C2H6 1.1000000000000001 -3.8999999999999999 1.1000000000000001 43120
C2H6 2.1000000000000001 -3.8999999999999999 1.1000000000000001 43190
C2H6 3.1000000000000001 -3.8999999999999999 1.1000000000000001 43260
CH3 4.0999999999999996 -3.8999999999999999 1.1000000000000001 43330
CH3 -4.9000000000000004 -2.8999999999999999 1.1000000000000001 43400
C2H6 -3.8999999999999999 -2.8999999999999999 1.1000000000000001 43470
C2H6 -2.8999999999999999 -2.8999999999999999 1.1000000000000001 43540
C2H6 -1.8999999999999999 -2.8999999999999999 1.1000000000000001 43610
C2H6 -0.90000000000000002 -2.8999999999999999 1.1000000000000001 43680
C2H6 0.10000000000000001 -2.8999999999999999 1.1000000000000001 43750
C2H6 1.1000000000000001 -2.8999999999999999 1.1000000000000001 43820
C2H6 2.1000000000000001 -2.8999999999999999 1.1000000000000001 43890
C2H6 3.1000000000000001 -2.8999999999999999 1.1000000000000001 43960
CH3 4.0999999999999996 -2.8999999999999999 1.1000000000000001 44030
CH3 -4.9000000000000004 -1.8999999999999999 1.1000000000000001 44100
C2H6 -3.8999999999999999 -1.8999999999999999 1.1000000000000001 44170
C2H6 -2.8999999999999999 -1.8999999999999999 1.1000000000000001 44240
C2H6 -1.8999999999999999 -1.8999999999999999 1.1000000000000001 44310
C2H6 -0.90000000000000002 -1.8999999999999999 1.1000000000000001 44380
C2H6 0.10000000000000001 -1.8999999999999999 1.1000000000000001 44450
C2H6 1.1000000000000001 -1.8999999999999999 1.1000000000000001 44520
C2H6 2.1000000000000001 -1.8999999999999999 1.1000000000000001 44590
C2H6 3.1000000000000001 -1.8999999999999999 1.1000000000000001 44660
CH3 4.0999999999999996 -1.8999999999999999 1.1000000000000001 44730
CH3 -4.9000000000000004 -0.90000000000000002 1.1000000000000001 44800
C2H6 -3.8999999999999999 -0.90000000000000002 1.1000000000000001 44870
C2H6 -2.8999999999999999 -0.90000000000000002 1.1000000000000001 44940
C2H6 -1.8999999999999999 -0.90000000000000002 1.1000000000000001 45010
C2H6 -0.90000000000000002 -0.90000000000000002 1.1000000000000001 45080
C2H6 0.10000000000000001 -0.90000000000000002 1.1000000000000001 45150
C2H6 1.1000000000000001 -0.90000000000000002 1.1000000000000001 45220
C2H6 2.1000000000000001 -0.90000000000000002 1.1000000000000001 45290
C2H6 3.1000000000000001 -0.90000000000000002 1.1000000000000001 45360
CH3 4.0999999999999996 -0.90000000000000002 1.1000000000000001 45430
CH3 -4.9000000000000004 0.10000000000000001 1.1000000000000001 45500
C2H6 -3.8999999999999999 0.10000000000000001 1.1000000000000001 45570
C2H6 -2.8999999999999999 0.10000000000000001 1.1000000000000001 45640
C2H6 -1.8999999999999999 0.10000000000000001 1.1000000000000001 45710
C2H6 -0.90000000000000002 0.10000000000000001 1.1000000000000001 45780
C2H6 0.10000000000000001 0.10000000000000001 1.1000000000000001 45850
C2H6 1.1000000000000001 0.10000000000000001 1.1000000000000001 45920
C2H6 2.1000000000000001 0.10000000000000001 1.1000000000000001 45990
C2H6 3.1000000000000001 0.10000000000000001 1.1000000000000001 46060
CH3 4.0999999999999996 0.10000000000000001 1.1000000000000001 46130
CH3 -4.9000000000000004 1.1000000000000001 1.1000000000000001 46200
C2H6 -3.8999999999999999 1.1000000000000001 1.1000000000000001 46270
C2H6 -2.8999999999999999 1.1000000000000001 1.1000000000000001 46340
C2H6 -1.8999999999999999 1.1000000000000001 1.1000000000000001 46410
C2H6 -0.90000000000000002 1.1000000000000001 1.1000000000000001 46480
C2H6 0.10000000000000001 1.1000000000000001 1.1000000000000001 46550
C2H6 1.1000000000000001 1.1000000000000001 1.1000000000000001 46620
C2H6 2.1000000000000001 1.1000000000000001 1.1000000000000001 46690
C2H6 3.1000000000000001 1.1000000000000001 1.1000000000000001 46760
CH3 4.0999999999999996 1.1000000000000001 1.1000000000000001 46830
CH3 -4.9000000000000004 2.1000000000000001 1.1000000000000001 46900
C2H6 -3.8999999999999999 2.1000000000000001 1.1000000000000001 46970
C2H6 -2.8999999999999999 2.1000000000000001 1.1000000000000001 47040
C2H6 -1.8999999999999999 2.1000000000000001 1.1000000000000001 47110
C2H6 -0.90000000000000002 2.1000000000000001 1.1000000000000001 47180
C2H6 0.10000000000000001 2.1000000000000001 1.1000000000000001 47250
C2H6 1.1000000000000001 2.1000000000000001 1.1000000000000001 47320
C2H6 2.1000000000000001 2.1000000000000001 1.1000000000000001 47390
C2H6 3.1000000000000001 2.1000000000000001 1.1000000000000001 47460
CH3 4.0999999999999996 2.1000000000000001 1.1000000000000001 47530
CH3 -4.9000000000000004 3.1000000000000001 1.1000000000000001 47600
C2H6 -3.8999999999999999 3.1000000000000001 1.1000000000000001 47670
C2H6 -2.8999999999999999 3.1000000000000001 1.1000000000000001 47740
C2H6 -1.8999999999999999 3.1000000000000001 1.1000000000000001 47810
C2H6 -0.90000000000000002 3.1000000000000001 1.1000000000000001 47880
C2H6 0.10000000000000001 3.1000000000000001 1.1000000000000001 47950
C2H6 1.1000000000000001 3.1000000000000001 1.1000000000000001 48020
C2H6 2.1000000000000001 3.1000000000000001 1.1000000000000001 48090
C2H6 3.1000000000000001 3.1000000000000001 1.1000000000000001 48160
CH3 4.0999999999999996 3.1000000000000001 1.1000000000000001 48230
CH3 -4.9000000000000004 4.0999999999999996 1.1000000000000001 48300
C2H6 -3.8999999999999999 4.0999999999999996 1.1000000000000001 48370
C2H6 -2.8999999999999999 4.0999999999999996 1.1000000000000001 48440
C2H6 -1.8999999999999999 4.0999999999999996 1.1000000000000001 48510
C2H6 -0.90000000000000002 4.0999999999999996 1.1000000000000001 48580
C2H6 0.10000000000000001 4.0999999999999996 1.1000000000000001 48650
C2H6 1.1000000000000001 4.0999999999999996 1.1000000000000001 48720
C2H6 2.1000000000000001 4.0999999999999996 1.1000000000000001 48790
C2H6 3.1000000000000001 4.0999999999999996 1.1000000000000001 48860
CH3 4.0999999999999996 4.0999999999999996 1.1000000000000001 48930
CH3 -4.9000000000000004 -4.9000000000000004 2.1000000000000001 49000
C2H6 -3.8999999999999999 -4.9000000000000004 2.1000000000000001 49070
C2H6 -2.8999999999999999 -4.9000000000000004 2.1000000000000001 49140
C2H6 -1.8999999999999999 -4.9000000000000004 2.1000000000000001 49210
C2H6 -0.90000000000000002 -4.9000000000000004 2.1000000000000001 49280
C2H6 0.10000000000000001 -4.9000000000000004 2.1000000000000001 49350
C2H6 1.1000000000000001 -4.9000000000000004 2.1000000000000001 49420
C2H6 2.1000000000000001 -4.9000000000000004 2.1000000000000001 49490
C2H6 3.1000000000000001 -4.9000000000000004 2.1000000000000001 49560
CH3 4.0999999999999996 -4.9000000000000004 2.1000000000000001 49630
CH3 -4.9000000000000004 -3.8999999999999999 2.1000000000000001 49700
C2H6 -3.8999999999999999 -3.8999999999999999 2.1000000000000001 49770
C2H6 -2.8999999999999999 -3.8999999999999999 2.1000000000000001 49840
C2H6 -1.8999999999999999 -3.8999999999999999 2.1000000000000001 49910
C2H6 -0.90000000000000002 -3.8999999999999999 2.1000000000000001 49980
C2H6 0.10000000000000001 -3.8999999999999999 2.1000000000000001 50050
C2H6 1.1000000000000001 -3.8999999999999999 2.1000000000000001 50120
C2H6 2.1000000000000001 -3.8999999999999999 2.1000000000000001 50190
C2H6 3.1000000000000001 -3.8999999999999999 2.1000000000000001 50260
CH3 4.0999999999999996 -3.8999999999999999 2.1000000000000001 50330
CH3 -4.9000000000000004 -2.8999999999999999 2.1000000000000001 50400
C2H6 -3.8999999999999999 -2.8999999999999999 2.1000000000000001 50470
C2H6 -2.8999999999999999 -2.8999999999999999 2.1000000000000001 50540
C2H6 -1.8999999999999999 -2.8999999999999999 2.1000000000000001 50610
C2H6 -0.90000000000000002 -2.8999999999999999 2.1000000000000001 50680
C2H6 0.10000000000000001 -2.8999999999999999 2.1000000000000001 50750
C2H6 1.1000000000000001 -2.8999999999999999 2.1000000000000001 50820
C2H6 2.1000000000000001 -2.8999999999999999 2.1000000000000001 50890
C2H6 3.1000000000000001 -2.8999999999999999 2.1000000000000001 50960
CH3 4.0999999999999996 -2.8999999999999999 2.1000000000000001 51030
CH3 -4.9000000000000004 -1.8999999999999999 2.1000000000000001 51100
C2H6 -3.8999999999999999 -1.8999999999999999 2.1000000000000001 51170
C2H6 -2.8999999999999999 -1.8999999999999999 2.1000000000000001 51240
C2H6 -1.8999999999999999 -1.8999999999999999 2.1000000000000001 51310
C2H6 -0.90000000000000002 -1.8999999999999999 2.1000000000000001 51380
C2H6 0.10000000000000001 -1.8999999999999999 2.1000000000000001 51450
C2H6 1.1000000000000001 -1.8999999999999999 2.1000000000000001 51520
C2H6 2.1000000000000001 -1.8999999999999999 2.1000000000000001 51590
C2H6 3.1000000000000001 -1.8999999999999999 2.1000000000000001 51660
CH3 4.0999999999999996 -1.8999999999999999 2.1000000000000001 51730
CH3 -4.9000000000000004 -0.90000000000000002 2.1000000000000001 51800
C2H6 -3.8999999999999999 -0.90000000000000002 2.1000000000000001 51870
C2H6 -2.8999999999999999 -0.90000000000000002 2.1000000000000001 51940
C2H6 -1.8999999999999999 -0.90000000000000002 2.1000000000000001 52010
C2H6 -0.90000000000000002 -0.90000000000000002 2.1000000000000001 52080
C2H6 0.10000000000000001 -0.90000000000000002 2.1000000000000001 52150
C2H6 1.1000000000000001 -0.90000000000000002 2.1000000000000001 52220
C2H6 2.1000000000000001 -0.90000000000000002 2.1000000000000001 52290
C2H6 3.1000000000000001 -0.90000000000000002 2.1000000000000001 52360
CH3 4.0999999999999996 -0.90000000000000002 2.1000000000000001 52430
CH3 -4.9000000000000004 0.10000000000000001 2.1000000000000001 52500
C2H6 -3.8999999999999999 0.10000000000000001 2.1000000000000001 52570
C2H6 -2.8999999999999999 0.10000000000000001 2.1000000000000001 52640
C2H6 -1.8999999999999999 0.10000000000000001 2.1000000000000001 52710
C2H6 -0.90000000000000002 0.10000000000000001 2.1000000000000001 52780
C2H6 0.10000000000000001 0.10000000000000001 2.1000000000000001 52850
C2H6 1.1000000000000001 0.10000000000000001 2.1000000000000001 52920
C2H6 2.1000000000000001 0.10000000000000001 2.1000000000000001 52990
C2H6 3.1000000000000001 0.10000000000000001 2.1000000000000001 53060
CH3 4.0999999999999996 0.10000000000000001 2.1000000000000001 53130
CH3 -4.9000000000000004 1.1000000000000001 2.1000000000000001 53200
C2H6 -3.8999999999999999 1.1000000000000001 2.1000000000000001 53270
C2H6 -2.8999999999999999 1.1000000000000001 2.1000000000000001 53340
C2H6 -1.8999999999999999 1.1000000000000001 2.1000000000000001 53410
C2H6 -0.90000000000000002 1.1000000000000001 2.1000000000000001 53480
C2H6 0.10000000000000001 1.1000000000000001 2.1000000000000001 53550
C2H6 1.1000000000000001 1.1000000000000001 2.1000000000000001 53620
C2H6 2.1000000000000001 1.1000000000000001 2.1000000000000001 53690
C2H6 3.1000000000000001 1.1000000000000001 2.1000000000000001 53760
CH3 4.0999999999999996 1.1000000000000001 2.1000000000000001 53830
CH3 -4.9000000000000004 2.1000000000000001 2.1000000000000001 53900
C2H6 -3.8999999999999999 2.1000000000000001 2.1000000000000001 53970
C2H6 -2.8999999999999999 2.1000000000000001 2.1000000000000001 54040
C2H6 -1.8999999999999999 2.1000000000000001 2.1000000000000001 54110
C2H6 -0.90000000000000002 2.1000000000000001 2.1000000000000001 54180
C2H6 0.10000000000000001 2.1000000000000001 2.1000000000000001 54250
C2H6 1.1000000000000001 2.1000000000000001 2.1000000000000001 54320
C2H6 2.1000000000000001 2.1000000000000001 2.1000000000000001 54390
C2H6 3.1000000000000001 2.1000000000000001 2.1000000000000001 54460
CH3 4.0999999999999996 2.1000000000000001 2.1000000000000001 54530
CH3 -4.9000000000000004 3.1000000000000001 2.1000000000000001 54600
C2H6 -3.8999999999999999 3.1000000000000001 2.1000000000000001 54670
C2H6 -2.8999999999999999 3.1000000000000001 2.1000000000000001 54740
C2H6 -1.8999999999999999 3.1000000000000001 2.1000000000000001 54810
C2H6 -0.90000000000000002 3.1000000000000001 2.1000000000000001 54880
C2H6 0.10000000000000001 3.1000000000000001 2.1000000000000001 54950
C2H6 1.1000000000000001 3.1000000000000001 2.1000000000000001 55020
C2H6 2.1000000000000001 3.1000000000000001 2.1000000000000001 55090
C2H6 3.1000000000000001 3.1000000000000001 2.1000000000000001 55160
CH3 4.0999999999999996 3.1000000000000001 2.1000000000000001 55230
CH3 -4.9000000000000004 4.0999999999999996 2.1000000000000001 55300
C2H6 -3.8999999999999999 4.0999999999999996 2.1000000000000001 55370
C2H6 -2.8999999999999999 4.0999999999999996 2.1000000000000001 55440
C2H6 -1.8999999999999999 4.0999999999999996 2.1000000000000001 55510
C2H6 -0.90000000000000002 4.0999999999999996 2.1000000000000001 55580
C2H6 0.10000000000000001 4.0999999999999996 2.1000000000000001 55650
C2H6 1.1000000000000001 4.0999999999999996 2.1000000000000001 55720
C2H6 2.1000000000000001 4.0999999999999996 2.1000000000000001 55790
C2H6 3.1000000000000001 4.0999999999999996 2.1000000000000001 55860
CH3 4.0999999999999996 4.0999999999999996 2.1000000000000001 55930
CH3 -4.9000000000000004 -4.9000000000000004 3.1000000000000001 56000
C2H6 -3.8999999999999999 -4.9000000000000004 3.1000000000000001 56070
C2H6 -2.8999999999999999 -4.9000000000000004 3.1000000000000001 56140
C2H6 -1.8999999999999999 -4.9000000000000004 3.1000000000000001 56210
C2H6 -0.90000000000000002 -4.9000000000000004 3.1000000000000001 56280
C2H6 0.10000000000000001 -4.9000000000000004 3.1000000000000001 56350
C2H6 1.1000000000000001 -4.9000000000000004 3.1000000000000001 56420
C2H6 2.1000000000000001 -4.9000000000000004 3.1000000000000001 56490
C2H6 3.1000000000000001 -4.9000000000000004 3.1000000000000001 56560
CH3 4.0999999999999996 -4.9000000000000004 3.1000000000000001 56630
CH3 -4.9000000000000004 -3.8999999999999999 3.1000000000000001 56700
C2H6 -3.8999999999999999 -3.8999999999999999 3.1000000000000001 56770
C2H6 -2.8999999999999999 -3.8999999999999999 3.1000000000000001 56840
C2H6 -1.8999999999999999 -3.8999999999999999 3.1000000000000001 56910
C2H6 -0.90000000000000002 -3.8999999999999999 3.1000000000000001 56980
C2H6 0.10000000000000001 -3.8999999999999999 3.1000000000000001 57050
C2H6 1.1000000000000001 -3.8999999999999999 3.1000000000000001 57120
C2H6 2.1000000000000001 -3.8999999999999999 3.1000000000000001 57190
C2H6 3.1000000000000001 -3.8999999999999999 3.1000000000000001 57260
CH3 4.0999999999999996 -3.8999999999999999 3.1000000000000001 57330
CH3 -4.9000000000000004 -2.8999999999999999 3.1000000000000001 57400
C2H6 -3.8999999999999999 -2.8999999999999999 3.1000000000000001 57470
C2H6 -2.8999999999999999 -2.8999999999999999 3.1000000000000001 57540
C2H6 -1.8999999999999999 -2.8999999999999999 3.1000000000000001 57610
C2H6 -0.90000000000000002 -2.8999999999999999 3.1000000000000001 57680
C2H6 0.10000000000000001 -2.8999999999999999 3.1000000000000001 57750
C2H6 1.1000000000000001 -2.8999999999999999 3.1000000000000001 57820
C2H6 2.1000000000000001 -2.8999999999999999 3.1000000000000001 57890
C2H6 3.1000000000000001 -2.8999999999999999 3.1000000000000001 57960
CH3 4.0999999999999996 -2.8999999999999999 3.1000000000000001 58030
CH3 -4.9000000000000004 -1.8999999999999999 3.1000000000000001 58100
C2H6 -3.8999999999999999 -1.8999999999999999 3.1000000000000001 58170
C2H6 -2.8999999999999999 -1.8999999999999999 3.1000000000000001 58240
C2H6 -1.8999999999999999 -1.8999999999999999 3.1000000000000001 58310
C2H6 -0.90000000000000002 -1.8999999999999999 3.1000000000000001 58380
C2H6 0.10000000000000001 -1.8999999999999999 3.1000000000000001 58450
C2H6 1.1000000000000001 -1.8999999999999999 3.1000000000000001 58520
C2H6 2.1000000000000001 -1.8999999999999999 3.1000000000000001 58590
C2H6 3.1000000000000001 -1.8999999999999999 3.1000000000000001 58660
CH3 4.0999999999999996 -1.8999999999999999 3.1000000000000001 58730
CH3 -4.9000000000000004 -0.90000000000000002 3.1000000000000001 58800
C2H6 -3.8999999999999999 -0.90000000000000002 3.1000000000000001 58870
C2H6 -2.8999999999999999 -0.90000000000000002 3.1000000000000001 58940
C2H6 -1.8999999999999999 -0.90000000000000002 3.1000000000000001 59010
C2H6 -0.90000000000000002 -0.90000000000000002 3.1000000000000001 59080
C2H6 0.10000000000000001 -0.90000000000000002 3.1000000000000001 59150
C2H6 1.1000000000000001 -0.90000000000000002 3.1000000000000001 59220
C2H6 2.1000000000000001 -0.90000000000000002 3.1000000000000001 59290
C2H6 3.1000000000000001 -0.90000000000000002 3.1000000000000001 59360
CH3 4.0999999999999996 -0.90000000000000002 3.1000000000000001 59430
CH3 -4.9000000000000004 0.10000000000000001 3.1000000000000001 59500
C2H6 -3.8999999999999999 0.10000000000000001 3.1000000000000001 59570
C2H6 -2.8999999999999999 0.10000000000000001 3.1000000000000001 59640
C2H6 -1.8999999999999999 0.10000000000000001 3.1000000000000001 59710
C2H6 -0.90000000000000002 0.10000000000000001 3.1000000000000001 59780
C2H6 0.10000000000000001 0.10000000000000001 3.1000000000000001 59850
C2H6 1.1000000000000001 0.10000000000000001 3.1000000000000001 59920
C2H6 2.1000000000000001 0.10000000000000001 3.1000000000000001 59990
C2H6 3.1000000000000001 0.10000000000000001 3.1000000000000001 60060
CH3 4.0999999999999996 0.10000000000000001 3.1000000000000001 60130
CH3 -4.9000000000000004 1.1000000000000001 3.1000000000000001 60200
C2H6 -3.8999999999999999 1.1000000000000001 3.1000000000000001 60270
C2H6 -2.8999999999999999 1.1000000000000001 3.1000000000000001 60340
C2H6 -1.8999999999999999 1.1000000000000001 3.1000000000000001 60410
C2H6 -0.90000000000000002 1.1000000000000001 3.1000000000000001 60480
C2H6 0.10000000000000001 1.1000000000000001 3.1000000000000001 60550
C2H6 1.1000000000000001 1.1000000000000001 3.1000000000000001 60620
C2H6 2.1000000000000001 1.1000000000000001 3.1000000000000001 60690
C2H6 3.1000000000000001 1.1000000000000001 3.1000000000000001 60760
CH3 4.0999999999999996 1.1000000000000001 3.1000000000000001 60830
CH3 -4.9000000000000004 2.1000000000000001 3.1000000000000001 60900
C2H6 -3.8999999999999999 2.1000000000000001 3.1000000000000001 60970
C2H6 -2.8999999999999999 2.1000000000000001 3.1000000000000001 61040
C2H6 -1.8999999999999999 2.1000000000000001 3.1000000000000001 61110
C2H6 -0.90000000000000002 2.1000000000000001 3.1000000000000001 61180
C2H6 0.10000000000000001 2.1000000000000001 3.1000000000000001 61250
C2H6 1.1000000000000001 2.1000000000000001 3.1000000000000001 61320
C2H6 2.1000000000000001 2.1000000000000001 3.1000000000000001 61390
C2H6 3.1000000000000001 2.1000000000000001 3.1000000000000001 61460
CH3 4.0999999999999996 2.1000000000000001 3.1000000000000001 61530
CH3 -4.9000000000000004 3.1000000000000001 3.1000000000000001 61600
C2H6 -3.8999999999999999 3.1000000000000001 3.1000000000000001 61670
C2H6 -2.8999999999999999 3.1000000000000001 3.1000000000000001 61740
C2H6 -1.8999999999999999 3.1000000000000001 3.1000000000000001 61810
C2H6 -0.90000000000000002 3.1000000000000001 3.1000000000000001 61880
C2H6 0.10000000000000001 3.1000000000000001 3.1000000000000001 61950
C2H6 1.1000000000000001 3.1000000000000001 3.1000000000000001 62020
C2H6 2.1000000000000001 3.1000000000000001 3.1000000000000001 62090
C2H6 3.1000000000000001 3.1000000000000001 3.1000000000000001 62160
CH3 4.0999999999999996 3.1000000000000001 3.1000000000000001 62230
CH3 -4.9000000000000004 4.0999999999999996 3.1000000000000001 62300
C2H6 -3.8999999999999999 4.0999999999999996 3.1000000000000001 62370
C2H6 -2.8999999999999999 4.0999999999999996 3.1000000000000001 62440
C2H6 -1.8999999999999999 4.0999999999999996 3.1000000000000001 62510
C2H6 -0.90000000000000002 4.0999999999999996 3.1000000000000001 62580
C2H6 0.10000000000000001 4.0999999999999996 3.1000000000000001 62650
C2H6 1.1000000000000001 4.0999999999999996 3.1000000000000001 62720
C2H6 2.1000000000000001 4.0999999999999996 3.1000000000000001 62790
C2H6 3.1000000000000001 4.0999999999999996 3.1000000000000001 62860
CH3 4.0999999999999996 4.0999999999999996 3.1000000000000001 62930
