dir Temp autocor_time Emean Ese conv_crit E Estd Q6_4 Q6_4std Q6_5 Q6_5std Q6_6 Q6_6std Q6_8 Q6_8std AvgQ6 AvgQ6_std P2 P2_std
exp_tsweep/opt_0.15/1/ 0.15 11.498169164988212 -719.6255442670537 0.008343699273493162 -0.00019041855592153383 0.45772658784856046 0.0054229404511634055 0.9436396950804806 0.0034074067144966207
exp_tsweep/opt_0.15/2/ 0.15 24.054785049011116 -719.6406080347448 0.009847716865640548 0.00012038195457905637 0.45782532255145897 0.0052463345518823 0.9436293980999773 0.0033701072314865177
exp_tsweep/opt_0.15/3/ 0.15 23.13405259299907 -719.6262928688078 0.010183788511866403 0.003554881703116333 0.4577050088435374 0.0051656123265383614 0.9434672843537415 0.00341803292999441
exp_tsweep/opt_0.15/4/ 0.15 23.238497621001443 -719.6373326045367 0.009845357650612672 -0.003254709970236847 0.4578030933515483 0.005193035560431374 0.943452156420765 0.003467256666951787
exp_tsweep/opt_0.15/5/ 0.15 23.191032301008818 -719.647474198805 0.009680329386307336 -0.0013878659067394663 0.457833525684544 0.005298882845362659 0.9434509017877347 0.0034218045592991214
exp_tsweep/opt_0.15/6/ 0.15 11.740561468992382 -719.6238465713769 0.008105535935194919 0.002305944690066524 0.4576058616323762 0.005348677786312702 0.9434496002713091 0.0034693862204126617
exp_tsweep/opt_0.15/7/ 0.15 23.946334820997436 -719.6379450937754 0.009889447477587547 0.0033656490608630326 0.45766951403985506 0.00518462284838212 0.9434818333333332 0.003350207108070873
exp_tsweep/opt_0.15/8/ 0.15 24.090082198992604 -719.6574965612105 0.009875334620966568 -0.004860739448453029 0.4576519805135259 0.005189782148073471 0.9434158988995874 0.003487642509727272
exp_tsweep/opt_0.2/1/ 0.2 21.944105351009057 -717.9924509310518 0.02328380777320724 0.0017331279895525323 0.45755181715244286 0.005244050556423141 0.9424120241140701 0.004006808654173147
exp_tsweep/opt_0.2/2/ 0.2 21.68334552399756 -718.0236789631107 0.022524943977543448 -0.0021150466090202593 0.457559036967809 0.005336923247083333 0.9424561592938733 0.003880745712423125
exp_tsweep/opt_0.2/3/ 0.2 11.333849087997805 -717.9772998805257 0.01920102473511166 -0.004045680684654318 0.4574886047354948 0.005199061025394017 0.9423097201365187 0.004037392093804701
exp_tsweep/opt_0.2/4/ 0.2 22.292595172999427 -717.9551217038539 0.023333538818721706 -0.0027539205666244223 0.45749557046270867 0.005172192217934963 0.9425060437354744 0.0038584523334433203
exp_tsweep/opt_0.2/5/ 0.2 22.142703557008645 -717.9966743412638 0.02324016004818974 0.00040290942610321653 0.45749287060328286 0.005221030976091362 0.9425433835003197 0.003900565430292506
exp_tsweep/opt_0.2/6/ 0.2 22.9739795489877 -717.9821428571429 0.023348108893005304 -0.0011647700192466304 0.45733741943027206 0.005212451894740911 0.9423250688775511 0.00397717536402511
exp_tsweep/opt_0.2/7/ 0.2 11.22095256600005 -717.9907327956066 0.018959756779628002 0.0011816416626359502 0.4573311276002573 0.005202842551254198 0.9423426369290158 0.003871749678488526
exp_tsweep/opt_0.2/8/ 0.2 22.550565961995744 -717.5479452054794 0.02642712483271303 0.00427299628221889 0.45754532342807913 0.005252818630432071 0.9366088865202411 0.00578315930684106
exp_tsweep/opt_0.25/1/ 0.25 22.2646269149991 -714.0570208490329 0.041056104547512226 0.0010883818438325891 0.45688417388575003 0.005217648104371817 0.9388821899979076 0.007334187620523543
exp_tsweep/opt_0.25/2/ 0.25 13252.92019583199 -704.0 5.818234427371576 0.9026087898503186 0.4507066652499494 0.007436010678341166 0.8243028498279701 0.10074480648900618
exp_tsweep/opt_0.25/3/ 0.25 21.477993054999388 -714.0283616105343 0.041056499726924975 0.002608865943523769 0.4568616214391222 0.005245612197304703 0.9390865250052753 0.005588949664087853
exp_tsweep/opt_0.25/4/ 0.25 22.374600662995363 -714.0810536980749 0.04131861978966892 0.004262762978215832 0.45688445790251114 0.005292685949427179 0.9337897531124709 0.009455909121743001
exp_tsweep/opt_0.25/5/ 0.25 22.10110337100923 -714.0424671385238 0.04135637604018092 0.006960920596437487 0.45721429528222407 0.005201793411049831 0.939289949031171 0.005642521815951157
exp_tsweep/opt_0.25/6/ 0.25 22.70121372799622 -714.0967904978519 0.04097591482032587 -0.0030452141092083143 0.4569812661612971 0.00525102761116026 0.9390702008843967 0.005571999518891331
exp_tsweep/opt_0.25/7/ 0.25 22.007403385010548 -714.0308860759494 0.041728578653928705 -0.0045093685453700925 0.4570423817759967 0.005275452076622141 0.939128571820291 0.005648355842419027
exp_tsweep/opt_0.25/8/ 0.25 21.622044888994424 -714.0380856928089 0.04135305146611706 -0.0014392247908131684 0.45694258684759914 0.005254688370042231 0.939059986012526 0.005726624966277891
exp_tsweep/opt_0.3/1/ 0.3 248.53393507799774 -473.98155737704917 0.5934803858798698 0.08296666583531986 0.4367554546618306 0.004807730979688491 0.22567390206955412 0.035526980422602085
exp_tsweep/opt_0.3/2/ 0.3 379.7089604530047 -473.6882716049383 0.7444321308592188 0.15390758940604826 0.43686818259568094 0.004823597369813631 0.22619624887748557 0.030572126412805108
exp_tsweep/opt_0.3/3/ 0.3 282.6497707910021 -474.775462962963 0.6582106623880825 0.11283513390502571 0.43677474903640257 0.00486115375325861 0.22433322291220556 0.028805648157239253
exp_tsweep/opt_0.3/4/ 0.3 248.58162480899773 -474.9094736842105 0.6183352052160886 0.07910164007538241 0.4367806228162492 0.004861464343623278 0.22674250810355712 0.036780970945330026
exp_tsweep/opt_0.3/5/ 0.3 279.53819399900385 -473.37882352941176 0.6780636358935559 0.10191839633767692 0.4367835653310104 0.004877825560145546 0.22417601851045296 0.030301891049544196
exp_tsweep/opt_0.3/6/ 0.3 280.06616226299957 -473.7828947368421 0.6407994800414855 0.10054654185503416 0.4367732781289507 0.0049193111422621665 0.2257748556679309 0.03532280585011282
exp_tsweep/opt_0.3/7/ 0.3 235.1123146739992 -473.8888888888889 0.5863365762974037 0.07937817700201574 0.436821505573081 0.004911012992417496 0.22507242818086223 0.03433867937290434
exp_tsweep/opt_0.3/8/ 0.3 312.93331309700443 -474.1390243902439 0.7067662935881048 0.11255199826474724 0.4368679441528448 0.004832624664185814 0.2254094402687382 0.03202501956250696
exp_tsweep/opt_0.6/1/ 0.6 34.827787523012375 -185.01682303461664 0.2013846066361679 2.8098985947863643e-05 0.43042443258540536 0.004645020270915503 0.09819540270871235 0.013506931949206751
exp_tsweep/opt_0.6/2/ 0.6 31.333819944993593 -184.63557413959472 0.21144753144802952 0.0017107954478343221 0.43069828763819096 0.004710959347323923 0.09809686474371859 0.013226447742165557
exp_tsweep/opt_0.6/3/ 0.6 31.226811895001447 -185.20705128205128 0.20856502030088472 -0.003993854422113869 0.4306274577323718 0.004756630699517764 0.09842584929887821 0.013084913908330043
exp_tsweep/opt_0.6/4/ 0.6 31.068346507003298 -185.00671570195075 0.20898297227256657 -0.0017676812080235555 0.4306693614385615 0.004684773139913935 0.0980957941058941 0.012630389858966418
exp_tsweep/opt_0.6/5/ 0.6 31.171813918001135 -184.81190019193858 0.20822642812072886 -0.004783064126441263 0.4305320659604237 0.004637864348233898 0.09803355964421347 0.013142886480858275
exp_tsweep/opt_0.6/6/ 0.6 31.215151267999317 -184.77459807073956 0.21164762727778813 -0.0015691458505627004 0.4305019453486036 0.004731982995696003 0.09818007114727746 0.012980634051450984
exp_tsweep/opt_0.6/7/ 0.6 34.21924565100926 -184.92925430210326 0.21089602626580373 -0.0005838878477447847 0.43046498407326295 0.004733531707234837 0.09817637055544495 0.01315878303491577
exp_tsweep/opt_0.6/8/ 0.6 32.36974452299182 -184.90448901623688 0.20464263082507067 -0.0027738278171314345 0.4306361983290233 0.004699984945255759 0.09829999397254824 0.013018282510976373
exp_tsweep/opt_1.0/1/ 1.0 20.627189199003624 -108.81908452409785 0.14771167679228203 -0.0038947035455085405 0.430358 0.437419 0.0789006017961655 0.012163776996241731
exp_tsweep/opt_1.0/2/ 1.0 21.039024733006954 -109.1373265157049 0.15021385844120252 -0.0015775105747904388 0.42889365537525354 0.004636112137428065 0.07917078793103448 0.012137130138573775
exp_tsweep/opt_1.0/3/ 1.0 22.179909190002945 -108.88625363020329 0.15198885405892446 0.0013551323176827332 0.42892840169388985 0.004725400904598512 0.07906209641056665 0.0116493427200296
exp_tsweep/opt_1.0/4/ 1.0 21.05593747299281 -109.14882252974023 0.15223356524646575 0.008262831876142044 0.423872 0.42963 0.07889106811652842 0.011883621856035287
exp_tsweep/opt_1.0/5/ 1.0 20.789972623999347 -109.00073028237586 0.14973282101105745 -0.0009548558471967432 0.42886998986006897 0.004548833060024139 0.07893173548975867 0.011950608870243962
exp_tsweep/opt_1.0/6/ 1.0 21.219175459002145 -109.11924119241192 0.14829239659285612 -0.005380198842015316 0.42894767487684726 0.0046461887124308555 0.07864695890804596 0.012064775646001736
exp_tsweep/opt_1.0/7/ 1.0 20.912569195992546 -108.91216545012165 0.14949774955990972 0.004086639496539278 0.42877247253192785 0.004614166977638819 0.07872779616866005 0.011872411418435206
exp_tsweep/opt_1.0/8/ 1.0 20.788062199004344 -109.0235722964763 0.15248904037400804 -0.0006298329528289061 0.42883152976913735 0.004673235148477071 0.07885409036046982 0.012228649729915506
