l0 kb T costheta_s kappa theta_s lp Tr lp_se
1.0 1.0 0.01 0.9 300 0.4510268117962624 99.27169753278451 0.01 0.242815185560395
1.0 1.0 0.01 0.9 1200 0.4510268117962624 99.68089137179655 0.01 0.21281295232329436
1.0 1.0 0.02 0.9 300 0.4510268117962624 49.53019014124219 0.02 0.10003045819586616
1.0 1.0 0.02 0.9 1200 0.4510268117962624 49.46536845078782 0.02 0.08946367822936716
1.0 1.0 0.03 0.9 300 0.4510268117962624 32.7962115660263 0.03 0.056017074086598735
1.0 1.0 0.03 0.9 1200 0.4510268117962624 32.955715711535134 0.03 0.04641168000972702
1.0 1.0 0.04 0.9 300 0.4510268117962624 24.522941597942307 0.04 0.04093138125906525
1.0 1.0 0.04 0.9 1200 0.4510268117962624 24.5321517184804 0.04 0.04283751990619286
1.0 1.0 0.05 0.9 300 0.4510268117962624 19.422119660155946 0.049999999999999996 0.05462307505244492
1.0 1.0 0.05 0.9 1200 0.4510268117962624 19.488777954764736 0.049999999999999996 0.027991651970043222
1.0 1.0 0.075 0.9 300 0.4510268117962624 12.838813517701947 0.075 0.030299912929367647
1.0 1.0 0.075 0.9 1200 0.4510268117962624 12.80349624422393 0.075 0.032469489806876285
1.0 1.0 0.1 0.9 300 0.4510268117962624 9.538359625045919 0.09999999999999999 0.01679522035042958
1.0 1.0 0.1 0.9 1200 0.4510268117962624 9.508912738341479 0.09999999999999999 0.017808196226811266
1.0 1.0 0.15 0.9 300 0.4510268117962624 6.199654725059548 0.15 0.016201263445718962
1.0 1.0 0.15 0.9 1200 0.4510268117962624 6.150692240704479 0.15 0.01729461806761711
1.0 1.0 0.2 0.9 300 0.4510268117962624 4.465869958967195 0.19999999999999998 0.0087758883620892
1.0 1.0 0.2 0.9 1200 0.4510268117962624 4.486343922720272 0.19999999999999998 0.014826125960209813
1.0 1.0 0.25 0.9 300 0.4510268117962624 3.486468533310068 0.25 0.004336175018979422
1.0 1.0 0.25 0.9 1200 0.4510268117962624 3.4940343786038746 0.25 0.012159431761651275
1.0 1.0 0.3 0.9 300 0.4510268117962624 2.853142822758633 0.3 0.011876434395224289
1.0 1.0 0.3 0.9 1200 0.4510268117962624 2.829684781477606 0.3 0.010991679928012803
1.0 1.0 0.4 0.9 300 0.4510268117962624 2.0579949562168918 0.39999999999999997 0.019036484260857134
1.0 1.0 0.4 0.9 1200 0.4510268117962624 2.036254264968315 0.39999999999999997 0.01302780843760898
1.0 1.0 0.6 0.9 300 0.4510268117962624 1.2948503275043663 0.6 0.033534069135821354
1.0 1.0 0.6 0.9 1200 0.4510268117962624 1.277469053211997 0.6 0.04651720578021601
1.0 1.0 1.0 0.9 300 0.4510268117962624 1.0215389128019698 1.0 0.05161175678974171
1.0 1.0 1.0 0.9 1200 0.4510268117962624 1.0232593748347325 1.0 0.042174027446521906
1.0 2.0 0.01 0.9 300 0.4510268117962624 199.61016485976228 0.005 0.35743874600466374
1.0 2.0 0.01 0.9 1200 0.4510268117962624 200.25602252945677 0.005 0.5338625932820574
1.0 2.0 0.02 0.9 300 0.4510268117962624 99.56208553499468 0.01 0.17950998719153471
1.0 2.0 0.02 0.9 1200 0.4510268117962624 99.41999825652428 0.01 0.13226896970711982
1.0 2.0 0.03 0.9 300 0.4510268117962624 66.07477470660184 0.015 0.16464327876388776
1.0 2.0 0.03 0.9 1200 0.4510268117962624 66.3859639046216 0.015 0.054161680380944564
1.0 2.0 0.04 0.9 300 0.4510268117962624 49.50223512766379 0.02 0.09189546436391013
1.0 2.0 0.04 0.9 1200 0.4510268117962624 49.561696626089926 0.02 0.10463784554675346
1.0 2.0 0.05 0.9 300 0.4510268117962624 39.51934058483703 0.024999999999999998 0.14551230131751422
1.0 2.0 0.05 0.9 1200 0.4510268117962624 39.49888196385973 0.024999999999999998 0.04501435360808275
1.0 2.0 0.075 0.9 300 0.4510268117962624 26.192535025463993 0.0375 0.07837058188688172
1.0 2.0 0.075 0.9 1200 0.4510268117962624 26.203978891376963 0.0375 0.05775824832768933
1.0 2.0 0.1 0.9 300 0.4510268117962624 19.546131653115552 0.049999999999999996 0.02688895959085558
1.0 2.0 0.1 0.9 1200 0.4510268117962624 19.55326107560721 0.049999999999999996 0.0669688322648549
1.0 2.0 0.15 0.9 300 0.4510268117962624 12.83050239526988 0.075 0.037311038301771356
1.0 2.0 0.15 0.9 1200 0.4510268117962624 12.844310605838634 0.075 0.021205882528331995
1.0 2.0 0.2 0.9 300 0.4510268117962624 9.492542830620122 0.09999999999999999 0.025346186384550662
1.0 2.0 0.2 0.9 1200 0.4510268117962624 9.482442651223321 0.09999999999999999 0.016284540278143717
1.0 2.0 0.25 0.9 300 0.4510268117962624 7.49701377870433 0.125 0.01870023206915414
1.0 2.0 0.25 0.9 1200 0.4510268117962624 7.428964669238447 0.125 0.026786416252666922
1.0 2.0 0.3 0.9 300 0.4510268117962624 6.145702517939871 0.15 0.017534891188638112
1.0 2.0 0.3 0.9 1200 0.4510268117962624 6.125626519024204 0.15 0.014143038944802047
1.0 2.0 0.4 0.9 300 0.4510268117962624 4.491637630724993 0.19999999999999998 0.01115501287026283
1.0 2.0 0.4 0.9 1200 0.4510268117962624 4.483830471919489 0.19999999999999998 0.017269057638589665
1.0 2.0 0.6 0.9 300 0.4510268117962624 2.8258126189689747 0.3 0.008766819010900359
1.0 2.0 0.6 0.9 1200 0.4510268117962624 2.8296408382412213 0.3 0.017248571285408822
1.0 2.0 1.0 0.9 300 0.4510268117962624 1.6091051076038492 0.5 0.03915224479702852
1.0 2.0 1.0 0.9 1200 0.4510268117962624 1.593686810713266 0.5 0.04364511631659223
1.0 4.0 0.01 0.9 300 0.4510268117962624 399.7950520463808 0.0025 1.1971418118202157
1.0 4.0 0.01 0.9 1200 0.4510268117962624 399.4201524664594 0.0025 0.8643373588856406
1.0 4.0 0.02 0.9 300 0.4510268117962624 199.29372409866835 0.005 0.5214820648735449
1.0 4.0 0.02 0.9 1200 0.4510268117962624 199.16629033869347 0.005 0.26829968791669384
1.0 4.0 0.03 0.9 300 0.4510268117962624 132.8449890526293 0.0075 0.3189648771786086
1.0 4.0 0.03 0.9 1200 0.4510268117962624 132.94749037674185 0.0075 0.28906495819082223
1.0 4.0 0.04 0.9 300 0.4510268117962624 99.45993748148031 0.01 0.18599784076701023
1.0 4.0 0.04 0.9 1200 0.4510268117962624 99.57273007081078 0.01 0.24864100970195607
1.0 4.0 0.05 0.9 300 0.4510268117962624 79.56355141869906 0.012499999999999999 0.09027294015219324
1.0 4.0 0.05 0.9 1200 0.4510268117962624 79.38533274983355 0.012499999999999999 0.130024703609509
1.0 4.0 0.075 0.9 300 0.4510268117962624 52.709399533144015 0.01875 0.10402613199904125
1.0 4.0 0.075 0.9 1200 0.4510268117962624 52.74564262878941 0.01875 0.0810371185127539
1.0 4.0 0.1 0.9 300 0.4510268117962624 39.5088061546453 0.024999999999999998 0.09918634687312343
1.0 4.0 0.1 0.9 1200 0.4510268117962624 39.58177112326834 0.024999999999999998 0.06423587732637974
1.0 4.0 0.15 0.9 300 0.4510268117962624 26.120785592534602 0.0375 0.07120233514030416
1.0 4.0 0.15 0.9 1200 0.4510268117962624 26.183733885779905 0.0375 0.048448442661399596
1.0 4.0 0.2 0.9 300 0.4510268117962624 19.488379654331247 0.049999999999999996 0.03081511468477835
1.0 4.0 0.2 0.9 1200 0.4510268117962624 19.49965094196076 0.049999999999999996 0.02564770728309814
1.0 4.0 0.25 0.9 300 0.4510268117962624 15.509966069044136 0.0625 0.037020124721518714
1.0 4.0 0.25 0.9 1200 0.4510268117962624 15.534920124679536 0.0625 0.029681009564717416
1.0 4.0 0.3 0.9 300 0.4510268117962624 12.817163630069814 0.075 0.017752668582503142
1.0 4.0 0.3 0.9 1200 0.4510268117962624 12.7684138181936 0.075 0.02550256974296125
1.0 4.0 0.4 0.9 300 0.4510268117962624 9.502085170132041 0.09999999999999999 0.023105280806087675
1.0 4.0 0.4 0.9 1200 0.4510268117962624 9.48230926382196 0.09999999999999999 0.016927897553244448
1.0 4.0 0.6 0.9 300 0.4510268117962624 6.149659329339691 0.15 0.015367968105404963
1.0 4.0 0.6 0.9 1200 0.4510268117962624 6.140106813478489 0.15 0.011633292365988642
1.0 4.0 1.0 0.9 300 0.4510268117962624 3.4927273821114384 0.25 0.015969635849131993
1.0 4.0 1.0 0.9 1200 0.4510268117962624 3.473280093424562 0.25 0.012358964490663272
